darima-master/data/MPS_Traffic_Volume_train.csv
/home/bsuconn/spark/spark-3.0.1-bin-hadoop3.2/python/pyspark/sql/pandas/group_ops.py:73: UserWarning: It is preferred to use 'applyInPandas' over this API. This API will be deprecated in the future releases. See SPARK-28264 for more details.
  warnings.warn(
Model results are saved to:	darima-master/result/darima_model_MPS_Traffic_Volume_2020-12-05-11:47:10.pkl
Coefficient results are saved to:	darima-master/result/darima_coef_MPS_Traffic_Volume_2020-12-05-11:47:10.csv
Forecasting results are saved to:	darima-master/result/darima_forec_MPS_Traffic_Volume_2020-12-05-11:47:10.csv

Model Summary:

 sample_size  sample_size_per_partition  n_par  partition_num  time_mapred  time_model_forec  time_model_eval
       46764                        311   2001            150   132.884868          5.821242         0.083952

DLSA Coefficients:

 3.673529e+02
-7.783716e-15
 1.334637e+00
-4.830745e-01
 1.198497e-02
 2.607576e-02
-1.563450e-02
-2.491159e-02
 7.064452e-03
-8.232455e-03
 2.837612e-03
-1.304928e-02
 7.779575e-03
-1.230239e-02
 4.031143e-03
-1.970124e-03
-3.774663e-03
 8.907892e-04
-1.917173e-03
-2.327081e-03
 3.924965e-03
-6.614894e-03
 5.441641e-03
-5.057260e-03
 1.472817e-03
 2.388271e-01
-3.241516e-01
 1.292470e-01
-6.173555e-03
-1.069751e-02
 5.619898e-03
 1.906697e-04
 1.662307e-03
-1.037651e-03
-7.684257e-04
 4.728904e-03
-5.348769e-03
 5.544230e-03
-2.816436e-03
 5.340053e-05
 2.551999e-03
-3.240232e-03
 3.332137e-03
-1.396227e-03
-6.861326e-04
 2.295159e-03
-2.919583e-03
 2.948400e-03
-1.504972e-03
 2.717120e-02
-3.476526e-02
 1.233203e-02
 6.151608e-05
-9.054978e-04
-5.867584e-04
 1.625374e-03
-1.611171e-03
 1.356310e-03
-5.308963e-04
-2.753207e-04
 1.180263e-03
-1.665909e-03
 1.472623e-03
-6.539344e-04
-1.395703e-04
 8.157915e-04
-1.176754e-03
 1.074614e-03
-4.195953e-04
-2.727583e-04
 8.364403e-04
-1.054387e-03
 9.789623e-04
 3.258878e-02
-4.313001e-02
 1.991697e-02
-4.075365e-03
 3.736373e-04
 7.814506e-04
-1.601841e-03
 1.681374e-03
-9.703826e-04
-1.345314e-04
 1.024803e-03
-1.407350e-03
 1.291251e-03
-7.799994e-04
 5.156173e-05
 6.143058e-04
-9.443045e-04
 8.542145e-04
-4.525820e-04
-8.751315e-05
 5.939389e-04
-9.036317e-04
 8.623254e-04
-5.243687e-04
 1.734264e-02
-2.208487e-02
 9.183069e-03
-9.701310e-04
-3.164859e-04
 4.442615e-04
-3.352364e-04
-1.081018e-04
 7.172904e-04
-1.170798e-03
 1.254836e-03
-1.021049e-03
 5.905614e-04
-1.296244e-04
-2.358565e-04
 3.603555e-04
-2.124240e-04
-1.140014e-04
 4.529759e-04
-6.958915e-04
 7.766112e-04
-6.569002e-04
 3.809455e-04
-7.511454e-05
 1.307428e-02
-1.709581e-02
 7.444804e-03
-1.275735e-03
 2.880354e-04
-4.775880e-05
-1.154518e-05
-1.343211e-04
 4.320342e-04
-6.753982e-04
 7.870906e-04
-7.541490e-04
 6.072768e-04
-3.712209e-04
 1.382272e-04
 3.193723e-06
-8.193382e-06
-8.883787e-05
 2.402904e-04
-3.919283e-04
 4.863405e-04
-4.771518e-04
 3.731245e-04
-2.282189e-04
 7.881029e-03
-1.009321e-02
 4.458782e-03
-7.296298e-04
 4.535354e-05
 1.649657e-04
-2.377959e-04
 6.684422e-05
 2.275921e-04
-4.815947e-04
 5.893681e-04
-5.597564e-04
 4.042671e-04
-1.870323e-04
-1.474473e-05
 1.183368e-04
-1.073469e-04
-2.810702e-07
 1.548534e-04
-3.028458e-04
 3.825351e-04
-3.664078e-04
 2.691980e-04
-1.372910e-04
 5.802975e-03
-7.474464e-03
 3.306146e-03
-5.593230e-04
 6.635209e-05
 7.100915e-05
-9.299747e-05
-3.100664e-05
 2.223271e-04
-3.756708e-04
 4.370081e-04
-4.070433e-04
 2.969012e-04
-1.487861e-04
 1.822222e-05
 4.759283e-05
-3.809934e-05
-3.481704e-05
 1.388655e-04
-2.336022e-04
 2.792293e-04
-2.623892e-04
 1.949172e-04
-1.054166e-04
 4.361854e-03
-5.634609e-03
 2.493981e-03
-4.503185e-04
 9.346134e-05
 1.289125e-05
-2.914734e-05
-5.625688e-05
 1.927141e-04
-3.048724e-04
 3.532089e-04
-3.329365e-04
 2.517340e-04
-1.410845e-04
 4.090789e-05
 1.460828e-05
-1.430934e-05
-3.618000e-05
 1.125401e-04
-1.827737e-04
 2.180784e-04
-2.083091e-04
 1.600871e-04
-9.236010e-05
 2.890112e-03
-3.702907e-03
 1.654005e-03
-2.902650e-04
 3.536298e-05
 4.495149e-05
-5.730145e-05
-9.979759e-06
 1.141180e-04
-2.002940e-04
 2.367765e-04
-2.215776e-04
 1.617597e-04
-8.219727e-05
 1.079077e-05
 2.758208e-05
-2.467777e-05
-1.527037e-05
 7.273574e-05
-1.244104e-04
 1.501104e-04
-1.431518e-04
 1.076134e-04
-5.795305e-05
 2.105644e-03
-2.706849e-03
 1.206933e-03
-2.040331e-04
 1.627684e-05
 3.960510e-05
-4.615679e-05
-3.309446e-06
 7.904549e-05
-1.418662e-04
 1.686769e-04
-1.580230e-04
 1.153775e-04
-5.822229e-05
 6.356303e-06
 2.186567e-05
-1.976769e-05
-9.329284e-06
 5.097068e-05
-8.845700e-05
 1.075633e-04
-1.029883e-04
 7.734381e-05
-4.128612e-05
 1.613674e-03
-2.088434e-03
 9.362146e-04
-1.705933e-04
 2.883152e-05
 1.510926e-05
-2.034231e-05
-1.537873e-05
 7.017706e-05
-1.150763e-04
 1.336480e-04
-1.248924e-04
 9.303926e-05
-5.041009e-05
 1.155215e-05
 9.879139e-06
-8.778481e-06
-1.209291e-05
 4.211064e-05
-6.918991e-05
 8.295304e-05
-7.924677e-05
 5.998863e-05
-3.320623e-05
 1.146178e-03
-1.479198e-03
 6.650993e-04
-1.179763e-04
 1.337344e-05
 1.826222e-05
-2.118370e-05
-5.775434e-06
 4.630330e-05
-7.957189e-05
 9.341999e-05
-8.738523e-05
 6.440297e-05
-3.352660e-05
 5.337301e-06
 9.993668e-06
-8.898556e-06
-6.549026e-06
 2.858682e-05
-4.854845e-05
 5.875738e-05
-5.613993e-05
 4.214204e-05
-2.274241e-05
 8.183672e-04
-1.055637e-03
 4.757477e-04
-8.204482e-05
 4.326269e-06
 1.915553e-05
-2.067494e-05
 2.527634e-07
 2.985992e-05
-5.450994e-05
 6.495071e-05
-6.085296e-05
 4.431542e-05
-2.192474e-05
 1.495603e-06
 9.518404e-06
-8.551764e-06
-2.861403e-06
 1.911263e-05
-3.387564e-05
 4.147963e-05
-3.966380e-05
 2.953655e-05
-1.547497e-05
 6.265329e-04
-8.125118e-04
 3.665828e-04
-6.539179e-05
 6.534663e-06
 1.103258e-05
-1.186471e-05
-3.042291e-06
 2.481108e-05
-4.250276e-05
 4.991625e-05
-4.671571e-05
 3.443439e-05
-1.785612e-05
 2.764114e-06
 5.434059e-06
-4.864418e-06
-3.341182e-06
 1.512390e-05
-2.582253e-05
 3.127881e-05
-2.984429e-05
 2.236453e-05
-1.201571e-05
 4.596643e-04
-5.964386e-04
 2.703503e-04
-4.870432e-05
 4.379085e-06
 8.835445e-06
-9.257463e-06
-1.851773e-06
 1.784147e-05
-3.080717e-05
 3.625700e-05
-3.393614e-05
 2.495545e-05
-1.283978e-05
 1.821470e-06
 4.159796e-06
-3.743509e-06
-2.261023e-06
 1.088859e-05
-1.871953e-05
 2.270762e-05
-2.166441e-05
 1.620857e-05
-8.650777e-06
 3.319240e-04
-4.303908e-04
 1.954473e-04
-3.405025e-05
 7.495591e-07
 8.857952e-06
-8.785396e-06
 3.637220e-07
 1.148321e-05
-2.109451e-05
 2.520059e-05
-2.361215e-05
 1.713178e-05
-8.360947e-06
 3.854317e-07
 3.915137e-06
-3.548577e-06
-9.068776e-07
 7.275105e-06
-1.305300e-05
 1.601326e-05
-1.529706e-05
 1.135060e-05
-5.860663e-06
 2.498871e-04
-3.252027e-04
 1.480512e-04
-2.634268e-05
 1.088319e-06
 6.163565e-06
-6.020897e-06
-1.974665e-07
 8.846373e-06
-1.583581e-05
 1.880357e-05
-1.760330e-05
 1.283024e-05
-6.388065e-06
 5.310057e-07
 2.640927e-06
-2.396526e-06
-8.419786e-07
 5.480576e-06
-9.686160e-06
 1.183426e-05
-1.129765e-05
 8.399664e-06
-4.372394e-06
 1.871508e-04
-2.440352e-04
 1.114346e-04
-2.010759e-05
 9.404759e-07
 4.470057e-06
-4.260451e-06
-3.449063e-07
 6.667952e-06
-1.175985e-05
 1.391495e-05
-1.301874e-05
 9.512835e-06
-4.787875e-06
 4.927663e-07
 1.839922e-06
-1.671478e-06
-6.872711e-07
 4.070210e-06
-7.136200e-06
 8.700088e-06
-8.301770e-06
 6.176724e-06
-3.226014e-06
 1.365769e-04
-1.780639e-04
 8.155882e-05
-1.447174e-05
-1.359836e-08
 4.012213e-06
-3.733667e-06
 2.593618e-07
 4.423169e-06
-8.185795e-06
 9.795029e-06
-9.168269e-06
 6.630824e-06
-3.200613e-06
 8.271106e-08
 1.602170e-06
-1.459392e-06
-2.832904e-07
 2.772825e-06
-5.029471e-06
 6.187083e-06
-5.908717e-06
 4.366239e-06
-2.219479e-06
 1.021396e-04
-1.334726e-04
 6.126209e-05
-1.090648e-05
-1.006067e-07
 3.079537e-06
-2.806046e-06
 2.155630e-07
 3.220995e-06
-5.972847e-06
 7.149156e-06
-6.690180e-06
 4.833679e-06
-2.324887e-06
 4.455106e-08
 1.187613e-06
-1.083371e-06
-1.906887e-07
 2.010677e-06
-3.660777e-06
 4.507327e-06
-4.303799e-06
 3.175841e-06
-1.606444e-06
 7.692414e-05
-1.007643e-04
 4.639401e-05
-8.411375e-06
 2.726105e-08
 2.215648e-06
-1.979449e-06
 5.829903e-08
 2.456017e-06
-4.459986e-06
 5.311533e-06
-4.967249e-06
 3.601681e-06
-1.760054e-06
 8.655605e-08
 8.199924e-07
-7.489132e-07
-1.778172e-07
 1.504271e-06
-2.706992e-06
 3.322484e-06
-3.170361e-06
 2.342681e-06
-1.192637e-06
 5.690237e-05
-7.457901e-05
 3.443838e-05
-6.201381e-06
-1.673911e-07
 1.829983e-06
-1.606923e-06
 1.634570e-07
 1.692194e-06
-3.166055e-06
 3.796132e-06
-3.550497e-06
 2.557513e-06
-1.216101e-06
-2.320072e-09
 6.604979e-07
-6.042315e-07
-7.722710e-08
 1.050821e-06
-1.933620e-06
 2.386764e-06
-2.278334e-06
 1.675838e-06
-8.374421e-07
 4.241190e-05
-5.567262e-05
 2.577268e-05
-4.635652e-06
-2.106791e-07
 1.450945e-06
-1.254982e-06
 1.733419e-07
 1.193915e-06
-2.275476e-06
 2.739013e-06
-2.561483e-06
 1.837271e-06
-8.583810e-07
-3.043217e-08
 5.098602e-07
-4.670838e-07
-3.269343e-08
 7.460516e-07
-1.392880e-06
 1.725429e-06
-1.647280e-06
 1.207844e-06
-5.958351e-07
 3.200483e-05
-4.210690e-05
 1.954386e-05
-3.562113e-06
-1.367947e-07
 1.068117e-06
-9.055671e-07
 1.006707e-07
 9.012845e-07
-1.689910e-06
 2.026243e-06
-1.893738e-06
 1.361682e-06
-6.438428e-07
-7.775913e-09
 3.599604e-07
-3.302087e-07
-3.385490e-08
 5.542436e-07
-1.026078e-06
 1.268207e-06
-1.210155e-06
 8.880349e-07
-4.398009e-07
 2.389838e-05
-3.147709e-05
 1.465482e-05
-2.677043e-06
-1.423899e-07
 8.382626e-07
-7.008718e-07
 9.761544e-08
 6.406441e-07
-1.219049e-06
 1.466035e-06
-1.369852e-06
 9.814888e-07
-4.573919e-07
-1.820506e-08
 2.749805e-07
-2.525521e-07
-1.427239e-08
 3.953789e-07
-7.409180e-07
 9.184711e-07
-8.765054e-07
 6.414316e-07
-3.141044e-07
 1.784589e-05
-2.353411e-05
 1.098513e-05
-2.002511e-06
-1.470760e-07
 6.659162e-07
-5.502046e-07
 9.712463e-08
 4.476328e-07
-8.724454e-07
 1.054359e-06
-9.850505e-07
 7.020665e-07
-3.198580e-07
-2.685851e-08
 2.137034e-07
-1.964625e-07
 5.987771e-10
 2.787889e-07
-5.320970e-07
 6.625410e-07
-6.324246e-07
 4.610749e-07
-2.222243e-07
 1.346094e-05
-1.778611e-05
 8.323037e-06
-1.531245e-06
-1.111795e-07
 5.009728e-07
-4.071065e-07
 6.863388e-08
 3.317196e-07
-6.421262e-07
 7.745718e-07
-7.232413e-07
 5.157743e-07
-2.358885e-07
-1.793026e-08
 1.548519e-07
-1.425188e-07
-4.388113e-10
 2.045069e-07
-3.895192e-07
 4.847249e-07
-4.625447e-07
 3.371184e-07
-1.623490e-07
 1.012056e-05
-1.339134e-05
 6.283977e-06
-1.162789e-06
-9.207218e-08
 3.842580e-07
-3.078651e-07
 5.430081e-08
 2.404998e-07
-4.677621e-07
 5.645768e-07
-5.269345e-07
 3.751713e-07
-1.705302e-07
-1.499472e-08
 1.150650e-07
-1.060058e-07
 1.442128e-09
 1.478136e-07
-2.831310e-07
 3.527871e-07
-3.366084e-07
 2.449404e-07
-1.171918e-07
 7.584219e-06
-1.004708e-05
 4.727400e-06
-8.750328e-07
-8.343021e-08
 3.020051e-07
-2.396495e-07
 4.901618e-08
 1.686799e-07
-3.355625e-07
 4.067562e-07
-3.795391e-07
 2.688871e-07
-1.195967e-07
-1.569987e-08
 8.855445e-08
-8.164096e-08
 4.923623e-09
 1.044602e-07
-2.036297e-07
 2.547751e-07
-2.431405e-07
 1.762984e-07
-8.305986e-08
 5.721587e-06
-7.592037e-06
 3.580855e-06
-6.667312e-07
-6.635175e-08
 2.304898e-07
-1.804283e-07
 3.751832e-08
 1.228565e-07
-2.450056e-07
 2.969844e-07
-2.769671e-07
 1.959839e-07
-8.679337e-08
-1.212793e-08
 6.540255e-08
-6.035032e-08
 4.261674e-09
 7.572111e-08
-1.482328e-07
 1.856346e-07
-1.771309e-07
 1.282646e-07
-6.009682e-08
 4.319258e-06
-5.739845e-06
 2.714226e-06
-5.089015e-07
-5.207326e-08
 1.754795e-07
-1.355116e-07
 2.834416e-08
 8.982574e-08
-1.792146e-07
 2.171310e-07
-2.023793e-07
 1.430862e-07
-6.320508e-08
-9.138259e-09
 4.811122e-08
-4.443418e-08
 3.440976e-09
 5.503077e-08
-1.080389e-07
 1.353795e-07
-1.291545e-07
 9.342088e-08
-4.357424e-08
 3.250720e-06
-4.325054e-06
 2.050523e-06
-3.854085e-07
-4.376850e-08
 1.363417e-07
-1.043061e-07
 2.368268e-08
 6.361343e-08
-1.292065e-07
 1.570176e-07
-1.462889e-07
 1.030088e-07
-4.469219e-08
-8.101973e-09
 3.650957e-08
-3.373927e-08
 3.692338e-09
 3.913266e-08
-7.795557e-08
 9.800771e-08
-9.351170e-08
 6.743703e-08
-3.103842e-08
 2.454594e-06
-3.270462e-06
 1.554231e-06
-2.934512e-07
-3.513442e-08
 1.047334e-07
-7.925360e-08
 1.864742e-08
 4.579730e-08
-9.386773e-08
 1.142018e-07
-1.063400e-07
 7.469663e-08
-3.207669e-08
-6.493188e-09
 2.723833e-08
-2.518852e-08
 3.197773e-09
 2.813741e-08
-5.654351e-08
 7.122492e-08
-6.795504e-08
 4.890740e-08
-2.230929e-08
 1.857798e-06
-2.478883e-06
 1.180831e-06
-2.244240e-07
-2.731257e-08
 7.973097e-08
-5.958093e-08
 1.404823e-08
 3.349896e-08
-6.868602e-08
 8.350936e-08
-7.770859e-08
 5.453839e-08
-2.335874e-08
-4.847755e-09
 2.002344e-08
-1.853083e-08
 2.458316e-09
 2.044958e-08
-4.121530e-08
 5.194754e-08
-4.955390e-08
 3.562531e-08
-1.617578e-08
 1.403534e-06
-1.875046e-06
 8.953730e-07
-1.708702e-07
-2.198458e-08
 6.142621e-08
-4.546991e-08
 1.118490e-08
 2.396245e-08
-4.976750e-08
 6.061270e-08
-5.636918e-08
 3.943776e-08
-1.665964e-08
-3.938463e-09
 1.501283e-08
-1.390116e-08
 2.131464e-09
 1.463635e-08
-2.983575e-08
 3.769857e-08
-3.596232e-08
 2.579165e-08
-1.158283e-08
 1.061669e-06
-1.420147e-06
 6.797060e-07
-1.302440e-07
-1.755823e-08
 4.725800e-08
-3.465667e-08
 8.828739e-09
 1.716192e-08
-3.608607e-08
 4.401676e-08
-4.090911e-08
 2.853443e-08
-1.189244e-08
-3.150896e-09
 1.123354e-08
-1.040702e-08
 1.789308e-09
 1.048315e-08
-2.160739e-08
 2.736709e-08
-2.610699e-08
 1.867967e-08
-8.298778e-09
 8.049976e-07
-1.078260e-06
 5.172127e-07
-9.969556e-08
-1.364546e-08
 3.605250e-08
-2.614735e-08
 6.701035e-09
 1.250786e-08
-2.636905e-08
 3.215016e-08
-2.985770e-08
 2.079888e-08
-8.627042e-09
-2.371298e-09
 8.281238e-09
-7.676808e-09
 1.376108e-09
 7.597814e-09
-1.573180e-08
 1.994390e-08
-1.902297e-08
 1.359313e-08
-6.003502e-09
 6.100620e-07
-8.181426e-07
 3.933245e-07
-7.618687e-08
-1.074088e-08
 2.764386e-08
-1.985927e-08
 5.198097e-09
 9.015276e-09
-1.917774e-08
 2.339861e-08
-2.171392e-08
 1.508877e-08
-6.192375e-09
-1.843045e-09
 6.159227e-09
-5.712533e-09
 1.101616e-09
 5.464241e-09
-1.141535e-08
 1.449894e-08
-1.382889e-08
 9.862091e-09
-4.315700e-09
 4.624494e-07
-6.209168e-07
 2.991581e-07
-5.819069e-08
-8.493786e-09
 2.124866e-08
-1.513635e-08
 4.071835e-09
 6.454652e-09
-1.390991e-08
 1.699407e-08
-1.575838e-08
 1.091563e-08
-4.415784e-09
-1.452543e-09
 4.602589e-09
-4.270520e-09
 8.944039e-10
 3.911218e-09
-8.266759e-09
 1.052558e-08
-1.003934e-08
 7.142529e-09
-3.090365e-09
 3.512068e-07
-4.721374e-07
 2.279459e-07
-4.457341e-08
-6.605487e-09
 1.624437e-08
-1.145955e-08
 3.110794e-09
 4.683466e-09
-1.014806e-08
 1.239614e-08
-1.148481e-08
 7.940680e-09
-3.188040e-09
-1.101034e-09
 3.403111e-09
-3.159176e-09
 6.898117e-10
 2.825063e-09
-6.010615e-09
 7.663241e-09
-7.308545e-09
 5.191414e-09
-2.229366e-09
 2.668069e-07
-3.590949e-07
 1.737276e-07
-3.414566e-08
-5.142635e-09
 1.243067e-08
-8.688880e-09
 2.384531e-09
 3.390671e-09
-7.397379e-09
 9.036134e-09
-8.364235e-09
 5.770867e-09
-2.296238e-09
-8.381237e-10
 2.520078e-09
-2.340506e-09
 5.340183e-10
 2.037103e-09
-4.367234e-09
 5.576607e-09
-5.318109e-09
 3.771023e-09
-1.606025e-09
 2.026902e-07
-2.731040e-07
 1.323940e-07
-2.613621e-08
-4.029251e-09
 9.540824e-09
-6.615700e-09
 1.850036e-09
 2.433541e-09
-5.373519e-09
 6.569361e-09
-6.075211e-09
 4.178828e-09
-1.639801e-09
-6.495449e-10
 1.877345e-09
-1.744175e-09
 4.217250e-10
 1.459864e-09
-3.165030e-09
 4.050723e-09
-3.862965e-09
 2.733014e-09
-1.151116e-09
 1.541712e-07
-2.079650e-07
 1.010109e-07
-2.003766e-08
-3.131136e-09
 7.303782e-09
-5.021199e-09
 1.417906e-09
 1.759899e-09
-3.916337e-09
 4.787641e-09
-4.423035e-09
 3.035359e-09
-1.179199e-09
-4.936625e-10
 1.390595e-09
-1.292462e-09
 3.249171e-10
 1.051545e-09
-2.298895e-09
 2.947105e-09
-2.810336e-09
 1.984687e-09
-8.285080e-10
 1.173484e-07
-1.584682e-07
 7.711555e-08
-1.537428e-08
-2.425493e-09
 5.586963e-09
-3.807859e-09
 1.082120e-09
 1.276447e-09
-2.858115e-09
 3.492454e-09
-3.223013e-09
 2.207287e-09
-8.501202e-10
-3.724510e-10
 1.027846e-09
-9.556935e-10
 2.479555e-10
 7.588497e-10
-1.671175e-09
 2.145465e-09
-2.045734e-09
 1.442341e-09
-5.972239e-10
 8.932695e-08
-1.207542e-07
 5.887267e-08
-1.179026e-08
-1.886984e-09
 4.283077e-09
-2.896840e-09
 8.329927e-10
 9.192351e-10
-2.080090e-09
 2.542246e-09
-2.343482e-09
 1.600390e-09
-6.084623e-10
-2.846542e-10
 7.632173e-10
-7.098586e-10
 1.918826e-10
 5.447957e-10
-1.212316e-09
 1.559565e-09
-1.487040e-09
 1.046254e-09
-4.286742e-10
 6.804860e-08
-9.208554e-08
 4.497608e-08
-9.048441e-09
-1.463713e-09
 3.281127e-09
-2.202086e-09
 6.386587e-10
 6.637561e-10
-1.515758e-09
 1.852197e-09
-1.705348e-09
 1.161558e-09
-4.364678e-10
-2.160637e-10
 5.655875e-10
-5.262091e-10
 1.471879e-10
 3.917722e-10
-8.801145e-10
 1.134295e-09
-1.081503e-09
 7.594571e-10
-3.081096e-10
 5.187852e-08
-7.027569e-08
 3.438347e-08
-6.950408e-09
-1.131155e-09
 2.510806e-09
-1.671745e-09
 4.869243e-10
 4.815642e-10
-1.106813e-09
 1.351457e-09
-1.242731e-09
 8.446134e-10
-3.144437e-10
-1.624274e-10
 4.178127e-10
-3.888532e-10
 1.116026e-10
 2.826201e-10
-6.398018e-10
 8.257856e-10
-7.872937e-10
 5.519409e-10
-2.220261e-10
 3.955974e-08
-5.364110e-08
 2.628968e-08
-5.338171e-09
-8.758779e-10
 1.923679e-09
-1.271470e-09
 3.728799e-10
 3.479134e-10
-8.069751e-10
 9.849060e-10
-9.044608e-10
 6.130674e-10
-2.255068e-10
-1.229050e-10
 3.094274e-10
-2.880591e-10
 8.518813e-11
 2.032252e-10
-4.645275e-10
 6.006614e-10
-5.726410e-10
 4.006855e-10
-1.595702e-10
 3.018075e-08
-4.096308e-08
 2.010939e-08
-4.101132e-09
-6.778995e-10
 1.474155e-09
-9.674823e-10
 2.855663e-10
 2.512508e-10
-5.883771e-10
 7.177347e-10
-6.581810e-10
 4.448920e-10
-1.615861e-10
-9.296076e-11
 2.291794e-10
-2.134062e-10
 6.495453e-11
 1.460541e-10
-3.372190e-10
 4.368687e-10
-4.164755e-10
 2.908436e-10
-1.146300e-10
 2.304091e-08
-3.130219e-08
 1.539125e-08
-3.153022e-09
-5.231968e-10
 1.128762e-09
-7.354542e-10
 2.177494e-10
 1.822490e-10
-4.298154e-10
 5.237514e-10
-4.795764e-10
 3.233919e-10
-1.162480e-10
-6.976216e-11
 1.692805e-10
-1.576727e-10
 4.907485e-11
 1.052734e-10
-2.450994e-10
 3.180179e-10
-3.031532e-10
 2.113448e-10
-8.254372e-11
 1.759608e-08
-2.392705e-08
 1.178329e-08
-2.424433e-09
-4.039489e-10
 8.647405e-10
-5.595565e-10
 1.662719e-10
 1.320062e-10
-3.138646e-10
 3.820574e-10
-3.492816e-10
 2.349160e-10
-8.347079e-11
-5.244269e-11
 1.251363e-10
-1.165834e-10
 3.713058e-11
 7.578033e-11
-1.780628e-10
 2.314279e-10
-2.205995e-10
 1.535143e-10
-5.937431e-11
 1.344266e-08
-1.829559e-08
 9.023675e-09
-1.864442e-09
-3.119994e-10
 6.628139e-10
-4.260962e-10
 1.271445e-10
 9.545396e-11
-2.290910e-10
 2.785801e-10
-2.542565e-10
 1.705155e-10
-5.980180e-11
-3.949621e-11
 9.258554e-11
-8.627502e-11
 2.813773e-11
 5.446739e-11
-1.292931e-10
 1.683540e-10
-1.604714e-10
 1.114566e-10
-4.265456e-11
 1.027520e-08
-1.399693e-08
 6.913617e-09
-1.434512e-09
-2.405750e-10
 5.078409e-10
-3.243293e-10
 9.698002e-11
 6.923965e-11
-1.674488e-10
 2.033261e-10
-1.852467e-10
 1.239098e-10
-4.295986e-11
-2.959708e-11
 6.837830e-11
-6.373142e-11
 2.119945e-11
 3.922641e-11
-9.395883e-11
 1.225431e-10
-1.167990e-10
 8.098171e-11
-3.069289e-11
 7.857093e-09
-1.071210e-08
 5.298663e-09
-1.104004e-09
-1.854295e-10
 3.891605e-10
-2.469504e-10
 7.396093e-11
 5.024820e-11
-1.224396e-10
 1.484304e-10
-1.349812e-10
 9.004852e-11
-3.085943e-11
-2.215772e-11
 5.048690e-11
-4.706534e-11
 1.595021e-11
 2.825113e-11
-6.828564e-11
 8.920302e-11
-8.501705e-11
 5.884343e-11
-2.208604e-11
 6.009862e-09
-8.200437e-09
 4.061920e-09
-8.497269e-10
-1.429874e-10
 2.983643e-10
-1.881901e-10
 5.648562e-11
 3.640520e-11
-8.949194e-11
 1.083123e-10
-9.830470e-11
 6.538954e-11
-2.211522e-11
-1.661989e-11
 3.730998e-11
-3.478725e-11
 1.202129e-11
 2.031460e-11
-4.960069e-11
 6.490988e-11
-6.186151e-11
 4.273700e-11
-1.587182e-11
 4.598869e-09
-6.280236e-09
 3.114961e-09
-6.542260e-10
-1.101698e-10
 2.287381e-10
-1.434147e-10
 4.309422e-11
 2.642248e-11
-6.546823e-11
 7.908268e-11
-7.162720e-11
 4.750972e-11
-1.586825e-11
-1.243393e-11
 2.754641e-11
-2.568809e-11
 9.032536e-12
 1.462161e-11
-3.604363e-11
 4.724700e-11
-4.502596e-11
 3.105105e-11
-1.141491e-11
 3.520472e-09
-4.811378e-09
 2.389522e-09
-5.038421e-10
-8.483496e-11
 1.753647e-10
-1.093081e-10
 3.285627e-11
 1.920473e-11
-4.793001e-11
 5.776860e-11
-5.220840e-11
 3.453332e-11
-1.139597e-11
-9.284130e-12
 2.032339e-11
-1.895538e-11
 6.771030e-12
 1.053151e-11
-2.620043e-11
 3.439846e-11
-3.277961e-11
 2.256711e-11
-8.214251e-12
 2.695713e-09
-3.687025e-09
 1.833444e-09
-3.880700e-10
-6.534252e-11
 1.344972e-10
-8.336804e-11
 2.507481e-11
 1.394466e-11
-3.508558e-11
 4.219044e-11
-3.804171e-11
 2.508743e-11
-8.169444e-12
-6.940026e-12
 1.500275e-11
-1.399475e-11
 5.080473e-12
 7.576728e-12
-1.903826e-11
 2.503777e-11
-2.385841e-11
 1.639591e-11
-5.905274e-12
 2.064868e-09
-2.826318e-09
 1.407165e-09
-2.989621e-10
-5.031375e-11
 1.031672e-10
-6.360220e-11
 1.913338e-11
 1.013318e-11
-2.569698e-11
 3.082231e-11
-2.772390e-11
 1.822783e-11
-5.856957e-12
-5.182501e-12
 1.107129e-11
-1.032870e-11
 3.807017e-12
 5.451866e-12
-1.383563e-11
 1.822607e-11
-1.736678e-11
 1.191366e-11
-4.245862e-12
 1.582190e-09
-2.167234e-09
 1.080303e-09
-2.303696e-10
-3.872246e-11
 7.913790e-11
-4.852938e-11
 1.459128e-11
 7.375866e-12
-1.883696e-11
 2.252960e-11
-2.021301e-11
 1.325022e-11
-4.203593e-12
-3.862560e-12
 8.163909e-12
-7.617234e-12
 2.846346e-12
 3.926277e-12
-1.005842e-11
 1.327105e-11
-1.264470e-11
 8.659648e-12
-3.054882e-12
 1.212668e-09
-1.662260e-09
 8.295459e-10
-1.775375e-10
-2.980357e-11
 6.072214e-11
-3.704692e-11
 1.113335e-11
 5.367799e-12
-1.381099e-11
 1.646856e-11
-1.473532e-11
 9.629361e-12
-3.013763e-12
-2.879612e-12
 6.021182e-12
-5.618547e-12
 2.128284e-12
 2.825841e-12
-7.311198e-12
 9.662094e-12
-9.205639e-12
 6.293529e-12
-2.196816e-12
 9.297066e-10
-1.275279e-09
 6.371376e-10
-1.368416e-10
-2.293774e-11
 4.660172e-11
-2.829261e-11
 8.497187e-12
 3.907544e-12
-1.012987e-11
 1.204013e-11
-1.074231e-11
 6.997366e-12
-2.159461e-12
-2.146302e-12
 4.440697e-12
-4.144096e-12
 1.590667e-12
 2.033269e-12
-5.314106e-12
 7.034438e-12
-6.701821e-12
 4.573791e-12
-1.579380e-12
 7.129805e-10
-9.786610e-10
 4.894761e-10
-1.054941e-10
-1.764792e-11
 3.576785e-11
-2.161131e-11
 6.483204e-12
 2.848869e-12
-7.436041e-12
 8.806991e-12
-7.834183e-12
 5.086759e-12
-1.548601e-12
-1.597336e-12
 3.273100e-12
-3.054724e-12
 1.186786e-12
 1.464009e-12
-3.863691e-12
 5.122498e-12
-4.880037e-12
 3.324897e-12
-1.136119e-12
 5.469138e-10
-7.512098e-10
 3.761129e-10
-8.133824e-11
-1.357754e-11
 2.745820e-11
-1.651408e-11
 4.947866e-12
 2.077998e-12
-5.461096e-12
 6.443500e-12
-5.713711e-12
 3.697708e-12
-1.110048e-12
-1.188428e-12
 2.412311e-12
-2.251510e-12
 8.850257e-13
 1.053952e-12
-2.809140e-12
 3.730242e-12
-3.553506e-12
 2.417031e-12
-8.171367e-13
 4.196272e-10
-5.767488e-10
 2.890600e-10
-6.272066e-11
-1.044634e-11
 2.108385e-11
-1.262431e-11
 3.777623e-12
 1.516020e-12
-4.012197e-12
 4.715032e-12
-4.167132e-12
 2.687554e-12
-7.950293e-13
-8.842140e-13
 1.778009e-12
-1.659568e-12
 6.598947e-13
 7.584314e-13
-2.042238e-12
 2.716250e-12
-2.587439e-12
 1.756934e-12
-5.874989e-13
 3.220457e-10
-4.429092e-10
 2.222014e-10
-4.837144e-11
-8.035940e-12
 1.619139e-11
-9.653292e-12
 2.884041e-12
 1.107398e-12
-2.949919e-12
 3.451757e-12
-3.040017e-12
 1.953843e-12
-5.696322e-13
-6.572191e-13
 1.309963e-12
-1.222748e-12
 4.914486e-13
 5.460031e-13
-1.484999e-12
 1.978181e-12
-1.884279e-12
 1.277349e-12
-4.225373e-13
 2.472129e-10
-3.402012e-10
 1.708386e-10
-3.730956e-11
-6.181331e-12
 1.243630e-11
-7.383830e-12
 2.202173e-12
 8.096350e-13
-2.170272e-12
 2.527839e-12
-2.218150e-12
 1.420578e-12
-4.081079e-13
-4.882187e-13
 9.649135e-13
-9.006953e-13
 3.657288e-13
 3.931194e-13
-1.079907e-12
 1.440766e-12
-1.372306e-12
 9.287587e-13
-3.039190e-13
 1.898087e-10
-2.613616e-10
 1.313706e-10
-2.878013e-11
-4.754998e-12
 9.554113e-12
-5.650097e-12
 1.682174e-12
 5.921461e-13
-1.597421e-12
 1.851623e-12
-1.618510e-12
 1.032726e-12
-2.921480e-13
-3.626757e-13
 7.107793e-13
-6.634815e-13
 2.721293e-13
 2.829399e-13
-7.852665e-13
 1.049311e-12
-9.994053e-13
 6.752630e-13
-2.185293e-13
 1.457653e-10
-2.008329e-10
 1.010382e-10
-2.220309e-11
-3.657598e-12
 7.341048e-12
-4.324745e-12
 1.285156e-12
 4.335166e-13
-1.176594e-12
 1.356839e-12
-1.181214e-12
 7.508596e-13
-2.091308e-13
-2.692556e-13
 5.234518e-13
-4.886189e-13
 2.023320e-13
 2.036750e-13
-5.710786e-13
 7.642785e-13
-7.278941e-13
 4.910087e-13
-1.571503e-13
 1.119648e-10
-1.543516e-10
 7.772207e-11
-1.713088e-11
-2.813337e-12
 5.641472e-12
-3.311249e-12
 9.819864e-13
 3.177287e-13
-8.672660e-13
 9.946941e-13
-8.622639e-13
 5.460051e-13
-1.497112e-13
-1.997753e-13
 3.853947e-13
-3.597443e-13
 1.503203e-13
 1.466501e-13
-4.153658e-13
 5.567250e-13
-5.301951e-13
 3.570744e-13
-1.130309e-13
 8.601817e-11
-1.186488e-10
 5.979543e-11
-1.321851e-11
-2.164056e-12
 4.336199e-12
-2.536144e-12
 7.505943e-13
 2.330054e-13
-6.396295e-13
 7.294274e-13
-6.294904e-13
 3.970147e-13
-1.071017e-13
-1.482081e-13
 2.837428e-13
-2.648505e-13
 1.116512e-13
 1.055664e-13
-3.021036e-13
 4.055332e-13
-3.861898e-13
 2.596705e-13
-8.128041e-14
 6.609666e-11
-9.122000e-11
 4.601039e-11
-1.020053e-11
-1.664642e-12
 3.333487e-12
-1.943079e-12
 5.738741e-13
 1.710245e-13
-4.720649e-13
 5.351097e-13
-4.596319e-13
 2.886919e-13
-7.659245e-14
-1.099144e-13
 2.088744e-13
-1.949588e-13
 8.288973e-14
 7.599221e-14
-2.197375e-13
 2.954141e-13
-2.813099e-13
 1.888470e-13
-5.844751e-14
 5.079808e-11
-7.014394e-11
 3.540842e-11
-7.872298e-12
-1.280464e-12
 2.563025e-12
-1.489116e-12
 4.388434e-13
 1.256749e-13
-3.486698e-13
 3.927412e-13
-3.356886e-13
 2.099542e-13
-5.477310e-14
-8.147084e-14
 1.537241e-13
-1.434750e-13
 6.149522e-14
 5.471586e-14
-1.598480e-13
 2.152169e-13
-2.049315e-13
 1.373566e-13
-4.203603e-14
 3.904703e-11
-5.394583e-11
 2.725304e-11
-6.075924e-12
-9.849926e-13
 1.970972e-12
-1.141567e-12
 3.356878e-13
 9.242629e-14
-2.577058e-13
 2.883630e-13
-2.452045e-13
 1.526909e-13
-3.914815e-14
-6.037549e-14
 1.131265e-13
-1.055768e-13
 4.560741e-14
 3.939282e-14
-1.162839e-13
 1.567947e-13
-1.492941e-13
 9.990812e-14
-3.022974e-14
 3.001920e-11
-4.149453e-11
 2.097873e-11
-4.689794e-12
-7.577365e-13
 1.515931e-12
-8.753962e-13
 2.568576e-13
 6.803241e-14
-1.906083e-13
 2.118122e-13
-1.791393e-13
 1.110461e-13
-2.796479e-14
-4.473308e-14
 8.324344e-14
-7.768147e-14
 3.381288e-14
 2.835870e-14
-8.459486e-14
 1.142345e-13
-1.087647e-13
 7.267171e-14
-2.173744e-14
 2.308230e-11
-3.192185e-11
 1.615095e-11
-3.620150e-12
-5.829232e-13
 1.166116e-12
-6.714680e-13
 1.965848e-13
 5.013342e-14
-1.410944e-13
 1.556602e-13
-1.309060e-13
 8.076852e-14
-1.997218e-14
-3.312951e-14
 6.124247e-14
-5.714487e-14
 2.505468e-14
 2.041883e-14
-6.154794e-14
 8.323329e-14
-7.924402e-14
 5.286563e-14
-1.563277e-14
 1.775106e-11
-2.456096e-11
 1.243564e-11
-2.794649e-12
-4.484602e-13
 8.971604e-13
-5.151900e-13
 1.504979e-13
 3.697986e-14
-1.045230e-13
 1.144476e-13
-9.567906e-14
 5.874868e-14
-1.425696e-14
-2.452963e-14
 4.505115e-14
-4.203207e-14
 1.855791e-14
 1.470213e-14
-4.478228e-14
 6.064785e-14
-5.773826e-14
 3.845963e-14
-1.124236e-14
 1.365310e-11
-1.889993e-11
 9.576072e-12
-2.157515e-12
-3.450342e-13
 6.903439e-13
-3.953952e-13
 1.152512e-13
 2.730202e-14
-7.748928e-14
 8.418511e-14
-6.994464e-14
 4.273193e-14
-1.017015e-14
-1.815933e-14
 3.313826e-14
-3.091346e-14
 1.374189e-14
 1.058499e-14
-3.258434e-14
 4.419198e-14
-4.206983e-14
 2.798006e-14
-8.084165e-15
 1.050265e-11
-1.454559e-11
 7.374871e-12
-1.665736e-12
-2.654719e-13
 5.312782e-13
-3.035342e-13
 8.828250e-14
 2.017903e-14
-5.749502e-14
 6.195716e-14
-5.114457e-14
 3.108422e-14
-7.251706e-15
-1.343934e-14
 2.437200e-14
-2.273239e-14
 1.017130e-14
 7.621584e-15
-2.371080e-14
 3.220310e-14
-3.065518e-14
 2.035757e-14
-5.813525e-15
 8.080249e-12
-1.119582e-11
 5.680244e-12
-1.286123e-12
-2.042661e-13
 4.089208e-13
-2.330743e-13
 6.764293e-14
 1.493039e-14
-4.269517e-14
 4.562249e-14
-3.740690e-14
 2.261276e-14
-5.167993e-15
-9.943635e-15
 1.792250e-14
-1.671403e-14
 7.525570e-15
 5.488200e-15
-1.725494e-14
 2.346794e-14
-2.233879e-14
 1.481266e-14
-4.180786e-15
 6.217353e-12
-8.618501e-12
 4.375452e-12
-9.930716e-13
-1.571817e-13
 3.147877e-13
-1.790164e-13
 5.184428e-14
 1.105758e-14
-3.173045e-14
 3.361178e-14
-2.736527e-14
 1.645014e-14
-3.680061e-15
-7.356188e-15
 1.317882e-14
-1.228796e-14
 5.566554e-15
 3.951733e-15
-1.255723e-14
 1.710266e-14
-1.627899e-14
 1.077840e-14
-3.006365e-15
 4.784536e-12
-6.635245e-12
 3.370705e-12
-7.668319e-13
-1.209573e-13
 2.423562e-13
-1.375297e-13
 3.974655e-14
 8.198081e-15
-2.360159e-14
 2.477696e-14
-2.002446e-14
 1.196759e-14
-2.618725e-15
-5.440889e-15
 9.689652e-15
-9.032839e-15
 4.116099e-15
 2.845544e-15
-9.139044e-15
 1.246444e-14
-1.186357e-14
 7.843363e-15
-2.161873e-15
 3.682355e-12
-5.108928e-12
 2.596923e-12
-5.921617e-13
-9.308644e-14
 1.866149e-13
-1.056821e-13
 3.047997e-14
 6.084746e-15

Forecasting scores:

mase, smape, msis

  1.111263
 62.427913
  4.177812
End
