darima-master/data/MPS_Traffic_Volume_train.csv
/home/bsuconn/spark/spark-3.0.1-bin-hadoop3.2/python/pyspark/sql/pandas/group_ops.py:73: UserWarning: It is preferred to use 'applyInPandas' over this API. This API will be deprecated in the future releases. See SPARK-28264 for more details.
  warnings.warn(
Model results are saved to:	darima-master/result/darima_model_MPS_Traffic_Volume_2020-12-10-15:40:25.pkl
Coefficient results are saved to:	darima-master/result/darima_coef_MPS_Traffic_Volume_2020-12-10-15:40:25.csv
Forecasting results are saved to:	darima-master/result/darima_forec_MPS_Traffic_Volume_2020-12-10-15:40:25.csv

Model Summary:

 sample_size  sample_size_per_partition  n_par  partition_num  time_mapred  time_model_forec  time_model_eval
       46764                         77   2001            600   191.154797           4.94917         0.072963

DLSA Coefficients:

 9.071001e+01
 6.140220e-12
 8.869005e-01
-2.675503e-01
 6.475717e-02
-2.953419e-02
 2.263967e-02
-3.523634e-02
 2.739702e-02
-1.930807e-02
 9.364653e-03
-6.825610e-03
 1.854273e-02
-2.469373e-02
 1.193345e-02
 3.489419e-03
-8.707340e-03
 2.352943e-04
 1.021856e-02
-1.244274e-02
 5.965914e-03
-3.500939e-04
 2.450641e-03
-1.103384e-02
 1.348056e-02
 6.174357e-01
-4.682651e-01
 1.750978e-01
-5.799258e-02
 4.619625e-03
-8.880139e-03
 2.206487e-02
-2.168964e-02
 1.400969e-02
-2.066528e-03
-3.783390e-03
-6.332741e-03
 1.643749e-02
-1.308482e-02
-2.356253e-03
 1.410970e-02
-8.993733e-03
-4.596741e-03
 1.039885e-02
-4.683135e-03
-3.169486e-03
 3.370621e-03
 3.636531e-03
-8.972444e-03
 8.703887e-02
-5.636688e-02
 1.800674e-02
-7.835073e-03
 2.987660e-03
-1.020108e-02
 8.583471e-03
-1.941559e-03
-4.707700e-03
 1.457206e-03
 5.584749e-03
-8.438468e-03
 3.274816e-03
 2.970019e-03
-4.550313e-03
 1.177232e-03
 2.720529e-03
-3.857861e-03
 1.471837e-03
 1.406099e-03
-8.027137e-04
-3.572115e-03
 6.265510e-03
-2.948611e-03
 1.499400e-02
-9.885970e-03
 5.459760e-03
-5.944711e-03
 5.091023e-03
-1.045346e-03
-2.644022e-03
 2.664847e-03
 2.670610e-04
-3.040363e-03
 3.072914e-03
-4.312565e-04
-2.279696e-03
 2.026408e-03
 1.015147e-03
-3.412965e-03
 2.416307e-03
 3.248929e-04
-1.280579e-03
-3.320122e-04
 1.818418e-03
-1.339097e-03
-1.671921e-05
 3.400261e-04
-5.455956e-03
 2.163848e-03
-2.905008e-04
-6.552134e-05
-7.485964e-05
-9.872936e-05
 7.220216e-04
-1.563490e-03
 1.021109e-03
 7.618775e-04
-1.631619e-03
 6.588544e-05
 2.197016e-03
-2.503717e-03
 6.143144e-04
 1.146130e-03
-1.096743e-03
-2.948175e-04
 1.451613e-03
-1.485497e-03
 4.575546e-04
 7.884031e-04
-1.183428e-03
 2.493867e-04
 9.370021e-03
-7.470744e-03
 2.406406e-03
 5.745352e-04
-6.465135e-04
-5.241421e-04
 1.051952e-03
-7.621318e-04
 4.066128e-04
-3.089940e-04
 1.859671e-04
-2.530142e-05
 1.020838e-04
-4.089932e-04
 5.578010e-04
-4.382763e-04
 2.401846e-04
-3.703899e-05
-2.618322e-04
 3.899407e-04
-5.064281e-07
-6.151288e-04
 6.282131e-04
 1.131319e-04
-3.171830e-03
 1.280935e-03
 7.378534e-05
-9.550157e-04
 8.549063e-04
-2.539139e-04
-2.837271e-04
 2.629711e-04
 2.295926e-04
-7.885258e-04
 8.488254e-04
-2.751582e-04
-4.087013e-04
 4.939099e-04
 2.189633e-05
-4.942711e-04
 4.565927e-04
-1.080017e-04
-1.767926e-04
 2.787216e-04
-2.293310e-04
-5.760909e-06
 3.131545e-04
-3.967139e-04
 4.201309e-03
-2.727582e-03
 8.852069e-04
-2.098067e-04
 2.810184e-04
-4.753883e-04
 4.746793e-04
-2.657643e-04
-7.315986e-05
 2.544138e-04
-5.065214e-05
-3.439487e-04
 4.603500e-04
-1.602696e-04
-2.249054e-04
 3.325251e-04
-1.479257e-04
-1.359190e-04
 3.302892e-04
-3.065537e-04
 3.356325e-05
 2.750724e-04
-2.901588e-04
-5.231263e-05
-7.339501e-04
-1.668853e-04
-1.368693e-05
 7.450201e-05
-5.131489e-05
-6.198855e-05
 1.904090e-04
-3.165260e-04
 2.823707e-04
-3.226374e-05
-2.273007e-04
 2.162025e-04
 4.156129e-05
-2.570919e-04
 2.300116e-04
-4.748899e-05
-1.075244e-04
 1.476972e-04
-7.401903e-05
-9.302332e-05
 2.518400e-04
-2.433304e-04
 3.354221e-05
 1.777943e-04
 1.891625e-03
-1.452479e-03
 7.399912e-04
-3.067735e-04
 1.034362e-04
 7.608322e-06
-9.817994e-05
 7.168563e-05
 9.006981e-05
-2.415189e-04
 2.010111e-04
 1.069416e-05
-1.787113e-04
 1.381910e-04
 4.579872e-05
-1.909850e-04
 1.922361e-04
-7.757935e-05
-6.637851e-05
 1.377781e-04
-6.935623e-05
-9.653776e-05
 2.028037e-04
-1.372451e-04
-5.951647e-04
 2.135854e-04
-1.649491e-04
-7.056113e-05
 1.913568e-04
-1.820139e-04
 7.675810e-05
 3.852499e-05
-9.880720e-05
 4.957633e-05
 7.998843e-05
-1.716734e-04
 1.313198e-04
-1.778788e-06
-9.503253e-05
 8.451118e-05
 1.031403e-05
-1.146481e-04
 1.471123e-04
-7.037901e-05
-6.366962e-05
 1.332796e-04
-6.851761e-05
-6.562158e-05
 1.211712e-03
-8.130773e-04
 2.448213e-04
 5.613149e-05
-7.559725e-05
-4.387630e-05
 1.417702e-04
-1.522388e-04
 6.568863e-05
 4.832430e-05
-9.065076e-05
 2.636616e-05
 7.555592e-05
-1.213398e-04
 8.057817e-05
 4.308806e-06
-7.071625e-05
 7.322784e-05
-7.702154e-06
-7.692158e-05
 1.025945e-04
-3.779235e-05
-6.002500e-05
 9.714867e-05
-3.268177e-04
-2.850212e-05
 6.218194e-05
-1.011523e-04
 3.696112e-05
 4.129650e-05
-5.759187e-05
-1.487186e-05
 1.015053e-04
-1.130388e-04
 3.879222e-05
 4.674928e-05
-6.949628e-05
 2.209929e-05
 4.461977e-05
-7.737225e-05
 5.480851e-05
 6.087907e-06
-6.093528e-05
 6.285587e-05
-5.678605e-06
-6.082892e-05
 7.384949e-05
-2.307222e-05
 5.311101e-04
-3.244867e-04
 1.196643e-04
-5.649556e-05
 7.337109e-05
-7.863642e-05
 2.662438e-05
 3.437955e-05
-4.531260e-05
-4.067346e-06
 6.181862e-05
-7.040859e-05
 2.365363e-05
 3.307131e-05
-5.289265e-05
 2.498504e-05
 2.470259e-05
-5.676336e-05
 4.419999e-05
 4.532433e-06
-4.756155e-05
 4.486464e-05
 8.852648e-07
-4.691461e-05
-9.285056e-05
-1.619388e-05
-4.237612e-05
 2.257212e-05
 5.639681e-07
-3.353482e-05
 5.526147e-05
-4.835157e-05
 8.754450e-06
 3.241433e-05
-3.661676e-05
 3.482053e-07
 3.987840e-05
-4.722902e-05
 1.747771e-05
 2.239847e-05
-3.984007e-05
 2.079284e-05
 1.889974e-05
-4.498344e-05
 3.376037e-05
 4.402549e-06
-3.462010e-05
 3.081377e-05
 3.096808e-04
-2.410927e-04
 1.169548e-04
-2.740882e-05
-1.670871e-05
 2.171658e-05
-4.051805e-06
-2.470253e-05
 4.079638e-05
-2.909904e-05
-1.892670e-06
 2.609577e-05
-2.417705e-05
-8.136309e-07
 2.736161e-05
-3.358529e-05
 1.390006e-05
 1.558582e-05
-2.948824e-05
 1.507067e-05
 1.464516e-05
-3.254734e-05
 2.295971e-05
 4.271833e-06
-1.006348e-04
 2.077242e-05
-1.055009e-05
-3.418311e-05
 3.963399e-05
-1.682289e-05
-1.238341e-05
 2.108251e-05
-5.896129e-06
-1.705047e-05
 2.801518e-05
-1.924734e-05
-1.541473e-06
 1.800899e-05
-1.756042e-05
 4.671503e-07
 1.936047e-05
-2.476014e-05
 1.003500e-05
 1.232480e-05
-2.234657e-05
 1.132341e-05
 9.978746e-06
-2.239752e-05
 1.842587e-04
-1.120191e-04
 2.573890e-05
 9.801045e-06
-2.434783e-07
-2.341323e-05
 2.898022e-05
-1.306849e-05
-8.943666e-06
 1.751214e-05
-7.137798e-06
-1.100955e-05
 2.076347e-05
-1.483315e-05
-1.201341e-06
 1.435817e-05
-1.420745e-05
 8.620277e-07
 1.424168e-05
-1.770339e-05
 6.286659e-06
 9.750033e-06
-1.635705e-05
 8.353693e-06
-3.255517e-05
-1.859335e-05
 6.658646e-06
-5.690670e-06
-6.547238e-06
 9.485029e-06
 7.073863e-07
-1.561266e-05
 1.955923e-05
-8.229380e-06
-7.504451e-06
 1.351811e-05
-5.936738e-06
-7.347259e-06
 1.480480e-05
-1.061591e-05
-1.500466e-06
 1.141071e-05
-1.086879e-05
 5.403055e-07
 1.039461e-05
-1.247376e-05
 4.218019e-06
 6.960973e-06
 8.108670e-05
-5.809479e-05
 2.939009e-05
-1.630172e-05
 9.741369e-06
-2.735351e-06
-5.157780e-06
 6.245881e-06
 8.311168e-07
-9.679146e-06
 1.183512e-05
-5.002392e-06
-5.013447e-06
 9.617624e-06
-5.074678e-06
-4.428799e-06
 1.048290e-05
-7.825126e-06
-1.135177e-06
 8.495030e-06
-7.988548e-06
 3.819937e-07
 7.527978e-06
-9.087101e-06
-1.713301e-05
 2.747103e-06
-1.155978e-05
 2.452849e-07
 7.211498e-06
-1.061718e-05
 7.459303e-06
-8.387557e-07
-4.797669e-06
 5.272533e-06
-1.445705e-07
-6.297885e-06
 8.232678e-06
-3.634712e-06
-3.672420e-06
 7.286900e-06
-4.041646e-06
-3.099900e-06
 7.703200e-06
-5.758403e-06
-8.265783e-07
 6.185480e-06
-5.844020e-06
 3.767850e-07
 5.683846e-05
-4.286942e-05
 1.631345e-05
 1.036144e-06
-6.030195e-06
 1.342779e-06
 5.167113e-06
-8.179894e-06
 5.479656e-06
 3.671039e-07
-4.694868e-06
 4.350369e-06
 5.308602e-08
-4.799221e-06
 5.908160e-06
-2.360312e-06
-2.900870e-06
 5.334682e-06
-2.847598e-06
-2.290019e-06
 5.511128e-06
-4.084976e-06
-6.123703e-07
 4.491328e-06
-1.487390e-05
-1.155091e-06
 2.135804e-06
-7.445877e-06
 3.792837e-06
 1.715034e-06
-4.172786e-06
 1.410398e-06
 3.273911e-06
-5.490794e-06
 3.606301e-06
 4.993997e-07
-3.516269e-06
 3.224217e-06
-1.500935e-08
-3.433801e-06
 4.207650e-06
-1.606027e-06
-2.169797e-06
 3.874011e-06
-2.087638e-06
-1.565887e-06
 3.897242e-06
-2.942252e-06
 2.829252e-05
-1.729516e-05
 4.640946e-06
-1.195916e-06
 3.036107e-06
-4.723419e-06
 2.745393e-06
 9.164554e-07
-2.919770e-06
 1.561424e-06
 1.666141e-06
-3.726664e-06
 2.812345e-06
 1.938782e-07
-2.683580e-06
 2.605188e-06
-1.485125e-07
-2.508465e-06
 3.082862e-06
-1.127841e-06
-1.644087e-06
 2.872137e-06
-1.568481e-06
-1.096377e-06
-2.588276e-06
-3.224912e-06
-1.309959e-06
 8.934832e-07
-1.248578e-06
-3.165999e-07
 2.399087e-06
-3.252829e-06
 1.753304e-06
 9.160582e-07
-2.366019e-06
 1.331137e-06
 1.123354e-06
-2.713135e-06
 2.047779e-06
 2.133820e-07
-2.073556e-06
 1.982533e-06
-1.275735e-07
-1.831098e-06
 2.230666e-06
-7.916350e-07
-1.223248e-06
 2.111150e-06
 1.497184e-05
-1.259859e-05
 6.572761e-06
-2.500547e-06
-1.120578e-07
 1.131241e-06
-8.945613e-07
-4.498583e-07
 1.798963e-06
-2.041398e-06
 8.760079e-07
 8.191506e-07
-1.653834e-06
 9.133620e-07
 7.492559e-07
-1.854578e-06
 1.418951e-06
 1.607751e-07
-1.494789e-06
 1.452312e-06
-1.279979e-07
-1.302550e-06
 1.622191e-06
-5.920873e-07
-3.640816e-06
 8.456654e-07
-1.436026e-06
-1.491856e-06
 2.138470e-06
-1.461819e-06
 2.249161e-08
 9.061713e-07
-7.932859e-07
-1.491274e-07
 1.149469e-06
-1.392193e-06
 6.125776e-07
 5.992178e-07
-1.225151e-06
 7.105948e-07
 4.945355e-07
-1.318079e-06
 1.030885e-06
 1.028277e-07
-1.085591e-06
 1.079221e-06
-1.217984e-07
-9.392848e-07
 1.029730e-05
-7.244782e-06
 1.933356e-06
 5.933769e-07
-5.652235e-07
-7.738655e-07
 1.571105e-06
-1.204288e-06
 5.582320e-08
 8.521313e-07
-8.237220e-07
-1.128833e-08
 8.884309e-07
-1.069168e-06
 4.181534e-07
 5.097371e-07
-9.376728e-07
 5.179049e-07
 3.717002e-07
-9.571198e-07
 7.381501e-07
 8.460619e-08
-7.971313e-07
 7.942989e-07
-1.479151e-06
-1.140460e-06
 5.336981e-07
-8.629333e-07
-1.308981e-07
 6.639666e-07
-3.494119e-07
-5.302144e-07
 1.071602e-06
-7.796777e-07
-4.762421e-08
 6.767430e-07
-6.191711e-07
-8.764108e-09
 6.439723e-07
-7.589351e-07
 2.756481e-07
 3.908358e-07
-6.858639e-07
 3.748048e-07
 2.653900e-07
-6.850841e-07
 5.285556e-07
 6.423047e-08
 4.582606e-06
-3.362154e-06
 1.416475e-06
-8.251169e-07
 6.734636e-07
-4.314342e-07
-7.978061e-08
 3.957012e-07
-2.345897e-07
-2.704295e-07
 6.433269e-07
-5.216445e-07
-1.757467e-09
 4.660408e-07
-4.724801e-07
 3.692786e-08
 4.436988e-07
-5.531893e-07
 2.088715e-07
 2.854722e-07
-5.106727e-07
 2.857441e-07
 1.867269e-07
-4.991754e-07
-2.936706e-07
-2.484561e-07
-6.205446e-07
 1.017229e-07
 1.384103e-07
-4.568839e-07
 5.318877e-07
-3.085643e-07
-9.441628e-08
 3.515027e-07
-2.309873e-07
-1.635498e-07
 4.636183e-07
-3.850136e-07
-4.375415e-09
 3.552968e-07
-3.643150e-07
 4.001969e-08
 3.213593e-07
-4.068699e-07
 1.529102e-07
 2.139725e-07
-3.806276e-07
 2.129900e-07
 3.079048e-06
-2.663765e-06
 1.147378e-06
-1.658759e-07
-2.859314e-07
 2.006886e-07
 1.104740e-07
-3.870366e-07
 4.020258e-07
-1.590214e-07
-1.497184e-07
 2.867953e-07
-1.522451e-07
-1.350074e-07
 3.274875e-07
-2.569358e-07
-1.759788e-08
 2.592898e-07
-2.623942e-07
 3.122458e-08
 2.284357e-07
-2.925001e-07
 1.107221e-07
 1.558427e-07
-6.045725e-07
-3.210491e-08
-1.392561e-08
-4.618087e-07
 3.163886e-07
-3.113305e-08
-1.841163e-07
 1.472992e-07
 5.881435e-08
-2.433840e-07
 2.583822e-07
-9.814176e-08
-1.116249e-07
 2.073662e-07
-1.141754e-07
-8.882842e-08
 2.279707e-07
-1.816996e-07
-1.208225e-08
 1.867973e-07
-1.927123e-07
 2.768131e-08
 1.623932e-07
-2.126800e-07
 1.765980e-06
-1.231483e-06
 2.993229e-07
-6.231885e-09
 8.712814e-08
-2.574091e-07
 2.388476e-07
-5.688998e-08
-1.264375e-07
 1.485632e-07
-5.797478e-09
-1.604479e-07
 1.995986e-07
-8.199460e-08
-8.726805e-08
 1.655872e-07
-9.260922e-08
-6.402533e-08
 1.687773e-07
-1.330168e-07
-1.107461e-08
 1.392566e-07
-1.426504e-07
 2.108166e-08
-3.179892e-08
-2.753648e-07
-5.089860e-09
-3.509663e-08
-8.682008e-08
 5.281699e-08
 7.750770e-08
-1.903029e-07
 1.639271e-07
-1.858115e-08
-1.140611e-07
 1.197701e-07
-5.492025e-09
-1.188400e-07
 1.444653e-07
-5.470283e-08
-6.975783e-08
 1.244677e-07
-6.802601e-08
-4.743234e-08
 1.227279e-07
-9.515107e-08
-1.006296e-08
 1.024512e-07
 8.632186e-07
-7.740246e-07
 3.798300e-07
-1.874423e-07
 5.462248e-08
 2.364489e-08
-5.835608e-08
 1.861719e-08
 6.074581e-08
-1.149070e-07
 9.191694e-08
-4.113190e-09
-7.690779e-08
 8.187240e-08
-7.869079e-09
-7.826151e-08
 1.003218e-07
-4.004689e-08
-4.920394e-08
 9.100391e-08
-5.176008e-08
-3.247973e-08
 8.867926e-08
-6.955328e-08
-7.173839e-08
-1.345145e-09
-1.141522e-07
-5.910614e-08
 9.797347e-08
-1.015189e-07
 4.891671e-08
 1.414762e-08
-4.849592e-08
 2.825543e-08
 3.068767e-08
-7.747392e-08
 6.717711e-08
-4.543772e-09
-5.698713e-08
 6.337709e-08
-9.878416e-09
-5.490314e-08
 7.341178e-08
-3.020187e-08
-3.603065e-08
 6.790766e-08
-3.940685e-08
-2.306448e-08
 6.228449e-07
-5.164220e-07
 1.672685e-07
 9.176929e-09
-4.900759e-08
-1.207572e-08
 7.471675e-08
-8.650963e-08
 3.854136e-08
 2.454537e-08
-5.203556e-08
 2.654467e-08
 2.591563e-08
-5.990335e-08
 4.711833e-08
 1.348831e-09
-4.463706e-08
 4.657130e-08
-6.579358e-09
-3.998187e-08
 5.270949e-08
-2.116948e-08
-2.672995e-08
 4.970046e-08
-5.352951e-08
-6.480988e-08
 2.534778e-08
-8.021373e-08
 1.689125e-08
 2.866578e-08
-3.070080e-08
-1.102928e-08
 5.130729e-08
-5.442719e-08
 2.003981e-08
 2.160720e-08
-3.790717e-08
 1.863282e-08
 1.819129e-08
-4.157757e-08
 3.222299e-08
 1.989832e-09
-3.243898e-08
 3.367600e-08
-5.133630e-09
-2.829721e-08
 3.774347e-08
-1.533205e-08
 3.036648e-07
-2.388751e-07
 8.007138e-08
-3.985110e-08
 3.901474e-08
-3.955832e-08
 1.459184e-08
 1.351038e-08
-2.103738e-08
 6.678297e-10
 2.761216e-08
-3.643380e-08
 1.690733e-08
 1.370965e-08
-2.887897e-08
 1.654844e-08
 1.133171e-08
-3.021441e-08
 2.411970e-08
 1.311523e-09
-2.420821e-08
 2.529128e-08
-4.190206e-09
-2.054689e-08
 2.074468e-08
-4.164741e-08
-2.682745e-08
 5.452982e-10
-3.809150e-09
-1.533266e-08
 3.155671e-08
-3.074534e-08
 9.032830e-09
 1.521578e-08
-2.046824e-08
 2.810798e-09
 2.028199e-08
-2.721068e-08
 1.205273e-08
 1.125043e-08
-2.245977e-08
 1.282192e-08
 8.275495e-09
-2.229824e-08
 1.755203e-08
 1.376468e-09
-1.812063e-08
 1.865667e-08
 1.845611e-07
-1.780930e-07
 7.991450e-08
-2.538406e-08
-7.251660e-09
 1.220277e-08
-1.498463e-09
-1.554644e-08
 2.384908e-08
-1.735412e-08
 8.751764e-10
 1.304843e-08
-1.370554e-08
 9.559230e-10
 1.407098e-08
-1.821403e-08
 7.761990e-09
 8.258524e-09
-1.611380e-08
 9.390037e-09
 5.665984e-09
-1.589112e-08
 1.264682e-08
 9.882204e-10
-1.287718e-08
-5.470301e-09
-9.750463e-09
-2.663372e-08
 2.161007e-08
-1.012617e-08
-3.424058e-09
 7.664140e-09
-2.076375e-09
-8.020548e-09
 1.431140e-08
-1.137898e-08
 8.416784e-10
 9.134553e-09
-1.027388e-08
 1.553772e-09
 9.425476e-09
-1.293326e-08
 5.768515e-09
 5.852680e-09
-1.185024e-08
 7.190082e-09
 3.822832e-09
-1.151226e-08
 1.186826e-07
-9.628815e-08
 2.570600e-08
-5.101323e-10
 2.031044e-10
-1.215880e-08
 1.663613e-08
-1.006110e-08
-2.024970e-09
 8.687029e-09
-4.975512e-09
-4.666063e-09
 1.118923e-08
-9.013047e-09
 2.389899e-10
 7.643995e-09
-8.179927e-09
 1.234906e-09
 7.033935e-09
-9.477664e-09
 4.057520e-09
 4.477306e-09
-8.784861e-09
 5.300753e-09
 5.456463e-09
-2.042595e-08
 2.474581e-09
-9.098782e-09
-2.991292e-09
 4.873632e-09
 1.200565e-09
-9.701685e-09
 1.163810e-08
-5.365802e-09
-3.351267e-09
 7.136305e-09
-3.536712e-09
-3.618500e-09
 8.012050e-09
-6.104941e-09
-2.905897e-10
 5.791966e-09
-5.948301e-09
 8.426238e-10
 5.071138e-09
-6.752046e-09
 2.823805e-09
 3.299104e-09
 5.757917e-08
-5.388199e-08
 2.294111e-08
-1.259360e-08
 6.250835e-09
-2.200864e-09
-1.654765e-09
 2.011117e-09
 1.094970e-09
-5.217757e-09
 6.471334e-09
-3.254233e-09
-1.994214e-09
 4.815409e-09
-2.842894e-09
-2.039740e-09
 5.453460e-09
-4.428363e-09
-9.261280e-11
 4.205720e-09
-4.461964e-09
 7.707632e-10
 3.612154e-09
-4.920856e-09
 5.099847e-09
-5.156159e-09
-7.201696e-09
-2.959043e-09
 3.816004e-09
-5.967022e-09
 5.215559e-09
-2.171890e-09
-1.492748e-09
 2.702607e-09
-3.733839e-10
-3.328303e-09
 4.816492e-09
-2.539393e-09
-1.541582e-09
 3.821794e-09
-2.383971e-09
-1.348284e-09
 4.005737e-09
-3.293106e-09
-8.640225e-11
 3.171511e-09
-3.361284e-09
 6.048959e-10
 4.017585e-08
-3.809185e-08
 1.397340e-08
-2.241241e-09
-2.592428e-09
 5.900788e-10
 3.095076e-09
-5.277855e-09
 3.943542e-09
-4.837264e-10
-2.292986e-09
 2.384676e-09
-2.898380e-11
-2.655099e-09
 3.376575e-09
-1.519034e-09
-1.353124e-09
 2.821102e-09
-1.691536e-09
-9.858558e-10
 2.859708e-09
-2.329502e-09
-1.021594e-10
 2.321238e-09
 1.459591e-10
-4.284260e-09
 4.454456e-10
-6.169879e-09
 2.534460e-09
 3.433792e-10
-1.516859e-09
 8.774524e-11
 2.086851e-09
-3.104438e-09
 2.179580e-09
-7.938035e-11
-1.611629e-09
 1.653825e-09
-9.161817e-11
-1.746656e-09
 2.290514e-09
-1.042436e-09
-9.650365e-10
 2.031870e-09
-1.262722e-09
-6.490211e-10
 2.029864e-09
-1.689681e-09
 2.202797e-08
-1.894426e-08
 5.606217e-09
-2.114463e-09
 1.931006e-09
-2.828759e-09
 2.052455e-09
-2.989976e-10
-1.043273e-09
 7.399956e-10
 7.991585e-10
-2.024810e-09
 1.745181e-09
-1.996551e-10
-1.259929e-09
 1.416441e-09
-2.149194e-10
-1.252002e-09
 1.708460e-09
-7.741066e-10
-7.372384e-10
 1.533597e-09
-9.571814e-10
-4.626069e-10
 3.493777e-09
-4.204893e-09
-9.014268e-10
-9.241536e-10
-4.786989e-10
-3.159508e-10
 1.628559e-09
-2.288036e-09
 1.408663e-09
 2.338878e-10
-1.192802e-09
 7.140512e-10
 6.181801e-10
-1.534199e-09
 1.238520e-09
-3.578225e-11
-1.025088e-09
 1.080345e-09
-1.507884e-10
-9.281213e-10
 1.235561e-09
-5.310396e-10
-5.686841e-10
 1.129907e-09
 1.233687e-08
-1.270134e-08
 5.496968e-09
-2.417180e-09
 3.192765e-10
 3.509817e-10
-2.332912e-10
-5.471002e-10
 1.218676e-09
-1.268278e-09
 6.041460e-10
 3.113515e-10
-7.842631e-10
 4.455515e-10
 3.969357e-10
-9.974053e-10
 8.215918e-10
-1.658428e-11
-7.272866e-10
 7.859367e-10
-1.352921e-10
-6.458017e-10
 8.845559e-10
-3.869277e-10
 1.049986e-09
-1.031860e-09
-1.017229e-09
-1.556930e-09
 1.290377e-09
-1.015600e-09
 3.662971e-10
 1.177648e-10
-2.271566e-10
-1.185084e-10
 6.256870e-10
-8.250448e-10
 4.690624e-10
 1.906368e-10
-5.975694e-10
 3.978362e-10
 2.229677e-10
-7.021502e-10
 6.083833e-10
-2.423496e-11
-5.384494e-10
 5.982779e-10
-1.213245e-10
-4.642208e-10
 8.362569e-09
-7.708586e-09
 2.337985e-09
-3.280160e-10
-1.551882e-10
-5.065901e-10
 1.013168e-09
-9.310703e-10
 2.843863e-10
 3.282696e-10
-4.221740e-10
 1.229188e-12
 5.062365e-10
-6.490491e-10
 3.137339e-10
 2.104688e-10
-4.877464e-10
 3.005651e-10
 1.725785e-10
-5.152629e-10
 4.326032e-10
-1.485150e-12
-4.038362e-10
 4.402543e-10
 9.326934e-10
-1.499201e-09
 1.791523e-10
-1.012812e-09
 8.412092e-11
 2.220140e-10
-3.828798e-11
-4.528858e-10
 7.067856e-10
-5.114298e-10
 4.942453e-11
 3.003676e-10
-2.929722e-10
-1.858636e-11
 3.531114e-10
-4.313426e-10
 1.915472e-10
 1.677001e-10
-3.520854e-10
 2.150820e-10
 1.194027e-10
-3.620058e-10
 3.048329e-10
 1.070814e-12
 4.283201e-09
-4.140768e-09
 1.510318e-09
-8.194494e-10
 4.885951e-10
-3.568602e-10
 1.052542e-10
 5.210509e-11
-2.276870e-11
-1.829585e-10
 3.634851e-10
-3.229644e-10
 6.668738e-11
 1.920474e-10
-2.329325e-10
 3.099510e-11
 2.262454e-10
-3.098072e-10
 1.475476e-10
 1.198082e-10
-2.647961e-10
 1.688003e-10
 7.923466e-11
-2.625589e-10
 9.202580e-10
-7.258407e-10
-3.863120e-10
-2.550108e-10
 1.318526e-10
-3.146554e-10
 4.017848e-10
-3.129396e-10
 5.798815e-11
 1.413921e-10
-1.145885e-10
-9.581457e-11
 2.753149e-10
-2.491012e-10
 3.970430e-11
 1.661982e-10
-1.940044e-10
 3.241864e-11
 1.672315e-10
-2.296586e-10
 1.051092e-10
 9.530363e-11
-2.005524e-10
 1.259736e-10
 2.779306e-09
-2.878084e-09
 1.108398e-09
-3.542649e-10
-6.483970e-11
 4.856420e-11
 1.212127e-10
-2.936246e-10
 2.956455e-10
-1.406462e-10
-4.818864e-11
 1.340245e-10
-6.708928e-11
-8.497564e-11
 1.897956e-10
-1.563429e-10
 1.095730e-11
 1.246106e-10
-1.380962e-10
 2.315530e-11
 1.171879e-10
-1.612817e-10
 7.298267e-11
 7.014111e-11
 3.194305e-10
-3.606537e-10
-5.938513e-11
-4.397574e-10
 2.299206e-10
-8.561864e-11
-2.095383e-11
 4.553592e-12
 7.614162e-11
-1.511539e-10
 1.568979e-10
-8.082698e-11
-2.856387e-11
 9.025071e-11
-5.554563e-11
-4.552877e-11
 1.242853e-10
-1.091312e-10
 9.981510e-12
 8.894465e-11
-1.031728e-10
 2.243776e-11
 8.100642e-11
-1.166318e-10
 1.676107e-09
-1.568268e-09
 4.596229e-10
-1.499374e-10
 8.807088e-11
-1.779349e-10
 1.834130e-10
-1.003736e-10
-1.489639e-11
 5.694080e-11
 7.641455e-13
-9.166336e-11
 1.246040e-10
-6.842411e-11
-2.728653e-11
 8.145834e-11
-5.209499e-11
-3.068200e-11
 9.291361e-11
-8.058111e-11
 4.897444e-12
 6.877931e-11
-7.813475e-11
 1.733237e-11
 3.659569e-10
-3.679815e-10
-1.947619e-11
-1.465799e-10
-1.121228e-11
-2.878919e-12
 7.931403e-11
-1.485949e-10
 1.268602e-10
-3.524283e-11
-4.668319e-11
 5.521578e-11
 4.116486e-12
-7.133133e-11
 8.719325e-11
-4.037347e-11
-2.831009e-11
 6.267328e-11
-3.732120e-11
-2.323843e-11
 6.646165e-11
-5.591965e-11
 1.239229e-12
 5.087125e-11
 9.118482e-10
-9.640577e-10
 3.830222e-10
-1.964943e-10
 6.612578e-11
-1.989592e-11
 8.624644e-13
-2.371835e-11
 5.724638e-11
-7.617774e-11
 6.016473e-11
-1.481840e-11
-2.823612e-11
 3.514711e-11
-1.252580e-12
-4.264416e-11
 5.692510e-11
-2.822497e-11
-1.923272e-11
 4.536828e-11
-2.902659e-11
-1.439708e-11
 4.687215e-11
-4.055121e-11
 2.011560e-10
-1.392528e-10
-7.638197e-11
-1.027289e-10
 7.196676e-11
-7.838488e-11
 5.733440e-11
-2.584551e-11
-3.855657e-12
 6.146693e-12
 1.983349e-11
-4.741590e-11
 4.636242e-11
-1.369402e-11
-2.296848e-11
 3.174091e-11
-6.256652e-12
-2.914022e-11
 4.215864e-11
-2.134899e-11
-1.476636e-11
 3.499772e-11
-2.285104e-11
-9.935358e-12
 6.140905e-10
-6.197459e-10
 2.052921e-10
-5.566458e-11
-7.073378e-12
-2.162612e-11
 5.782375e-11
-6.991270e-11
 4.131778e-11
 5.447238e-13
-2.235617e-11
 1.128328e-11
 1.771345e-11
-3.765525e-11
 3.146408e-11
-4.517879e-12
-2.082851e-11
 2.413865e-11
-3.931377e-12
-2.144780e-11
 2.983860e-11
-1.422897e-11
-1.169276e-11
 2.580978e-11
 1.124890e-10
-1.170660e-10
 4.694651e-12
-9.051657e-11
 2.564237e-11
-8.131185e-13
-3.608162e-14
-2.234781e-11
 3.937799e-11
-3.686718e-11
 1.699946e-11
 5.282554e-12
-1.491944e-11
 6.687712e-12
 1.134825e-11
-2.381069e-11
 1.988171e-11
-2.233778e-12
-1.484239e-11
 1.731557e-11
-3.468137e-12
-1.448081e-11
 2.087852e-11
-1.018380e-11
 3.391831e-10
-3.378542e-10
 1.106194e-10
-5.610057e-11
 3.309803e-11
-3.365406e-11
 2.194378e-11
-7.943604e-12
-6.817062e-13
-4.453525e-12
 1.699479e-11
-2.289306e-11
 1.440040e-11
 2.034146e-12
-1.239168e-11
 8.290589e-12
 5.747911e-12
-1.679658e-11
 1.498326e-11
-1.828197e-12
-1.139510e-11
 1.355189e-11
-3.195234e-12
-1.037826e-11
 9.817422e-11
-7.595392e-11
-1.801913e-11
-2.836561e-11
 6.203373e-12
-1.651568e-11
 2.715658e-11
-2.853442e-11
 1.432959e-11
 2.822712e-12
-8.564458e-12
-1.991081e-13
 1.322216e-11
-1.768791e-11
 9.616762e-12
 3.685201e-12
-1.095482e-11
 6.778810e-12
 4.351861e-12
-1.245218e-11
 1.064418e-11
-6.919504e-13
-8.860042e-12
 1.008236e-11
 2.064112e-10
-2.233682e-10
 8.514196e-11
-3.687996e-11
 4.956759e-12
-8.999078e-13
 6.347885e-12
-1.625038e-11
 1.930780e-11
-1.372146e-11
 3.468348e-12
 4.487701e-12
-5.157688e-12
-1.136678e-12
 8.721127e-12
-1.090593e-11
 5.551810e-12
 3.027081e-12
-7.754742e-12
 4.895340e-12
 2.796641e-12
-8.551054e-12
 7.421716e-12
-4.359271e-13
 4.642717e-11
-3.525894e-11
-8.720595e-12
-3.131334e-11
 1.748927e-11
-1.202920e-11
 5.378994e-12
-2.965374e-12
 3.517394e-12
-6.579191e-12
 9.210957e-12
-8.212633e-12
 3.062057e-12
 2.698008e-12
-4.364849e-12
 5.598877e-13
 5.196508e-12
-7.554371e-12
 4.192129e-12
 2.078440e-12
-5.865057e-12
 4.009316e-12
 1.683628e-12
-6.136526e-12
 1.310148e-10
-1.310170e-10
 3.986644e-11
-1.393005e-11
 4.629543e-12
-1.076853e-11
 1.385666e-11
-1.123654e-11
 3.552775e-12
 2.155292e-12
-1.670554e-12
-3.307370e-12
 7.361863e-12
-6.603007e-12
 1.700153e-12
 3.175418e-12
-4.105000e-12
 6.560934e-13
 3.922112e-12
-5.567485e-12
 2.866241e-12
 1.826635e-12
-4.509754e-12
 3.004630e-12
 3.478083e-11
-3.101517e-11
-9.719513e-14
-1.609456e-11
 2.310236e-12
-1.034483e-12
 4.366601e-12
-9.202709e-12
 9.431595e-12
-5.018118e-12
-3.543003e-13
 2.682230e-12
-9.336154e-13
-2.734765e-12
 5.006903e-12
-3.998975e-12
 5.555384e-13
 2.562969e-12
-2.936421e-12
 4.295064e-13
 2.728896e-12
-3.816705e-12
 1.902275e-12
 1.385152e-12
 7.235066e-11
-7.697472e-11
 2.773986e-11
-1.516900e-11
 6.654177e-12
-4.396382e-12
 2.321769e-12
-2.146958e-12
 2.890585e-12
-4.096062e-12
 4.352334e-12
-2.779633e-12
 1.188728e-13
 1.615969e-12
-1.029145e-12
-1.255570e-12
 3.102884e-12
-2.783285e-12
 4.957620e-13
 1.839713e-12
-2.276578e-12
 5.197350e-13
 1.847144e-12
-2.749822e-12
 2.262050e-11
-1.550918e-11
-4.791838e-12
-8.090914e-12
 4.159011e-12
-5.491273e-12
 5.441197e-12
-4.004641e-12
 1.263467e-12
 3.837125e-13
 3.063089e-13
-2.311275e-12
 3.355891e-12
-2.232888e-12
-1.334838e-13
 1.686924e-12
-1.182303e-12
-7.575263e-13
 2.302926e-12
-2.072730e-12
 2.912312e-13
 1.492474e-12
-1.788130e-12
 4.246458e-13
 4.696886e-11
-5.001611e-11
 1.723125e-11
-6.603536e-12
 5.970609e-13
-1.409274e-12
 3.395241e-12
-4.807555e-12
 3.774641e-12
-1.346126e-12
-5.999524e-13
 8.256012e-13
 4.287839e-13
-1.880918e-12
 2.245045e-12
-1.195256e-12
-4.260289e-13
 1.321660e-12
-8.226005e-13
-5.630195e-13
 1.602815e-12
-1.398105e-12
 1.332767e-13
 1.111798e-12
 1.206464e-11
-9.955651e-12
-4.197470e-13
-7.424274e-12
 2.928848e-12
-1.412733e-12
 7.666452e-13
-1.479839e-12
 2.198671e-12
-2.324495e-12
 1.670244e-12
-5.775648e-13
-3.326499e-13
 4.905983e-13
 1.675789e-13
-1.061436e-12
 1.382936e-12
-7.846551e-13
-2.848419e-13
 9.452390e-13
-6.526552e-13
-3.145522e-13
 1.095339e-12
-1.000332e-12
 2.765418e-11
-2.831368e-11
 8.821861e-12
-4.280058e-12
 2.189112e-12
-2.681718e-12
 2.352424e-12
-1.490679e-12
 4.194798e-13
-1.176554e-13
 6.842425e-13
-1.367203e-12
 1.342728e-12
-5.387085e-13
-3.676527e-13
 6.255752e-13
-8.302527e-14
-7.165522e-13
 1.036257e-12
-5.844644e-13
-2.521925e-13
 7.623452e-13
-5.309027e-13
-2.114238e-13
 9.201589e-12
-7.118918e-12
-7.405694e-13
-3.064851e-12
 6.405449e-13
-1.035736e-12
 1.785406e-12
-2.220633e-12
 1.545498e-12
-3.701095e-13
-3.539590e-13
 1.658493e-13
 5.573539e-13
-1.064225e-12
 8.945693e-13
-2.076598e-13
-4.233671e-13
 5.138970e-13
-5.003454e-14
-5.325195e-13
 7.270710e-13
-3.727264e-13
-2.269160e-13
 5.708035e-13
 1.626852e-11
-1.782979e-11
 6.487174e-12
-3.315774e-12
 9.854085e-13
-5.675831e-13
 5.874841e-13
-1.013330e-12
 1.206695e-12
-1.040106e-12
 5.778370e-13
-7.199261e-14
-1.894461e-13
 5.747566e-14
 3.278356e-13
-6.161278e-13
 5.318793e-13
-1.183243e-13
-2.937186e-13
 3.713062e-13
-6.670866e-14
-3.438196e-13
 4.996098e-13
-2.641395e-13
 5.102631e-12
-3.553282e-12
-7.635096e-13
-2.353041e-12
 1.252582e-12
-1.146554e-12
 8.285038e-13
-5.651061e-13
 3.175691e-13
-3.001031e-13
 4.797663e-13
-6.077400e-13
 4.581862e-13
-9.242354e-14
-1.925653e-13
 1.577249e-13
 1.433354e-13
-4.154219e-13
 3.966442e-13
-9.374008e-14
-2.324576e-13
 3.058150e-13
-7.702878e-14
-2.414653e-13
 1.044672e-11
-1.092925e-11
 3.447708e-12
-1.407176e-12
 3.713993e-13
-6.974846e-13
 9.831564e-13
-9.845170e-13
 5.418754e-13
-6.047786e-14
-1.013832e-13
-9.654453e-14
 3.887807e-13
-4.813164e-13
 2.881902e-13
 2.853349e-14
-2.148721e-13
 1.379056e-13
 1.118612e-13
-3.056314e-13
 2.729931e-13
-4.282409e-14
-1.885835e-13
 2.297049e-13
 3.237413e-12
-2.642856e-12
-1.219800e-14
-1.519865e-12
 4.250330e-13
-2.477850e-13
 3.312633e-13
-5.937380e-13
 6.474860e-13
-4.528243e-13
 1.538286e-13
 4.808422e-14
-5.425845e-14
-9.203767e-14
 2.496920e-13
-2.818159e-13
 1.536578e-13
 4.096580e-14
-1.526835e-13
 9.803757e-14
 6.944145e-14
-2.022503e-13
 1.834311e-13
-2.663895e-14
 5.970046e-12
-6.354228e-12
 2.112973e-12
-1.181487e-12
 5.586570e-13
-4.883775e-13
 3.499351e-13
-2.634678e-13
 1.986657e-13
-2.190473e-13
 2.720768e-13
-2.571510e-13
 1.351517e-13
 1.348821e-14
-6.889323e-14
-8.059404e-15
 1.368478e-13
-1.922482e-13
 1.172820e-13
 2.806769e-14
-1.219636e-13
 8.817631e-14
 3.839431e-14
-1.438004e-13
 2.191478e-12
-1.552824e-12
-2.627071e-13
-7.229047e-13
 2.844355e-13
-3.857208e-13
 4.422127e-13
-4.052166e-13
 2.114764e-13
-3.025399e-14
-2.416428e-15
-1.030136e-13
 2.100657e-13
-2.009164e-13
 7.829645e-14
 5.211991e-14
-8.539274e-14
 7.221759e-15
 1.019719e-13
-1.422089e-13
 7.888878e-14
 3.272620e-14
-9.894878e-14
 6.798816e-14
 3.730733e-12
-4.069188e-12
 1.401371e-12
-6.636553e-13
 1.546548e-13
-1.481459e-13
 2.292792e-13
-3.275814e-13
 2.948222e-13

Forecasting scores:

mase, smape, msis

  1.090227
 60.253666
 14.520577
End
