darima-master/data/MPS_Traffic_Volume_train.csv
/home/bsuconn/spark/spark-3.0.1-bin-hadoop3.2/python/pyspark/sql/pandas/group_ops.py:73: UserWarning: It is preferred to use 'applyInPandas' over this API. This API will be deprecated in the future releases. See SPARK-28264 for more details.
  warnings.warn(
Model results are saved to:	darima-master/result/darima_model_MPS_Traffic_Volume_2020-12-05-15:09:47.pkl
Coefficient results are saved to:	darima-master/result/darima_coef_MPS_Traffic_Volume_2020-12-05-15:09:47.csv
Forecasting results are saved to:	darima-master/result/darima_forec_MPS_Traffic_Volume_2020-12-05-15:09:47.csv

Model Summary:

 sample_size  sample_size_per_partition  n_par  partition_num  time_mapred  time_model_forec  time_model_eval
       46764                        623   2001             75   101.802109          4.985467         0.091605

DLSA Coefficients:

 4.030953e+02
 0.000000e+00
 1.333634e+00
-4.642234e-01
-2.001812e-02
 3.101740e-02
-3.310144e-03
-3.075421e-02
 1.126541e-02
-1.359745e-02
 4.591173e-03
-1.328844e-02
 7.044771e-03
-1.056109e-02
 4.357821e-03
-6.480638e-03
 1.960013e-03
-4.644890e-03
 2.090161e-03
-4.892714e-03
 2.910325e-03
-4.788251e-03
 2.924486e-03
-3.849411e-03
 2.204803e-03
 2.349930e-01
-3.166518e-01
 1.137720e-01
 4.141218e-03
-9.838743e-03
 1.313967e-03
 4.619522e-03
-1.687710e-03
 9.547969e-04
 8.049006e-06
 1.351124e-03
-6.731579e-04
 1.020013e-03
 4.917213e-06
 1.397666e-04
 4.884578e-04
-1.541848e-04
 3.554558e-04
 4.264108e-05
 8.831762e-05
 1.612883e-04
 7.899707e-05
 1.996824e-05
 2.590343e-04
 2.664118e-02
-3.540412e-02
 1.309040e-02
 2.592285e-04
-7.653888e-04
 3.297261e-05
 6.062759e-04
-1.460181e-04
 1.979219e-04
-1.247333e-04
 4.282819e-04
-3.378338e-04
 3.911203e-04
-1.977150e-04
 2.132752e-04
-1.037792e-04
 1.686711e-04
-1.279967e-04
 2.132965e-04
-1.852514e-04
 2.374563e-04
-1.780761e-04
 1.879172e-04
-1.200905e-04
 2.848415e-02
-3.738406e-02
 1.569055e-02
-1.623644e-03
 5.207828e-04
-1.416328e-03
 1.475735e-03
-1.048530e-03
 6.454518e-04
-5.683985e-04
 5.294452e-04
-5.138634e-04
 4.636266e-04
-4.627635e-04
 4.550012e-04
-4.528757e-04
 4.210833e-04
-3.837111e-04
 3.396811e-04
-3.037893e-04
 2.794258e-04
-2.644972e-04
 2.605436e-04
-2.551598e-04
 1.135270e-02
-1.460884e-02
 5.925670e-03
-5.392686e-04
 1.208680e-04
-4.305302e-04
 5.463078e-04
-3.680760e-04
 2.916261e-04
-2.777968e-04
 3.290688e-04
-3.057900e-04
 2.919270e-04
-2.457576e-04
 2.388495e-04
-2.127828e-04
 2.169463e-04
-2.020817e-04
 2.111611e-04
-1.993549e-04
 2.033332e-04
-1.858804e-04
 1.828944e-04
-1.638346e-04
 9.518024e-03
-1.250878e-02
 5.206960e-03
-4.864196e-04
 1.083571e-04
-4.340079e-04
 5.124799e-04
-3.256661e-04
 2.179344e-04
-1.890490e-04
 2.129622e-04
-1.958237e-04
 1.893824e-04
-1.709605e-04
 1.764895e-04
-1.659706e-04
 1.663481e-04
-1.508504e-04
 1.480416e-04
-1.346694e-04
 1.340677e-04
-1.243885e-04
 1.257446e-04
-1.180066e-04
 5.449075e-03
-7.027941e-03
 2.961688e-03
-3.183292e-04
 8.712968e-05
-2.682960e-04
 2.976485e-04
-2.028408e-04
 1.381822e-04
-1.351679e-04
 1.487342e-04
-1.445814e-04
 1.332483e-04
-1.209681e-04
 1.170785e-04
-1.114277e-04
 1.095747e-04
-1.039235e-04
 1.028769e-04
-9.798601e-05
 9.699468e-05
-9.139331e-05
 8.973414e-05
-8.394982e-05
 5.028434e-03
-6.607372e-03
 2.734192e-03
-2.509658e-04
 4.831528e-05
-2.016090e-04
 2.343722e-04
-1.494286e-04
 9.739669e-05
-8.903246e-05
 1.011802e-04
-9.535374e-05
 8.994367e-05
-8.079820e-05
 8.133802e-05
-7.680147e-05
 7.665095e-05
-7.080199e-05
 7.005434e-05
-6.506263e-05
 6.484832e-05
-6.054235e-05
 6.052122e-05
-5.664559e-05
 3.408066e-03
-4.440121e-03
 1.830667e-03
-1.739470e-04
 3.644000e-05
-1.322479e-04
 1.523753e-04
-9.769167e-05
 6.339832e-05
-5.901357e-05
 6.748008e-05
-6.429951e-05
 5.994390e-05
-5.351130e-05
 5.307278e-05
-5.015273e-05
 4.992036e-05
-4.655205e-05
 4.622448e-05
-4.339099e-05
 4.323211e-05
-4.048220e-05
 4.018491e-05
-3.754717e-05
 2.569369e-03
-3.364250e-03
 1.397652e-03
-1.324701e-04
 1.936932e-05
-9.605331e-05
 1.108709e-04
-6.816372e-05
 4.083493e-05
-3.792143e-05
 4.414783e-05
-4.217676e-05
 3.890120e-05
-3.469755e-05
 3.456291e-05
-3.284224e-05
 3.264711e-05
-3.034015e-05
 2.997856e-05
-2.804724e-05
 2.790875e-05
-2.614377e-05
 2.601368e-05
-2.436655e-05
 1.752021e-03
-2.273896e-03
 9.451230e-04
-9.357818e-05
 1.231812e-05
-6.412881e-05
 7.455314e-05
-4.523571e-05
 2.621664e-05
-2.423770e-05
 2.871708e-05
-2.751154e-05
 2.519353e-05
-2.224627e-05
 2.210742e-05
-2.098864e-05
 2.089770e-05
-1.941819e-05
 1.923629e-05
-1.801607e-05
 1.796325e-05
-1.681064e-05
 1.672276e-05
-1.562757e-05
 1.373434e-03
-1.793476e-03
 7.441454e-04
-7.076101e-05
 6.076227e-06
-4.552332e-05
 5.344143e-05
-3.091833e-05
 1.655061e-05
-1.514377e-05
 1.865511e-05
-1.781778e-05
 1.618465e-05
-1.409425e-05
 1.410417e-05
-1.337384e-05
 1.337107e-05
-1.234673e-05
 1.225125e-05
-1.142190e-05
 1.142383e-05
-1.065983e-05
 1.064130e-05
-9.925053e-06
 1.028338e-03
-1.343320e-03
 5.547724e-04
-5.124110e-05
 3.535988e-06
-3.120895e-05
 3.663522e-05
-2.083303e-05
 1.042478e-05
-9.547506e-06
 1.199468e-05
-1.156258e-05
 1.032817e-05
-8.934766e-06
 8.890885e-06
-8.477377e-06
 8.452667e-06
-7.818917e-06
 7.737396e-06
-7.232403e-06
 7.224729e-06
-6.751779e-06
 6.728486e-06
-6.279099e-06
 8.035848e-04
-1.054437e-03
 4.344800e-04
-3.887185e-05
 1.449045e-06
-2.211671e-05
 2.621336e-05
-1.427010e-05
 6.511903e-06
-5.882815e-06
 7.780195e-06
-7.479237e-06
 6.607829e-06
-5.602099e-06
 5.615620e-06
-5.341265e-06
 5.356810e-06
-4.916944e-06
 4.882912e-06
-4.539992e-06
 4.557317e-06
-4.240506e-06
 4.243928e-06
-3.945350e-06
 5.813131e-04
-7.605551e-04
 3.137750e-04
-2.869896e-05
 7.126707e-07
-1.540994e-05
 1.829136e-05
-9.734977e-06
 4.073150e-06
-3.657064e-06
 5.014093e-06
-4.856923e-06
 4.209482e-06
-3.522683e-06
 3.520294e-06
-3.365676e-06
 3.371684e-06
-3.092278e-06
 3.063740e-06
-2.850968e-06
 2.861407e-06
-2.663678e-06
 2.664345e-06
-2.476515e-06
 4.319409e-04
-5.650337e-04
 2.338632e-04
-2.188720e-05
 1.523009e-07
-1.100580e-05
 1.313153e-05
-6.735812e-06
 2.524889e-06
-2.233701e-06
 3.260950e-06
-3.160689e-06
 2.692382e-06
-2.199916e-06
 2.210115e-06
-2.112784e-06
 2.126771e-06
-1.936179e-06
 1.922832e-06
-1.781376e-06
 1.795808e-06
-1.665348e-06
 1.671639e-06
-1.548141e-06
 3.214213e-04
-4.200904e-04
 1.738564e-04
-1.641087e-05
-5.182961e-10
-7.781798e-06
 9.292841e-06
-4.660976e-06
 1.570450e-06
-1.373291e-06
 2.115732e-06
-2.067087e-06
 1.719719e-06
-1.377882e-06
 1.381138e-06
-1.328259e-06
 1.336673e-06
-1.213595e-06
 1.202380e-06
-1.113723e-06
 1.123534e-06
-1.041576e-06
 1.045670e-06
-9.675694e-07
 2.499322e-04
-3.276519e-04
 1.353259e-04
-1.256904e-05
-9.670215e-08
-5.601090e-06
 6.707448e-06
-3.261785e-06
 9.704360e-07
-8.297009e-07
 1.386820e-06
-1.357391e-06
 1.104856e-06
-8.582719e-07
 8.649359e-07
-8.327127e-07
 8.424827e-07
-7.581736e-07
 7.527244e-07
-6.937971e-07
 7.034380e-07
-6.493611e-07
 6.543592e-07
-6.029574e-07
 1.904558e-04
-2.498981e-04
 1.030562e-04
-9.525862e-06
-8.934856e-08
-4.012010e-06
 4.800666e-06
-2.288810e-06
 6.007862e-07
-5.041529e-07
 9.087151e-07
-8.976347e-07
 7.098164e-07
-5.367200e-07
 5.394762e-07
-5.236216e-07
 5.296788e-07
-4.747163e-07
 4.697702e-07
-4.327786e-07
 4.392501e-07
-4.052729e-07
 4.084837e-07
-3.759559e-07
 1.438049e-04
-1.887314e-04
 7.792991e-05
-7.319538e-06
-7.665779e-08
-2.909377e-06
 3.483054e-06
-1.620383e-06
 3.704059e-07
-3.005292e-07
 6.019709e-07
-5.966785e-07
 4.593714e-07
-3.340121e-07
 3.374096e-07
-3.285558e-07
 3.342464e-07
-2.964223e-07
 2.937132e-07
-2.691189e-07
 2.746901e-07
-2.522682e-07
 2.552728e-07
-2.338360e-07
 1.067152e-04
-1.398476e-04
 5.786914e-05
-5.586491e-06
-4.628702e-08
-2.105364e-06
 2.515232e-06
-1.151138e-06
 2.286668e-07
-1.796279e-07
 3.994814e-07
-3.998368e-07
 2.977907e-07
-2.087472e-07
 2.102977e-07
-2.069502e-07
 2.106173e-07
-1.856149e-07
 1.831576e-07
-1.676243e-07
 1.713995e-07
-1.572537e-07
 1.592028e-07
-1.455770e-07
 8.077258e-05
-1.058675e-04
 4.385578e-05
-4.301287e-06
-2.301031e-08
-1.536771e-06
 1.833231e-06
-8.235267e-07
 1.407972e-07
-1.049688e-07
 2.679877e-07
-2.695732e-07
 1.946332e-07
-1.299443e-07
 1.314492e-07
-1.302036e-07
 1.332775e-07
-1.159981e-07
 1.144468e-07
-1.041290e-07
 1.071368e-07
-9.781532e-08
 9.942067e-08
-9.044052e-08
 6.182710e-05
-8.110505e-05
 3.357060e-05
-3.297521e-06
-2.544213e-09
-1.120944e-06
 1.332806e-06
-5.911916e-07
 8.678747e-08
-6.117686e-08
 1.803900e-07
-1.832967e-07
 1.276297e-07
-8.125038e-08
 8.191789e-08
-8.228751e-08
 8.430480e-08
-7.272656e-08
 7.135553e-08
-6.479842e-08
 6.684702e-08
-6.094126e-08
 6.198344e-08
-5.624650e-08
 4.756552e-05
-6.247435e-05
 2.584138e-05
-2.541798e-06
 1.115124e-08
-8.225576e-07
 9.751032e-07
-4.266682e-07
 5.346293e-08
-3.456137e-08
 1.227027e-07
-1.254364e-07
 8.444541e-08
-5.063968e-08
 5.120482e-08
-5.199628e-08
 5.358783e-08
-4.553771e-08
 4.458608e-08
-4.022698e-08
 4.179009e-08
-3.789952e-08
 3.870115e-08
-3.491538e-08
 3.606322e-05
-4.736383e-05
 1.960261e-05
-1.953806e-06
 2.005767e-08
-6.036189e-07
 7.125076e-07
-3.088856e-07
 3.297782e-08
-1.925645e-08
 8.382901e-08
-8.656238e-08
 5.613000e-08
-3.171396e-08
 3.192102e-08
-3.303006e-08
 3.408498e-08
-2.862057e-08
 2.780620e-08
-2.501920e-08
 2.608630e-08
-2.361228e-08
 2.412963e-08
-2.169910e-08
 2.720321e-05
-3.571007e-05
 1.480299e-05
-1.506856e-06
 2.481628e-08
-4.447927e-07
 5.228541e-07
-2.245048e-07
 2.038106e-08
-1.017514e-08
 5.783028e-08
-6.011137e-08
 3.766122e-08
-1.981340e-08
 1.996265e-08
-2.100143e-08
 2.180236e-08
-1.797831e-08
 1.738199e-08
-1.552634e-08
 1.631858e-08
-1.468871e-08
 1.506911e-08
-1.346213e-08
 2.059121e-05
-2.702184e-05
 1.121259e-05
-1.159997e-06
 2.655637e-08
-3.278784e-07
 3.834736e-07
-1.635957e-07
 1.262984e-08
-5.127865e-09
 4.008624e-08
-4.206682e-08
 2.541013e-08
-1.244432e-08
 1.245488e-08
-1.343573e-08
 1.397092e-08
-1.134255e-08
 1.084809e-08
-9.653792e-09
 1.019614e-08
-9.155783e-09
 9.399393e-09
-8.362035e-09
 1.577018e-05
-2.070741e-05
 8.591799e-06
-8.947760e-07
 2.633366e-08
-2.423890e-07
 2.820630e-07
-1.195578e-07
 7.869120e-09
-2.256333e-09
 2.802761e-08
-2.960808e-08
 1.730609e-08
-7.804985e-09
 7.796513e-09
-8.614241e-09
 9.010280e-09
-7.158707e-09
 6.787145e-09
-5.990226e-09
 6.385601e-09
-5.700158e-09
 5.873188e-09
-5.185681e-09
 1.210122e-05
-1.590030e-05
 6.594476e-06
-6.893287e-07
 2.476178e-08
-1.792776e-07
 2.074371e-07
-8.755322e-08
 4.930026e-09
-7.654837e-10
 1.968881e-08
-2.098002e-08
 1.185808e-08
-4.924652e-09
 4.870863e-09
-5.562186e-09
 5.828606e-09
-4.541196e-09
 4.240882e-09
-3.724324e-09
 3.995809e-09
-3.556668e-09
 3.666279e-09
-3.219852e-09
 9.241598e-06
-1.214598e-05
 5.038881e-06
-5.316781e-07
 2.253179e-08
-1.328645e-07
 1.528562e-07
-6.425050e-08
 3.120561e-09
 8.436776e-12
 1.393316e-08
-1.493983e-08
 8.198009e-09
-3.106804e-09
 3.053790e-09
-3.604059e-09
 3.797851e-09
-2.884977e-09
 2.656967e-09
-2.311251e-09
 2.506810e-09
-2.217400e-09
 2.292968e-09
-1.996200e-09
 7.015219e-06
-9.217326e-06
 3.827397e-06
-4.097247e-07
 1.993563e-08
-9.851749e-08
 1.126403e-07
-4.722428e-08
 1.994954e-09
 3.423667e-10
 9.902246e-09
-1.069828e-08
 5.701868e-09
-1.973614e-09
 1.911676e-09
-2.353977e-09
 2.485145e-09
-1.843793e-09
 1.663083e-09
-1.437281e-09
 1.572006e-09
-1.385936e-09
 1.433052e-09
-1.239132e-09
 5.336373e-06
-7.010454e-06
 2.913305e-06
-3.159529e-07
 1.731643e-08
-7.315346e-08
 8.311767e-08
-3.476214e-08
 1.296020e-09
 4.651422e-10
 7.080085e-09
-7.692069e-09
 3.997848e-09
-1.255506e-09
 1.201275e-09
-1.544851e-09
 1.639181e-09
-1.181587e-09
 1.044028e-09
-8.923227e-10
 9.886281e-10
-8.659508e-10
 8.974770e-10
-7.680851e-10
 4.082062e-06
-5.363977e-06
 2.229307e-06
-2.434902e-07
 1.478453e-08
-5.434598e-08
 6.134052e-08
-2.561912e-08
 8.547726e-10
 4.668968e-10
 5.080755e-09
-5.555314e-09
 2.818755e-09
-8.051862e-10
 7.541532e-10
-1.022715e-09
 1.086949e-09
-7.625154e-10
 6.551000e-10
-5.552019e-10
 6.217924e-10
-5.426544e-10
 5.618392e-10
-4.767159e-10
 3.133148e-06
-4.119051e-06
 1.711526e-06
-1.877115e-07
 1.247393e-08
-4.041555e-08
 4.531186e-08
-1.890112e-08
 5.758104e-10
 4.218807e-10
 3.663494e-09
-4.024996e-09
 2.001222e-09
-5.180453e-10
 4.754514e-10
-6.810215e-10
 7.268860e-10
-4.940904e-10
 4.124043e-10
-3.449677e-10
 3.923531e-10
-3.401503e-10
 3.525333e-10
-2.954835e-10
 2.398813e-06
-3.154422e-06
 1.310770e-06
-1.446442e-07
 1.040404e-08
-3.006933e-08
 3.347704e-08
-1.395712e-08
 3.952466e-10
 3.557483e-10
 2.649458e-09
-2.926288e-09
 1.427717e-09
-3.364592e-10
 2.996789e-10
-4.576437e-10
 4.890694e-10
-3.227200e-10
 2.596483e-10
-2.148505e-10
 2.477479e-10
-2.139650e-10
 2.211994e-10
-1.833946e-10
 1.830640e-06
-2.407200e-06
 1.000744e-06
-1.114754e-07
 8.606034e-09
-2.238906e-08
 2.474990e-08
-1.031423e-08
 2.776156e-10
 2.898852e-10
 1.923186e-09
-2.132728e-09
 1.024379e-09
-2.196471e-10
 1.897914e-10
-3.095490e-10
 3.319004e-10
-2.119312e-10
 1.640847e-10
-1.336722e-10
 1.570305e-10
-1.347329e-10
 1.391567e-10
-1.136892e-10
 1.396950e-06
-1.836793e-06
 7.639679e-07
-8.588280e-08
 7.061164e-09
-1.667728e-08
 1.830101e-08
-7.627152e-09
 1.986865e-10
 2.292905e-10
 1.399287e-09
-1.558402e-09
 7.379461e-10
-1.449272e-10
 1.202808e-10
-2.112859e-10
 2.267007e-10
-1.404061e-10
 1.037790e-10
-8.338698e-11
 9.967459e-11
-8.520146e-11
 8.758523e-11
-7.057768e-11
 1.069579e-06
-1.406581e-06
 5.850978e-07
-6.616874e-08
 5.758395e-09
-1.243020e-08
 1.353906e-08
-5.643217e-09
 1.451257e-10
 1.784420e-10
 1.020946e-09
-1.140836e-09
 5.340055e-10
-9.628626e-11
 7.664808e-11
-1.451875e-10
 1.561369e-10
-9.362674e-11
 6.592211e-11
-5.198775e-11
 6.354778e-11
-5.398915e-11
 5.529368e-11
-4.376924e-11
 8.208692e-07
-1.079857e-06
 4.491152e-07
-5.096625e-08
 4.668040e-09
-9.268175e-09
 1.001788e-08
-4.177358e-09
 1.076114e-10
 1.366610e-10
 7.462501e-10
-8.367575e-10
 3.876636e-10
-6.471095e-11
 4.893177e-11
-1.006226e-10
 1.082256e-10
-6.301469e-11
 4.194626e-11
-3.251122e-11
 4.060934e-11
-3.438763e-11
 3.494539e-11
-2.718597e-11
 6.296573e-07
-8.285311e-07
 3.445606e-07
-3.925587e-08
 3.766575e-09
-6.913938e-09
 7.415192e-09
-3.093495e-09
 8.099065e-11
 1.037088e-10
 5.465958e-10
-6.145619e-10
 2.824022e-10
-4.384468e-11
 3.143777e-11
-7.018565e-11
 7.559025e-11
-4.271624e-11
 2.682609e-11
-2.033189e-11
 2.608489e-11
-2.197316e-11
 2.216440e-11
-1.687238e-11
 4.820288e-07
-6.343272e-07
 2.638375e-07
-3.022969e-08
 3.025480e-09
-5.159521e-09
 5.489587e-09
-2.291677e-09
 6.155965e-11
 7.794313e-11
 4.009058e-10
-4.520010e-10
 2.062296e-10
-3.005530e-11
 2.026104e-11
-4.932916e-11
 5.310885e-11
-2.922536e-11
 1.720331e-11
-1.276144e-11
 1.681096e-11
-1.412778e-11
 1.408363e-11
-1.048996e-11
 3.688827e-07
-4.854493e-07
 2.019573e-07
-2.327772e-08
 2.421353e-09
-3.851920e-09
 4.065190e-09
-1.698183e-09
 4.721946e-11
 5.824507e-11
 2.944969e-10
-3.327693e-10
 1.509951e-10
-2.077980e-11
 1.315459e-11
-3.486988e-11
 3.756296e-11
-2.014117e-11
 1.109792e-11
-8.016525e-12
 1.089892e-11
-9.124578e-12
 8.986989e-12
-6.518836e-12
 2.827538e-07
-3.721558e-07
 1.548291e-07
-1.792142e-08
 1.931059e-09
-2.876671e-09
 3.010852e-09
-1.258731e-09
 3.641199e-11
 4.325250e-11
 2.165524e-10
-2.452374e-10
 1.107593e-10
-1.452558e-11
 8.579263e-12
-2.480803e-11
 2.670523e-11
-1.400170e-11
 7.187213e-12
-5.058048e-12
 7.096857e-12
-5.936294e-12
 5.750277e-12
-4.059492e-12
 2.171138e-07
-2.858345e-07
 1.188974e-07
-1.379669e-08
 1.535559e-09
-2.149153e-09
 2.230481e-09
-9.332034e-10
 2.820989e-11
 3.199687e-11
 1.594150e-10
-1.808597e-10
 8.140113e-11
-1.023682e-11
 5.642334e-12
-1.773530e-11
 1.909187e-11
-9.800589e-12
 4.686502e-12
-3.197388e-12
 4.652411e-12
-3.884506e-12
 3.697796e-12
-2.527972e-12
 1.667298e-07
-2.195568e-07
 9.131284e-08
-1.061980e-08
 1.217663e-09
-1.606143e-09
 1.652617e-09
-6.920053e-10
 2.190185e-11
 2.356920e-11
 1.174424e-10
-1.334791e-10
 5.990688e-11
-7.283985e-12
 3.732565e-12
-1.274522e-11
 1.370791e-11
-6.912924e-12
 3.071379e-12
-2.032077e-12
 3.066239e-12
-2.562945e-12
 2.386722e-12
-1.578272e-12
 1.279167e-07
-1.684725e-07
 7.006396e-08
-8.173851e-09
 9.632931e-10
-1.200752e-09
 1.224704e-09
-5.132343e-10
 1.703504e-11
 1.731487e-11
 8.659118e-11
-9.856207e-11
 4.414986e-11
-5.219794e-12
 2.491954e-12
-9.195035e-12
 9.886380e-12
-4.905606e-12
 2.028387e-12
-1.295536e-12
 2.035851e-12
-1.702682e-12
 1.549558e-12
-9.859795e-13
 9.809786e-08
-1.292136e-07
 5.373770e-08
-6.290518e-09
 7.603490e-10
-8.979653e-10
 9.077209e-10
-3.807081e-10
 1.325279e-11
 1.268166e-11
 6.388019e-11
-7.281713e-11
 3.256999e-11
-3.769994e-12
 1.675241e-12
-6.660771e-12
 7.154910e-12
-3.503662e-12
 1.347768e-12
-8.313581e-13
 1.360009e-12
-1.141271e-12
 1.010802e-12
-6.179445e-13
 7.529097e-08
-9.918796e-08
 4.124763e-08
-4.840781e-09
 5.989911e-10
-6.717542e-10
 6.728979e-10
-2.824403e-10
 1.031173e-11
 9.269988e-12
 4.715371e-11
-5.381704e-11
 2.405157e-11
-2.738478e-12
 1.137041e-12
-4.839653e-12
 5.196211e-12
-2.514963e-12
 9.029792e-13
-5.359325e-13
 9.156231e-13
-7.707803e-13
 6.637876e-13
-3.878668e-13
 5.785103e-08
-7.622986e-08
 3.169431e-08
-3.724796e-09
 4.710076e-10
-5.026862e-10
 4.988924e-10
-2.095646e-10
 8.017178e-12
 6.761045e-12
 3.482141e-11
-3.978958e-11
 1.777399e-11
-2.001190e-12
 7.775686e-13
-3.527292e-12
 3.783884e-12
-1.814596e-12
 6.091287e-13
-3.481655e-13
 6.205091e-13
-5.252864e-13
 4.383903e-13
-2.444539e-13
 4.446707e-08
-5.860795e-08
 2.436212e-08
-2.865900e-09
 3.697688e-10
-3.762913e-10
 3.699424e-10
-1.555096e-10
 6.228626e-12
 4.923727e-12
 2.572556e-11
-2.942636e-11
 1.314437e-11
-1.468728e-12
 5.367940e-13
-2.576704e-12
 2.762762e-12
-1.314488e-12
 4.144210e-13
-2.275461e-13
 4.238069e-13
-3.607498e-13
 2.916691e-13
-1.544718e-13
 3.416595e-08
-4.503986e-08
 1.871896e-08
-2.204878e-09
 2.898473e-10
-2.817648e-10
 2.743605e-10
-1.154101e-10
 4.833103e-12
 3.579600e-12
 1.901158e-11
-2.176816e-11
 9.725726e-12
-1.082669e-12
 3.733759e-13
-1.886595e-12
 2.021336e-12
-9.559971e-13
 2.839732e-13
-1.500292e-13
 2.913886e-13
-2.498964e-13
 1.953054e-13
-9.812344e-14
 2.624384e-08
-3.460208e-08
 1.437908e-08
-1.696221e-09
 2.268903e-10
-2.110514e-10
 2.035051e-10
-8.565874e-11
 3.745968e-12
 2.599260e-12
 1.405432e-11
-1.610619e-11
 7.199926e-12
-8.005550e-13
 2.619975e-13
-1.383659e-12
 1.481828e-12
-6.973908e-13
 1.962096e-13
-9.963705e-14
 2.018397e-13
-1.743717e-13
 1.317974e-13
-6.257892e-14
 2.016615e-08
-2.659354e-08
 1.104929e-08
-1.304822e-09
 1.773808e-10
-1.581340e-10
 1.509695e-10
-6.358296e-11
 2.899303e-12
 1.884845e-12
 1.039209e-11
-1.191926e-11
 5.332084e-12
-5.937607e-13
 1.851342e-13
-1.016487e-12
 1.087985e-12
-5.102489e-13
 1.365189e-13
-6.680338e-14
 1.406966e-13
-1.226163e-13
 8.955129e-14
-4.017248e-14
 1.550684e-08
-2.045374e-08
 8.496290e-09
-1.003685e-09
 1.385145e-10
-1.185225e-10
 1.120127e-10
-4.720053e-11
 2.241115e-12
 1.365396e-12
 7.685968e-12
-8.822044e-12
 3.950254e-12
-4.413136e-13
 1.318286e-13
-7.476708e-13
 7.999936e-13
-3.741677e-13
 9.571741e-14
-4.514857e-14
 9.873886e-14
-8.677914e-14
 6.132146e-14
-2.593136e-14
 1.192854e-08
-1.573768e-08
 6.535528e-09
-7.720037e-10
 1.080472e-10
-8.886131e-11
 8.312020e-11
-3.504210e-11
 1.729911e-12
 9.879822e-13
 5.685534e-12
-6.530584e-12
 2.927316e-12
-3.286772e-13
 9.444361e-14
-5.506039e-13
 5.889022e-13
-2.749716e-13
 6.754074e-14
-3.080938e-14
 6.968852e-14
-6.181913e-14
 4.227912e-14
-1.687191e-14
 9.175120e-09
-1.210772e-08
 5.026829e-09
-5.937752e-10
 8.419827e-11
-6.664433e-11
 6.168927e-11
-2.601764e-11
 1.333589e-12
 7.142430e-13
 4.206506e-12
-4.834841e-12
 2.169838e-12
-2.451255e-13
 6.809188e-14
-4.058394e-13
 4.339782e-13
-2.024036e-13
 4.797863e-14
-2.119561e-14
 4.947289e-14
-4.427514e-14
 2.936627e-14
-1.105483e-14
 7.056217e-09
-9.313448e-09
 3.865855e-09
-4.566725e-10
 6.555288e-11
-4.999785e-11
 4.579043e-11
-1.931881e-11
 1.026694e-12
 5.158330e-13
 3.112656e-12
-3.579804e-12
 1.608674e-12
-1.830527e-13
 4.933818e-14
-2.993924e-13
 3.200774e-13
-1.492173e-13
 3.427164e-14
-1.471582e-14
 3.529317e-14
-3.187746e-14
 2.052927e-14
-7.309694e-15
 5.427638e-09
-7.165385e-09
 2.973532e-09
-3.512137e-10
 5.099323e-11
-3.752136e-11
 3.399414e-11
-1.434584e-11
 7.894527e-13
 3.722234e-13
 2.303564e-12
-2.650772e-12
 1.192859e-12
-1.368144e-13
 3.592939e-14
-2.210057e-13
 2.362563e-13
-1.101349e-13
 2.461758e-14
-1.029506e-14
 2.529986e-14
-2.304923e-14
 1.444763e-14
-4.873206e-15
 4.176716e-09
-5.515231e-09
 2.288114e-09
-2.700982e-10
 3.963589e-11
-2.816726e-11
 2.524044e-11
-1.065381e-11
 6.062870e-13
 2.683460e-13
 1.704967e-12
-1.963004e-12
 8.846451e-13
-1.023373e-13
 2.626692e-14
-1.632414e-13
 1.744926e-13
-8.137726e-14
 1.776401e-14
-7.261004e-15
 1.820917e-14
-1.673384e-14
 1.022635e-14
-3.280977e-15
 3.215123e-09
-4.246518e-09
 1.761229e-09
-2.077106e-10
 3.078554e-11
-2.115196e-11
 1.874370e-11
-7.912551e-12
 4.650910e-13
 1.932965e-13
 1.262055e-12
-1.453778e-12
 6.561544e-13
-7.658530e-14
 1.927623e-14
-1.206296e-13
 1.289494e-13
-6.017771e-14
 1.287588e-14
-5.155237e-15
 1.315684e-14
-1.218837e-14
 7.280170e-15
-2.228572e-15
 2.475031e-09
-3.269798e-09
 1.355734e-09
-1.597286e-10
 2.389501e-11
-1.588900e-11
 1.392127e-11
-5.877074e-12
 3.563818e-13
 1.391101e-13
 9.342827e-13
-1.076720e-12
 4.867266e-13
-5.733913e-14
 1.418756e-14
-8.917944e-14
 9.533564e-14
-4.453457e-14
 9.366727e-15
-3.684994e-15
 9.536846e-15
-8.904642e-15
 5.208241e-15
-1.528756e-15
 1.905214e-09
-2.517586e-09
 1.043553e-09
-1.228275e-10
 1.853497e-11
-1.193942e-11
 1.034116e-11
-4.365545e-12
 2.728012e-13
 1.000277e-13
 6.916963e-13
-7.974985e-13
 3.610808e-13
-4.293975e-14
 1.047148e-14
-6.595016e-14
 7.051347e-14
-3.297650e-14
 6.837569e-15
-2.648422e-15
 6.933921e-15
-6.521259e-15
 3.743732e-15
-1.057873e-15
 1.466732e-09
-1.938615e-09
 8.033357e-10
-9.444929e-11
 1.436870e-11
-8.974508e-12
 7.682930e-12
-3.243015e-12
 2.086149e-13
 7.185861e-14
 5.121340e-13
-5.907168e-13
 2.678882e-13
-3.216329e-14
 7.745246e-15
-4.878654e-14
 5.217123e-14
-2.443085e-14
 5.005262e-15
-1.913628e-15
 5.054004e-15
-4.786395e-15
 2.701840e-15
-7.387870e-16
 1.129462e-09
-1.493201e-09
 6.185720e-10
-7.262619e-11
 1.113275e-11
-6.748072e-12
 5.708913e-12
-2.409310e-12
 1.593835e-13
 5.157509e-14
 3.792123e-13
-4.375698e-13
 1.987611e-13
-2.409314e-14
 5.740244e-15
-3.609809e-14
 3.861196e-14
-1.810677e-14
 3.673551e-15
-1.388558e-15
 3.692363e-15
-3.519171e-15
 1.957329e-15
-5.200505e-16
 8.699591e-10
-1.150420e-09
 4.764159e-10
-5.584447e-11
 8.621080e-12
-5.075635e-12
 4.242770e-12
-1.790071e-12
 1.216626e-13
 3.698042e-14
 2.808067e-13
-3.241408e-13
 1.474790e-13
-1.804897e-14
 4.260706e-15
-2.671549e-14
 2.858361e-14
-1.342450e-14
 2.701806e-15
-1.011636e-15
 2.702714e-15
-2.591549e-15
 1.422484e-15
-3.689998e-16
 6.701460e-10
-8.864168e-10
 3.669654e-10
-4.293987e-11
 6.672829e-12
-3.818942e-12
 3.153673e-12
-1.330092e-12
 9.279244e-14
 2.648913e-14
 2.079497e-13
-2.401241e-13
 1.094332e-13
-1.352067e-14
 3.166926e-15
-1.977488e-14
 2.116455e-14
-9.955642e-15
 1.990953e-15
-7.393556e-16
 1.981800e-15
-1.910795e-15
 1.036846e-15
-2.635802e-16
 5.162346e-10
-6.830064e-10
 2.826649e-10
-3.301687e-11
 5.162503e-12
-2.874338e-12
 2.344530e-12
-9.883900e-13
 7.071753e-14
 1.895361e-14
 1.540040e-13
-1.778908e-13
 8.120512e-14
-1.012809e-14
 2.356387e-15
-1.463972e-14
 1.567394e-14
-7.384900e-15
 1.469389e-15
-5.419536e-16
 1.455269e-15
-1.410432e-15
 7.576126e-16
-1.894969e-16
 3.977004e-10
-5.263112e-10
 2.177458e-10
-2.538672e-11
 3.992320e-12
-2.164088e-12
 1.743285e-12
-7.345310e-13
 5.385466e-14
 1.354647e-14
 1.140586e-13
-1.317907e-13
 6.026035e-14
-7.586038e-15
 1.754958e-15
-1.083936e-14
 1.160964e-14
-5.478936e-15
 1.085982e-15
-3.981596e-16
 1.070034e-15
-1.041992e-15
 5.548274e-16
-1.369605e-16
 3.064347e-10
-4.056358e-10
 1.677642e-10
-1.951973e-11
 3.086144e-12
-1.629876e-12
 1.296449e-12
-5.459188e-13
 4.098429e-14
 9.670054e-15
 8.447818e-14
-9.764047e-14
 4.471885e-14
-5.681458e-15
 1.307945e-15
-8.026456e-15
 8.600362e-15
-4.065530e-15
 8.035146e-16
-2.931298e-16
 7.876229e-16
-7.703936e-16
 4.070779e-16
-9.948133e-17
 2.361558e-10
-3.126887e-10
 1.292783e-10
-1.500854e-11
 2.384754e-12
-1.227938e-12
 9.643143e-13
-4.057726e-13
 3.116947e-14
 6.893970e-15
 6.257213e-14
-7.234146e-14
 3.318635e-14
-4.254473e-15
 9.754017e-16
-5.944050e-15
 6.371884e-15
-3.017090e-15
 5.951177e-16
-2.161495e-16
 5.803143e-16
-5.699276e-16
 2.991790e-16
-7.254738e-17
 1.820149e-10
-2.410665e-10
 9.963206e-11
-1.153987e-11
 1.842117e-12
-9.254234e-13
 7.173962e-13
-3.016302e-13
 2.369050e-14
 4.907924e-15
 4.634851e-14
-5.359902e-14
 2.462838e-14
-3.185469e-15
 7.277340e-16
-4.402278e-15
 4.721307e-15
-2.239260e-15
 4.411224e-16
-1.596164e-16
 4.279129e-16
-4.218493e-16
 2.201863e-16
-5.309853e-17
 1.402932e-10
-1.858584e-10
 7.678821e-11
-8.872838e-12
 1.422480e-12
-6.976646e-13
 5.337997e-13
-2.242360e-13
 1.799572e-14
 3.488747e-15
 3.433277e-14
-3.971346e-14
 1.827760e-14
-2.384695e-15
 5.431672e-16
-3.260628e-15
 3.498619e-15
-1.662084e-15
 3.272096e-16
-1.179979e-16
 3.157634e-16
-3.123719e-16
 1.622537e-16
-3.897573e-17
 1.081417e-10
-1.433028e-10
 5.918582e-11
-6.822188e-12
 1.098093e-12
-5.261320e-13
 3.972627e-13
-1.667152e-13
 1.366245e-14
 2.475839e-15
 2.543308e-14
-2.942591e-14
 1.356462e-14
-1.784947e-15
 4.055207e-16
-2.415196e-15
 2.592771e-15
-1.233759e-15
 2.428502e-16
-8.731681e-17
 2.331451e-16
-2.313895e-16
 1.196873e-16
-2.868302e-17
 8.336817e-11
-1.105042e-10
 4.562369e-11
-5.245478e-12
 8.474298e-13
-3.969029e-13
 2.957051e-13
-1.239609e-13
 1.036734e-14
 1.753859e-15
 1.884109e-14
-2.180382e-14
 1.006702e-14
-1.335812e-15
 3.028267e-16
-1.789064e-15
 1.921596e-15
-9.158570e-16
 1.803303e-16
-6.466049e-17
 1.722358e-16
-1.714490e-16
 8.836967e-17
-2.115080e-17
 6.427846e-11
-8.522431e-11
 3.517391e-11
-4.033178e-12
 6.538040e-13
-2.995125e-13
 2.201522e-13
-9.217978e-14
 7.863176e-15
 1.239959e-15
 1.395819e-14
-1.615644e-14
 7.471328e-15
-9.995270e-16
 2.261728e-16
-1.325319e-15
 1.424248e-15
-6.798963e-16
 1.339584e-16
-4.791416e-17
 1.272954e-16
-1.270669e-16
 6.529647e-17
-1.562416e-17
 4.956496e-11
-6.573451e-11
 2.712033e-11
-3.101067e-12
 5.042866e-13
-2.260926e-13
 1.639351e-13
-6.855331e-14
 5.961207e-15
 8.747320e-16
 1.034113e-14
-1.197206e-14
 5.544955e-15
-7.477730e-16
 1.689427e-16
-9.818221e-16
 1.055681e-15
-5.047419e-16
 9.954548e-17
-3.552195e-17
 9.411843e-17
-9.419117e-17
 4.828041e-17
-1.155728e-17
 3.822180e-11
-5.070498e-11
 2.091206e-11
-2.384388e-12
 3.888659e-13
-1.707252e-13
 1.220975e-13
-5.098755e-14
 4.517390e-15
 6.155929e-16
 7.661655e-15
-8.871600e-15
 4.115293e-15
-5.593365e-16
 1.262020e-16
-7.273811e-16
 7.825284e-16
-3.747194e-16
 7.399299e-17
-2.634598e-17
 6.961134e-17
-6.983267e-17
 3.571869e-17
-8.559075e-18
 2.947633e-11
-3.911414e-11
 1.612594e-11
-1.833350e-12
 2.997925e-13
-1.289581e-13
 9.095561e-14
-3.792660e-14
 3.421920e-15
 4.320621e-16
 5.676653e-15
-6.574225e-15
 3.054257e-15
-4.183150e-16
 9.427840e-17
-5.388969e-16
 5.800776e-16
-2.781949e-16
 5.501255e-17
-1.954631e-17
 5.150083e-17
-5.177981e-17
 2.643843e-17
-6.344313e-18
 2.273385e-11
-3.017554e-11
 1.243629e-11
-1.409667e-12
 2.310712e-13
-9.744017e-14
 6.777060e-14
-2.821426e-14
 2.591145e-15
 3.023363e-16
 4.206075e-15
-4.871882e-15
 2.266795e-15
-3.127970e-16
 7.043045e-17
-3.992670e-16
 4.300195e-16
-2.065368e-16
 4.090830e-17
-1.450548e-17
 3.811150e-17
-3.839804e-17
 1.957736e-17
-4.706246e-18
 1.753544e-11
-2.328208e-11
 9.591813e-12
-1.083906e-12
 1.780657e-13
-7.364876e-14
 5.050612e-14
-2.099131e-14
 1.961388e-15
 2.108439e-16
 3.116567e-15
-3.610423e-15
 1.682365e-15
-2.338571e-16
 5.261445e-17
-2.958240e-16
 3.187905e-16
-1.533374e-16
 3.042486e-17
-1.076666e-17
 2.820945e-17
-2.847689e-17
 1.450208e-17
-3.493094e-18
 1.352690e-11
-1.796503e-11
 7.398589e-12
-8.334325e-13
 1.371921e-13
-5.568393e-14
 3.764775e-14
-1.561916e-14
 1.484210e-15
 1.464729e-16
 2.309353e-15
-2.675646e-15
 1.248617e-15
-1.748112e-16
 3.930379e-17
-2.191872e-16
 2.363392e-16
-1.138415e-16
 2.263062e-17
-7.992845e-18
 2.088404e-17
-2.112062e-17
 1.074576e-17
-2.593906e-18
 1.043538e-11
-1.386316e-11
 5.707234e-12
-6.408460e-13
 1.056810e-13
-4.211438e-14
 2.806907e-14
-1.162316e-14
 1.122784e-15
 1.013066e-16
 1.711271e-15
-1.982933e-15
 9.266999e-16
-1.306530e-16
 2.935923e-17
-1.624082e-16
 1.752179e-16
-8.451884e-17
 1.683477e-17
-5.934300e-18
 1.546349e-17
-1.566547e-17
 7.964505e-18
-1.926849e-18
 8.050876e-12
-1.069848e-11
 4.402791e-12
-4.927670e-13
 8.139319e-14
-3.186149e-14
 2.093209e-14
-8.650478e-15
 8.491318e-16
 6.971146e-17
 1.268123e-15
-1.469591e-15
 6.877803e-16
-9.763445e-17
 2.192948e-17
-1.203403e-16
 1.299069e-16
-6.274890e-17
 1.252416e-17
-4.406347e-18
 1.145151e-17
-1.161984e-17
 5.904404e-18
-1.431747e-18
 6.211662e-12
-8.256805e-12
 3.396728e-12
-3.789087e-13
 6.267679e-14
-2.411214e-14
 1.561329e-14
-6.438829e-15
 6.420083e-16

Forecasting scores:

mase, smape, msis

  1.108095
 62.094094
  4.293535
End
