darima-master/data/MPS_Traffic_Volume_train.csv
/home/bsuconn/spark/spark-3.0.1-bin-hadoop3.2/python/pyspark/sql/pandas/group_ops.py:73: UserWarning: It is preferred to use 'applyInPandas' over this API. This API will be deprecated in the future releases. See SPARK-28264 for more details.
  warnings.warn(
Model results are saved to:	darima-master/result/darima_model_MPS_Traffic_Volume_2020-12-05-13:39:15.pkl
Coefficient results are saved to:	darima-master/result/darima_coef_MPS_Traffic_Volume_2020-12-05-13:39:15.csv
Forecasting results are saved to:	darima-master/result/darima_forec_MPS_Traffic_Volume_2020-12-05-13:39:15.csv

Model Summary:

 sample_size  sample_size_per_partition  n_par  partition_num  time_mapred  time_model_forec  time_model_eval
       46764                       1558   2001             30   120.576213          5.057091         0.047205

DLSA Coefficients:

 4.672825e+02
 0.000000e+00
 1.311154e+00
-4.323126e-01
-5.281455e-02
 6.497287e-02
-1.649678e-02
-2.978608e-02
 1.362149e-03
-2.013552e-03
-1.158293e-02
-4.294475e-03
-3.106675e-03
-7.852275e-03
-2.536070e-04
-4.377959e-03
-3.606521e-03
-3.109307e-03
 1.889787e-03
-5.412393e-03
 7.793633e-04
-1.499513e-03
 5.260817e-04
-2.468755e-03
 2.338464e-03
 2.154935e-01
-2.867429e-01
 9.751185e-02
 1.085888e-02
-1.717482e-02
 6.283517e-03
 2.698626e-03
-4.964312e-04
-1.262539e-03
 4.009288e-03
-2.754008e-03
 2.831769e-03
-3.796609e-04
 8.868606e-04
-4.110720e-05
 2.352797e-03
-2.186268e-03
 2.319013e-03
-4.701599e-05
-1.150715e-04
-7.256341e-04
 2.277050e-03
-2.305922e-03
 8.629062e-04
 3.160020e-02
-4.285272e-02
 1.382157e-02
 3.253455e-03
-3.541864e-03
 1.288683e-03
 4.818976e-04
 6.691225e-04
-1.695912e-03
 2.399316e-03
-8.605780e-04
 1.070643e-04
 2.931053e-04
 1.082384e-03
-1.584825e-03
 1.524578e-03
-3.704925e-04
-2.063274e-04
-1.373165e-04
 1.072231e-03
-1.621695e-03
 9.648798e-04
-4.806497e-05
-3.079808e-04
 1.831533e-02
-2.240596e-02
 7.220837e-03
 8.539896e-04
-1.861996e-04
 2.854245e-05
-7.186791e-04
 1.565053e-03
-1.309564e-03
 4.751825e-04
 2.449689e-04
 3.415562e-04
-9.622544e-04
 1.347704e-03
-5.408540e-04
-8.441830e-05
 1.844375e-04
 5.213536e-04
-1.107453e-03
 8.832811e-04
-2.625044e-04
-3.002607e-04
-9.384487e-05
 6.670673e-04
 1.265397e-02
-1.668412e-02
 6.360657e-03
-1.895312e-04
-5.524626e-04
 1.047726e-03
-9.125579e-04
 4.757703e-04
 2.320053e-05
 1.549410e-04
-5.036628e-04
 9.743042e-04
-5.491913e-04
 1.340841e-04
 2.639565e-04
 1.733800e-04
-6.229069e-04
 7.645142e-04
-3.422953e-04
-1.706274e-04
 1.066086e-04
 2.716195e-04
-7.355356e-04
 5.325574e-04
 9.244792e-03
-1.190172e-02
 4.323945e-03
 3.903123e-04
-7.723038e-04
 5.000375e-04
 9.076642e-06
-1.553477e-05
-2.909772e-04
 7.093698e-04
-5.377208e-04
 2.476052e-04
 1.971530e-04
 1.384822e-05
-2.896295e-04
 5.942849e-04
-3.592103e-04
-3.737567e-06
 1.584772e-04
 4.719913e-05
-4.444318e-04
 4.543319e-04
-2.282397e-04
-1.458516e-04
 6.531099e-03
-7.747507e-03
 2.508999e-03
 2.517090e-04
-7.590325e-05
-5.496632e-05
-5.448443e-05
 4.144737e-04
-5.021006e-04
 3.320737e-04
 7.002113e-05
-6.068340e-05
-7.783812e-05
 4.136399e-04
-3.219381e-04
 1.153242e-04
 1.366779e-04
-5.331917e-05
-2.116714e-04
 3.447559e-04
-2.546657e-04
-4.758530e-05
 1.052764e-04
 1.245415e-05
 4.384513e-03
-5.422103e-03
 2.038956e-03
-2.036637e-04
 7.282375e-05
 1.999154e-04
-3.488308e-04
 3.174697e-04
-6.942299e-05
-3.718296e-05
 1.422816e-05
 2.460544e-04
-2.565466e-04
 1.803708e-04
 7.454369e-05
-7.219544e-05
-5.631240e-05
 2.367869e-04
-2.285626e-04
 3.712351e-05
 7.850328e-05
-6.192023e-05
-1.486909e-04
 2.186969e-04
 3.298278e-03
-4.252531e-03
 1.683721e-03
-7.587721e-05
-1.782840e-04
 2.610807e-04
-1.136105e-04
-8.040576e-06
 2.579466e-05
 1.346924e-04
-1.914636e-04
 1.874396e-04
 1.248933e-05
-5.266418e-05
 2.700593e-05
 1.436112e-04
-1.735465e-04
 8.869093e-05
 4.145118e-05
-7.583597e-05
-5.036524e-05
 1.400378e-04
-1.558928e-04
 1.327537e-05
 2.623423e-03
-3.155362e-03
 1.093449e-03
 7.472746e-05
-9.022375e-05
 2.030014e-05
 3.234341e-05
 5.538374e-05
-1.415427e-04
 1.718272e-04
-4.118817e-05
-2.359772e-05
 5.582682e-05
 7.373590e-05
-1.165540e-04
 1.082388e-04
 7.623946e-06
-5.746660e-05
 8.264064e-06
 7.802268e-05
-1.256825e-04
 4.424728e-05
 2.560756e-05
-5.728075e-05
 1.889066e-03
-2.229344e-03
 7.861343e-04
-4.954052e-05
 5.504137e-05
 7.684789e-06
-8.233017e-05
 1.346679e-04
-7.778247e-05
 9.518665e-06
 4.811898e-05
 2.574578e-05
-6.807839e-05
 1.026050e-04
-1.733449e-05
-2.891588e-05
 3.533333e-05
 3.480104e-05
-8.556066e-05
 5.775372e-05
-7.631255e-07
-4.918754e-05
 2.284118e-06
 4.854540e-05
 1.366324e-03
-1.719593e-03
 6.872320e-04
-8.313833e-05
-1.017239e-05
 9.076547e-05
-8.080425e-05
 3.130507e-05
 2.237955e-05
 2.954532e-06
-3.607000e-05
 8.183783e-05
-3.197314e-05
-2.979904e-06
 3.892636e-05
 8.979568e-06
-4.798713e-05
 5.755417e-05
-1.641689e-05
-3.021922e-05
 1.810912e-05
 1.666669e-05
-5.999153e-05
 3.521843e-05
 1.098026e-03
-1.353443e-03
 5.049860e-04
-1.103619e-06
-4.573642e-05
 3.906158e-05
 3.598497e-06
-5.369282e-06
-1.915913e-05
 5.902203e-05
-3.882762e-05
 1.409375e-05
 2.946643e-05
-3.843309e-06
-1.994497e-05
 4.851379e-05
-2.244938e-05
-1.062828e-05
 2.199509e-05
-1.114906e-06
-3.666332e-05
 3.318787e-05
-1.231291e-05
-2.286657e-05
 8.455311e-04
-9.889372e-04
 3.403895e-04
-2.739709e-06
 8.807040e-06
-7.069527e-06
-6.720105e-06
 3.794201e-05
-3.995873e-05
 2.403331e-05
 1.416389e-05
-8.140615e-06
-3.033668e-06
 3.554288e-05
-2.248884e-05
 4.302532e-06
 1.881090e-05
-8.280237e-06
-1.696221e-05
 2.715385e-05
-1.792453e-05
-1.132439e-05
 1.337690e-05
-2.040648e-06
 6.097310e-04
-7.382910e-04
 2.804609e-04
-3.524440e-05
 1.418202e-05
 1.969600e-05
-3.286567e-05
 2.700484e-05
-9.061050e-07
-6.269306e-06
 3.870949e-06
 2.236832e-05
-1.941885e-05
 1.279446e-05
 1.222552e-05
-8.933549e-06
-3.184353e-06
 1.970902e-05
-1.743996e-05
-1.396782e-06
 1.039268e-05
-8.244265e-06
-1.270410e-05
 1.715638e-05
 4.722157e-04
-5.871051e-04
 2.278778e-04
-1.597953e-05
-1.220741e-05
 2.361239e-05
-9.439786e-06
-1.957272e-06
 4.008948e-06
 1.230575e-05
-1.573095e-05
 1.556199e-05
 4.976485e-06
-6.477822e-06
 4.264999e-06
 1.260954e-05
-1.375105e-05
 5.275909e-06
 6.488165e-06
-8.913071e-06
-4.088447e-06
 1.128072e-05
-1.247956e-05
-1.906451e-06
 3.768850e-04
-4.474310e-04
 1.576433e-04
 4.788408e-07
-4.358651e-06
 1.181270e-06
 2.740766e-06
 5.798639e-06
-1.242007e-05
 1.496100e-05
-1.397758e-06
-3.194844e-06
 6.576256e-06
 6.792232e-06
-9.295078e-06
 8.468469e-06
 2.920752e-06
-6.687589e-06
 1.359172e-06
 6.410849e-06
-1.057067e-05
 1.922995e-06
 3.806350e-06
-6.532153e-06
 2.800581e-04
-3.300702e-04
 1.182408e-04
-9.665431e-06
 7.360449e-06
 1.346715e-06
-8.449678e-06
 1.260723e-05
-5.944020e-06
 4.875477e-08
 5.413559e-06
 2.671910e-06
-5.527368e-06
 8.857371e-06
 1.228180e-07
-3.596820e-06
 3.948860e-06
 2.959832e-06
-7.338407e-06
 4.036077e-06
 1.039685e-06
-5.611372e-06
 3.510259e-07
 3.968781e-06
 2.095690e-04
-2.571199e-04
 9.902674e-05
-1.052809e-05
-8.647328e-08
 8.868466e-06
-7.460111e-06
 2.592753e-06
 2.644342e-06
 4.607582e-07
-3.083318e-06
 7.514788e-06
-1.812485e-06
-8.774076e-07
 4.341410e-06
 8.299698e-07
-4.086390e-06
 4.685901e-06
-6.488088e-07
-3.625466e-06
 1.866985e-06
 1.240150e-06
-5.326047e-06
 2.373600e-06
 1.668303e-04
-2.015832e-04
 7.369650e-05
-1.869927e-06
-3.349073e-06
 3.522490e-06
 3.618863e-07
-2.278501e-07
-1.855607e-06
 5.618122e-06
-3.007663e-06
 9.810936e-07
 3.355845e-06
-2.767074e-07
-1.598693e-06
 4.299065e-06
-1.425460e-06
-1.545982e-06
 2.316338e-06
-2.633108e-07
-3.343705e-06
 2.540268e-06
-6.757734e-07
-2.673967e-06
 1.286320e-04
-1.507097e-04
 5.249941e-05
-1.840993e-06
 1.591300e-06
-4.858615e-07
-9.869068e-07
 3.862313e-06
-3.551134e-06
 2.055878e-06
 1.739125e-06
-6.645548e-07
-1.320133e-07
 3.340098e-06
-1.621428e-06
 6.734544e-08
 2.079235e-06
-8.376708e-07
-1.551691e-06
 2.256152e-06
-1.353941e-06
-1.502745e-06
 1.339856e-06
-3.036576e-07
 9.552970e-05
-1.145529e-04
 4.241121e-05
-4.343227e-06
 1.585852e-06
 2.150870e-06
-3.235068e-06
 2.527251e-06
 1.208842e-07
-5.348924e-07
 4.053559e-07
 2.231904e-06
-1.535277e-06
 1.025047e-06
 1.466194e-06
-8.497875e-07
-2.540601e-07
 1.759374e-06
-1.410839e-06
-4.468855e-07
 1.088434e-06
-8.686313e-07
-1.224060e-06
 1.405423e-06
 7.423055e-05
-9.023952e-05
 3.363334e-05
-2.063149e-06
-9.674840e-07
 2.277578e-06
-8.740099e-07
-1.158104e-07
 3.294109e-07
 1.311375e-06
-1.370582e-06
 1.401060e-06
 7.241318e-07
-6.054971e-07
 4.634793e-07
 1.210706e-06
-1.135980e-06
 3.057244e-07
 7.475315e-07
-9.116440e-07
-4.226709e-07
 9.534584e-07
-1.059982e-06
-3.978483e-07
 5.847314e-05
-6.907679e-05
 2.419690e-05
-4.481943e-07
-1.650757e-07
 1.494480e-07
 1.465106e-07
 7.166323e-07
-1.200013e-06
 1.412422e-06
 2.594980e-08
-2.939229e-07
 6.764144e-07
 7.141267e-07
-7.729991e-07
 7.083419e-07
 4.178497e-07
-6.787584e-07
 1.152620e-07
 5.675337e-07
-9.375457e-07
 1.990974e-08
 4.195302e-07
-6.685128e-07
 4.410428e-05
-5.198652e-05
 1.844894e-05
-1.311544e-06
 8.091141e-07
 2.564139e-07
-9.110846e-07
 1.251566e-06
-5.046293e-07
 8.593288e-09
 5.418780e-07
 3.358880e-07
-4.709819e-07
 8.134574e-07
 1.382186e-07
-3.674023e-07
 3.894661e-07
 2.882428e-07
-6.604310e-07
 2.809040e-07
 1.573741e-07
-5.854872e-07
 2.794694e-09
 3.440299e-07
 3.353079e-05
-4.045365e-05
 1.495318e-05
-1.213119e-06
 2.459151e-08
 9.091098e-07
-7.239606e-07
 2.639424e-07
 2.466060e-07
 1.152672e-07
-2.887008e-07
 7.272393e-07
-8.077173e-08
-9.699125e-08
 4.455319e-07
 1.094520e-07
-3.656552e-07
 3.964089e-07
-4.304318e-09
-3.893684e-07
 1.607214e-07
 1.042894e-07
-4.959626e-07
 1.524922e-07
 2.640479e-05
-3.151139e-05
 1.123273e-05
-3.329928e-07
-2.515621e-07
 3.495287e-07
 7.307919e-09
 4.195749e-08
-2.106699e-07
 5.672366e-07
-2.392306e-07
 8.834558e-08
 3.537938e-07
 9.034157e-09
-1.373273e-07
 3.984771e-07
-8.406417e-08
-1.780092e-07
 2.217866e-07
-2.558687e-08
-3.210693e-07
 1.945064e-07
-3.662658e-08
-2.870257e-07
 2.035421e-05
-2.387015e-05
 8.277949e-06
-3.218769e-07
 2.035968e-07
-4.264215e-09
-1.458221e-07
 4.136928e-07
-3.334869e-07
 1.974894e-07
 1.882910e-07
-3.277488e-08
-6.654925e-09
 3.296238e-07
-1.138896e-07
-1.061558e-08
 2.133613e-07
-7.239346e-08
-1.522304e-07
 1.915073e-07
-1.078619e-07
-1.738533e-07
 1.202648e-07
-3.167288e-08
 1.538225e-05
-1.830299e-05
 6.583037e-06
-5.065608e-07
 1.623056e-07
 2.457051e-07
-3.299624e-07
 2.525555e-07
 1.648286e-08
-2.808258e-08
 3.408207e-08
 2.338191e-07
-1.212879e-07
 9.124111e-08
 1.611841e-07
-7.050867e-08
-2.551088e-08
 1.626942e-07
-1.176922e-07
-6.572361e-08
 1.037097e-07
-8.537927e-08
-1.251937e-07
 1.160422e-07
 1.195262e-05
-1.431425e-05
 5.148501e-06
-2.510374e-07
-7.868670e-08
 2.299503e-07
-9.074006e-08
 8.055037e-09
 1.691735e-08
 1.482234e-07
-1.226347e-07
 1.342880e-07
 8.836161e-08
-4.783771e-08
 4.593805e-08
 1.218242e-07
-9.516732e-08
 1.552175e-08
 7.769922e-08
-8.851234e-08
-4.851651e-08
 8.162123e-08
-9.383210e-08
-5.490376e-08
 9.340444e-06
-1.099381e-05
 3.805451e-06
-9.372551e-08
 4.548565e-09
 2.608680e-08
-4.177021e-09
 9.163566e-08
-1.212498e-07
 1.402009e-07
 1.400330e-08
-2.032963e-08
 6.670032e-08
 7.935957e-08
-6.453830e-08
 6.226270e-08
 4.995939e-08
-6.488735e-08
 6.389643e-09
 5.177921e-08
-8.588583e-08
-1.158474e-08
 4.119693e-08
-6.588084e-08
 7.116966e-06
-8.375223e-06
 2.926081e-06
-1.651245e-07
 8.484762e-08
 4.213955e-08
-1.012540e-07
 1.291447e-07
-4.627000e-08
 6.651118e-09
 5.162439e-08
 4.377515e-08
-4.046137e-08
 7.800033e-08
 2.364936e-08
-3.403563e-08
 3.652121e-08
 2.986292e-08
-6.096644e-08
 1.831691e-08
 1.777646e-08
-5.910213e-08
-5.066753e-09
 3.030462e-08
 5.459979e-06
-6.509118e-06
 2.324647e-06
-1.382991e-07
 4.541111e-09
 9.620288e-08
-7.349257e-08
 3.089869e-08
 1.992464e-08
 2.129569e-08
-2.810561e-08
 7.295438e-08
 2.392898e-10
-7.700972e-09
 4.445085e-08
 1.516675e-08
-3.332665e-08
 3.419738e-08
 3.505311e-09
-4.005160e-08
 1.194301e-08
 9.108343e-09
-4.752290e-08
 8.157051e-09
 4.271317e-06
-5.054117e-06
 1.761743e-06
-4.919642e-08
-1.794094e-08
 3.744368e-08
-4.579022e-09
 1.296249e-08
-2.502598e-08
 5.925293e-08
-1.907695e-08
 1.011215e-08
 3.626151e-08
 5.996705e-09
-1.192867e-08
 3.802639e-08
-3.765908e-09
-1.877579e-08
 2.014508e-08
-1.973572e-09
-3.171371e-08
 1.429678e-08
-2.063343e-09
-2.981016e-08
 3.296316e-06
-3.862930e-06
 1.326048e-06
-4.664994e-08
 2.388629e-08
 5.713146e-09
-2.055004e-08
 4.555621e-08
-3.245115e-08
 2.071496e-08
 1.935262e-08
 1.295655e-09
-2.421813e-10
 3.352301e-08
-7.189787e-09
-1.622307e-09
 2.121202e-08
-5.577696e-09
-1.540666e-08
 1.623635e-08
-9.020159e-09
-1.911329e-08
 9.893317e-09
-3.091977e-09
 2.518632e-06
-2.977411e-06
 1.043890e-06
-5.855677e-08
 1.634605e-08
 2.860181e-08
-3.463358e-08
 2.656534e-08
 1.059500e-09
 8.020591e-10
 2.463375e-09
 2.517561e-08
-9.230054e-09
 8.956630e-09
 1.714423e-08
-5.043982e-09
-2.754859e-09
 1.531068e-08
-9.992227e-09
-8.171770e-09
 9.275060e-09
-8.244566e-09
-1.317142e-08
 9.397101e-09
 1.956731e-06
-2.319419e-06
 8.110865e-07
-3.038670e-08
-6.165660e-09
 2.409952e-08
-1.030672e-08
 3.678148e-09
-4.031111e-10
 1.711865e-08
-1.107812e-08
 1.356739e-08
 1.012039e-08
-2.962235e-09
 4.484529e-09
 1.256903e-08
-7.927102e-09
 4.695707e-10
 7.668352e-09
-8.419031e-09
-5.710404e-09
 6.888342e-09
-8.588532e-09
-6.728532e-09
 1.523143e-06
-1.787016e-06
 6.106219e-07
-1.481428e-08
 2.352001e-09
 4.404821e-09
-2.820973e-09
 1.165130e-08
-1.256992e-08
 1.446093e-08
 2.246290e-09
-6.423078e-10
 6.520740e-09
 9.007432e-09
-5.256903e-09
 5.722682e-09
 5.577107e-09
-5.982813e-09
-3.202606e-12
 4.739354e-09
-8.053643e-09
-2.338584e-09
 3.744064e-09
-6.425482e-09
 1.168810e-06
-1.371944e-06
 4.716649e-07
-2.026273e-08
 8.795070e-09
 6.230539e-09
-1.145111e-08
 1.372625e-08
-4.539971e-09
 1.661602e-09
 4.789808e-09
 5.633865e-09
-3.398743e-09
 7.748285e-09
 3.217944e-09
-2.904692e-09
 3.351019e-09
 3.158539e-09
-5.706927e-09
 9.825861e-10
 1.761791e-09
-5.905003e-09
-1.154302e-09
 2.628427e-09
 9.015437e-07
-1.065645e-06
 3.704960e-07
-1.588752e-08
 6.884158e-10
 1.042493e-08
-7.762047e-09
 3.890907e-09
 1.317821e-09
 3.321005e-09
-2.769640e-09
 7.530057e-09
 7.770570e-10
-3.507460e-10
 4.407199e-09
 2.027737e-09
-3.038012e-09
 2.980369e-09
 6.080220e-10
-4.044095e-09
 6.961560e-10
 7.682241e-10
-4.646139e-09
 1.705079e-10
 7.027890e-07
-8.265976e-07
 2.828901e-07
-6.803890e-09
-1.090621e-09
 4.247390e-09
-1.209462e-09
 2.371847e-09
-2.991036e-09
 6.339835e-09
-1.497675e-09
 1.325821e-09
 3.685923e-09
 1.208995e-09
-1.000180e-09
 3.711462e-09
 2.037950e-11
-1.890440e-09
 1.756130e-09
-1.382529e-10
-3.187105e-09
 9.441000e-10
-1.544838e-10
-3.059506e-09
 5.432869e-07
-6.356526e-07
 2.157166e-07
-6.291355e-09
 2.713585e-09
 1.342179e-09
-2.768031e-09
 5.105958e-09
-3.250937e-09
 2.320856e-09
 1.936100e-09
 6.844777e-10
 3.380738e-11
 3.485552e-09
-3.230977e-10
-1.306809e-10
 2.079104e-09
-3.706034e-10
-1.578757e-09
 1.350428e-09
-7.972057e-10
-2.057470e-09
 7.266474e-10
-3.129179e-10
 4.179863e-07
-4.915325e-07
 1.687854e-07
-6.790513e-09
 1.660788e-09
 3.356354e-09
-3.723332e-09
 2.912512e-09
-3.383208e-11
 5.328405e-10
 1.456543e-10
 2.759315e-09
-6.405037e-10
 9.586282e-10
 1.801855e-09
-2.662525e-10
-2.936427e-10
 1.453556e-09
-8.589112e-10
-9.499828e-10
 7.782483e-10
-8.032042e-10
-1.405370e-09
 7.232163e-10
 3.247337e-07
-3.822155e-07
 1.308294e-07
-3.698131e-09
-4.326720e-10
 2.607530e-09
-1.240751e-09
 7.408222e-10
-2.864815e-10
 1.993887e-09
-1.000843e-09
 1.435509e-09
 1.128139e-09
-6.950170e-11
 4.475949e-10
 1.317065e-09
-6.453008e-10
-3.242345e-11
 7.308117e-10
-7.970215e-10
-6.703537e-10
 5.577953e-10
-8.120479e-10
-7.843724e-10
 2.523784e-07
-2.952782e-07
 9.969538e-08
-2.114319e-09
 4.208291e-10
 6.867760e-10
-5.730302e-10
 1.462066e-09
-1.327347e-09
 1.541317e-09
 2.904120e-10
 1.182010e-10
 6.435414e-10
 1.030815e-09
-4.035379e-10
 5.505389e-10
 6.026896e-10
-5.360811e-10
-6.953916e-11
 4.274004e-10
-7.709677e-10
-3.442553e-10
 3.139397e-10
-6.295688e-10
 1.946056e-07
-2.278101e-07
 7.720437e-08
-2.461093e-09
 9.138305e-10
 8.618015e-10
-1.309653e-09
 1.495712e-09
-4.741518e-10
 3.049659e-10
 4.371460e-10
 7.109398e-10
-2.697780e-10
 7.951145e-10
 4.020303e-10
-2.226291e-10
 3.056616e-10
 3.350709e-10
-5.390170e-10
 1.999317e-11
 1.573966e-10
-5.909640e-10
-1.877323e-10
 2.177771e-10
 1.505981e-07
-1.769359e-07
 6.028306e-08
-1.847273e-09
 1.017159e-10
 1.151934e-09
-8.485179e-10
 5.043993e-10
 4.717852e-11
 4.719584e-10
-2.726228e-10
 7.970328e-10
 1.504077e-10
 2.654086e-11
 4.395058e-10
 2.603901e-10
-2.735823e-10
 2.613815e-10
 7.650764e-11
-4.056241e-10
 1.403490e-11
 5.750153e-11
-4.621401e-10
-4.521060e-11
 1.171994e-07
-1.372548e-07
 4.629689e-08
-9.094908e-10
-3.603352e-11
 5.012550e-10
-2.184731e-10
 3.652461e-10
-3.560544e-10
 6.918745e-10
-1.135393e-10
 1.820472e-10
 3.755176e-10
 1.908668e-10
-7.649186e-11
 3.698513e-10
 3.784061e-11
-1.844225e-10
 1.465998e-10
-1.044419e-11
-3.244879e-10
 4.607268e-11
-1.941156e-11
-3.136714e-10
 9.075223e-08
-1.059832e-07
 3.558362e-08
-8.179820e-10
 3.045293e-10
 2.277113e-10
-3.605136e-10
 5.799049e-10
-3.346725e-10
 2.723746e-10
 1.906361e-10
 1.335150e-10
 1.291726e-11
 3.693868e-10
 7.061544e-12
-2.276560e-12
 2.027792e-10
-1.768127e-11
-1.625261e-10
 1.079254e-10
-7.536526e-11
-2.198810e-10
 4.249864e-11
-3.456826e-11
 7.012283e-08
-8.212546e-08
 2.774774e-08
-7.930501e-10
 1.723535e-10
 3.955682e-10
-4.088131e-10
 3.301318e-10
-2.490280e-11
 1.078645e-10
 5.029737e-12
 3.066375e-10
-3.508728e-11
 1.098582e-10
 1.891159e-10
 3.085198e-13
-2.986039e-11
 1.386909e-10
-7.477779e-11
-1.069051e-10
 5.969882e-11
-8.032811e-11
-1.512754e-10
 4.995795e-11
 5.448716e-08
-6.382070e-08
 2.150073e-08
-4.529722e-10
-2.221788e-11
 2.900159e-10
-1.542587e-10
 1.204972e-10
-5.674079e-11
 2.332808e-10
-8.988621e-11
 1.580961e-10
 1.243782e-10
 2.002924e-11
 4.668153e-11
 1.396876e-10
-5.022056e-11
-8.940008e-12
 6.756592e-11
-7.590879e-11
-7.801578e-11
 4.152800e-11
-7.950282e-11
-8.930567e-11
 4.232971e-08
-4.940972e-08
 1.651244e-08
-2.864939e-10
 6.125064e-11
 1.004736e-10
-9.188455e-11
 1.813335e-10
-1.424122e-10
 1.691348e-10
 3.431467e-11
 3.449983e-11
 6.488717e-11
 1.184855e-10
-2.727508e-11
 5.557279e-11
 6.407134e-11
-4.667790e-11
-1.404641e-11
 3.736096e-11
-7.540058e-11
-4.535226e-11
 2.331918e-11
-6.260364e-11
 3.274559e-08
-3.823918e-08
 1.280659e-08
-2.977833e-10
 9.589109e-11
 1.142529e-10
-1.510877e-10
 1.665945e-10
-5.231215e-11
 4.850879e-11
 3.945531e-11
 8.825802e-11
-1.900368e-11
 8.417713e-11
 4.824220e-11
-1.383402e-11
 2.806105e-11
 3.543383e-11
-5.129709e-11
-5.530139e-12
 1.232379e-11
-5.970490e-11
-2.667405e-11
 1.644469e-11
 2.539182e-08
-2.970567e-08
 9.970994e-09
-2.174334e-10
 1.483559e-11
 1.294758e-10
-9.552118e-11
 6.582420e-11
-5.450920e-12
 6.349609e-11
-2.662574e-11
 8.636439e-11
 2.240415e-11
 1.080991e-11
 4.444414e-11
 3.243453e-11
-2.406577e-11
 2.306186e-11
 8.386974e-12
-4.070613e-11
-4.652784e-12
 3.059927e-12
-4.676783e-11
-1.079582e-11
 1.974736e-08
-2.305534e-08
 7.690269e-09
-1.190163e-10
 4.268842e-12
 6.068646e-11
-3.405668e-11
 5.166261e-11
-4.218481e-11
 7.685309e-11
-8.067180e-12
 2.506240e-11
 3.860565e-11
 2.706026e-11
-4.674771e-12
 3.765061e-11
 7.146437e-12
-1.752176e-11
 1.154845e-11
-1.112220e-12
-3.344088e-11
-3.903427e-13
-3.209532e-12
-3.234293e-11
 1.531285e-08
-1.785112e-08
 5.939020e-09
-1.041260e-10
 3.408907e-11
 3.397943e-11
-4.587263e-11
 6.660692e-11
-3.538918e-11
 3.294816e-11
 1.858368e-11
 2.092089e-11
 2.765827e-12
 3.986036e-11
 4.775094e-12
 1.597318e-12
 1.980314e-11
 1.733266e-13
-1.676735e-11
 8.003186e-12
-7.689625e-12
-2.351200e-11
 8.631457e-13
-4.194456e-12
 1.186377e-08
-1.385185e-08
 4.623233e-09
-9.337388e-11
 1.838974e-11
 4.678237e-11
-4.575132e-11
 3.840787e-11
-5.423722e-12
 1.728851e-11
-3.377584e-13
 3.449752e-11
-4.371668e-13
 1.320163e-11
 1.995002e-11
 3.038144e-12
-2.840332e-12
 1.328621e-11
-6.626103e-12
-1.183548e-11
 3.857594e-12
-8.340925e-12
-1.640796e-11
 2.608762e-12
 9.220770e-09
-1.076403e-08
 3.584318e-09
-5.576428e-11
 2.463886e-13
 3.302537e-11
-1.947370e-11
 1.772808e-11
-8.867500e-12
 2.739575e-11
-7.986719e-12
 1.800321e-11
 1.368115e-11
 5.168144e-12
 5.133939e-12
 1.498594e-11
-3.589916e-12
-1.271572e-12
 6.046583e-12
-7.338935e-12
-9.011529e-12
 2.556926e-12
-8.083973e-12
-1.006106e-11
 7.164304e-09
-8.346846e-09
 2.766378e-09
-3.764541e-11
 8.184130e-12
 1.404238e-11
-1.328321e-11
 2.230028e-11
-1.551461e-11
 1.904152e-11
 3.863498e-12
 6.210494e-12
 6.737725e-12
 1.367294e-11
-1.287052e-12
 5.888371e-12
 6.760631e-12
-3.926030e-12
-2.120644e-12
 3.096538e-12
-7.551283e-12
-5.667384e-12
 1.323375e-12
-6.366229e-12
 5.554040e-09
-6.472666e-09
 2.147615e-09
-3.600552e-11
 1.020940e-11
 1.473582e-11
-1.756555e-11
 1.891886e-11
-6.032813e-12
 7.117475e-12
 3.534733e-12
 1.083124e-11
-9.734524e-13
 9.179460e-12
 5.671922e-12
-3.718192e-13
 2.624079e-12
 3.731423e-12
-4.922779e-12
-1.302655e-12
 7.390572e-13
-6.124362e-12
-3.532578e-12
 1.002964e-12
 4.312253e-09
-5.029831e-09
 1.670116e-09
-2.587314e-11
 2.123742e-12
 1.477718e-11
-1.101753e-11
 8.563305e-12
-1.749454e-12
 8.256719e-12
-2.570287e-12
 9.566142e-12
 3.015514e-12
 2.114619e-12
 4.584330e-12
 3.957456e-12
-2.038081e-12
 2.052506e-12
 8.364304e-13
-4.108999e-12
-1.123997e-12
-5.859744e-14
-4.821316e-12
-1.734308e-12
 3.353162e-09
-3.906181e-09
 1.291963e-09
-1.534686e-11
 1.297579e-12
 7.461184e-12
-4.909821e-12
 6.958542e-12
-4.983649e-12
 8.677059e-12
-5.033384e-13
 3.406757e-12
 4.024610e-12
 3.619496e-12
-9.189128e-14
 3.920534e-12
 1.041581e-12
-1.621208e-12
 8.267708e-13
-1.694526e-13
-3.491098e-12
-5.707562e-13
-5.379069e-13
-3.370355e-12
 2.603039e-09
-3.029899e-09
 1.000652e-09
-1.308312e-11
 3.827291e-12
 4.738740e-12
-5.746369e-12
 7.728378e-12
-3.841478e-12
 4.058786e-12
 1.800276e-12
 2.974801e-12
 4.884432e-13
 4.378095e-12
 9.109259e-13
 4.208232e-13
 1.946401e-12
 2.097995e-13
-1.733828e-12
 5.062959e-13
-8.454553e-13
-2.528382e-12
-2.925293e-13
-5.441008e-13
 2.020117e-09
-2.353315e-09
 7.783764e-10
-1.108144e-11
 2.021898e-12
 5.552579e-12
-5.209236e-12
 4.557000e-12
-9.220279e-13
 2.502031e-12
-1.032980e-13
 3.926484e-12
 2.902322e-13
 1.633116e-12
 2.124626e-12
 6.402470e-13
-2.455744e-13
 1.278719e-12
-6.028107e-13
-1.300942e-12
 1.431592e-13
-9.037524e-13
-1.794282e-12
 1.946001e-16
 1.570523e-09
-1.829115e-09
 6.039475e-10
-6.887964e-12
 3.170576e-13
 3.835290e-12
-2.471765e-12
 2.462972e-12
-1.252006e-12
 3.230161e-12
-6.986221e-13
 2.105025e-12
 1.509499e-12
 8.874556e-13
 5.938027e-13
 1.627117e-12
-2.123328e-13
-1.471505e-13
 5.191664e-13
-7.260719e-13
-1.036284e-12
 7.400916e-14
-8.549347e-13
-1.130033e-12
 1.220645e-09
-1.420020e-09
 4.675780e-10
-4.849730e-12
 1.046572e-12
 1.899559e-12
-1.814266e-12
 2.727542e-12
-1.716025e-12
 2.191174e-12
 4.224649e-13
 9.543648e-13
 7.234717e-13
 1.585078e-12
 3.291094e-14
 6.526625e-13
 7.122173e-13
-3.145177e-13
-2.845828e-13
 2.332178e-13
-7.764226e-13
-6.886404e-13
 9.933079e-15
-6.655464e-13
 9.476188e-10
-1.102587e-09
 3.632412e-10
-4.357331e-12
 1.106003e-12
 1.866479e-12
-2.057251e-12
 2.185086e-12
-7.187764e-13
 9.927465e-13
 3.154055e-13
 1.319566e-12
 1.145245e-14
 1.028496e-12
 6.603694e-13
 8.260661e-14
 2.529768e-13
 3.917429e-13
-4.774237e-13
-2.071950e-13
 8.539193e-15
-6.405575e-13
-4.491932e-13
 2.293691e-14
 7.363580e-10
-8.571028e-10
 2.823851e-10
-3.106615e-12
 2.974320e-13
 1.709764e-12
-1.295589e-12
 1.106586e-12
-3.171128e-13
 1.050507e-12
-2.445360e-13
 1.081205e-12
 3.858234e-13
 3.397691e-13
 4.842536e-13
 4.766042e-13
-1.620791e-13
 1.852587e-13
 7.603470e-14
-4.190504e-13
-1.846621e-13
-5.377030e-14
-5.071070e-13
-2.438010e-13
 5.726339e-10
-6.660083e-10
 2.188964e-10
-1.957697e-12
 2.279589e-13
 9.251776e-13
-6.749603e-13
 9.090829e-13
-5.883837e-13
 9.944235e-13
-2.196008e-14
 4.556669e-13
 4.269297e-13
 4.676607e-13
 3.776802e-14
 4.180256e-13
 1.370047e-13
-1.454571e-13
 4.818467e-14
-2.885527e-14
-3.697015e-13
-1.150007e-13
-8.530295e-14
-3.562390e-13
 4.448972e-10
-5.172158e-10
 1.698423e-10
-1.630266e-12
 4.324221e-13
 6.345586e-13
-7.125096e-13
 9.050939e-13
-4.274450e-13
 5.049664e-13
 1.738145e-13
 4.010878e-13
 7.772611e-14
 4.892185e-13
 1.384484e-13
 7.689148e-14
 1.934458e-13
 4.010460e-14
-1.799619e-13
 1.903989e-14
-9.887912e-14
-2.743991e-13
-7.185213e-14
-7.294339e-14
 3.456346e-10
-4.019840e-10
 1.320855e-10
-1.324606e-12
 2.287902e-13
 6.615755e-13
-6.022800e-13
 5.484244e-13
-1.400739e-13
 3.423690e-13
-1.563245e-14
 4.519153e-13
 6.606768e-14
 2.051646e-13
 2.291377e-13
 1.019914e-13
-1.795337e-14
 1.238660e-13
-5.693552e-14
-1.428263e-13
-1.347698e-14
-1.020434e-13
-1.980463e-13
-2.896349e-14
 2.687842e-10
-3.125336e-10
 1.025664e-10
-8.524031e-13
 6.653114e-14
 4.525111e-13
-3.137979e-13
 3.300275e-13
-1.673998e-13
 3.825401e-13
-5.977362e-14
 2.510494e-13
 1.676557e-13
 1.322957e-13
 7.147382e-14
 1.789432e-13
-5.916551e-15
-1.498054e-14
 4.192937e-14
-7.399508e-14
-1.190185e-13
-1.351091e-14
-9.391083e-14
-1.271505e-13
 2.089777e-10
-2.428348e-10
 7.956252e-11
-6.164742e-13
 1.305777e-13
 2.509543e-13
-2.393618e-13
 3.325704e-13
-1.926707e-13
 2.567316e-13
 4.534239e-14
 1.355978e-13
 8.034299e-14
 1.847455e-13
 2.167742e-14
 7.514775e-14
 7.524097e-14
-2.326871e-14
-3.590929e-14
 1.420214e-14
-8.210807e-14
-8.242109e-14
-1.367783e-14
-7.171464e-14
 1.623844e-10
-1.887095e-10
 6.184002e-11
-5.281875e-13
 1.220711e-13
 2.336074e-13
-2.426440e-13
 2.560243e-13
-8.753773e-14
 1.338501e-13
 2.814534e-14
 1.601049e-13
 1.398351e-14
 1.179894e-13
 7.662394e-14
 2.239306e-14
 2.540824e-14
 4.108758e-14
-4.693812e-14
-2.884035e-14
-7.458099e-15
-6.849975e-14
-5.573687e-14
-7.023508e-15
 1.262525e-10
-1.467411e-10
 4.807744e-11
-3.756813e-13
 4.076680e-14
 2.002209e-13
-1.546274e-13
 1.419288e-13
-4.852331e-14
 1.317785e-13
-2.285714e-14
 1.244180e-13
 4.799987e-14
 4.973952e-14
 5.248536e-14
 5.697218e-14
-1.145355e-14
 1.709185e-14
 6.087733e-15
-4.334004e-14
-2.650190e-14
-1.152179e-14
-5.448051e-14
-3.214262e-14
 9.819811e-11
-1.140787e-10
 3.732011e-11
-2.477009e-13
 3.404897e-14
 1.151956e-13
-8.993386e-14
 1.164215e-13
-6.955450e-14
 1.155045e-13
 4.904904e-16
 6.001965e-14
 4.618250e-14
 5.913829e-14
 9.590548e-15
 4.564808e-14
 1.710806e-14
-1.253052e-14
 1.172656e-15
-4.781706e-15
-3.976917e-14
-1.794138e-14
-1.278889e-14
-3.829004e-14
 7.633854e-11
-8.866233e-11
 2.898913e-11
-2.020622e-13
 4.926330e-14
 8.277711e-14
-8.777666e-14
 1.068965e-13
-4.863883e-14
 6.311399e-14
 1.676982e-14
 5.236338e-14
 1.157132e-14
 5.556587e-14
 1.913471e-14
 1.216464e-14
 1.952663e-14
 5.932189e-15
-1.878888e-14
-1.547054e-15
-1.207539e-14
-3.012784e-14
-1.202061e-14
-9.863178e-15
 5.934685e-11
-6.894106e-11
 2.254542e-11
-1.593208e-13
 2.654750e-14
 7.914227e-14
-7.056418e-14
 6.665940e-14
-1.995856e-14
 4.526818e-14
-1.915276e-15
 5.256235e-14
 1.078744e-14
 2.594544e-14
 2.507670e-14
 1.453365e-14
-8.213972e-16
 1.210833e-14
-5.643559e-15
-1.572834e-14
-4.542698e-15
-1.193229e-14
-2.208843e-14
-6.168319e-15
 4.616244e-11
-5.361549e-11
 1.751842e-11
-1.055741e-13
 1.081521e-14
 5.405528e-14
-3.974396e-14
 4.316430e-14
-2.166936e-14
 4.551456e-14
-4.952643e-15
 3.036469e-14
 1.878854e-14
 1.837541e-14
 8.837955e-15
 1.994532e-14
 1.037900e-15
-1.348254e-15
 3.041892e-15
-7.800617e-15
-1.369018e-14
-3.778901e-15
-1.066980e-14
-1.437885e-14
 3.590209e-11
-4.168292e-11
 1.360613e-11
-7.763665e-14
 1.606220e-14
 3.258205e-14
-3.087937e-14
 4.049346e-14
-2.194730e-14
 3.051333e-14
 4.809385e-15
 1.840215e-14
 9.198235e-15
 2.166107e-14
 4.283783e-15
 8.910134e-15
 7.999530e-15
-1.466834e-15
-4.373099e-15
 3.347953e-16
-8.933282e-15
-9.790664e-15
-3.118181e-15
-7.962685e-15
 2.791437e-11
-3.241028e-11
 1.057948e-11
-6.415141e-14
 1.372650e-14
 2.901017e-14
-2.880900e-14
 3.035662e-14
-1.080582e-14
 1.762354e-14
 2.525291e-15
 1.939082e-14
 2.919327e-15
 1.380355e-14
 8.896550e-15
 3.908387e-15
 2.675590e-15
 4.316177e-15
-4.695010e-15
-3.764464e-15
-1.779975e-15
-7.497719e-15
-6.814975e-15
-1.823001e-15
 2.171139e-11
-2.520916e-11
 8.226680e-12
-4.567853e-14
 5.480174e-15
 2.369089e-14
-1.865781e-14
 1.807434e-14
-6.848528e-15
 1.637973e-14
-2.089861e-15
 1.453991e-14
 5.876971e-15
 6.900589e-15
 5.835843e-15
 6.786974e-15
-6.011077e-16
 1.627211e-15
 3.769574e-16
-4.559734e-15
-3.557779e-15
-1.926722e-15
-5.980224e-15
-4.090262e-15
 1.689008e-11
-1.960525e-11
 6.391936e-12
-3.114485e-14
 4.711813e-15
 1.436401e-14
-1.172789e-14
 1.471174e-14
-8.244232e-15
 1.357463e-14
 3.068997e-16
 7.801447e-15
 5.098341e-15
 7.377440e-15
 1.673570e-15
 5.100253e-15
 2.075553e-15
-1.015497e-15
-2.722006e-16
-7.492905e-16
-4.349831e-15
-2.523584e-15
-1.832672e-15
-4.191189e-15
 1.313578e-11
-1.524528e-11
 4.968618e-12
-2.495885e-14
 5.664661e-15
 1.060963e-14
-1.077170e-14
 1.272030e-14
-5.642478e-15

Forecasting scores:

mase, smape, msis

  1.106529
 61.996234
  4.434382
End
