darima-master/data/MPS_Traffic_Volume_train.csv
/home/bsuconn/spark/spark-3.0.1-bin-hadoop3.2/python/pyspark/sql/pandas/group_ops.py:73: UserWarning: It is preferred to use 'applyInPandas' over this API. This API will be deprecated in the future releases. See SPARK-28264 for more details.
  warnings.warn(
Model results are saved to:	darima-master/result/darima_model_MPS_Traffic_Volume_2020-12-05-15:05:28.pkl
Coefficient results are saved to:	darima-master/result/darima_coef_MPS_Traffic_Volume_2020-12-05-15:05:28.csv
Forecasting results are saved to:	darima-master/result/darima_forec_MPS_Traffic_Volume_2020-12-05-15:05:28.csv

Model Summary:

 sample_size  sample_size_per_partition  n_par  partition_num  time_mapred  time_model_forec  time_model_eval
       46764                        779   2001             60   112.298391          5.013175         0.079032

DLSA Coefficients:

 4.562393e+02
 0.000000e+00
 1.319106e+00
-4.471856e-01
-2.996241e-02
 4.393918e-02
-6.198010e-03
-2.955849e-02
-3.364648e-03
-2.986812e-03
-3.229238e-03
-7.713897e-03
-4.261662e-03
-5.723602e-03
 9.894120e-04
-2.721875e-03
-3.844274e-03
-3.303491e-03
 1.406121e-03
-1.557840e-03
-1.419360e-03
-2.551219e-03
 3.846244e-04
-2.174037e-04
-5.363695e-04
 2.259673e-01
-3.034066e-01
 1.083111e-01
 3.253330e-03
-1.082951e-02
 5.216138e-04
 5.604944e-03
 3.769955e-04
-6.720389e-04
-2.818085e-04
 1.503583e-03
 4.628585e-04
 6.606650e-04
-8.092630e-04
 1.140092e-04
 9.658933e-04
 5.136030e-04
-8.929021e-04
 1.640598e-04
 3.742617e-04
 4.252856e-04
-2.840324e-04
-2.902868e-04
 4.521661e-05
 2.746942e-02
-3.640848e-02
 1.282561e-02
-4.513148e-04
-1.097870e-04
 9.017225e-05
 3.542833e-04
 1.703518e-04
 3.233856e-04
-3.730048e-05
-2.794974e-05
 2.131183e-04
 1.707895e-04
-1.251920e-04
 1.469205e-04
-8.326654e-05
 1.377974e-04
 3.237319e-05
-2.408114e-05
-9.317029e-05
 1.743560e-04
-8.402475e-05
 3.071268e-05
-5.465823e-05
 2.789344e-02
-3.604008e-02
 1.412800e-02
-1.474208e-03
 3.512487e-04
-8.105277e-04
 7.135490e-04
-4.210872e-04
 2.448511e-04
-3.734686e-04
 3.765620e-04
-3.551600e-04
 2.091524e-04
-2.070493e-04
 1.287873e-04
-1.501099e-04
 1.271344e-04
-2.225588e-04
 1.767812e-04
-1.560060e-04
 6.165670e-05
-1.003651e-04
 7.635866e-05
-1.344161e-04
 1.289094e-02
-1.611256e-02
 5.795163e-03
 1.533641e-04
-5.393932e-04
-1.919891e-04
 3.617545e-04
-1.429104e-04
 4.629107e-05
-8.554161e-05
 1.346054e-04
-1.578052e-04
 1.522934e-04
-1.386676e-04
 7.827241e-05
-6.510819e-05
 6.235495e-05
-1.088470e-04
 1.062596e-04
-1.162923e-04
 6.884209e-05
-5.715915e-05
 2.934182e-05
-6.600124e-05
 1.345388e-02
-1.723902e-02
 6.572331e-03
-2.858900e-04
-2.530116e-04
-2.097846e-04
 3.646959e-04
-1.828357e-04
 1.139615e-04
-1.074918e-04
 1.542856e-04
-1.472471e-04
 1.373612e-04
-1.099872e-04
 8.536799e-05
-7.082454e-05
 7.307258e-05
-9.420164e-05
 9.611282e-05
-8.987687e-05
 6.100488e-05
-5.325135e-05
 4.367660e-05
-6.022208e-05
 8.264182e-03
-1.033958e-02
 3.768878e-03
-3.254645e-05
-2.324485e-04
-9.009158e-05
 1.942841e-04
-8.643763e-05
 5.351882e-05
-6.320253e-05
 9.831381e-05
-1.010201e-04
 9.568195e-05
-7.654641e-05
 5.451579e-05
-4.462922e-05
 4.931061e-05
-6.802388e-05
 7.091617e-05
-6.560696e-05
 4.295867e-05
-3.429295e-05
 2.807267e-05
-4.217528e-05
 7.025047e-03
-8.887141e-03
 3.346094e-03
-1.348316e-04
-1.305248e-04
-1.004321e-04
 1.801209e-04
-9.089560e-05
 5.878598e-05
-5.635199e-05
 8.256541e-05
-8.378038e-05
 8.024643e-05
-6.256230e-05
 4.596128e-05
-3.684216e-05
 4.070106e-05
-5.339610e-05
 5.688045e-05
-5.207655e-05
 3.565219e-05
-2.765958e-05
 2.354795e-05
-3.290605e-05
 4.999463e-03
-6.255901e-03
 2.285859e-03
-2.665907e-05
-1.410264e-04
-4.551613e-05
 1.192112e-04
-5.551282e-05
 3.595373e-05
-3.368168e-05
 5.842584e-05
-6.006538e-05
 5.990400e-05
-4.450359e-05
 3.327098e-05
-2.562234e-05
 3.061658e-05
-3.940624e-05
 4.320322e-05
-3.834592e-05
 2.679849e-05
-1.965972e-05
 1.763320e-05
-2.411290e-05
 3.966282e-03
-4.983841e-03
 1.854823e-03
-5.490770e-05
-8.911174e-05
-4.474183e-05
 9.707290e-05
-4.825716e-05
 3.222021e-05
-2.856397e-05
 4.666891e-05
-4.765936e-05
 4.766574e-05
-3.489808e-05
 2.615799e-05
-1.975370e-05
 2.407574e-05
-3.045069e-05
 3.387239e-05
-2.965406e-05
 2.106706e-05
-1.493703e-05
 1.378821e-05
-1.843372e-05
 2.896123e-03
-3.613931e-03
 1.324725e-03
-2.222498e-05
-7.675620e-05
-2.591687e-05
 6.797880e-05
-3.314326e-05
 2.245254e-05
-1.979300e-05
 3.435698e-05
-3.554289e-05
 3.615888e-05
-2.603897e-05
 1.953246e-05
-1.443708e-05
 1.821517e-05
-2.295718e-05
 2.594351e-05
-2.243780e-05
 1.606926e-05
-1.101602e-05
 1.040945e-05
-1.380168e-05
 2.274643e-03
-2.844742e-03
 1.052369e-03
-2.748265e-05
-5.407140e-05
-2.203881e-05
 5.410313e-05
-2.690097e-05
 1.838517e-05
-1.544513e-05
 2.680365e-05
-2.763842e-05
 2.830207e-05
-2.002453e-05
 1.503229e-05
-1.090179e-05
 1.409241e-05
-1.760921e-05
 2.011535e-05
-1.720634e-05
 1.241809e-05
-8.286436e-06
 7.992633e-06
-1.049676e-05
 1.703424e-03
-2.122092e-03
 7.782100e-04
-1.554286e-05
-4.358627e-05
-1.431728e-05
 3.972526e-05
-1.950792e-05
 1.347195e-05
-1.110355e-05
 2.016190e-05
-2.094195e-05
 2.169767e-05
-1.512946e-05
 1.133979e-05
-8.065017e-06
 1.072475e-05
-1.339144e-05
 1.547603e-05
-1.311972e-05
 9.500258e-06
-6.169158e-06
 6.052941e-06
-7.929910e-06
 1.321761e-03
-1.647638e-03
 6.072757e-04
-1.565617e-05
-3.158601e-05
-1.146080e-05
 3.073270e-05
-1.525901e-05
 1.063030e-05
-8.561342e-06
 1.555174e-05
-1.615843e-05
 1.681122e-05
-1.159746e-05
 8.658985e-06
-6.061344e-06
 8.217061e-06
-1.025390e-05
 1.194745e-05
-1.005777e-05
 7.293187e-06
-4.630766e-06
 4.603771e-06
-6.027658e-06
 9.991771e-04
-1.242320e-03
 4.556001e-04
-1.040445e-05
-2.475128e-05
-7.955944e-06
 2.298157e-05
-1.135053e-05
 7.944007e-06
-6.303851e-06
 1.179844e-05
-1.233516e-05
 1.292082e-05
-8.819640e-06
 6.551308e-06
-4.512908e-06
 6.255755e-06
-7.830431e-06
 9.198258e-06
-7.697349e-06
 5.576389e-06
-3.463425e-06
 3.482606e-06
-4.574286e-06
 7.717353e-04
-9.594569e-04
 3.528013e-04
-9.241276e-06
-1.844383e-05
-6.153149e-06
 1.765404e-05
-8.757522e-06
 6.140123e-06
-4.789411e-06
 9.055521e-06
-9.495076e-06
 9.978590e-06
-6.749317e-06
 4.980874e-06
-3.380873e-06
 4.773560e-06
-5.996556e-06
 7.090054e-06
-5.903983e-06
 4.267368e-06
-2.597934e-06
 2.636152e-06
-3.479564e-06
 5.869969e-04
-7.284402e-04
 2.670414e-04
-6.692999e-06
-1.422016e-05
-4.426875e-06
 1.331934e-05
-6.587297e-06
 4.627962e-06
-3.568371e-06
 6.897618e-06
-7.273377e-06
 7.675642e-06
-5.149087e-06
 3.771362e-06
-2.522851e-06
 3.631405e-06
-4.588489e-06
 5.459041e-06
-4.527225e-06
 3.259910e-06
-1.946225e-06
 1.990138e-06
-2.646349e-06
 4.524525e-04
-5.612358e-04
 2.060325e-04
-5.643635e-06
-1.070216e-05
-3.364441e-06
 1.018122e-05
-5.040895e-06
 3.542556e-06
-2.698407e-06
 5.282405e-06
-5.593211e-06
 5.916666e-06
-3.939601e-06
 2.860875e-06
-1.887012e-06
 2.764290e-06
-3.515615e-06
 4.205019e-06
-3.475178e-06
 2.490386e-06
-1.459319e-06
 1.501683e-06
-2.014767e-06
 3.455370e-04
-4.280054e-04
 1.568130e-04
-4.256633e-06
-8.202834e-06
-2.465544e-06
 7.721672e-06
-3.812748e-06
 2.677582e-06
-2.019041e-06
 4.031128e-06
-4.292521e-06
 4.553135e-06
-3.010217e-06
 2.165536e-06
-1.408247e-06
 2.101055e-06
-2.693202e-06
 3.237724e-06
-2.667857e-06
 1.900889e-06
-1.093468e-06
 1.131304e-06
-1.534118e-06
 2.660848e-04
-3.293897e-04
 1.207644e-04
-3.482250e-06
-6.215732e-06
-1.857853e-06
 5.892456e-06
-2.907298e-06
 2.037911e-06
-1.521755e-06
 3.084003e-06
-3.300573e-06
 3.507058e-06
-2.303361e-06
 1.640168e-06
-1.051623e-06
 1.596979e-06
-2.064561e-06
 2.493398e-06
-2.049279e-06
 1.450696e-06
-8.193631e-07
 8.515723e-07
-1.168727e-06
 2.037229e-04
-2.518888e-04
 9.222547e-05
-2.679938e-06
-4.752387e-06
-1.374494e-06
 4.479198e-06
-2.204086e-06
 1.541083e-06
-1.141031e-06
 2.355489e-06
-2.535736e-06
 2.699211e-06
-1.761597e-06
 1.240739e-06
-7.840966e-07
 1.212766e-06
-1.582742e-06
 1.919937e-06
-1.574428e-06
 1.106610e-06
-6.135746e-07
 6.402337e-07
-8.904953e-07
 1.568308e-04
-1.937733e-04
 7.096685e-05
-2.156595e-06
-3.615382e-06
-1.031196e-06
 3.415749e-06
-1.677483e-06
 1.168790e-06
-8.581913e-07
 1.801244e-06
-1.950072e-06
 2.078446e-06
-1.348211e-06
 9.386042e-07
-5.844396e-07
 9.208283e-07
-1.213836e-06
 1.478557e-06
-1.210044e-06
 8.439881e-07
-4.592730e-07
 4.809029e-07
-6.786699e-07
 1.203010e-04
-1.484808e-04
 5.432530e-05
-1.675827e-06
-2.763349e-06
-7.665015e-07
 2.600358e-06
-1.273090e-06
 8.833282e-07
-6.435486e-07
 1.376362e-06
-1.499250e-06
 1.599958e-06
-1.031644e-06
 7.094620e-07
-4.350097e-07
 6.987649e-07
-9.310212e-07
 1.138655e-06
-9.301731e-07
 6.435128e-07
-3.435136e-07
 3.608372e-07
-5.172829e-07
 9.261744e-05
-1.142264e-04
 4.179387e-05
-1.335787e-06
-2.107607e-06
-5.736890e-07
 1.982754e-06
-9.678968e-07
 6.682815e-07
-4.831548e-07
 1.052326e-06
-1.153290e-06
 1.231954e-06
-7.897094e-07
 5.361363e-07
-3.235007e-07
 5.301190e-07
-7.142768e-07
 8.769994e-07
-7.152160e-07
 4.905840e-07
-2.567413e-07
 2.704849e-07
-3.943186e-07
 7.114540e-05
-8.765887e-05
 3.204852e-05
-1.042872e-06
-1.611673e-06
-4.273243e-07
 1.510749e-06
-7.348101e-07
 5.045252e-07
-3.620476e-07
 8.043038e-07
-8.871277e-07
 9.485166e-07
-6.044863e-07
 4.048962e-07
-2.402178e-07
 4.020031e-07
-5.480586e-07
 6.755228e-07
-5.500322e-07
 3.739307e-07
-1.917082e-07
 2.025430e-07
-3.005972e-07
 5.478806e-05
-6.745219e-05
 2.465801e-05
-8.262174e-07
-1.231642e-06
-3.193470e-07
 1.152117e-06
-5.582970e-07
 3.809326e-07
-2.713172e-07
 6.149254e-07
-6.826328e-07
 7.304309e-07
-4.628064e-07
 3.056694e-07
-1.781404e-07
 3.047647e-07
-4.205960e-07
 5.204011e-07
-4.230828e-07
 2.849816e-07
-1.430062e-07
 1.515093e-07
-2.291598e-07
 4.213365e-05
-5.182490e-05
 1.893326e-05
-6.463019e-07
-9.427189e-07
-2.380297e-07
 8.783996e-07
-4.238572e-07
 2.872019e-07
-2.030280e-07
 4.700729e-07
-5.253144e-07
 5.625056e-07
-3.543394e-07
 2.306279e-07
-1.318801e-07
 2.309630e-07
-3.228160e-07
 4.009468e-07
-3.254867e-07
 2.171636e-07
-1.065547e-07
 1.132087e-07
-1.746994e-07
 3.245871e-05
-3.989294e-05
 1.457108e-05
-5.099473e-07
-7.215900e-07
-1.776664e-07
 6.700561e-07
-3.218868e-07
 2.164522e-07
-1.518478e-07
 3.594034e-07
-4.043539e-07
 4.332562e-07
-2.713305e-07
 1.739302e-07
-9.746498e-08
 1.749818e-07
-2.478032e-07
 3.089568e-07
-2.504463e-07
 1.654684e-07
-7.929644e-08
 8.449349e-08
-1.331801e-07
 2.498502e-05
-3.068034e-05
 1.119997e-05
-3.991411e-07
-5.529366e-07
-1.323997e-07
 5.111183e-07
-2.443364e-07
 1.629431e-07
-1.134173e-07
 2.747783e-07
-3.112840e-07
 3.337352e-07
-2.077758e-07
 1.310972e-07
-7.188469e-08
 1.325249e-07
-1.902429e-07
 2.381052e-07
-1.927356e-07
 1.260667e-07
-5.892991e-08
 6.298497e-08
-1.015250e-07
 1.925625e-05
-2.362681e-05
 8.622697e-06
-3.140074e-07
-4.238489e-07
-9.870435e-08
 3.900149e-07
-1.854804e-07
 1.225821e-07
-8.463516e-08
 2.101017e-07
-2.396856e-07
 2.571141e-07
-1.591229e-07
 9.876114e-08
-5.290331e-08
 1.003386e-07
-1.460710e-07
 1.835298e-07
-1.483459e-07
 9.603947e-08
-4.372856e-08
 4.689116e-08
-7.739062e-08
 1.483428e-05
-1.818558e-05
 6.633585e-06
-2.457459e-07
-3.251748e-07
-7.349974e-08
 2.976306e-07
-1.407578e-07
 9.212115e-08
-6.306999e-08
 1.606499e-07
-1.845822e-07
 1.981083e-07
-1.218687e-07
 7.435711e-08
-3.883792e-08
 7.594400e-08
-1.121676e-07
 1.414851e-07
-1.141964e-07
 7.315820e-08
-3.239472e-08
 3.486134e-08
-5.899020e-08
 1.143827e-05
-1.401114e-05
 5.109242e-06
-1.928989e-07
-2.495957e-07
-5.472080e-08
 2.271886e-07
-1.068115e-07
 6.917162e-08
-4.694177e-08
 1.228474e-07
-1.421733e-07
 1.526671e-07
-9.334369e-08
 5.595054e-08
-2.843477e-08
 5.746146e-08
-8.614323e-08
 1.090898e-07
-8.792102e-08
 5.572414e-08
-2.395487e-08
 2.587932e-08
-4.496188e-08
 8.817776e-06
-1.079215e-05
 3.933568e-06
-1.508890e-07
-1.917230e-07
-4.069899e-08
 1.734419e-07
-8.103197e-08
 5.188390e-08
-3.488438e-08
 9.394307e-08
-1.095253e-07
 1.176654e-07
-7.149926e-08
 4.207347e-08
-2.075430e-08
 4.346192e-08
-6.616412e-08
 8.412548e-08
-6.770094e-08
 4.244151e-08
-1.767840e-08
 1.918069e-08
-3.426720e-08
 6.802355e-06
-8.318809e-06
 3.031006e-06
-1.182302e-07
-1.473508e-07
-3.025325e-08
 1.324390e-07
-6.146633e-08
 3.887814e-08
-2.588433e-08
 7.184424e-08
-8.438912e-08
 9.070244e-08
-5.477061e-08
 3.161741e-08
-1.509635e-08
 3.286155e-08
-5.082447e-08
 6.488475e-08
-5.213854e-08
 3.232262e-08
-1.301763e-08
 1.419120e-08
-2.611439e-08
 5.247233e-06
-6.411718e-06
 2.335082e-06
-9.241807e-08
-1.133231e-07
-2.246573e-08
 1.011454e-07
-4.661449e-08
 2.909911e-08
-1.917233e-08
 5.494620e-08
-6.503230e-08
 6.992846e-08
-4.195841e-08
 2.374305e-08
-1.093789e-08
 2.483739e-08
-3.904552e-08
 5.005297e-08
-4.015917e-08
 2.461444e-08
-9.562188e-09
 1.047969e-08
-1.989967e-08
 4.049826e-06
-4.944641e-06
 1.800103e-06
-7.230849e-08
-8.720364e-08
-1.666888e-08
 7.726120e-08
-3.534519e-08
 2.175465e-08
-1.417433e-08
 4.202511e-08
-5.012408e-08
 5.392089e-08
-3.214541e-08
 1.781656e-08
-7.889629e-09
 1.876537e-08
-2.999981e-08
 3.861804e-08
-3.093662e-08
 1.874309e-08
-7.004870e-09
 7.722773e-09
-1.516265e-08
 3.125760e-06
-3.813304e-06
 1.387611e-06
-5.647847e-08
-6.714616e-08
-1.235399e-08
 5.902681e-08
-2.679442e-08
 1.624307e-08
-1.045730e-08
 3.214407e-08
-3.863989e-08
 4.158411e-08
-2.462894e-08
 1.335875e-08
-5.661636e-09
 1.417206e-08
-2.305234e-08
 2.980053e-08
-2.383544e-08
 1.427116e-08
-5.115887e-09
 5.678082e-09
-1.155222e-08
 2.413591e-06
-2.942156e-06
 1.070178e-06
-4.413385e-08
-5.173187e-08
-9.146132e-09
 4.510426e-08
-2.030825e-08
 1.211162e-08
-7.697494e-09
 2.458764e-08
-2.979201e-08
 3.207502e-08
-1.887128e-08
 1.000787e-08
-4.038552e-09
 1.069858e-08
-1.771583e-08
 2.300022e-08
-1.836693e-08
 1.086535e-08
-3.723543e-09
 4.164161e-09
-8.800668e-09
 1.863855e-06
-2.270209e-06
 8.253885e-07
-3.444456e-08
-3.987982e-08
-6.762510e-09
 3.447148e-08
-1.538872e-08
 9.017784e-09
-5.651655e-09
 1.880853e-08
-2.297403e-08
 2.474432e-08
-1.446057e-08
 7.490745e-09
-2.860508e-09
 8.072843e-09
-1.361628e-08
 1.775474e-08
-1.415511e-08
 8.271667e-09
-2.699672e-09
 3.045271e-09
-6.703852e-09
 1.439850e-06
-1.752382e-06
 6.368486e-07
-2.688665e-08
-3.076058e-08
-4.993390e-09
 2.634998e-08
-1.165836e-08
 6.703748e-09
-4.137934e-09
 1.438852e-08
-1.771942e-08
 1.909211e-08
-1.108151e-08
 5.601314e-09
-2.009089e-09
 6.088702e-09
-1.046663e-08
 1.370791e-08
-1.091073e-08
 6.296605e-09
-1.948721e-09
 2.219988e-09
-5.106114e-09
 1.112446e-06
-1.352840e-06
 4.914192e-07
-2.096741e-08
-2.374014e-08
-3.681464e-09
 2.014537e-08
-8.830163e-09
 4.975007e-09
-3.020120e-09
 1.100778e-08
-1.366899e-08
 1.473339e-08
-8.492648e-09
 4.184134e-09
-1.396706e-09
 4.589968e-09
-8.046506e-09
 1.058530e-08
-8.411223e-09
 4.792722e-09
-1.399538e-09
 1.612602e-09
-3.888774e-09
 8.597557e-07
-1.044726e-06
 3.793269e-07
-1.635093e-08
-1.833209e-08
-2.709772e-09
 1.540446e-08
-6.686454e-09
 3.685244e-09
-2.196500e-09
 8.421824e-09
-1.054627e-08
 1.137161e-08
-6.509063e-09
 3.122044e-09
-9.587173e-10
 3.458357e-09
-6.186730e-09
 8.175416e-09
-6.485297e-09
 3.647701e-09
-9.992180e-10
 1.166665e-09
-2.961351e-09
 6.645654e-07
-8.069077e-07
 2.928386e-07
-1.274153e-08
-1.416376e-08
-1.990891e-09
 1.178129e-08
-5.061889e-09
 2.724323e-09
-1.591104e-09
 6.443699e-09
-8.138364e-09
 8.778329e-09
-4.989142e-09
 2.326769e-09
-6.475116e-10
 2.604310e-09
-4.757392e-09
 6.315270e-09
-5.001111e-09
 2.775975e-09
-7.084782e-10
 8.401456e-10
-2.254866e-09
 5.138284e-07
-6.233996e-07
 2.261348e-07
-9.927600e-09
-1.094906e-08
-1.459784e-09
 9.011859e-09
-3.831035e-09
 2.009496e-09
-1.147312e-09
 4.930458e-09
-6.281332e-09
 6.777557e-09
-3.824426e-09
 1.731837e-09
-4.281095e-10
 1.960037e-09
-3.658742e-09
 4.879206e-09
-3.857180e-09
 2.112368e-09
-4.982019e-10
 6.017828e-10
-1.716740e-09
 3.973476e-07
-4.817047e-07
 1.746499e-07
-7.730553e-09
-8.468435e-09
-1.067960e-09
 6.894628e-09
-2.898683e-09
 1.478604e-09
-8.229574e-10
 3.772784e-09
-4.848898e-09
 5.233665e-09
-2.931843e-09
 1.287225e-09
-2.748783e-10
 1.474247e-09
-2.814172e-09
 3.770351e-09
-2.975368e-09
 1.607236e-09
-3.468452e-10
 4.283632e-10
-1.306892e-09
 3.073468e-07
-3.723090e-07
 1.349207e-07
-6.018577e-09
-6.553186e-09
-7.793626e-10
 5.275727e-09
-2.192615e-09
 1.085023e-09
-5.866922e-10
 2.887084e-09
-3.743790e-09
 4.042130e-09
-2.247761e-09
 9.553097e-10
-1.690923e-10
 1.108139e-09
-2.164842e-09
 2.914001e-09
-2.295511e-09
 1.222767e-09
-2.384989e-10
 3.026751e-10
-9.947764e-10
 2.377725e-07
-2.878069e-07
 1.042451e-07
-4.683439e-09
-5.073647e-09
-5.671672e-10
 4.037647e-09
-1.658041e-09
 7.938044e-10
-4.152437e-10
 2.209428e-09
-2.891062e-09
 3.122385e-09
-1.723437e-09
 7.078117e-10
-9.711609e-11
 8.323759e-10
-1.665558e-09
 2.252542e-09
-1.771279e-09
 9.301646e-10
-1.614401e-10
 2.119780e-10
-7.571122e-10
 1.839887e-07
-2.225346e-07
 8.056211e-08
-3.643670e-09
-3.930079e-09
-4.114533e-10
 3.090646e-09
-1.253413e-09
 5.787845e-10
-2.913664e-10
 1.690920e-09
-2.232962e-09
 2.412319e-09
-1.321532e-09
 5.234913e-10
-4.905934e-11
 6.247794e-10
-1.281598e-09
 1.741532e-09
-1.366985e-09
 7.074992e-10
-1.070516e-10
 1.468584e-10
-5.761597e-10
 1.423955e-07
-1.720957e-07
 6.226947e-08
-2.833563e-09
-3.045726e-09
-2.974318e-10
 2.366163e-09
-9.472249e-10
 4.203967e-10
-2.023027e-10
 1.294164e-09
-1.724977e-09
 1.864039e-09
-1.013439e-09
 3.864066e-10
-1.777856e-11
 4.685928e-10
-9.862879e-10
 1.346683e-09
-1.055141e-09
 5.380716e-10
-6.901554e-11
 1.003756e-10
-4.384015e-10
 1.102278e-07
-1.331172e-07
 4.814032e-08
-2.203048e-09
-2.361477e-09
-2.141402e-10
 1.811819e-09
-7.155929e-10
 3.040271e-10
-1.386354e-10
 9.905556e-10
-1.332796e-09
 1.440614e-09
-7.772425e-10
 2.846015e-10
 1.860043e-12
 3.511590e-10
-7.591300e-10
 1.041536e-09
-8.145682e-10
 4.091663e-10
-4.271390e-11
 6.742282e-11
-3.335387e-10
 8.534165e-08
-1.029850e-07
 3.722312e-08
-1.712217e-09
-1.831786e-09
-1.534587e-10
 1.387585e-09
-5.404134e-10
 2.187744e-10
-9.342790e-11
 7.582135e-10
-1.029967e-09
 1.113557e-09
-5.961497e-10
 2.091166e-10
 1.352488e-11
 2.629220e-10
-5.843728e-10
 8.056722e-10
-6.289492e-10
 3.111022e-10
-2.478206e-11
 4.425233e-11
-2.537254e-10
 6.608686e-08
-7.968924e-08
 2.878722e-08
-1.330423e-09
-1.421539e-09
-1.093826e-10
 1.062868e-09
-4.079682e-10
 1.565187e-10
-6.158368e-11
 5.804002e-10
-7.960888e-10
 8.608941e-10
-4.572934e-10
 1.532442e-10
 1.981961e-11
 1.966701e-10
-4.499105e-10
 6.233293e-10
-4.857080e-10
 2.365088e-10
-1.277791e-11
 2.812110e-11
-1.929851e-10
 5.118508e-08
-6.167376e-08
 2.226672e-08
-1.033434e-09
-1.103649e-09
-7.747602e-11
 8.142792e-10
-3.078641e-10
 1.112209e-10
-3.936822e-11
 4.443110e-10
-6.154305e-10
 6.656709e-10
-3.508136e-10
 1.119668e-10
 2.257740e-11
 1.469632e-10
-3.464379e-10
 4.823382e-10
-3.751517e-10
 1.797754e-10
-4.936384e-12
 1.702763e-11
-1.467655e-10
 3.965074e-08
-4.774000e-08
 1.722625e-08
-8.025529e-10
-8.572068e-10
-5.446780e-11
 6.239393e-10
-2.322289e-10
 7.839673e-11
-2.405344e-11
 3.401499e-10
-4.758565e-10
 5.148039e-10
-2.691539e-10
 8.153540e-11
 2.307652e-11
 1.096996e-10
-2.668018e-10
 3.733022e-10
-2.898085e-10
 1.366309e-10
 1.201761e-14
 9.516531e-12
-1.115996e-10
 3.072075e-08
-3.696052e-08
 1.332889e-08
-6.230767e-10
-6.660668e-10
-3.794924e-11
 4.781743e-10
-1.751012e-10
 5.472273e-11
-1.365324e-11
 2.604219e-10
-3.680039e-10
 3.981958e-10
-2.065232e-10
 5.915157e-11
 2.219765e-11
 8.178846e-11
-2.055023e-10
 2.889643e-10
-2.239175e-10
 1.038248e-10
 2.975217e-12
 4.533603e-12
-8.484736e-11
 2.380610e-08
-2.862010e-08
 1.031505e-08
-4.836275e-10
-5.177525e-10
-2.615010e-11
 3.665263e-10
-1.319680e-10
 3.774038e-11
-6.727284e-12
 1.993925e-10
-2.846483e-10
 3.080520e-10
-1.584826e-10
 4.272895e-11
 2.053850e-11
 6.090172e-11
-1.583107e-10
 2.237187e-10
-1.730367e-10
 7.888311e-11
 4.598264e-12
 1.318671e-12
-6.449836e-11
 1.845082e-08
-2.216543e-08
 7.983919e-09
-3.752920e-10
-4.026185e-10
-1.777189e-11
 2.809954e-10
-9.941332e-11
 2.563495e-11
-2.235610e-12
 1.526737e-10
-2.202137e-10
 2.383548e-10
-1.216299e-10
 3.071405e-11
 1.849680e-11
 4.528695e-11
-1.219748e-10
 1.732347e-10
-1.337402e-10
 5.992313e-11
 5.335862e-12
-6.736259e-13
-4.902209e-11
 1.430262e-08
-1.716941e-08
 6.180613e-09
-2.911615e-10
-3.132039e-10
-1.186433e-11
 2.154609e-10
-7.485252e-11
 1.707011e-11
 5.688670e-13
 1.169081e-10
-1.703962e-10
 1.844575e-10
-9.335673e-11
 2.195169e-11
 1.633023e-11
 3.362582e-11
-9.399335e-11
 1.341657e-10
-1.033855e-10
 4.551240e-11
 5.505512e-12
-1.832203e-12
-3.725336e-11
 1.108881e-08
-1.330163e-08
 4.785342e-09
-2.258382e-10
-2.437346e-10
-7.733616e-12
 1.652392e-10
-5.633037e-11
 1.106436e-11
 2.219702e-12
 8.952606e-11
-1.318728e-10
 1.427714e-10
-7.166360e-11
 1.558419e-11
 1.419947e-11
 2.492716e-11
-7.244222e-11
 1.039255e-10
-7.993397e-11
 3.456102e-11
 5.326345e-12
-2.432464e-12
-2.830528e-11
 8.598527e-09
-1.030685e-08
 3.705631e-09
-1.751348e-10
-1.897401e-10
-4.874654e-12
 1.267458e-10
-4.236827e-11
 6.898930e-12
 3.095325e-12
 6.856139e-11
-1.020775e-10
 1.105244e-10
-5.501742e-11
 1.097572e-11
 1.219890e-11
 1.844631e-11
-5.584121e-11
 8.051489e-11
-6.181268e-11
 2.623987e-11
 4.947397e-12
-2.667795e-12
-2.150282e-11
 6.668536e-09
-7.987583e-09
 2.869961e-09
-1.357860e-10
-1.477568e-10
-2.920840e-12
 9.723651e-11
-3.184839e-11
 4.049144e-12
 3.461952e-12
 5.250916e-11
-7.902868e-11
 8.557513e-11
-4.224268e-11
 7.655797e-12
 1.037839e-11
 1.362421e-11
-4.305136e-11
 6.238842e-11
-4.780775e-11
 1.991827e-11
 4.468120e-12
-2.672607e-12
-1.633227e-11
 5.172546e-09
-6.191184e-09
 2.223080e-09
-1.052578e-10
-1.151006e-10
-1.607027e-12
 7.461071e-11
-2.392591e-11
 2.133427e-12
 3.505001e-12
 4.021761e-11
-6.119541e-11
 6.626880e-11
-3.243793e-11
 5.276922e-12
 8.758615e-12
 1.004143e-11
-3.319622e-11
 4.835094e-11
-3.698229e-11
 1.511656e-11
 3.953197e-12
-2.539142e-12
-1.240277e-11
 4.012764e-09
-4.799531e-09
 1.722255e-09
-8.157717e-11
-8.969009e-11
-7.422087e-13
 5.725970e-11
-1.796256e-11
 8.754260e-13
 3.352038e-12
 3.080516e-11
-4.739498e-11
 5.132661e-11
-2.491186e-11
 3.582983e-12
 7.341706e-12
 7.383596e-12
-2.560122e-11
 3.747821e-11
-2.861306e-11
 1.146996e-11
 3.443187e-12
-2.329688e-12
-9.416909e-12
 3.113495e-09
-3.721265e-09
 1.334452e-09
-6.321284e-11
-6.991063e-11
-1.894173e-13
 4.395145e-11
-1.347626e-11
 7.594117e-14
 3.089469e-12
 2.359702e-11
-3.671345e-11
 3.976015e-11
-1.913426e-11
 2.385662e-12
 6.118586e-12
 5.415252e-12
-1.974711e-11
 2.905530e-11
-2.214163e-11
 8.701113e-12
 2.962129e-12
-2.085418e-12
-7.148469e-12
 2.416108e-09
-2.885675e-09
 1.034118e-09
-4.897380e-11
-5.450912e-11
 1.490485e-13
 3.374223e-11
-1.010309e-11
-4.078211e-13
 2.774640e-12
 1.807663e-11
-2.844441e-11
 3.080527e-11
-1.469842e-11
 1.546844e-12
 5.073930e-12
 3.960226e-12
-1.523414e-11
 2.252912e-11
-1.713682e-11
 6.599137e-12
 2.522946e-12
-1.832761e-12
-5.425371e-12
 1.875200e-09
-2.238045e-09
 8.014909e-10
-3.793585e-11
-4.251260e-11
 3.424495e-13
 2.590902e-11
-7.568366e-12
-6.775653e-13
 2.444566e-12
 1.384856e-11
-2.204183e-11
 2.387116e-11
-1.129233e-11
 9.655273e-13
 4.189452e-12
 2.886830e-12
-1.175450e-11
 1.747170e-11
-1.326557e-11
 5.003740e-12
 2.131242e-12
-1.587972e-12
-4.116748e-12
 1.455596e-09
-1.736015e-09
 6.212797e-10
-2.938081e-11
-3.316531e-11
 4.395270e-13
 1.989779e-11
-5.664891e-12
-8.051800e-13
 2.122193e-12
 1.061010e-11
-1.708350e-11
 1.850092e-11
-8.676642e-12
 5.680857e-13
 3.446028e-12
 2.096736e-12
-9.071157e-12
 1.355182e-11
-1.027062e-11
 3.793090e-12
 1.787951e-12
-1.360382e-12
-3.123087e-12
 1.130044e-09
-1.346794e-09
 4.816546e-10
-2.275151e-11
-2.587998e-11
 4.742813e-13
 1.528396e-11
-4.236416e-12
-8.410155e-13
 1.820874e-12
 8.129465e-12
-1.324294e-11
 1.434116e-11
-6.667697e-12
 3.010461e-13
 2.825007e-12
 1.516606e-12
-7.001550e-12
 1.051312e-11
-7.953210e-12
 2.874601e-12
 1.491164e-12
-1.154701e-12
-2.368728e-12
 8.774253e-10
-1.044986e-09
 3.734589e-10
-1.761531e-11
-2.020007e-11
 4.701757e-13
 1.174206e-11
-3.165169e-12
-8.199435e-13
 1.547534e-12
 6.229206e-12
-1.026762e-11
 1.111849e-11
-5.124564e-12
 1.257309e-13
 2.308973e-12
 1.091812e-12
-5.405040e-12
 8.157111e-12
-6.159754e-12
 2.177925e-12
 1.237364e-12
-9.726316e-13
-1.796154e-12
 6.813722e-10
-8.109252e-10
 2.896065e-10
-1.363665e-11
-1.577055e-11
 4.431859e-13
 9.022559e-12
-2.362424e-12
-7.657783e-13
 1.304892e-12
 4.773446e-12
-7.962194e-12
 8.621404e-12
-3.939089e-12
 1.429676e-14
 1.882141e-12
 7.817126e-13
-4.173279e-12
 6.330116e-12
-4.771548e-12
 1.649620e-12
 1.022255e-12
-8.139890e-13
-1.361649e-12
 5.291969e-10
-6.293776e-10
 2.246111e-10
-1.055513e-11
-1.231519e-11
 4.040025e-13
 6.934145e-12
-1.761365e-12
-6.944907e-13
 1.093011e-12
 3.658141e-12
-6.175514e-12
 6.686216e-12
-3.028261e-12
-5.319070e-14
 1.530506e-12
 5.561207e-13
-3.222775e-12
 4.913116e-12
-3.696835e-12
 1.249094e-12
 8.412890e-13
-6.774676e-13
-1.031991e-12
 4.110627e-10
-4.885413e-10
 1.742253e-10
-8.168863e-12
-9.619054e-12
 3.596167e-13
 5.330082e-12
-1.311705e-12
-6.165347e-13
 9.103619e-13
 2.803614e-12
-4.790603e-12
 5.186241e-12
-2.328361e-12
-9.091253e-14
 1.241843e-12
 3.926462e-13
-2.489184e-12
 3.813923e-12
-2.864676e-12
 9.455190e-13
 6.900008e-13
-5.611569e-13
-7.819355e-13
 3.193418e-10
-3.792712e-10
 1.351597e-10
-6.321252e-12
-7.514778e-12
 3.144560e-13
 4.097819e-12
-9.756169e-13
-5.385230e-13
 7.545358e-13
 2.148849e-12
-3.716925e-12
 4.023413e-12
-1.790473e-12
-1.088806e-13
 1.005620e-12
 2.747120e-13
-1.922909e-12
 2.961121e-12
-2.220217e-12
 7.154896e-13
 5.642030e-13
-4.628820e-13
-5.923051e-13
 2.481189e-10
-2.944805e-10
 1.048670e-10
-4.890923e-12
-5.872037e-12
 2.711924e-13
 3.151011e-12
-7.246612e-13
-4.644280e-13
 6.227229e-13
 1.647115e-12
-2.884386e-12
 3.121805e-12
-1.377039e-12
-1.140991e-13
 8.128515e-13
 1.900671e-13
-1.485716e-12
 2.299371e-12
-1.721036e-12
 5.412372e-13
 4.600873e-13
-3.804204e-13
-4.485329e-13
 1.928056e-10
-2.286758e-10
 8.137396e-11
-3.783785e-12
-4.589301e-12
 2.313154e-13
 2.423401e-12
-5.374700e-13
-3.964358e-13
 5.120151e-13
 1.262620e-12
-2.238713e-12
 2.422623e-12
-1.059222e-12
-1.114135e-13
 6.559417e-13
 1.296768e-13
-1.148122e-12
 1.785789e-12
-1.334315e-12
 4.092758e-13
 3.742672e-13
-3.116346e-13
-3.395566e-13
 1.498422e-10
-1.775990e-10
 6.315193e-11
-2.926931e-12
-3.587449e-12
 1.955335e-13
 1.864143e-12
-3.979991e-13
-3.355498e-13
 4.195945e-13
 9.679493e-13
-1.737874e-12
 1.880331e-12
-8.148740e-13
-1.041296e-13
 5.285114e-13
 8.689294e-14
-8.873923e-13
 1.387136e-12
-1.034667e-12
 3.093721e-13
 3.037814e-13
-2.545470e-13
-2.569763e-13
 1.164669e-10
-1.379484e-10
 4.901642e-11
-2.263866e-12
-2.804807e-12
 1.640540e-13
 1.434207e-12
-2.942092e-13
-2.820121e-13
 3.428405e-13
 7.421032e-13
-1.349314e-12
 1.459658e-12
-6.269858e-13
-9.446172e-14
 4.252362e-13
 5.683610e-14
-6.859922e-13
 1.077644e-12
-8.024474e-13
 2.337625e-13
 2.460743e-13
-2.073768e-13
-1.944156e-13
 9.053671e-11
-1.071638e-10
 3.804958e-11
-1.750826e-12
-2.193284e-12
 1.367756e-13
 1.103629e-12
-2.170732e-13
-2.355964e-13
 2.793844e-13
 5.689947e-13
-1.047807e-12
 1.133275e-12
-4.824911e-13
-8.385815e-14
 3.416953e-13
 3.593474e-14
-5.303941e-13
 8.373328e-13
-6.224518e-13
 1.765586e-13
 1.989634e-13
-1.685514e-13
-1.470346e-13
 7.038814e-11
-8.325949e-11
 2.954004e-11
-1.353915e-12
-1.715371e-12
 1.134187e-13
 8.494022e-13
-1.598273e-13
-1.958058e-13
 2.271293e-13
 4.362996e-13
-8.138102e-13
 8.800086e-13
-3.713524e-13
-7.323409e-14
 2.742345e-13
 2.158288e-14
-4.101609e-13
 6.507094e-13
-4.829118e-13
 1.332950e-13
 1.606014e-13
-1.367038e-13
-1.111608e-13
 5.473011e-11
-6.469540e-11
 2.293636e-11
-1.046882e-12
-1.341805e-12
 9.361233e-14
 6.538571e-13
-1.174081e-13
-1.620069e-13
 1.842481e-13
 3.345758e-13
-6.321756e-13
 6.834477e-13
-2.858572e-13
-6.313892e-14
 2.198449e-13
 1.188573e-14
-3.172386e-13
 5.057567e-13
-3.747163e-13
 1.005866e-13
 1.294356e-13
-1.106591e-13
-8.400791e-14
 4.256028e-11
-5.027663e-11
 1.781105e-11
-8.094012e-13
-1.049750e-12
 7.695074e-14
 5.034212e-13
-8.602803e-14
-1.335159e-13
 1.491682e-13
 2.565890e-13
-4.911616e-13
 5.308722e-13
-2.200791e-13
-5.387482e-14
 1.760580e-13
 5.471047e-15
-2.454111e-13
 3.931527e-13
-2.908101e-13
 7.586783e-14
 1.041692e-13
-8.941795e-14
-6.346248e-14
 3.310042e-11
-3.907613e-11
 1.383267e-11
-6.257362e-13
-8.213803e-13
 6.302845e-14
 3.876676e-13
-6.285667e-14
-1.096536e-13
 1.205500e-13
 1.967957e-13
-3.816653e-13
 4.124208e-13
-1.694634e-13
-4.558050e-14
 1.408543e-13
 1.349563e-15
-1.898798e-13
 3.056647e-13
-2.257294e-13
 5.719459e-14
 8.372441e-14
-7.213683e-14
-4.792189e-14
 2.574617e-11
-3.037449e-11
 1.074418e-11
-4.837063e-13
-6.427796e-13
 5.146141e-14
 2.985843e-13
-4.578099e-14
-8.977805e-14
 9.726144e-14
 1.509482e-13
-2.966278e-13
 3.204472e-13
-1.305092e-13
-3.828964e-14
 1.125867e-13
-1.188188e-15
-1.469399e-13
 2.376802e-13
-1.752420e-13
 4.309433e-14
 6.721008e-14
-5.810861e-14
-3.617112e-14
 2.002816e-11
-2.361335e-11
 8.346237e-12
-3.738841e-13
-5.030793e-13
 4.189839e-14
 2.300139e-13
-3.322512e-14
-7.330190e-14

Forecasting scores:

mase, smape, msis

  1.106885
 61.975828
  4.341971
End
