darima-master/data/MPS_Traffic_Volume_train.csv
/home/bsuconn/spark/spark-3.0.1-bin-hadoop3.2/python/pyspark/sql/pandas/group_ops.py:73: UserWarning: It is preferred to use 'applyInPandas' over this API. This API will be deprecated in the future releases. See SPARK-28264 for more details.
  warnings.warn(
Model results are saved to:	darima-master/result/darima_model_MPS_Traffic_Volume_2020-12-05-15:47:38.pkl
Coefficient results are saved to:	darima-master/result/darima_coef_MPS_Traffic_Volume_2020-12-05-15:47:38.csv
Forecasting results are saved to:	darima-master/result/darima_forec_MPS_Traffic_Volume_2020-12-05-15:47:38.csv

Model Summary:

 sample_size  sample_size_per_partition  n_par  partition_num  time_mapred  time_model_forec  time_model_eval
       46764                        155   2001            300   177.363756          4.984139         0.083764

DLSA Coefficients:

 3.064339e+02
-7.751182e-13
 1.307528e+00
-4.717872e-01
 3.150862e-02
-3.551312e-03
 1.981664e-02
-4.251367e-02
 1.374186e-02
-6.915507e-03
 2.726217e-03
-8.818639e-03
 4.635506e-03
-9.250683e-03
 1.093956e-02
-1.144640e-02
 7.425620e-03
-7.723394e-03
 6.776016e-03
-5.933222e-03
 1.965636e-03
-1.744761e-03
 6.168402e-04
-1.382758e-03
 5.895586e-04
 2.872122e-01
-3.721746e-01
 1.565366e-01
-7.250649e-03
-1.553845e-02
-5.174915e-03
 1.252409e-02
-5.697370e-03
 1.118670e-03
-3.019777e-03
 2.369517e-03
-1.409385e-04
 5.250482e-05
-2.108104e-03
 1.423715e-03
 7.742075e-04
-1.680805e-03
 4.609172e-04
-1.577143e-04
 3.869166e-04
-4.926974e-04
-4.615067e-04
 6.280358e-04
-7.090052e-04
 2.470491e-02
-1.363993e-02
 8.090417e-03
-7.411287e-03
 3.418241e-04
 3.684516e-03
-3.551365e-03
 2.601800e-04
-6.751895e-04
 1.679208e-03
-2.066888e-03
 3.431685e-04
 7.764180e-05
 1.837658e-04
-6.215148e-04
-1.134565e-04
 2.494955e-04
-7.259843e-05
-4.529674e-04
 9.561694e-05
-7.647240e-05
 5.025271e-05
-4.178567e-04
 1.290020e-04
 3.588675e-02
-4.635010e-02
 2.141779e-02
-1.783266e-03
-1.726278e-03
-9.473569e-04
 1.001814e-03
-2.880590e-04
-3.486256e-04
-3.943842e-04
 4.878094e-04
-2.692544e-04
-3.110241e-04
-4.019366e-05
 2.720834e-04
-2.727843e-04
-2.574590e-04
 1.569723e-04
 1.011576e-04
-2.955611e-04
-7.230765e-05
 1.256109e-04
-7.576197e-06
-1.823229e-04
 5.807934e-03
-6.270508e-03
 1.414614e-03
 7.506159e-05
 8.473270e-04
-1.372413e-03
 1.196149e-05
 7.455393e-04
-1.607770e-04
-7.229235e-04
 1.797868e-04
 4.230674e-04
-2.536390e-04
-3.653672e-04
 1.534313e-04
 2.264292e-04
-2.333426e-04
-1.381612e-04
 7.244998e-05
 8.118429e-05
-9.749180e-05
-1.012983e-04
 3.560463e-05
 2.682009e-05
 1.577796e-02
-2.192330e-02
 9.871423e-03
-1.510252e-03
 2.560852e-04
-5.931210e-04
 4.080886e-04
-6.872943e-05
-1.446704e-04
 3.085305e-05
 8.988632e-05
-4.170209e-05
-1.679539e-04
 1.452253e-04
 1.899052e-05
-8.256042e-05
-7.513842e-05
 9.895142e-05
 1.758405e-05
-9.217206e-05
-3.705178e-05
 8.287829e-05
-2.840557e-06
-8.502079e-05
-5.727892e-03
 8.621015e-03
-3.535782e-03
 5.887866e-04
-3.021808e-04
 5.818410e-05
-1.127082e-04
 3.179803e-06
 5.367086e-06
-1.567601e-04
 1.166245e-04
-7.135952e-05
-3.792687e-05
-5.798806e-05
 1.041833e-04
-8.436533e-05
-5.705908e-05
 2.841493e-05
 4.046457e-05
-7.284881e-05
-3.635119e-05
 4.506087e-05
 3.807318e-06
-5.385238e-05
 4.354956e-03
-5.589296e-03
 2.183221e-03
 1.827940e-04
-2.762045e-04
-3.584703e-04
 1.644345e-04
 1.801790e-04
-7.659980e-05
-2.257035e-04
 1.071661e-04
 9.461099e-05
-4.702447e-05
-1.264203e-04
 5.463297e-05
 6.188506e-05
-3.266183e-05
-7.225621e-05
 2.216964e-05
 4.296761e-05
-1.855899e-05
-4.809781e-05
 8.302258e-06
 2.901015e-05
 1.128108e-03
-1.703501e-03
 1.038096e-03
-5.926657e-04
 4.427384e-04
-2.405511e-04
 2.213859e-05
 1.829188e-06
-3.853858e-05
 3.708898e-05
-1.925556e-05
 9.046999e-06
-6.919526e-05
 6.281452e-05
-6.268596e-07
-2.620218e-05
-3.720607e-05
 4.814082e-05
 8.380469e-06
-4.138092e-05
-1.316945e-05
 3.652264e-05
 2.682481e-06
-3.699454e-05
 1.674539e-03
-2.084512e-03
 7.981501e-04
 1.053905e-04
-2.259655e-04
 9.268355e-06
 4.937558e-05
-1.943764e-05
-2.663385e-05
-2.884726e-05
 5.896760e-05
-4.564285e-05
-7.082293e-06
-3.256291e-06
 2.800852e-05
-3.181147e-05
-6.995189e-06
 8.597746e-06
 1.062401e-05
-2.074843e-05
-6.883632e-06
 1.242120e-05
 1.897551e-06
-1.498619e-05
 3.489078e-04
-2.501273e-04
-6.507201e-05
 1.485728e-04
-7.121199e-05
-8.129529e-05
-7.447304e-06
 6.896211e-05
 9.511186e-06
-1.090623e-04
 3.298431e-05
 4.154425e-05
-1.608875e-06
-6.891641e-05
 2.692252e-05
 2.686905e-05
-8.552077e-06
-3.506625e-05
 1.123257e-05
 1.959480e-05
-6.231881e-06
-2.036992e-05
 3.115616e-06
 1.467868e-05
 1.928088e-03
-2.712434e-03
 1.224975e-03
-2.107510e-04
 4.921450e-05
-6.088876e-05
 5.053983e-05
-2.464422e-05
-3.261124e-05
 4.400384e-05
-7.778593e-06
-1.001413e-05
-2.767978e-05
 4.167618e-05
-7.171039e-06
-1.569614e-05
-1.063413e-05
 2.503975e-05
-4.567345e-07
-1.773482e-05
-2.623646e-06
 1.619379e-05
 8.197729e-07
-1.534803e-05
-5.362801e-04
 7.634371e-04
-2.721218e-04
-4.298734e-07
 1.861588e-05
-2.131373e-05
-7.791673e-06
 7.622779e-06
-2.927018e-06
-1.302844e-05
 1.021755e-05
-3.811860e-06
-3.774190e-06
-3.232652e-06
 7.675353e-06
-5.003504e-06
-3.967744e-06
 2.071739e-06
 3.960176e-06
-4.920853e-06
-2.305686e-06
 3.553211e-06
 1.058245e-06
-3.863252e-06
 1.856520e-04
-1.756710e-04
 3.846497e-05
 9.831295e-05
-9.566634e-05
-1.150446e-05
 1.039934e-05
 2.260299e-05
-1.517955e-06
-4.155664e-05
 2.223740e-05
 6.082315e-06
 4.931679e-06
-2.752375e-05
 1.120479e-05
 7.834825e-06
 7.619558e-07
-1.550968e-05
 3.744394e-06
 8.583664e-06
-1.317827e-06
-9.124903e-06
 8.302117e-07
 7.054077e-06
 1.788198e-04
-2.610156e-04
 1.755583e-04
-8.710909e-05
 3.691204e-05
-1.340192e-05
 6.221007e-06
-1.476971e-05
-5.399406e-06
 1.922428e-05
-8.433442e-06
-3.485795e-06
-9.681741e-06
 1.702645e-05
-3.122411e-06
-7.145604e-06
-4.327248e-06
 1.145506e-05
-2.058150e-07
-8.243968e-06
-8.745249e-07
 7.660468e-06
 2.650624e-07
-6.948889e-06
 3.152560e-04
-4.117834e-04
 1.665403e-04
-2.603748e-07
-1.331274e-05
-1.257921e-05
 8.562288e-06
 3.125068e-06
-7.208196e-06
-3.187586e-07
 1.786293e-06
 1.011495e-06
-4.000449e-06
 1.500518e-06
 5.856374e-08
 1.101132e-07
-1.604851e-06
 5.545329e-07
 3.328440e-07
-4.587474e-07
-6.321795e-07
 2.843578e-07
 2.421612e-07
-5.881984e-07
-5.301861e-05
 9.349783e-05
-6.273675e-05
 3.382779e-05
-2.084155e-05
-3.385819e-06
-4.672309e-06
 1.091421e-05
 2.811993e-06
-1.946404e-05
 9.332619e-06
 1.785970e-06
 4.142234e-06
-1.316003e-05
 5.470970e-06
 2.926388e-06
 8.451549e-07
-6.814125e-06
 1.859970e-06
 3.478474e-06
-4.427357e-07
-3.693589e-06
 3.292236e-07
 2.994980e-06
 2.805795e-04
-3.948031e-04
 1.811793e-04
-3.037217e-05
-1.953368e-06
 1.367414e-06
 5.619118e-06
-8.806853e-06
-3.599797e-06
 9.841042e-06
-1.891193e-06
-4.781360e-06
-2.927361e-06
 8.019640e-06
-1.457826e-06
-4.398511e-06
-9.546601e-07
 5.082470e-06
-4.337781e-07
-3.870427e-06
-1.149422e-07
 3.367191e-06
-7.678088e-08
-3.081237e-06
 2.927248e-05
-3.430329e-05
 1.989969e-05
-4.924316e-06
 4.880030e-06
-9.944604e-06
 1.859859e-06
 2.728196e-06
-2.476298e-06
 8.085121e-08
-2.159417e-06
 3.794212e-06
-2.893705e-06
 6.655708e-07
-8.685359e-07
 1.670823e-06
-1.257055e-06
 2.690513e-08
-2.039981e-08
 4.867370e-07
-3.164305e-07
-2.433692e-07
 1.523354e-07
 1.313031e-07
-2.719972e-06
 1.282799e-05
-1.073404e-05
 1.976013e-05
-1.879309e-05
 2.115761e-06
-9.240752e-08
 3.348816e-06
 6.263667e-07
-7.330150e-06
 4.558595e-06
-4.338298e-07
 2.141846e-06
-5.109697e-06
 2.195335e-06
 7.625025e-07
 7.143262e-07
-2.763399e-06
 6.241372e-07
 1.368971e-06
-6.759710e-08
-1.524822e-06
 6.816098e-08
 1.241406e-06
-1.692503e-05
 1.736520e-05
 7.178171e-06
-1.313962e-05
 3.112653e-06
 1.790012e-06
-1.434062e-07
-3.691527e-06
-5.108648e-07
 3.503665e-06
-3.322328e-07
-2.854782e-06
-3.825249e-07
 2.887544e-06
-1.919515e-07
-2.278798e-06
-1.367451e-07
 2.122950e-06
-5.378765e-08
-1.803119e-06
 7.290222e-09
 1.553668e-06
-3.234205e-08
-1.360416e-06
 7.333109e-05
-9.688512e-05
 4.134580e-05
-2.948271e-06
 4.682226e-07
-5.658859e-06
 2.311525e-06
 1.699789e-06
-2.055021e-06
 6.404032e-07
-1.435269e-06
 2.368883e-06
-1.807633e-06
 6.624036e-07
-8.741592e-07
 1.204914e-06
-6.557023e-07
-7.042994e-08
-1.837483e-07
 4.862501e-07
-1.291665e-07
-3.099649e-07
 4.727992e-08
 2.210481e-07
-3.781897e-06
 8.551204e-06
-7.392781e-06
 7.579698e-06
-6.425387e-06
 1.062924e-06
-6.434423e-07
 1.092706e-06
 6.671236e-07
-2.915086e-06
 1.528833e-06
-2.604206e-08
 8.992826e-07
-2.058855e-06
 8.835052e-07
 3.216615e-07
 2.783140e-07
-1.052484e-06
 2.631478e-07
 5.304818e-07
-1.460029e-08
-5.637466e-07
 3.560069e-08
 4.836789e-07
 2.992985e-05
-4.361153e-05
 2.106160e-05
-3.380476e-06
-2.496934e-06
 2.736770e-06
 1.023559e-07
-2.037881e-06
-6.880026e-08
 1.338933e-06
 4.393865e-07
-1.928873e-06
 2.659675e-07
 1.061947e-06
 1.181350e-07
-1.277074e-06
 1.410114e-07
 8.541317e-07
-7.172577e-09
-8.431566e-07
 3.939391e-08
 6.729096e-07
-3.690751e-08
-5.936808e-07
 1.417868e-05
-1.986432e-05
 9.791227e-06
-2.765785e-06
 2.990904e-06
-3.819394e-06
 6.877750e-07
 1.281804e-06
-1.011610e-06
 2.317904e-07
-9.061785e-07
 1.451506e-06
-9.462121e-07
 2.669249e-07
-4.935122e-07
 7.585224e-07
-3.568127e-07
-8.811786e-08
-9.481901e-08
 3.214833e-07
-6.481613e-08
-2.000813e-07
 2.951344e-08
 1.613378e-07
 6.902743e-06
-8.157337e-06
 2.698405e-06
 3.101119e-06
-3.503523e-06
 5.612167e-07
 8.570356e-08
 3.248032e-07
 9.004791e-08
-9.012283e-07
 5.138421e-07
 8.429198e-11
 2.565174e-07
-6.445190e-07
 2.506618e-07
 1.250884e-07
 9.375727e-08
-3.605803e-07
 6.410173e-08
 1.956338e-07
-2.797251e-09
-2.103540e-07
 4.899157e-09
 1.736920e-07
-8.192372e-06
 1.081972e-05
-2.446285e-06
-4.541406e-07
-1.626205e-06
 1.829604e-06
-2.634044e-07
-1.059323e-06
 2.510774e-07
 3.612983e-07
 3.556484e-07
-1.026817e-06
 3.248025e-07
 2.835905e-07
 1.859543e-07
-6.465132e-07
 1.308092e-07
 3.291059e-07
 3.249901e-08
-3.850060e-07
 2.829764e-08
 2.974475e-07
-1.523478e-08
-2.540598e-07
 1.072447e-05
-1.450640e-05
 6.735868e-06
-1.114981e-06
 9.054646e-07
-1.709964e-06
 4.400577e-07
 6.509348e-07
-5.305816e-07
 9.811646e-08
-3.947250e-07
 6.883864e-07
-4.409885e-07
 1.070070e-07
-2.457996e-07
 3.800796e-07
-1.581885e-07
-7.291864e-08
-5.477424e-08
 1.767545e-07
-2.881349e-08
-1.219298e-07
 9.488355e-09
 9.576629e-08
 8.772609e-07
-1.282797e-06
 4.981607e-07
 5.277424e-07
-5.109775e-07
-1.849424e-07
-3.901270e-09
 2.007161e-07
-4.298537e-08
-2.399279e-07
 7.683773e-08
 8.942501e-08
 1.653815e-08
-1.618129e-07
 3.802059e-08
 8.080096e-08
 5.565853e-09
-1.017407e-07
 1.252563e-08
 7.290423e-08
-2.914474e-09
-6.690908e-08
 3.701578e-09
 5.757196e-08
 4.004476e-06
-5.593965e-06
 2.530915e-06
 2.814634e-07
-1.459005e-06
 1.183932e-06
-9.997554e-08
-5.406964e-07
 1.687012e-07
 9.308315e-08
 2.579765e-07
-5.501517e-07
 2.207921e-07
 6.697244e-08
 1.267501e-07
-3.242272e-07
 8.936275e-08
 1.225768e-07
 2.153268e-08
-1.737602e-07
 1.680614e-08
 1.250308e-07
-9.493180e-09
-1.078331e-07
 2.790925e-06
-3.858477e-06
 1.799320e-06
-3.468886e-07
 4.253297e-07
-7.544218e-07
 1.436638e-07
 2.984334e-07
-1.963330e-07
-1.096305e-08
-1.667572e-07
 3.176539e-07
-1.741921e-07
 5.055514e-09
-9.265725e-08
 1.791732e-07
-6.398984e-08
-5.152105e-08
-1.871859e-08
 9.053202e-08
-1.158410e-08
-6.397643e-08
 5.611239e-09
 5.332256e-08
 2.558021e-06
-3.696934e-06
 1.737799e-06
-5.249334e-08
-1.002217e-07
-1.892655e-07
 6.559384e-08
 9.601704e-08
-8.507473e-08
-6.182104e-09
-2.991510e-08
 7.546121e-08
-4.919415e-08
 2.271944e-09
-2.696890e-08
 4.607893e-08
-1.558489e-08
-1.642852e-08
-7.199161e-09
 2.521468e-08
-2.837218e-09
-1.969688e-08
 3.324541e-10
 1.529483e-08
-1.821171e-06
 2.437939e-06
-7.526863e-07
 1.951530e-07
-5.960451e-07
 5.351294e-07
-8.907149e-08
-2.295715e-07
 9.524475e-08
 6.581360e-09
 1.382926e-07
-2.609982e-07
 1.215177e-07
 4.449783e-09
 7.197484e-08
-1.489121e-07
 4.768519e-08
 4.546009e-08
 1.435925e-08
-7.516907e-08
 8.751859e-09
 5.325204e-08
-3.576074e-09
-4.441730e-08
 1.322312e-06
-1.639816e-06
 7.478169e-07
 1.818774e-08
-3.992014e-08
-2.290589e-07
 6.828257e-08
 1.190909e-07
-6.799809e-08
-3.356344e-08
-4.492051e-08
 1.208664e-07
-5.528015e-08
-2.166799e-08
-2.733821e-08
 7.337655e-08
-1.990981e-08
-3.406227e-08
-5.801984e-09
 4.256085e-08
-4.306287e-09
-3.344444e-08
 1.786504e-09
 2.742809e-08
 6.041248e-07
-9.621144e-07
 5.773053e-07
-1.647984e-07
 1.112208e-07
-1.652043e-07
 3.752159e-08
 4.302507e-08
-5.691845e-08
 3.711381e-08
-5.121496e-08
 5.768162e-08
-4.784097e-08
 3.105354e-08
-2.990962e-08
 2.733560e-08
-1.627867e-08
 6.198931e-09
-7.419131e-09
 8.497718e-09
-1.872340e-09
-3.262671e-09
 4.655261e-10
 2.487997e-09
 5.706358e-07
-8.419811e-07
 3.840749e-07
 9.000676e-08
-3.051848e-07
 2.504806e-07
-3.426222e-08
-9.574980e-08
 3.998188e-08
-1.621646e-09
 6.750083e-08
-1.175616e-07
 5.628170e-08
-1.755889e-09
 3.282659e-08
-6.524567e-08
 2.226722e-08
 1.712690e-08
 6.265997e-09
-3.176394e-08
 3.835907e-09
 2.155708e-08
-1.874646e-09
-1.833428e-08
 1.509346e-07
-1.781213e-07
 5.258603e-08
 7.409544e-08
-4.336336e-08
-7.470791e-08
 1.238949e-08
 5.160693e-08
-1.690871e-08
-3.579520e-08
-2.578668e-09
 4.001081e-08
-9.312143e-09
-2.520897e-08
-1.811310e-09
 2.768794e-08
-3.423777e-09
-2.069942e-08
 2.034527e-10
 1.937905e-08
-1.160020e-09
-1.623805e-08
 9.286136e-10
 1.388210e-08
 8.335652e-07
-1.208996e-06
 5.990997e-07
-1.128463e-07
 5.345352e-08
-8.255181e-08
 2.951831e-08
 1.534413e-08
-3.383168e-08
 3.464805e-08
-3.565438e-08
 3.281234e-08
-3.150229e-08
 2.686393e-08
-2.081436e-08
 1.373629e-08
-1.072873e-08
 8.173959e-09
-5.477242e-09
 2.168476e-09
-1.197742e-09
 5.760732e-10
-1.428775e-11
-9.925907e-10
-1.355741e-07
 1.540373e-07
-1.606391e-08
 2.814345e-08
-1.095182e-07
 9.300523e-08
-1.569329e-08
-3.782597e-08
 1.548994e-08
-3.715740e-10
 2.562735e-08
-4.603743e-08
 2.197613e-08
-3.427804e-10
 1.290319e-08
-2.574998e-08
 8.738429e-09
 7.165232e-09
 2.541006e-09
-1.260284e-08
 1.603806e-09
 8.801142e-09
-6.344850e-10
-7.282502e-09
-6.402735e-08
 1.271361e-07
-6.460592e-08
 7.180366e-08
-6.312977e-08
-5.500390e-09
 1.258881e-09
 2.050732e-08
-1.266391e-09
-2.531952e-08
 9.715716e-09
 8.545480e-09
 4.081953e-09
-1.849038e-08
 4.418887e-09
 8.749028e-09
 1.492745e-09
-1.192147e-08
 1.263905e-09
 8.326817e-09
-2.074191e-10
-7.877402e-09
 2.571486e-10
 6.671292e-09
 1.386743e-07
-2.250678e-07
 1.567412e-07
-6.709317e-08
 4.636538e-08
-4.738700e-08
 1.330176e-08
 6.613679e-09
-1.770723e-08
 2.077261e-08
-2.011847e-08
 1.646062e-08
-1.691716e-08
 1.606158e-08
-1.131421e-08
 6.313551e-09
-5.768627e-09
 5.684974e-09
-2.907762e-09
 2.519374e-10
-5.535198e-10
 1.273419e-09
 4.161542e-11
-1.220321e-09
 2.403565e-07
-3.429026e-07
 1.576229e-07
 3.686384e-10
-4.703978e-08
 3.476485e-08
-2.819754e-09
-1.456033e-08
 4.193683e-09
 2.406637e-09
 7.677420e-09
-1.575135e-08
 6.494033e-09
 1.669871e-09
 3.611382e-09
-9.132982e-09
 2.686339e-09
 3.282143e-09
 5.721779e-10
-4.766625e-09
 5.143103e-10
 3.397701e-09
-2.863052e-10
-2.908917e-09
-9.477444e-08
 1.388565e-07
-7.547178e-08
 4.936344e-08
-3.928943e-08
 6.617424e-09
-3.055307e-09
 7.465340e-09
 2.840658e-09
-1.580143e-08
 8.723781e-09
-2.123293e-10
 5.620413e-09
-1.164002e-08
 4.524818e-09
 2.241781e-09
 2.042353e-09
-6.373844e-09
 1.217914e-09
 3.535804e-09
 1.041775e-10
-3.629400e-09
 1.250535e-10
 3.182535e-09
 1.383459e-07
-2.095847e-07
 1.141849e-07
-3.221877e-08
 1.912740e-08
-1.939470e-08
 6.475777e-09
 2.360145e-09
-8.364124e-09
 1.070761e-08
-9.146055e-09
 6.681553e-09
-7.766328e-09
 8.193013e-09
-5.342484e-09
 2.307416e-09
-2.627246e-09
 3.099876e-09
-1.414251e-09
-3.315723e-10
-2.526492e-10
 9.192690e-10
-3.034793e-11
-8.985809e-10
 8.108646e-08
-1.217525e-07
 6.479938e-08
-9.468622e-09
-9.527869e-09
 6.712488e-09
-7.966932e-11
-4.403623e-09
-1.369962e-10
 2.671032e-09
 7.449549e-10
-3.896718e-09
 7.117387e-10
 2.019131e-09
 2.495450e-10
-2.563076e-09
 4.038907e-10
 1.672238e-09
-4.076410e-11
-1.611723e-09
 1.360423e-10
 1.312515e-09
-7.433385e-11
-1.104295e-09
-5.202009e-08
 8.200876e-08
-4.274619e-08
 2.957342e-08
-2.723688e-08
 9.025757e-09
-1.934593e-09
 2.215272e-09
 2.701894e-09
-8.549151e-09
 5.677120e-09
-1.772690e-09
 3.966482e-09
-6.398110e-09
 2.958901e-09
 2.724551e-10
 1.434722e-09
-3.232143e-09
 7.489987e-10
 1.446976e-09
 1.007777e-10
-1.669236e-09
 2.492671e-11
 1.448842e-09
-9.721522e-09
 5.407322e-09
 1.221942e-08
-1.214721e-08
 8.139498e-09
-7.528693e-09
 2.227406e-09
 4.523466e-10
-3.359231e-09
 4.649489e-09
-3.614464e-09
 2.148836e-09
-2.993368e-09
 3.563427e-09
-2.092629e-09
 5.704047e-10
-9.886475e-10
 1.494905e-09
-5.564319e-10
-3.601783e-10
-7.195025e-11
 5.737300e-10
-1.228748e-11
-5.146432e-10
 8.485675e-08
-1.218773e-07
 5.835535e-08
-9.973968e-09
-1.724769e-10
-5.860181e-10
 9.793033e-10
-8.161615e-10
-1.197527e-09
 2.178136e-09
-9.792022e-10
-1.666180e-10
-8.562858e-10
 1.653238e-09
-6.558141e-10
-3.804594e-10
-2.496517e-10
 8.593165e-10
-2.049755e-10
-4.787773e-10
-5.474736e-12
 4.683079e-10
-2.703062e-11
-4.195901e-10
-2.888337e-08
 4.242405e-08
-2.298270e-08
 1.494811e-08
-1.328998e-08
 4.980894e-09
-1.279765e-09
 7.018432e-10
 1.587023e-09
-4.265531e-09
 2.995005e-09
-1.271992e-09
 2.188670e-09
-3.190729e-09
 1.601682e-09
-9.263771e-11
 7.949238e-10
-1.525711e-09
 4.064735e-10
 6.042958e-10
 7.091524e-11
-7.333045e-10
 1.372249e-11
 6.539666e-10
 6.051613e-09
-1.145059e-08
 9.344881e-09
-2.894966e-09
 5.943892e-10
-1.204567e-09
 7.749419e-10
-3.206457e-10
-1.037597e-09
 1.769944e-09
-1.057974e-09
 2.859704e-10
-8.657507e-10
 1.331486e-09
-6.419854e-10
-8.164980e-11
-2.704934e-10
 6.342158e-10
-1.864651e-10
-2.807349e-10
-1.171983e-11
 3.068728e-10
-1.786471e-11
-2.782571e-10
 3.824336e-08
-5.642218e-08
 2.821106e-08
-6.877986e-09
 2.674258e-09
-2.395501e-09
 7.439082e-10
 1.654386e-10
-1.058729e-09
 1.384296e-09
-1.079109e-09
 6.700286e-10
-9.205604e-10
 1.066811e-09
-6.316356e-10
 1.900100e-10
-3.055631e-10
 4.405991e-10
-1.664839e-10
-9.491533e-11
-2.579779e-11
 1.629271e-10
-5.359510e-13
-1.455409e-10
-9.932443e-09
 1.530078e-08
-8.285994e-09
 6.524222e-09
-6.334744e-09
 2.520203e-09
-5.487995e-10
 2.870358e-10
 7.329610e-10
-1.900988e-09
 1.395960e-09
-6.395642e-10
 1.014095e-09
-1.426807e-09
 7.306543e-10
-7.763705e-11
 3.677187e-10
-6.774559e-10
 1.818348e-10
 2.519152e-10
 3.147866e-11
-3.202616e-10
 1.858046e-12
 2.810209e-10
-1.476650e-08
 1.949402e-08
-6.070641e-09
 3.554616e-10
-9.229962e-10
 3.911606e-10
 8.487820e-11
-4.028057e-10
-1.861390e-10
 5.174094e-10
-1.226082e-10
-2.705589e-10
-8.021356e-11
 3.855641e-10
-8.591324e-11
-2.246473e-10
-7.787401e-12
 2.428326e-10
-3.422564e-11
-1.790343e-10
 1.185558e-11
 1.595693e-10
-9.296136e-12
-1.364740e-10
 2.426547e-08
-3.482336e-08
 1.692260e-08
-3.936276e-09
 1.746614e-09
-1.633469e-09
 5.223821e-10
 2.572419e-10
-6.518049e-10
 7.798692e-10
-7.180647e-10
 5.899973e-10
-6.162577e-10
 5.962362e-10
-4.134882e-10
 2.253952e-10
-2.124035e-10
 2.100262e-10
-1.063370e-10
 4.704841e-12
-2.346149e-11
 4.747519e-11
 1.026754e-12
-4.842113e-11
-3.752452e-09
 5.288900e-09
-2.892445e-09
 2.440884e-09
-2.364897e-09
 8.422059e-10
-2.258332e-10
 1.597495e-10
 2.576844e-10
-7.651658e-10
 5.403147e-10
-2.250470e-10
 3.882500e-10
-5.696983e-10
 2.828128e-10
-1.229325e-11
 1.421737e-10
-2.749534e-10
 7.137888e-11
 1.112333e-10
 1.290107e-11
-1.333967e-10
 2.185735e-12
 1.191016e-10
-6.153383e-09
 8.196206e-09
-3.011066e-09
 9.564421e-10
-1.213571e-09
 7.715357e-10
-6.681914e-11
-2.950232e-10
 6.463080e-11
 8.287571e-11
 1.461015e-10
-3.309583e-10
 1.283445e-10
 5.587106e-11
 6.661374e-11
-1.965535e-10
 5.567822e-11
 7.931753e-11
 8.827718e-12
-1.060255e-10
 1.212559e-11
 7.704804e-11
-6.913137e-12
-6.610641e-11
 1.096344e-08
-1.596415e-08
 7.801649e-09
-1.947191e-09
 1.042847e-09
-9.760372e-10
 2.665098e-10
 1.787728e-10
-3.467964e-10
 3.785953e-10
-3.923960e-10
 3.569339e-10
-3.342202e-10
 2.909203e-10
-2.198566e-10
 1.480554e-10
-1.160687e-10
 9.286617e-11
-5.482454e-11
 2.144744e-11
-1.295464e-11
 1.110233e-11
 2.295164e-12
-1.219041e-11
 8.012176e-10
-1.060123e-09
 3.373802e-10
 7.044705e-10
-8.517552e-10
 2.314361e-10
-4.242035e-11
 9.470879e-11
 6.001786e-11
-2.574312e-10
 1.629937e-10
-3.396925e-11
 1.088075e-10
-1.917092e-10
 8.200858e-11
 1.993644e-11
 4.002573e-11
-1.009942e-10
 2.041421e-11
 5.008692e-11
 2.676825e-12
-5.495016e-11
 6.706049e-13
 4.762224e-11
-6.408586e-09
 8.785969e-09
-3.507617e-09
 8.074783e-10
-8.115829e-10
 5.522621e-10
-9.291328e-11
-1.794865e-10
 9.150011e-11
-3.665643e-11
 1.535866e-10
-2.404307e-10
 1.314423e-10
-3.047544e-11
 7.839988e-11
-1.292522e-10
 5.208598e-11
 2.163590e-11
 1.590757e-11
-5.723955e-11
 9.244453e-12
 3.697986e-11
-3.408122e-12
-3.022031e-11
 5.220214e-09
-7.474860e-09
 3.646498e-09
-8.720331e-10
 4.434255e-10
-4.430173e-10
 1.277608e-10
 9.922645e-11
-1.594751e-10
 1.624367e-10
-1.778679e-10
 1.747613e-10
-1.538693e-10
 1.242714e-10
-1.005651e-10
 7.587069e-11
-5.385664e-11
 3.531012e-11
-2.504570e-11
 1.549630e-11
-6.546348e-12
-3.570777e-13
 1.000483e-12
-1.528276e-12
 9.738049e-10
-1.439667e-09
 6.655310e-10
 8.212247e-11
-1.871748e-10
-3.256948e-11
 8.751255e-12
 5.860875e-11
-1.191587e-11
-6.360351e-11
 1.905245e-11
 3.006425e-11
 5.962109e-12
-4.611208e-11
 8.346343e-12
 2.675586e-11
 2.778732e-12
-3.099607e-11
 2.329665e-12
 2.376506e-11
-2.926856e-13
-2.138972e-11
 7.579213e-13
 1.861492e-11
-2.762770e-09
 3.818232e-09
-1.614002e-09
 5.041935e-10
-5.064207e-10
 3.507284e-10
-5.843139e-11
-9.946002e-11
 6.724757e-11
-4.337471e-11
 1.031440e-10
-1.420747e-10
 8.693941e-11
-3.481247e-11
 5.323659e-11
-7.336198e-11
 3.334823e-11
 3.865369e-12
 1.129529e-11
-2.938600e-11
 5.239287e-12
 1.692921e-11
-1.981125e-12
-1.390351e-11
 2.014022e-09
-2.943359e-09
 1.431576e-09
-3.303063e-10
 1.698869e-10
-1.857981e-10
 4.756034e-11
 4.677799e-11
-6.498948e-11
 5.646400e-11
-6.790894e-11
 7.164953e-11
-5.962956e-11
 4.366418e-11
-3.833547e-11
 3.263046e-11
-2.071266e-11
 1.060450e-11
-9.364586e-12
 8.675195e-12
-2.493446e-12
-2.282284e-12
 6.195056e-13
 1.472416e-12
 1.197837e-09
-1.721039e-09
 8.021579e-10
-9.428129e-11
 3.059555e-12
-7.368559e-11
 2.193413e-11
 3.640263e-11
-2.530696e-11
-2.280038e-13
-1.890477e-11
 3.730634e-11
-1.990966e-11
 5.945504e-13
-1.155289e-11
 2.136513e-11
-6.916664e-12
-6.619090e-12
-2.794122e-12
 1.118769e-11
-1.150733e-12
-8.160093e-12
 3.542420e-13
 6.714084e-12
-1.748371e-09
 2.425601e-09
-1.019438e-09
 2.731974e-10
-2.587881e-10
 1.781778e-10
-3.259380e-11
-5.044448e-11
 3.689737e-11
-2.751021e-11
 5.506127e-11
-7.289911e-11
 4.659578e-11
-2.163597e-11
 2.897911e-11
-3.698016e-11
 1.775731e-11
 1.962514e-13
 6.339724e-12
-1.402656e-11
 2.767521e-12
 7.778282e-12
-8.801627e-13
-6.169373e-12
 7.274586e-10
-1.042867e-09
 5.115659e-10
-9.743193e-11
 2.886118e-11
-5.267537e-11
 1.558002e-11
 1.845344e-11
-2.067206e-11
 1.326912e-11
-1.867381e-11
 2.312182e-11
-1.742133e-11
 1.022819e-11
-1.093390e-11
 1.129523e-11
-5.997249e-12
 1.160322e-12
-2.692520e-12
 4.004028e-12
-8.088330e-13
-2.088102e-12
 1.852275e-13
 1.550278e-12
 6.562308e-10
-9.621677e-10
 4.706456e-10
-1.009977e-10
 5.010817e-11
-6.627959e-11
 1.619891e-11
 2.100753e-11
-2.112129e-11
 1.238575e-11
-2.116716e-11
 2.735427e-11
-1.916836e-11
 9.894352e-12
-1.202220e-11
 1.378351e-11
-6.721498e-12
 4.579382e-13
-2.893479e-12
 5.284325e-12
-8.840783e-13
-2.871778e-12
 2.569716e-13
 2.320353e-12
-6.951556e-10
 9.683687e-10
-4.132851e-10
 1.260472e-10
-1.221167e-10
 8.374984e-11
-1.418959e-11
-2.285429e-11
 1.713276e-11
-1.260448e-11
 2.531094e-11
-3.313684e-11
 2.130290e-11
-9.986936e-12
 1.322949e-11
-1.679649e-11
 8.076207e-12
-2.600390e-14
 2.869997e-12
-6.357403e-12
 1.220793e-12
 3.454719e-12
-4.312528e-13
-2.793180e-12
 1.930080e-10
-2.857634e-10
 1.374092e-10
-9.528301e-12
-1.287969e-11
-7.131491e-12
 2.310112e-12
 5.592915e-12
-4.014543e-12
-1.573094e-12
-1.122173e-12
 4.129451e-12
-1.817781e-12
-1.111316e-12
-8.386955e-13
 2.611358e-12
-5.161050e-13
-1.447210e-12
-1.918600e-13
 1.680880e-12
-8.905397e-14
-1.343977e-12
 7.620274e-14
 1.149140e-12
 4.511989e-10
-6.543872e-10
 3.126093e-10
-6.907998e-11
 3.751087e-11
-3.934816e-11
 1.023922e-11
 1.103723e-11
-1.286208e-11
 1.056437e-11
-1.412675e-11
 1.612371e-11
-1.239811e-11
 8.185687e-12
-7.984150e-12
 7.634595e-12
-4.384391e-12
 1.541729e-12
-1.951021e-12
 2.362060e-12
-5.647579e-13
-9.676836e-13
 1.127892e-13
 6.929171e-13
-3.464286e-10
 4.785379e-10
-1.982468e-10
 5.107694e-11
-4.791758e-11
 3.199956e-11
-5.568788e-12
-9.256390e-12
 6.229987e-12
-4.295751e-12
 9.618374e-12
-1.315396e-11
 8.122038e-12
-3.383682e-12
 5.012866e-12
-6.759016e-12
 3.114880e-12
 3.051503e-13
 1.079049e-12
-2.664951e-12
 4.947956e-13
 1.547629e-12
-1.646429e-13
-1.236072e-12
 2.073230e-11
-2.861885e-11
 1.451752e-11
 1.272430e-11
-2.097578e-11
 7.212757e-12
-1.048412e-12
 1.055276e-12
 1.145547e-12
-4.452742e-12
 3.435408e-12
-1.554781e-12
 2.377292e-12
-3.394159e-12
 1.745148e-12
-2.140298e-13
 9.061114e-13
-1.642701e-12
 4.222757e-13
 6.140005e-13
 8.297961e-14
-7.937985e-13
 3.054561e-15
 6.893660e-13
 2.079507e-10
-3.042601e-10
 1.493322e-10
-3.769243e-11
 2.160199e-11
-2.084159e-11
 5.175874e-12
 5.135965e-12
-6.764184e-12
 6.189646e-12
-7.679548e-12
 8.165098e-12
-6.598011e-12
 4.780521e-12
-4.280479e-12
 3.735000e-12
-2.325012e-12
 1.143084e-12
-1.043580e-12
 1.003529e-12
-2.814293e-13
-2.772268e-13
 6.090107e-14
 1.813037e-13
-1.178167e-10
 1.621522e-10
-6.479215e-11
 1.659370e-11
-1.641337e-11
 1.052649e-11
-1.415169e-12
-3.209023e-12
 1.604863e-12
-5.404903e-13
 2.742497e-12
-4.279462e-12
 2.308016e-12
-4.663117e-13
 1.367473e-12
-2.315497e-12
 9.077817e-13
 4.205507e-13
 2.683926e-13
-1.041757e-12
 1.538506e-13
 6.735737e-13
-6.723301e-14
-5.606262e-13
-2.558793e-11
 3.508120e-11
-1.690018e-11
 1.361015e-11
-1.538263e-11
 7.200192e-12
-1.580644e-12
-2.092909e-13
 1.745305e-12
-3.702736e-12
 3.274105e-12
-2.256780e-12
 2.491695e-12
-2.809232e-12
 1.737440e-12
-7.280719e-13
 9.233077e-13
-1.160734e-12
 4.255373e-13
 2.104701e-13
 1.022761e-13
-4.218452e-13
-3.457364e-15
 3.883960e-13
 1.143634e-10
-1.660703e-10
 7.934758e-11
-1.814389e-11
 9.519507e-12
-8.945133e-12
 2.391058e-12
 2.165067e-12
-3.036415e-12
 3.001834e-12
-3.495099e-12
 3.583270e-12
-2.988666e-12
 2.295145e-12
-1.955002e-12
 1.595151e-12
-1.052773e-12
 6.035378e-13
-4.822448e-13
 3.779345e-13
-1.270453e-13
-6.603700e-14
 2.102067e-14
 2.398767e-14
-4.474212e-11
 5.999155e-11
-2.175535e-11
 3.631356e-12
-3.734847e-12
 1.852649e-12
-4.708366e-14
-8.903709e-13
-8.286268e-14
 6.154293e-13
 1.852323e-13
-8.800445e-13
 1.733266e-13
 4.566565e-13
 5.372776e-14
-5.767286e-13
 9.752706e-14
 3.756616e-13
-1.138112e-14
-3.625538e-13
 3.233008e-14
 2.953111e-13
-1.912703e-14
-2.485970e-13
-2.402659e-11
 3.449536e-11
-1.629868e-11
 8.999246e-12
-9.385354e-12
 4.969191e-12
-1.057712e-12
-3.300086e-13
 1.272733e-12
-2.277045e-12
 2.132788e-12
-1.592901e-12
 1.652678e-12
-1.734615e-12
 1.132519e-12
-5.645369e-13
 6.045482e-13
-6.807225e-13
 2.750561e-13
 6.600829e-14
 6.632918e-14
-2.168327e-13
-7.322947e-15
 1.993862e-13
 4.469885e-11
-6.551705e-11
 3.201367e-11
-7.545948e-12
 3.499013e-12
-3.382628e-12
 8.852193e-13
 7.743138e-13
-1.195245e-12
 1.191671e-12
-1.333412e-12
 1.310498e-12
-1.134914e-12
 9.112045e-13
-7.449815e-13
 5.702116e-13
-3.947315e-13
 2.586498e-13
-1.844231e-13
 1.200720e-13
-4.449334e-14
-3.278373e-15
 7.975287e-15
-7.124431e-15
-9.691346e-12
 1.238796e-11
-2.817293e-12
-5.053458e-13
 7.595002e-14
-4.962580e-13
 3.294534e-13
-9.480189e-14
-4.363084e-13
 7.377492e-13
-4.542112e-13
 1.552958e-13
-3.722425e-13
 5.549721e-13
-2.708647e-13
-1.586764e-14
-1.202436e-13
 2.631786e-13
-7.653563e-14
-1.090624e-13
-7.286622e-15
 1.252979e-13
-5.344483e-15
-1.118243e-13
-1.606576e-11
 2.264056e-11
-1.063759e-11
 4.970169e-12
-4.838170e-12
 2.601291e-12
-5.878286e-13
-2.201028e-13
 6.909180e-13
-1.197089e-12
 1.127270e-12
-8.677054e-13
 8.827264e-13
-9.088853e-13
 6.032981e-13
-3.141985e-13
 3.226815e-13
-3.485778e-13
 1.471514e-13
 2.491369e-14
 3.654492e-14
-1.044445e-13
-3.385626e-15
 9.872662e-14
 2.067538e-11
-3.015587e-11
 1.428435e-11
-2.710074e-12
 7.392193e-13
-8.407997e-13
 2.649130e-13
 2.118704e-13
-3.611755e-13
 3.653087e-13
-3.672975e-13
 3.424893e-13
-3.173521e-13
 2.755119e-13
-2.110337e-13
 1.416726e-13
-1.077308e-13
 8.471393e-14
-5.406911e-14
 2.189078e-14
-1.141950e-14
 7.405743e-15
 7.564450e-16
-1.028248e-14
-1.373822e-12
 1.038419e-12
 1.043541e-12
-1.154465e-12
 8.850246e-13
-8.952049e-13
 2.849208e-13
 9.379613e-14
-3.859253e-13
 5.296792e-13
-4.481908e-13
 3.162447e-13
-3.694121e-13
 4.027660e-13
-2.528414e-13
 1.032510e-13
-1.266771e-13
 1.598213e-13
-6.521070e-14
-2.294811e-14
-1.202748e-14
 5.305920e-14
 1.443944e-16
-4.846794e-14
-7.859907e-12
 1.121417e-11
-5.201794e-12
 2.336772e-12
-2.245360e-12
 1.207329e-12
-2.571400e-13
-9.458072e-14
 3.174822e-13

Forecasting scores:

mase, smape, msis

  1.107220
 62.105127
  4.764722
End
