darima-master/data/MPS_Traffic_Volume_train.csv
/home/bsuconn/spark/spark-3.0.1-bin-hadoop3.2/python/pyspark/sql/pandas/group_ops.py:73: UserWarning: It is preferred to use 'applyInPandas' over this API. This API will be deprecated in the future releases. See SPARK-28264 for more details.
  warnings.warn(
Model results are saved to:	darima-master/result/darima_model_MPS_Traffic_Volume_2020-12-05-13:33:03.pkl
Coefficient results are saved to:	darima-master/result/darima_coef_MPS_Traffic_Volume_2020-12-05-13:33:03.csv
Forecasting results are saved to:	darima-master/result/darima_forec_MPS_Traffic_Volume_2020-12-05-13:33:03.csv

Model Summary:

 sample_size  sample_size_per_partition  n_par  partition_num  time_mapred  time_model_forec  time_model_eval
       46764                       3117   2001             15   118.043492          4.960865         0.083525

DLSA Coefficients:

 4.185620e+02
 0.000000e+00
 1.317684e+00
-4.211649e-01
-6.775374e-02
 7.532404e-02
-6.763088e-03
-2.956678e-02
-2.091746e-02
 1.039844e-03
 1.639255e-02
-1.300255e-02
-1.961029e-02
-3.847090e-03
 1.612065e-02
-4.622954e-03
-1.394034e-02
-6.927730e-03
 1.283590e-02
-2.372456e-05
-8.943792e-03
-7.834594e-03
 9.281186e-03
 1.710129e-03
-5.148138e-03
 2.315472e-01
-3.090610e-01
 1.040209e-01
 1.505371e-02
-2.671692e-02
 5.801315e-03
 7.451987e-03
 6.562355e-03
-7.219565e-03
-2.029992e-03
 3.671913e-03
 6.204961e-03
-3.505220e-03
-2.380122e-03
 9.488850e-04
 4.504285e-03
-1.295478e-03
-1.377997e-03
-5.230305e-04
 2.792838e-03
-4.023276e-04
-2.228437e-04
-9.345976e-04
 1.475495e-03
 5.415578e-02
-6.994357e-02
 2.124003e-02
 4.457615e-03
-4.383893e-03
 1.036336e-03
 3.623714e-04
 2.669391e-03
-1.660246e-03
-3.250918e-04
 1.753106e-04
 2.223570e-03
-9.738613e-04
-4.738368e-04
-1.748584e-04
 1.772384e-03
-5.699106e-04
-2.990284e-04
-3.826397e-04
 1.333723e-03
-4.094855e-04
-5.389845e-05
-4.014820e-04
 9.769199e-04
 3.364454e-02
-4.259879e-02
 1.281773e-02
 3.895040e-03
-3.413937e-03
-2.053458e-04
 1.730690e-04
 2.992663e-03
-1.706146e-03
-1.365666e-03
 4.358797e-05
 2.649257e-03
-7.212659e-04
-1.532130e-03
-3.227785e-04
 2.250756e-03
-2.034400e-04
-1.296449e-03
-5.251475e-04
 1.830250e-03
-1.775646e-05
-1.000087e-03
-5.267575e-04
 1.501134e-03
 3.166794e-04
-1.269019e-03
-2.643254e-04
 1.317152e-03
-1.196511e-04
-7.016391e-04
-3.118592e-04
 1.249741e-03
-1.674870e-04
-7.343119e-04
-2.344623e-04
 1.235909e-03
-1.700169e-04
-7.668437e-04
-2.282958e-04
 1.231173e-03
-1.200858e-04
-7.890088e-04
-2.642609e-04
 1.206549e-03
-4.590479e-05
-7.829325e-04
-3.141711e-04
 1.154908e-03
 4.480272e-04
-1.259607e-03
-2.337966e-04
 1.130655e-03
 6.799140e-05
-7.094112e-04
-3.625862e-04
 1.010824e-03
 1.327995e-04
-6.459234e-04
-3.934341e-04
 9.361955e-04
 1.610324e-04
-6.030175e-04
-3.997671e-04
 8.697194e-04
 1.791426e-04
-5.648732e-04
-3.995865e-04
 8.121265e-04
 1.949020e-04
-5.315854e-04
-3.986594e-04
 7.611620e-04
 6.512658e-05
-3.296282e-04
-4.370993e-04
 6.939734e-04
 2.349691e-04
-4.663580e-04
-4.116266e-04
 6.675101e-04
 2.409599e-04
-4.457448e-04
-4.029862e-04
 6.232011e-04
 2.539042e-04
-4.142185e-04
-4.012527e-04
 5.798813e-04
 2.656456e-04
-3.840206e-04
-3.992501e-04
 5.379249e-04
 2.743406e-04
-3.551044e-04
-3.958908e-04
 4.977322e-04
 3.608509e-04
-4.223162e-04
-3.683393e-04
 4.696985e-04
 2.800493e-04
-3.056772e-04
-3.779818e-04
 4.243962e-04
 2.872469e-04
-2.746546e-04
-3.778951e-04
 3.903038e-04
 2.889324e-04
-2.521777e-04
-3.720900e-04
 3.581377e-04
 2.886226e-04
-2.300503e-04
-3.649028e-04
 3.277479e-04
 2.875528e-04
-2.085992e-04
-3.570754e-04
 2.990793e-04
 2.369750e-04
-1.309501e-04
-3.624640e-04
 2.657796e-04
 2.855774e-04
-1.656316e-04
-3.448668e-04
 2.460816e-04
 2.789955e-04
-1.511210e-04
-3.317229e-04
 2.221744e-04
 2.742240e-04
-1.328736e-04
-3.215791e-04
 1.996827e-04
 2.693474e-04
-1.161253e-04
-3.117636e-04
 1.785616e-04
 2.637152e-04
-1.005950e-04
-3.018720e-04
 1.587227e-04
 2.937746e-04
-1.289209e-04
-2.815424e-04
 1.446195e-04
 2.488572e-04
-7.431912e-05
-2.785001e-04
 1.230882e-04
 2.439973e-04
-5.903082e-05
-2.710582e-04
 1.068165e-04
 2.369221e-04
-4.770182e-05
-2.613788e-04
 9.169185e-05
 2.292470e-04
-3.687203e-05
-2.513295e-04
 7.766775e-05
 2.215111e-04
-2.668666e-05
-2.412508e-04
 6.471414e-05
 1.889731e-04
 1.202420e-05
-2.382823e-04
 4.973445e-05
 2.071627e-04
-7.335170e-06
-2.234755e-04
 4.152917e-05
 1.977649e-04
-1.004849e-06
-2.119038e-04
 3.144660e-05
 1.896664e-04
 6.670847e-06
-2.019425e-04
 2.218337e-05
 1.818180e-04
 1.348546e-05
-1.924022e-04
 1.369072e-05
 1.739291e-04
 1.958598e-05
-1.830959e-04
 5.913773e-06
 1.824150e-04
 5.727817e-06
-1.693167e-04
 8.059788e-07
 1.573959e-04
 2.924965e-05
-1.636919e-04
-7.460207e-06
 1.506825e-04
 3.477296e-05
-1.561990e-04
-1.329695e-05
 1.432331e-04
 3.847765e-05
-1.479770e-04
-1.853311e-05
 1.357764e-04
 4.186143e-05
-1.398278e-04
-2.320187e-05
 1.285369e-04
 4.487578e-05
-1.318917e-04
-2.732999e-05
 1.107820e-04
 6.018560e-05
-1.272787e-04
-3.225052e-05
 1.152378e-04
 5.024150e-05
-1.176963e-04
-3.422571e-05
 1.079645e-04
 5.139667e-05
-1.097508e-04
-3.694992e-05
 1.014598e-04
 5.308730e-05
-1.026952e-04
-3.928655e-05
 9.526470e-05
 5.437240e-05
-9.600999e-05
-4.126515e-05
 8.924569e-05
 5.532424e-05
-8.960675e-05
-4.291759e-05
 9.050153e-05
 4.761552e-05
-8.142974e-05
-4.341594e-05
 7.743124e-05
 5.609134e-05
-7.697223e-05
-4.525902e-05
 7.245090e-05
 5.676456e-05
-7.184903e-05
-4.606531e-05
 6.731553e-05
 5.665822e-05
-6.656324e-05
-4.662156e-05
 6.233100e-05
 5.642321e-05
-6.145283e-05
-4.694747e-05
 5.758663e-05
 5.604382e-05
-5.657137e-05
-4.705930e-05
 4.838977e-05
 6.105735e-05
-5.327440e-05
-4.753724e-05
 4.901815e-05
 5.506087e-05
-4.791567e-05
-4.677035e-05
 4.465266e-05
 5.395135e-05
-4.339946e-05
-4.635731e-05
 4.073872e-05
 5.310296e-05
-3.937745e-05
-4.581049e-05
 3.706946e-05
 5.211322e-05
-3.561908e-05
-4.514519e-05
 3.358081e-05
 5.101587e-05
-3.208011e-05
-4.437733e-05
 3.336399e-05
 4.617701e-05
-2.785518e-05
-4.315034e-05
 2.698810e-05
 4.844841e-05
-2.534555e-05
-4.254725e-05
 2.422637e-05
 4.735045e-05
-2.261755e-05
-4.153881e-05
 2.147722e-05
 4.595949e-05
-1.989452e-05
-4.046630e-05
 1.886879e-05
 4.455693e-05
-1.731724e-05
-3.933896e-05
 1.643441e-05
 4.313668e-05
-1.490396e-05
-3.816434e-05
 1.212815e-05
 4.410867e-05
-1.324087e-05
-3.719355e-05
 1.215485e-05
 4.033465e-05
-1.073250e-05
-3.573049e-05
 1.006567e-05
 3.873554e-05
-8.645021e-06
-3.446589e-05
 8.223828e-06
 3.729430e-05
-6.818510e-06
-3.318891e-05
 6.535245e-06
 3.583721e-05
-5.149541e-06
-3.190582e-05
 4.968352e-06
 3.437845e-05
-3.615289e-06
-3.062302e-05
 4.860619e-06
 3.134037e-05
-1.818759e-06
-2.918594e-05
 2.116905e-06
 3.143252e-05
-8.010546e-07
-2.806148e-05
 9.736495e-07
 3.010433e-05
 2.834945e-07
-2.680456e-05
-1.344633e-07
 2.869196e-05
 1.338915e-06
-2.556159e-05
-1.154834e-06
 2.731588e-05
 2.307252e-06
-2.433562e-05
-2.075894e-06
 2.597251e-05
 3.183275e-06
-2.312891e-05
-3.786989e-06
 2.570556e-05
 3.715064e-06
-2.204885e-05
-3.601494e-06
 2.341923e-05
 4.597762e-06
-2.079381e-05
-4.316386e-06
 2.211351e-05
 5.282954e-06
-1.966082e-05
-4.909850e-06
 2.091191e-05
 5.843040e-06
-1.855774e-05
-5.424670e-06
 1.973833e-05
 6.324574e-06
-1.748610e-05
-5.876370e-06
 1.859773e-05
 6.739190e-06
-1.644746e-05
-5.687431e-06
 1.680544e-05
 7.260652e-06
-1.537386e-05
-6.633099e-06
 1.640057e-05
 7.438874e-06
-1.446570e-05
-6.880166e-06
 1.541015e-05
 7.642490e-06
-1.352961e-05
-7.107862e-06
 1.441229e-05
 7.830669e-06
-1.262757e-05
-7.294693e-06
 1.345776e-05
 7.979588e-06
-1.175970e-05
-7.436850e-06
 1.254383e-05
 8.088086e-06
-1.092580e-05
-7.920360e-06
 1.212114e-05
 8.048021e-06
-1.017105e-05
-7.583332e-06
 1.084824e-05
 8.161546e-06
-9.364073e-06
-7.637246e-06
 1.002297e-05
 8.191601e-06
-8.631970e-06
-7.640685e-06
 9.264472e-06
 8.170554e-06
-7.933850e-06
-7.612893e-06
 8.538819e-06
 8.119171e-06
-7.269283e-06
-7.561228e-06
 7.847063e-06
 8.043069e-06
-6.637882e-06
-7.236436e-06
 6.891930e-06
 8.017991e-06
-6.009269e-06
-7.406998e-06
 6.554659e-06
 7.849505e-06
-5.468962e-06
-7.280355e-06
 5.980517e-06
 7.697740e-06
-4.932495e-06
-7.150705e-06
 5.418796e-06
 7.545228e-06
-4.425684e-06
-7.009089e-06
 4.890476e-06
 7.381982e-06
-3.947665e-06
-6.854156e-06
 4.393468e-06
 7.207748e-06
-3.497466e-06
-6.853070e-06
 4.121788e-06
 6.975942e-06
-3.093747e-06
-6.503618e-06
 3.494463e-06
 6.817473e-06
-2.678959e-06
-6.329796e-06
 3.071995e-06
 6.629822e-06
-2.307195e-06
-6.140865e-06
 2.688847e-06
 6.427149e-06
-1.960046e-06
-5.945228e-06
 2.329625e-06
 6.218474e-06
-1.636604e-06
-5.746117e-06
 1.994076e-06
 6.006246e-06
-1.336010e-06
-5.435810e-06
 1.553006e-06
 5.823218e-06
-1.044488e-06
-5.346488e-06
 1.386737e-06
 5.585264e-06
-7.983330e-07
-5.135538e-06
 1.125119e-06
 5.361620e-06
-5.604778e-07
-4.930071e-06
 8.753673e-07
 5.144624e-06
-3.414992e-07
-4.726146e-06
 6.459793e-07
 4.929876e-06
-1.404844e-07
-4.523093e-06
 4.355242e-07
 4.717162e-06
 4.349771e-08
-4.393048e-06
 3.273506e-07
 4.486223e-06
 2.028734e-07
-4.118861e-06
 6.989394e-08
 4.293523e-06
 3.629472e-07
-3.926845e-06
-9.503765e-08
 4.094580e-06
 5.007943e-07
-3.734433e-06
-2.394255e-07
 3.895379e-06
 6.247675e-07
-3.545107e-06
-3.703107e-07
 3.699652e-06
 7.356391e-07
-3.360103e-06
-4.881761e-07
 3.508288e-06
 8.341369e-07
-3.132713e-06
-6.491923e-07
 3.335267e-06
 9.265425e-07
-3.006292e-06
-6.893502e-07
 3.144047e-06
 9.974971e-07
-2.832632e-06
-7.689009e-07
 2.964379e-06
 1.063295e-06
-2.666476e-06
-8.417913e-07
 2.792756e-06
 1.119640e-06
-2.505939e-06
-9.046173e-07
 2.627091e-06
 1.167177e-06
-2.350549e-06
-9.582413e-07
 2.467102e-06
 1.206540e-06
-2.231287e-06
-9.668817e-07
 2.303849e-06
 1.234674e-06
-2.054159e-06
-1.039428e-06
 2.161541e-06
 1.262702e-06
-1.916750e-06
-1.071604e-06
 2.020767e-06
 1.280906e-06
-1.783211e-06
-1.094687e-06
 1.883932e-06
 1.293060e-06
-1.654865e-06
-1.111878e-06
 1.752465e-06
 1.299648e-06
-1.532069e-06
-1.123533e-06
 1.626570e-06
 1.301122e-06
-1.394472e-06
-1.154049e-06
 1.512107e-06
 1.300318e-06
-1.303825e-06
-1.132701e-06
 1.393117e-06
 1.290718e-06
-1.195942e-06
-1.128821e-06
 1.282285e-06
 1.279457e-06
-1.094303e-06
-1.122611e-06
 1.177926e-06
 1.264769e-06
-9.979336e-07
-1.112689e-06
 1.078978e-06
 1.247014e-06
-9.064737e-07
-1.099503e-06
 9.851621e-07
 1.226533e-06
-8.331516e-07
-1.067667e-06
 8.924628e-07
 1.202069e-06
-7.372241e-07
-1.064268e-06
 8.111907e-07
 1.178475e-06
-6.606944e-07
-1.044319e-06
 7.328156e-07
 1.151601e-06
-5.879413e-07
-1.021371e-06
 6.582395e-07
 1.123113e-06
-5.194031e-07
-9.968432e-07
 5.879457e-07
 1.093249e-06
-4.551052e-07
-9.709165e-07
 5.218937e-07
 1.062229e-06
-3.861353e-07
-9.541503e-07
 4.624916e-07
 1.031295e-06
-3.390421e-07
-9.160167e-07
 4.027270e-07
 9.976447e-07
-2.859924e-07
-8.864713e-07
 3.479659e-07
 9.643673e-07
-2.370173e-07
-8.569696e-07
 2.973717e-07
 9.307032e-07
-1.915916e-07
-8.269173e-07
 2.503818e-07
 8.968059e-07
-1.494604e-07
-7.965067e-07
 2.067768e-07
 8.628188e-07
-1.162413e-07
-7.590876e-07
 1.647283e-07
 8.281901e-07
-7.424942e-08
-7.349871e-07
 1.285996e-07
 7.950044e-07
-4.153776e-08
-7.047648e-07
 9.462124e-08
 7.614555e-07
-1.127918e-08
-6.742598e-07
 6.310255e-08
 7.282459e-07
 1.641399e-08
-6.440676e-07
 3.417575e-08
 6.954602e-07
 4.160365e-08
-6.142484e-07
 7.751208e-09
 6.631722e-07
 6.820707e-08
-5.893413e-07
-1.519917e-08
 6.318959e-07
 8.482462e-08
-5.561415e-07
-3.776783e-08
 6.003978e-07
 1.035361e-07
-5.275615e-07
-5.769753e-08
 5.699863e-07
 1.200672e-07
-4.998867e-07
-7.540627e-08
 5.403074e-07
 1.346983e-07
-4.728351e-07
-9.118998e-08
 5.114005e-07
 1.475894e-07
-4.464632e-07
-1.051929e-07
 4.832998e-07
 1.563618e-07
-4.178726e-07
-1.182508e-07
 4.557390e-07
 1.686954e-07
-3.958132e-07
-1.285225e-07
 4.295896e-07
 1.768354e-07
-3.718625e-07
-1.376758e-07
 4.040429e-07
 1.837673e-07
-3.485141e-07
-1.456141e-07
 3.793733e-07
 1.894774e-07
-3.259968e-07
-1.523147e-07
 3.555885e-07
 1.940246e-07
-3.043086e-07
-1.578478e-07
 3.326916e-07
 1.991297e-07
-2.853815e-07
-1.618230e-07
 3.108759e-07
 1.998976e-07
-2.634860e-07
-1.656021e-07
 2.895804e-07
 2.015691e-07
-2.441701e-07
-1.682350e-07
 2.693421e-07
 2.023210e-07
-2.258027e-07
-1.699243e-07
 2.499805e-07
 2.022949e-07
-2.082354e-07
-1.708180e-07
 2.314857e-07
 2.015785e-07
-1.914664e-07
-1.709965e-07
 2.138458e-07
 1.991613e-07
-1.742185e-07
-1.708372e-07
 1.969198e-07
 1.983742e-07
-1.602447e-07
-1.695597e-07
 1.810587e-07
 1.958821e-07
-1.458837e-07
-1.678973e-07
 1.658887e-07
 1.929858e-07
-1.321885e-07
-1.658196e-07
 1.515042e-07
 1.896896e-07
-1.192347e-07
-1.633270e-07
 1.378851e-07
 1.860278e-07
-1.069990e-07
-1.604585e-07
 1.250103e-07
 1.827511e-07
-9.629372e-08
-1.570531e-07
 1.129414e-07
 1.777522e-07
-8.462405e-08
-1.537051e-07
 1.014150e-07
 1.732994e-07
-7.436524e-08
-1.500095e-07
 9.064275e-08
 1.686097e-07
-6.479350e-08
-1.460581e-07
 8.052713e-08
 1.637477e-07
-5.582592e-08
-1.419180e-07
 7.104499e-08
 1.587536e-07
-4.744374e-08
-1.376265e-07
 6.217323e-08
 1.531929e-07
-3.907817e-08
-1.333481e-07
 5.383371e-08
 1.485046e-07
-3.233315e-08
-1.287469e-07
 4.616142e-08
 1.432490e-07
-2.561205e-08
-1.241398e-07
 3.897918e-08
 1.379875e-07
-1.935438e-08
-1.195133e-07
 3.231273e-08
 1.327208e-07
-1.357846e-08
-1.148668e-07
 2.613912e-08
 1.274625e-07
-8.260538e-09
-1.102158e-07
 2.043555e-08
 1.225346e-07
-3.738441e-09
-1.054888e-07
 1.521572e-08
 1.170252e-07
 1.077357e-09
-1.009403e-07
 1.035371e-08
 1.119108e-07
 5.172933e-09
-9.639297e-08
 5.929250e-09
 1.068505e-07
 8.871797e-09
-9.188342e-08
 1.889333e-09
 1.018687e-07
 1.222012e-08
-8.743756e-08
-1.786361e-09
 9.697942e-08
 1.523579e-08
-8.306808e-08
-5.117522e-09
 9.199122e-08
 1.817356e-08
-7.884242e-08
-8.147016e-09
 8.752155e-08
 2.034954e-08
-7.461175e-08
-1.082513e-08
 8.294471e-08
 2.246118e-08
-7.050897e-08
-1.323638e-08
 7.849886e-08
 2.432627e-08
-6.652427e-08
-1.537715e-08
 7.418009e-08
 2.594393e-08
-6.265320e-08
-1.726434e-08
 6.998982e-08
 2.733099e-08
-5.889825e-08
-1.891430e-08
 6.606276e-08
 2.834768e-08
-5.522437e-08
-2.032717e-08
 6.200064e-08
 2.947005e-08
-5.173713e-08
-2.156292e-08
 5.822069e-08
 3.026557e-08
-4.835561e-08
-2.259229e-08
 5.457120e-08
 3.087872e-08
-4.509142e-08
-2.344296e-08
 5.105836e-08
 3.133387e-08
-4.195145e-08
-2.412809e-08
 4.768375e-08
 3.164278e-08
-3.893695e-08
-2.466019e-08
 4.436038e-08
 3.191917e-08
-3.607285e-08
-2.506147e-08
 4.135055e-08
 3.187113e-08
-3.329077e-08
-2.531379e-08
 3.837986e-08
 3.180285e-08
-3.064402e-08
-2.545668e-08
 3.554699e-08
 3.163841e-08
-2.812439e-08
-2.549134e-08
 3.284619e-08
 3.137992e-08
-2.572604e-08
-2.542751e-08
 3.027408e-08
 3.103685e-08
-2.344625e-08
-2.527446e-08
 2.788495e-08
 3.055083e-08
-2.126615e-08
-2.503420e-08
 2.550307e-08
 3.012912e-08
-1.922772e-08
-2.473435e-08
 2.330489e-08
 2.958648e-08
-1.729250e-08
-2.436380e-08
 2.122136e-08
 2.898661e-08
-1.546209e-08
-2.393578e-08
 1.925169e-08
 2.834113e-08
-1.373616e-08
-2.345710e-08
 1.739324e-08
 2.765607e-08
-1.211208e-08
-2.293411e-08
 1.560522e-08
 2.698128e-08
-1.059754e-08
-2.237717e-08
 1.399778e-08
 2.619136e-08
-9.160049e-09
-2.177908e-08
 1.244947e-08
 2.541811e-08
-7.819785e-09
-2.115739e-08
 1.100002e-08
 2.462909e-08
-6.570471e-09
-2.051297e-08
 9.644202e-09
 2.382544e-08
-5.406975e-09
-1.985027e-08
 8.377925e-09
 2.301135e-08
-4.325616e-09
-1.917342e-08
 7.222110e-09
 2.216164e-08
-3.315860e-09
-1.848332e-08
 6.098481e-09
 2.136570e-08
-2.393550e-09
-1.779183e-08
 5.080936e-09
 2.054340e-08
-1.539913e-09
-1.709401e-08
 4.137482e-09
 1.972197e-08
-7.535746e-10
-1.639535e-08
 3.265707e-09
 1.890614e-08
-3.243998e-11
-1.569852e-08
 2.462503e-09
 1.809814e-08
 6.264907e-10
-1.500589e-08
 1.708403e-09
 1.731905e-08
 1.221651e-09
-1.432156e-08
 1.049201e-09
 1.651426e-08
 1.768726e-09
-1.364196e-08
 4.307972e-10
 1.574016e-08
 2.260567e-09
-1.297418e-08
-1.312196e-10
 1.498219e-08
 2.701359e-09
-1.231808e-08
-6.405830e-10
 1.424025e-08
 3.094701e-09
-1.167503e-08
-1.100444e-09
 1.351555e-08
 3.443479e-09
-1.104622e-08
-1.503070e-09
 1.279656e-08
 3.753457e-09
-1.043145e-08
-1.883472e-09
 1.212125e-08
 4.018929e-09
-9.835214e-09
-2.210884e-09
 1.145435e-08
 4.249060e-09
-9.254749e-09
-2.500177e-09
 1.080693e-08
 4.445428e-09
-8.691788e-09
-2.753379e-09
 1.018036e-08
 4.609851e-09
-8.146825e-09
-2.972747e-09
 9.574915e-09
 4.744472e-09
-7.620241e-09
-3.167536e-09
 8.999007e-09
 4.849395e-09
-7.113141e-09
-3.318757e-09
 8.428370e-09
 4.932115e-09
-6.623338e-09
-3.450490e-09
 7.886668e-09
 4.990205e-09
-6.153242e-09
-3.556668e-09
 7.366938e-09
 5.026079e-09
-5.702145e-09
-3.639512e-09
 6.868469e-09
 5.041844e-09
-5.270002e-09
-3.700937e-09
 6.391119e-09
 5.039248e-09
-4.856704e-09
-3.738111e-09
 5.929269e-09
 5.021235e-09
-4.461541e-09
-3.766607e-09
 5.498665e-09
 4.985752e-09
-4.085851e-09
-3.773556e-09
 5.083457e-09
 4.937123e-09
-3.727846e-09
-3.765749e-09
 4.687822e-09
 4.876357e-09
-3.387696e-09
-3.744394e-09
 4.311751e-09
 4.804530e-09
-3.065049e-09
-3.710758e-09
 3.954783e-09
 4.722821e-09
-2.759522e-09
-3.669098e-09
 3.619991e-09
 4.631497e-09
-2.471057e-09
-3.611440e-09
 3.296353e-09
 4.533984e-09
-2.198194e-09
-3.548378e-09
 2.993558e-09
 4.429399e-09
-1.941474e-09
-3.477459e-09
 2.708090e-09
 4.318917e-09
-1.700109e-09
-3.399782e-09
 2.439149e-09
 4.203558e-09
-1.473612e-09
-3.316289e-09
 2.186202e-09
 4.084166e-09
-1.261490e-09
-3.225852e-09
 1.946366e-09
 3.962076e-09
-1.063006e-09
-3.135266e-09
 1.726002e-09
 3.836448e-09
-8.783237e-10
-3.039025e-09
 1.517849e-09
 3.709178e-09
-7.062769e-10
-2.940098e-09
 1.323308e-09
 3.580712e-09
-5.465601e-10
-2.839022e-09
 1.141991e-09
 3.451511e-09
-3.986607e-10
-2.736348e-09
 9.733338e-10
 3.322067e-09
-2.620684e-10
-2.633903e-09
 8.183147e-10
 3.192465e-09
-1.364311e-10
-2.528221e-09
 6.718426e-10
 3.064142e-09
-2.080681e-11
-2.423840e-09
 5.377854e-10
 2.936666e-09
 8.486632e-11
-2.319657e-09
 4.143261e-10
 2.810484e-09
 1.812086e-10
-2.216093e-09
 3.008368e-10
 2.685967e-09
 2.686941e-10
-2.113493e-09
 1.968187e-10
 2.563403e-09
 3.477864e-10
-2.011301e-09
 1.007750e-10
 2.443288e-09
 4.190391e-10
-1.912376e-09
 1.521390e-11
 2.325171e-09
 4.826026e-10
-1.814261e-09
-6.322441e-11
 2.209779e-09
 5.391890e-10
-1.718151e-09
-1.341447e-10
 2.097208e-09
 5.891251e-10
-1.624191e-09
-1.979121e-10
 1.987560e-09
 6.328149e-10
-1.532527e-09
-2.549549e-10
 1.880943e-09
 6.706490e-10
-1.443852e-09
-3.050234e-10
 1.777293e-09
 7.029382e-10
-1.356573e-09
-3.504764e-10
 1.677124e-09
 7.302371e-10
-1.272553e-09
-3.897935e-10
 1.580145e-09
 7.527092e-10
-1.191215e-09
-4.238979e-10
 1.486441e-09
 7.707491e-10
-1.112643e-09
-4.531894e-10
 1.396067e-09
 7.846785e-10
-1.036885e-09
-4.780021e-10
 1.309041e-09
 7.948051e-10
-9.636015e-10
-4.990915e-10
 1.225472e-09
 8.014669e-10
-8.939287e-10
-5.154753e-10
 1.145061e-09
 8.048190e-10
-8.267074e-10
-5.286962e-10
 1.068018e-09
 8.052512e-10
-7.623575e-10
-5.386674e-10
 9.942846e-10
 8.029794e-10
-7.008455e-10
-5.456231e-10
 9.238031e-10
 7.982456e-10
-6.421407e-10
-5.498174e-10
 8.565237e-10
 7.912792e-10
-5.864508e-10
-5.512049e-10
 7.923219e-10
 7.822688e-10
-5.329981e-10
-5.508600e-10
 7.313269e-10
 7.715022e-10
-4.824985e-10
-5.481763e-10
 6.733209e-10
 7.590927e-10
-4.346182e-10
-5.435969e-10
 6.182528e-10
 7.452480e-10
-3.893093e-10
-5.373332e-10
 5.660600e-10
 7.301394e-10
-3.465125e-10
-5.295635e-10
 5.166668e-10
 7.139277e-10
-3.060030e-10
-5.206437e-10
 4.700393e-10
 6.967821e-10
-2.681952e-10
-5.101745e-10
 4.259706e-10
 6.787890e-10
-2.325161e-10
-4.988431e-10
 3.844764e-10
 6.601325e-10
-1.990763e-10
-4.866293e-10
 3.454585e-10
 6.409178e-10
-1.677938e-10
-4.736481e-10
 3.088228e-10
 6.212586e-10
-1.385903e-10
-4.600199e-10
 2.744809e-10
 6.012598e-10
-1.114930e-10
-4.457327e-10
 2.423150e-10
 5.810063e-10
-8.610655e-11
-4.312554e-10
 2.123195e-10
 5.606232e-10
-6.268295e-11
-4.163286e-10
 1.843421e-10
 5.401580e-10
-4.102354e-11
-4.011438e-10
 1.583048e-10
 5.196969e-10
-2.105578e-11
-3.857906e-10
 1.341272e-10
 4.993085e-10
-2.704670e-12
-3.703421e-10
 1.117262e-10
 4.790553e-10
 1.417383e-11
-3.549466e-10
 9.103914e-11
 4.590017e-10
 2.944517e-11
-3.394248e-10
 7.193104e-11
 4.391752e-10
 4.339900e-11
-3.240650e-10
 5.436554e-11
 4.196443e-10
 5.602731e-11
-3.088491e-10
 3.825951e-11
 4.004422e-10
 6.740309e-11
-2.938161e-10
 2.353383e-11
 3.816050e-10
 7.759557e-11
-2.790066e-10
 1.011409e-11
 3.631643e-10
 8.662626e-11
-2.644030e-10
-2.084682e-12
 3.451423e-10
 9.469711e-11
-2.501949e-10
-1.309689e-11
 3.275778e-10
 1.017286e-10
-2.362568e-10
-2.301837e-11
 3.104759e-10
 1.078339e-10
-2.226573e-10
-3.191088e-11
 2.938581e-10
 1.130698e-10
-2.094207e-10
-3.983527e-11
 2.777378e-10
 1.174925e-10
-1.965638e-10
-4.685192e-11
 2.621257e-10
 1.211862e-10
-1.841358e-10
-5.301062e-11
 2.470332e-10
 1.241135e-10
-1.720441e-10
-5.839069e-11
 2.324557e-10
 1.264182e-10
-1.603983e-10
-6.302737e-11
 2.184064e-10
 1.281143e-10
-1.491753e-10
-6.697458e-11
 2.048831e-10
 1.292494e-10
-1.383769e-10
-7.028306e-11
 1.918852e-10
 1.298681e-10
-1.280056e-10
-7.300021e-11
 1.794102e-10
 1.299932e-10
-1.180389e-10
-7.517666e-11
 1.674517e-10
 1.297239e-10
-1.085441e-10
-7.684000e-11
 1.560111e-10
 1.290372e-10
-9.945250e-11
-7.804320e-11
 1.450750e-10
 1.279917e-10
-9.077949e-11
-7.882340e-11
 1.346376e-10
 1.266211e-10
-8.252165e-11
-7.921633e-11
 1.246900e-10
 1.249576e-10
-7.467267e-11
-7.925655e-11
 1.152225e-10
 1.230448e-10
-6.724045e-11
-7.897311e-11
 1.062260e-10
 1.208725e-10
-6.017214e-11
-7.840698e-11
 9.768486e-11
 1.185084e-10
-5.350238e-11
-7.757926e-11
 8.959154e-11
 1.159634e-10
-4.720904e-11
-7.651839e-11
 8.193239e-11
 1.132618e-10
-4.128107e-11
-7.525071e-11
 7.469470e-11
 1.104264e-10
-3.570812e-11
-7.380046e-11
 6.786547e-11
 1.074698e-10
-3.046949e-11
-7.219269e-11
 6.143044e-11
 1.044369e-10
-2.558356e-11
-7.044191e-11
 5.537904e-11
 1.013195e-10
-2.101048e-11
-6.857307e-11
 4.969491e-11
 9.814419e-11
-1.674709e-11
-6.660380e-11
 4.436532e-11
 9.492616e-11
-1.278250e-11
-6.455068e-11
 3.937663e-11
 9.167971e-11
-9.105001e-12
-6.242936e-11
 3.471525e-11
 8.842360e-11
-5.709393e-12
-6.025274e-11
 3.036833e-11
 8.515316e-11
-2.564656e-12
-5.803854e-11
 2.632060e-11
 8.189693e-11
 3.220651e-13
-5.579557e-11
 2.256065e-11
 7.865859e-11
 2.967755e-12
-5.353552e-11
 1.907488e-11
 7.544758e-11
 5.384240e-12
-5.126894e-11
 1.585047e-11
 7.227223e-11
 7.582678e-12
-4.900523e-11
 1.287484e-11
 6.913637e-11
 9.578329e-12
-4.675394e-11
 1.013526e-11
 6.605769e-11
 1.136925e-11
-4.451989e-11
 7.620939e-12
 6.303063e-11
 1.297827e-11
-4.231224e-11
 5.318953e-12
 6.006462e-11
 1.441207e-11
-4.013685e-11
 3.218274e-12
 5.716404e-11
 1.568034e-11
-3.799901e-11
 1.307818e-12
 5.433278e-11
 1.679282e-11
-3.590352e-11
-4.231644e-13
 5.157657e-11
 1.775613e-11
-3.385388e-11
-1.984798e-12
 4.889097e-11
 1.858776e-11
-3.185562e-11
-3.387954e-12
 4.628582e-11
 1.928844e-11
-2.991035e-11
-4.641544e-12
 4.376021e-11
 1.986906e-11
-2.802091e-11
-5.755171e-12
 4.131565e-11
 2.033801e-11
-2.618957e-11
-6.737826e-12
 3.895320e-11
 2.070318e-11
-2.441813e-11
-7.598148e-12
 3.667195e-11
 2.097396e-11
-2.270841e-11
-8.344607e-12
 3.447698e-11
 2.115211e-11
-2.106020e-11
-8.984602e-12
 3.236335e-11
 2.124988e-11
-1.947518e-11
-9.526241e-12
 3.033262e-11
 2.127233e-11
-1.795360e-11
-9.976603e-12
 2.838418e-11
 2.122563e-11
-1.649551e-11
-1.034260e-11
 2.651726e-11
 2.111579e-11
-1.510075e-11
-1.063080e-11
 2.473191e-11
 2.094732e-11
-1.376866e-11
-1.084735e-11
 2.302385e-11
 2.072923e-11
-1.249948e-11
-1.099852e-11
 2.139501e-11
 2.046315e-11
-1.129179e-11
-1.108961e-11
 1.984271e-11
 2.015497e-11
-1.014477e-11
-1.112606e-11
 1.836541e-11
 1.980935e-11
-9.057397e-12
-1.111288e-11
 1.696140e-11
 1.943059e-11
-8.028486e-12
-1.105483e-11
 1.562819e-11
 1.902355e-11
-7.056931e-12
-1.095647e-11
 1.436594e-11
 1.858966e-11
-6.140800e-12
-1.082176e-11
 1.317057e-11
 1.813479e-11
-5.279034e-12
-1.065489e-11
 1.204083e-11
 1.766159e-11
-4.470025e-12
-1.045949e-11
 1.097464e-11
 1.717311e-11
-3.712128e-12
-1.023902e-11
 9.969892e-12
 1.667226e-11
-3.003679e-12
-9.996710e-12
 9.024907e-12
 1.616120e-11
-2.342852e-12
-9.735534e-12
 8.136203e-12
 1.564397e-11
-1.728274e-12
-9.458447e-12
 7.303044e-12
 1.512138e-11
-1.157924e-12
-9.167903e-12
 6.522779e-12
 1.459598e-11
-6.300881e-13
-8.866361e-12
 5.793300e-12
 1.406975e-11
-1.430361e-13
-8.556050e-12
 5.112504e-12
 1.354449e-11
 3.049759e-13
-8.239023e-12
 4.478009e-12
 1.302216e-11
 7.155991e-13
-7.917202e-12
 3.888644e-12
 1.250321e-11
 1.090783e-12
-7.592215e-12
 3.341456e-12
 1.198999e-11
 1.432042e-12
-7.265741e-12
 2.834792e-12
 1.148338e-11
 1.741074e-12
-6.939186e-12
 2.366684e-12
 1.098447e-11
 2.019537e-12
-6.613855e-12
 1.935218e-12
 1.049419e-11
 2.269044e-12
-6.290928e-12
 1.538719e-12
 1.001319e-11
 2.491229e-12
-5.971439e-12
 1.174785e-12
 9.542869e-12
 2.687478e-12
-5.656403e-12
 8.422541e-13
 9.083227e-12
 2.859408e-12
-5.346597e-12
 5.391875e-13
 8.635009e-12
 3.008460e-12
-5.042787e-12
 2.639295e-13
 8.198699e-12
 3.136033e-12
-4.745622e-12
 1.487296e-14
 7.774684e-12
 3.243492e-12
-4.455669e-12
-2.096633e-13
 7.363427e-12
 3.332118e-12
-4.173428e-12
-4.107955e-13
 6.964728e-12
 3.403280e-12
-3.899265e-12
-5.903660e-13
 6.579198e-12
 3.458124e-12
-3.633565e-12
-7.496176e-13
 6.206831e-12
 3.497834e-12
-3.376591e-12
-8.898895e-13
 5.847683e-12
 3.523547e-12
-3.128561e-12
-1.012462e-12
 5.501774e-12
 3.536341e-12
-2.889638e-12
-1.118476e-12
 5.168975e-12
 3.537276e-12
-2.659926e-12
-1.209355e-12
 4.849509e-12
 3.527271e-12
-2.439520e-12
-1.285954e-12
 4.542987e-12
 3.507320e-12
-2.228417e-12
-1.349435e-12
 4.249349e-12
 3.478308e-12
-2.026613e-12
-1.400808e-12
 3.968430e-12
 3.441082e-12
-1.834060e-12
-1.441036e-12
 3.700031e-12
 3.396444e-12
-1.650680e-12
-1.471087e-12
 3.443992e-12
 3.345142e-12
-1.476372e-12
-1.491664e-12
 3.199878e-12
 3.287937e-12
-1.310985e-12
-1.503759e-12
 2.967608e-12
 3.225473e-12
-1.154382e-12
-1.508083e-12
 2.746850e-12
 3.158395e-12
-1.006385e-12
-1.505371e-12
 2.537303e-12
 3.087305e-12
-8.668003e-13
-1.496313e-12
 2.338664e-12
 3.012766e-12
-7.354234e-13
-1.481520e-12
 2.150573e-12
 2.935315e-12
-6.120308e-13
-1.461711e-12
 1.972835e-12
 2.855417e-12
-4.964050e-13
-1.437343e-12
 1.804999e-12
 2.773553e-12
-3.882957e-13
-1.408991e-12
 1.646767e-12
 2.690146e-12
-2.874609e-13
-1.377153e-12
 1.497807e-12
 2.605589e-12
-1.936493e-13
-1.342292e-12
 1.357781e-12
 2.520248e-12
-1.066054e-13
-1.304864e-12
 1.226380e-12
 2.434453e-12
-2.607375e-14
-1.265201e-12
 1.103185e-12
 2.348533e-12
 4.821343e-14
-1.223747e-12
 9.879407e-13
 2.262757e-12
 1.165086e-13
-1.180819e-12
 8.802930e-13
 2.177387e-12
 1.790739e-13
-1.136736e-12
 7.799125e-13
 2.092660e-12
 2.361674e-13
-1.091789e-12
 6.864763e-13
 2.008790e-12
 2.880448e-13
-1.046230e-12
 5.996488e-13
 1.925976e-12
 3.349608e-13
-1.000350e-12
 5.191725e-13
 1.844377e-12
 3.771590e-13
-9.543225e-13
 4.446901e-13
 1.764159e-12
 4.148890e-13
-9.083684e-13
 3.759186e-13
 1.685457e-12
 4.483889e-13
-8.626694e-13
 3.125687e-13
 1.608391e-12
 4.778929e-13
-8.173896e-13
 2.543571e-13
 1.533064e-12
 5.036298e-13
-7.726866e-13
 2.010205e-13
 1.459564e-12
 5.258208e-13
-7.286606e-13
 1.522565e-13
 1.387976e-12
 5.446854e-13
-6.854597e-13
 1.078409e-13
 1.318356e-12
 5.604299e-13
-6.431741e-13
 6.751337e-14
 1.250758e-12
 5.732580e-13
-6.018928e-13
 3.103161e-14
 1.185221e-12
 5.833656e-13
-5.616926e-13
-1.837179e-15
 1.121777e-12
 5.909413e-13
-5.226317e-13
-3.132500e-14
 1.060448e-12
 5.961676e-13
-4.847847e-13
-5.762396e-14
 1.001242e-12
 5.992166e-13
-4.481752e-13
-8.096348e-14
 9.441671e-13
 6.002579e-13
-4.128463e-13
-1.015352e-13
 8.892198e-13
 5.994508e-13
-3.788248e-13
-1.195282e-13
 8.363902e-13
 5.969484e-13
-3.461300e-13
-1.351239e-13
 7.856623e-13
 5.928966e-13
-3.147786e-13
-1.484902e-13
 7.370137e-13
 5.874339e-13
-2.847632e-13
-1.598075e-13
 6.904214e-13
 5.806941e-13
-2.560975e-13
-1.692179e-13
 6.458521e-13
 5.728011e-13
-2.287711e-13
-1.768750e-13
 6.032714e-13
 5.638741e-13
-2.027742e-13
-1.829208e-13
 5.626415e-13
 5.540256e-13
-1.780923e-13
-1.874896e-13
 5.239213e-13
 5.433616e-13
-1.547043e-13
-1.907117e-13
 4.870675e-13
 5.319825e-13
-1.325972e-13
-1.926971e-13
 4.520320e-13
 5.199812e-13
-1.117371e-13
-1.935688e-13
 4.187683e-13
 5.074469e-13
-9.210006e-14
-1.934308e-13
 3.872266e-13
 4.944619e-13
-7.365611e-14
-1.923830e-13
 3.573556e-13
 4.811036e-13
-5.637356e-14
-1.905199e-13
 3.291035e-13
 4.674438e-13
-4.022094e-14
-1.879274e-13
 3.024167e-13
 4.535495e-13
-2.515774e-14
-1.846951e-13
 2.772436e-13
 4.394834e-13
-1.115404e-14
-1.808937e-13
 2.535293e-13
 4.253025e-13
 1.829121e-15
-1.765972e-13
 2.312202e-13
 4.110601e-13
 1.382908e-14
-1.718729e-13
 2.102629e-13
 3.968052e-13
 2.488369e-14
-1.667830e-13
 1.906041e-13
 3.825826e-13
 3.503235e-14
-1.613868e-13
 1.721912e-13
 3.684335e-13
 4.430953e-14
-1.557333e-13
 1.549709e-13
 3.543948e-13
 5.275735e-14

Forecasting scores:

mase, smape, msis

  1.106752
 61.906620
  4.752876
End
