darima-master/data/MPS_Traffic_Volume_train.csv
/home/bsuconn/spark/spark-3.0.1-bin-hadoop3.2/python/pyspark/sql/pandas/group_ops.py:73: UserWarning: It is preferred to use 'applyInPandas' over this API. This API will be deprecated in the future releases. See SPARK-28264 for more details.
  warnings.warn(
Model results are saved to:	darima-master/result/darima_model_MPS_Traffic_Volume_2020-12-05-15:38:01.pkl
Coefficient results are saved to:	darima-master/result/darima_coef_MPS_Traffic_Volume_2020-12-05-15:38:01.csv
Forecasting results are saved to:	darima-master/result/darima_forec_MPS_Traffic_Volume_2020-12-05-15:38:01.csv

Model Summary:

 sample_size  sample_size_per_partition  n_par  partition_num  time_mapred  time_model_forec  time_model_eval
       46764                        233   2001            200   149.862234          5.093068         0.093235

DLSA Coefficients:

 4.038872e+02
-8.213252e-17
 1.333883e+00
-4.885028e-01
 1.304543e-02
 2.916745e-02
-8.560675e-03
-3.338384e-02
 1.468775e-02
-9.744710e-03
-9.730385e-04
-1.160843e-02
 1.934823e-03
-3.169056e-03
 1.279089e-03
-7.698660e-03
 2.294314e-04
-2.252855e-03
 3.496184e-03
-5.356773e-03
 1.055571e-03
-2.958199e-03
 2.034421e-03
-2.389915e-03
 1.881319e-03
 2.511672e-01
-3.455075e-01
 1.431397e-01
-4.216860e-03
-1.782009e-02
 3.940525e-03
 5.257425e-03
-1.971635e-03
 1.415031e-03
-4.529343e-04
 6.981318e-04
 1.514376e-05
 1.306080e-04
 1.350303e-04
 1.141292e-03
-6.504726e-05
-1.257841e-03
 5.125678e-06
 1.392059e-03
 1.527228e-04
-9.631674e-04
-4.903576e-04
 4.860170e-04
 4.341101e-04
 2.110914e-02
-2.818637e-02
 1.218665e-02
-5.077882e-04
-1.152855e-03
 1.827180e-03
-2.115916e-03
 1.245334e-03
-1.093263e-03
 6.232519e-04
 2.645784e-04
-1.511219e-05
-9.806397e-04
 2.128775e-04
 3.505234e-04
 3.115009e-04
-4.801938e-04
-9.395660e-05
-3.206391e-04
 5.104442e-04
-6.864559e-06
 1.055688e-04
-5.615494e-04
 5.816611e-05
 2.244951e-02
-2.574858e-02
 1.038061e-02
-1.541891e-03
-1.704280e-03
 1.850246e-03
-5.880384e-04
-4.000855e-04
-1.316224e-05
 2.399691e-04
-3.257046e-04
 3.578328e-04
-1.819672e-04
-3.586965e-05
-4.175150e-04
 4.431908e-04
-3.642807e-05
 2.745933e-05
-4.175951e-04
 1.456609e-04
-3.313202e-05
 2.226312e-04
-2.307545e-04
-5.874494e-06
 9.540979e-03
-1.233981e-02
 4.539808e-03
 1.000593e-04
-5.182298e-04
 2.732424e-05
-8.142626e-06
 1.195893e-04
-1.115088e-04
-7.190563e-05
-3.005509e-05
-2.098909e-06
-3.082638e-05
 6.250714e-06
-2.682769e-05
-8.086339e-05
-3.902110e-05
 4.250845e-05
-8.874281e-06
-4.179016e-05
-7.869372e-05
 2.726469e-06
-3.854476e-06
 1.645435e-05
 1.481049e-02
-1.940220e-02
 7.996859e-03
-6.329746e-04
-5.442257e-04
 2.723916e-04
-9.158991e-05
 4.814695e-05
-9.537903e-05
 7.209882e-05
-6.835209e-05
 3.025058e-05
-1.197527e-04
 7.960549e-05
-5.525690e-05
 3.612600e-05
-1.169852e-04
 4.327465e-05
-5.246422e-05
 4.415568e-05
-8.236253e-05
 2.611676e-05
-7.596646e-05
 3.550434e-05
 1.316560e-03
-1.670650e-03
 1.115414e-03
-3.619846e-04
-6.528732e-05
 8.792873e-05
-7.902895e-05
 1.715122e-05
-3.428315e-05
-1.701838e-05
-6.889604e-05
 3.877763e-05
-7.185133e-06
-1.062379e-05
-7.572278e-05
 6.732562e-06
-5.735738e-06
 2.063152e-05
-5.264031e-05
-1.019963e-05
-3.777925e-05
 1.941457e-05
-1.738750e-05
 4.990052e-06
 4.379475e-03
-5.677190e-03
 2.390328e-03
-1.893943e-04
-1.985237e-04
 1.021220e-04
-7.160731e-05
 3.443022e-05
-7.538593e-06
-3.427698e-05
-4.762086e-05
 4.343021e-06
 3.377851e-06
 8.937987e-06
-4.418728e-05
-2.363357e-05
-2.111107e-05
 2.243100e-05
-1.109168e-05
-1.527793e-05
-4.486664e-05
-4.204170e-07
-2.578916e-06
 1.279185e-05
 2.245290e-03
-3.033532e-03
 1.077516e-03
 1.347853e-04
-1.487814e-04
-1.682301e-06
-9.256770e-06
 1.863470e-06
-2.907514e-05
 2.043411e-05
-2.512750e-05
-1.101048e-05
-3.370986e-05
 1.632895e-05
-9.590481e-06
-2.493536e-06
-3.730081e-05
-8.089542e-07
-1.202753e-05
 1.054376e-05
-2.330198e-05
-8.363434e-06
-2.506882e-05
 6.185616e-06
 1.792476e-03
-2.171924e-03
 7.608320e-04
-5.348244e-05
-7.940557e-05
 7.055395e-05
-4.758769e-05
-1.716655e-05
-1.038049e-05
 5.294283e-06
-1.162799e-06
-9.329833e-06
-2.404672e-05
-8.771177e-06
-3.146698e-06
 7.448788e-06
-1.359509e-05
-1.600199e-05
-1.744858e-05
 4.799218e-06
-1.088583e-06
-4.751284e-06
-2.163602e-05
-8.614713e-06
 8.411757e-04
-1.054661e-03
 3.169791e-04
 4.957448e-05
-6.918555e-05
 3.287355e-05
-1.958978e-05
-9.862921e-06
-1.443703e-05
-1.841635e-06
-8.135090e-06
 5.743478e-07
-1.497151e-05
-8.036619e-06
-1.090646e-05
 2.195764e-06
-7.804852e-06
-5.823716e-06
-1.506364e-05
-2.769091e-06
-5.834755e-06
-1.920980e-07
-1.182257e-05
-6.738082e-06
 1.115347e-03
-1.408748e-03
 4.620852e-04
 4.886456e-05
-7.938476e-05
 1.919161e-05
-8.850719e-06
 5.061768e-07
-1.220124e-05
-4.999494e-06
-6.791060e-06
-3.017183e-06
-6.945753e-06
-3.084587e-06
-9.093570e-06
-4.266407e-06
-6.855249e-06
-1.560465e-06
-7.302659e-06
-4.730219e-06
-8.184748e-06
-2.240435e-06
-5.698616e-06
-3.150972e-06
 4.041380e-04
-5.140927e-04
 1.712141e-04
 3.157953e-05
-4.749422e-05
 6.166002e-06
-4.401118e-06
-2.209170e-06
-6.110380e-06
-4.528547e-06
-7.419245e-06
-2.762357e-06
-3.697017e-06
-2.544210e-06
-7.039149e-06
-4.658847e-06
-5.023162e-06
-1.353836e-06
-4.690051e-06
-4.073818e-06
-6.634676e-06
-2.796856e-06
-3.673768e-06
-2.070974e-06
 4.987168e-04
-6.390755e-04
 2.429654e-04
-7.453016e-06
-2.767140e-05
 1.264772e-05
-1.228858e-05
 1.069447e-07
-3.634801e-06
-4.615633e-06
-6.085858e-06
-2.290829e-06
-3.100492e-06
-2.225670e-06
-5.627163e-06
-3.744196e-06
-4.209193e-06
-1.378322e-06
-3.747672e-06
-3.291276e-06
-5.274252e-06
-2.523837e-06
-3.041779e-06
-1.806833e-06
 3.636077e-04
-4.711925e-04
 1.633044e-04
 1.074525e-05
-2.233090e-05
 1.714641e-06
-3.434032e-06
-2.326845e-06
-3.954244e-06
-2.126695e-06
-3.847892e-06
-3.090081e-06
-3.282561e-06
-1.916376e-06
-3.240368e-06
-2.882439e-06
-3.718478e-06
-2.196022e-06
-2.805688e-06
-2.191591e-06
-3.525536e-06
-2.627627e-06
-3.027765e-06
-1.868757e-06
 3.119864e-04
-3.862429e-04
 1.333524e-04
-2.299882e-06
-1.564567e-05
 3.519094e-06
-4.391557e-06
-2.134868e-06
-3.542934e-06
-1.129147e-06
-2.086407e-06
-2.769432e-06
-3.337622e-06
-1.920961e-06
-2.015425e-06
-1.581531e-06
-2.928428e-06
-2.521807e-06
-2.592452e-06
-1.351435e-06
-2.061686e-06
-2.109015e-06
-2.955383e-06
-1.945206e-06
 2.144991e-04
-2.711594e-04
 9.726562e-05
-6.102518e-06
-7.787910e-06
 2.725276e-06
-3.898345e-06
-2.180657e-06
-2.422494e-06
-1.347995e-06
-1.720041e-06
-1.767488e-06
-2.605930e-06
-2.003555e-06
-1.757712e-06
-1.185150e-06
-2.016798e-06
-2.064933e-06
-2.286825e-06
-1.357068e-06
-1.510665e-06
-1.511481e-06
-2.264008e-06
-1.825172e-06
 1.941797e-04
-2.450401e-04
 8.716212e-05
-3.732808e-06
-7.760874e-06
 1.893725e-06
-2.718228e-06
-1.154102e-06
-2.177566e-06
-1.500863e-06
-1.466931e-06
-1.401542e-06
-1.696901e-06
-1.568347e-06
-1.695534e-06
-1.285820e-06
-1.477431e-06
-1.377300e-06
-1.706153e-06
-1.401447e-06
-1.451279e-06
-1.189903e-06
-1.504389e-06
-1.399459e-06
 1.155104e-04
-1.450302e-04
 4.946766e-05
 1.039186e-06
-7.155589e-06
 1.353563e-07
-1.113653e-06
-8.883492e-07
-1.770599e-06
-1.200298e-06
-1.358584e-06
-1.164419e-06
-1.133363e-06
-1.101715e-06
-1.429779e-06
-1.233483e-06
-1.183048e-06
-9.426171e-07
-1.201625e-06
-1.189917e-06
-1.307885e-06
-1.007840e-06
-1.045351e-06
-9.905174e-07
 9.599574e-05
-1.216669e-04
 4.317378e-05
-1.108087e-06
-4.759258e-06
 8.476481e-07
-1.759336e-06
-6.102088e-07
-1.118071e-06
-1.079625e-06
-1.132340e-06
-9.646101e-07
-8.846958e-07
-8.748922e-07
-1.098286e-06
-1.025583e-06
-9.817878e-07
-7.807086e-07
-9.084371e-07
-9.400919e-07
-1.052830e-06
-8.658464e-07
-8.350855e-07
-7.758932e-07
 6.808961e-05
-8.711156e-05
 2.965121e-05
 4.941981e-07
-3.708755e-06
 4.574604e-07
-1.285190e-06
-6.525107e-07
-8.854917e-07
-7.893785e-07
-8.744551e-07
-8.165148e-07
-7.809588e-07
-7.234933e-07
-8.133402e-07
-7.879548e-07
-8.133656e-07
-7.007843e-07
-7.397443e-07
-7.149865e-07
-7.952126e-07
-7.228102e-07
-7.229352e-07
-6.525743e-07
 5.286654e-05
-6.581438e-05
 2.073504e-05
 1.214158e-06
-3.369021e-06
 2.769444e-07
-8.501082e-07
-5.650517e-07
-8.163578e-07
-5.488753e-07
-5.996958e-07
-6.978363e-07
-6.726176e-07
-5.926234e-07
-6.025005e-07
-5.810032e-07
-6.450828e-07
-6.125903e-07
-6.095048e-07
-5.395864e-07
-5.794455e-07
-5.781020e-07
-6.134491e-07
-5.505151e-07
 3.894742e-05
-4.891674e-05
 1.532687e-05
 8.596230e-07
-2.372548e-06
 2.249480e-07
-7.149798e-07
-4.976010e-07
-6.204157e-07
-4.502924e-07
-4.705544e-07
-5.352315e-07
-5.484791e-07
-5.019272e-07
-4.750978e-07
-4.470755e-07
-5.007269e-07
-5.038505e-07
-5.017933e-07
-4.356020e-07
-4.433637e-07
-4.528376e-07
-4.949720e-07
-4.590515e-07
 3.202760e-05
-4.035711e-05
 1.306852e-05
 2.060423e-07
-1.698188e-06
 2.492028e-07
-6.614475e-07
-3.626822e-07
-4.726395e-07
-4.027980e-07
-3.877164e-07
-4.102576e-07
-4.192878e-07
-4.093132e-07
-3.981947e-07
-3.697093e-07
-3.887827e-07
-3.884404e-07
-4.003696e-07
-3.677912e-07
-3.647245e-07
-3.558956e-07
-3.794181e-07
-3.677896e-07
 2.254459e-05
-2.824589e-05
 8.867807e-06
 4.451554e-07
-1.435682e-06
 3.567343e-08
-3.929398e-07
-2.810484e-07
-3.995660e-07
-3.200697e-07
-3.181876e-07
-3.286327e-07
-3.122331e-07
-3.150701e-07
-3.283329e-07
-3.112598e-07
-3.043959e-07
-2.928601e-07
-3.078420e-07
-3.027665e-07
-3.028974e-07
-2.835979e-07
-2.859731e-07
-2.837102e-07
 1.861015e-05
-2.342498e-05
 7.547926e-06
 1.954212e-07
-1.065535e-06
 1.858440e-08
-3.307851e-07
-2.115995e-07
-3.087689e-07
-2.598192e-07
-2.590669e-07
-2.653415e-07
-2.425714e-07
-2.454066e-07
-2.615421e-07
-2.545433e-07
-2.449576e-07
-2.299517e-07
-2.386072e-07
-2.415958e-07
-2.457839e-07
-2.298519e-07
-2.241391e-07
-2.212153e-07
 1.422213e-05
-1.806315e-05
 5.966754e-06
-1.863844e-08
-7.162646e-07
 1.969605e-08
-2.966912e-07
-1.764766e-07
-2.286716e-07
-2.080029e-07
-2.093800e-07
-2.115667e-07
-1.977137e-07
-1.971463e-07
-2.031968e-07
-2.012261e-07
-1.984027e-07
-1.880255e-07
-1.897414e-07
-1.894815e-07
-1.935397e-07
-1.860802e-07
-1.821812e-07
-1.772801e-07
 1.099872e-05
-1.380987e-05
 4.472214e-06
-2.004704e-08
-5.668148e-07
-1.640161e-09
-2.208164e-07
-1.445575e-07
-1.895284e-07
-1.582431e-07
-1.592318e-07
-1.715616e-07
-1.614349e-07
-1.576044e-07
-1.574493e-07
-1.558468e-07
-1.577189e-07
-1.537471e-07
-1.522357e-07
-1.476100e-07
-1.493754e-07
-1.480493e-07
-1.479741e-07
-1.429958e-07
 8.557418e-06
-1.076810e-05
 3.432333e-06
 3.220311e-08
-4.473542e-07
-1.995091e-08
-1.594568e-07
-1.196994e-07
-1.551402e-07
-1.226428e-07
-1.235659e-07
-1.364971e-07
-1.299987e-07
-1.266166e-07
-1.240900e-07
-1.218278e-07
-1.243427e-07
-1.238151e-07
-1.223143e-07
-1.168030e-07
-1.165525e-07
-1.169330e-07
-1.185964e-07
-1.151634e-07
 6.771455e-06
-8.547642e-06
 2.765539e-06
-3.296231e-08
-3.214743e-07
-5.222182e-09
-1.411597e-07
-9.354012e-08
-1.183131e-07
-1.015280e-07
-9.937353e-08
-1.063876e-07
-1.026078e-07
-1.018498e-07
-9.952152e-08
-9.711303e-08
-9.809883e-08
-9.788293e-08
-9.750286e-08
-9.399370e-08
-9.293890e-08
-9.242646e-08
-9.354406e-08
-9.191938e-08
 4.931347e-06
-6.205221e-06
 1.978788e-06
-1.275815e-08
-2.538846e-07
-1.122495e-08
-1.071677e-07
-7.358776e-08
-9.354434e-08
-8.155338e-08
-7.986222e-08
-8.371037e-08
-7.979840e-08
-8.031746e-08
-7.988121e-08
-7.807701e-08
-7.726701e-08
-7.632735e-08
-7.668897e-08
-7.539944e-08
-7.458870e-08
-7.308675e-08
-7.294483e-08
-7.232349e-08
 3.883423e-06
-4.887798e-06
 1.534198e-06
 1.778708e-08
-2.090435e-07
-1.568042e-08
-7.916109e-08
-5.769624e-08
-7.547982e-08
-6.438831e-08
-6.344123e-08
-6.692001e-08
-6.246777e-08
-6.294946e-08
-6.366201e-08
-6.261319e-08
-6.125092e-08
-5.992568e-08
-6.022712e-08
-5.998229e-08
-5.966107e-08
-5.811903e-08
-5.728310e-08
-5.684359e-08
 2.987713e-06
-3.780022e-06
 1.188433e-06
 1.072278e-08
-1.567319e-07
-1.187608e-08
-6.556870e-08
-4.627322e-08
-5.811676e-08
-5.141148e-08
-5.078750e-08
-5.301159e-08
-4.970353e-08
-4.992389e-08
-5.020698e-08
-4.970685e-08
-4.885316e-08
-4.771740e-08
-4.761676e-08
-4.740796e-08
-4.731629e-08
-4.634231e-08
-4.557454e-08
-4.502637e-08
 2.258249e-06
-2.844048e-06
 8.868335e-07
 7.357160e-10
-1.186652e-07
-8.699499e-09
-5.350472e-08
-3.701444e-08
-4.535099e-08
-4.061523e-08
-3.999507e-08
-4.198434e-08
-3.970202e-08
-3.964057e-08
-3.938497e-08
-3.904820e-08
-3.876550e-08
-3.810791e-08
-3.776473e-08
-3.727738e-08
-3.715910e-08
-3.674297e-08
-3.634202e-08
-3.576940e-08
 1.753041e-06
-2.207700e-06
 6.770914e-07
 9.933572e-09
-9.519297e-08
-9.825416e-09
-3.969085e-08
-2.984725e-08
-3.666851e-08
-3.163234e-08
-3.126788e-08
-3.337247e-08
-3.161885e-08
-3.142412e-08
-3.104290e-08
-3.069981e-08
-3.061457e-08
-3.033471e-08
-3.000171e-08
-2.940141e-08
-2.919179e-08
-2.903128e-08
-2.888838e-08
-2.843303e-08
 1.390437e-06
-1.754914e-06
 5.400284e-07
 5.096217e-09
-7.255970e-08
-8.091208e-09
-3.167575e-08
-2.366626e-08
-2.888494e-08
-2.519586e-08
-2.475561e-08
-2.631053e-08
-2.503866e-08
-2.496675e-08
-2.461692e-08
-2.427905e-08
-2.417988e-08
-2.401815e-08
-2.380222e-08
-2.333185e-08
-2.308937e-08
-2.293793e-08
-2.285541e-08
-2.256226e-08
 1.048818e-06
-1.322374e-06
 4.077647e-07
-1.237733e-09
-5.420496e-08
-6.449805e-09
-2.562023e-08
-1.866078e-08
-2.243600e-08
-2.015890e-08
-1.973246e-08
-2.063703e-08
-1.969722e-08
-1.975587e-08
-1.952404e-08
-1.925070e-08
-1.907716e-08
-1.889944e-08
-1.878457e-08
-1.851464e-08
-1.831129e-08
-1.810741e-08
-1.798404e-08
-1.780861e-08
 8.201111e-07
-1.033682e-06
 3.174831e-07
-4.310958e-10
-4.253778e-08
-6.070059e-09
-1.960726e-08
-1.470934e-08
-1.784534e-08
-1.591199e-08
-1.561413e-08
-1.632992e-08
-1.548993e-08
-1.555182e-08
-1.546960e-08
-1.527284e-08
-1.506222e-08
-1.487185e-08
-1.479865e-08
-1.465764e-08
-1.451800e-08
-1.431176e-08
-1.415444e-08
-1.403042e-08
 6.445100e-07
-8.147171e-07
 2.502617e-07
 1.852788e-11
-3.296863e-08
-5.365349e-09
-1.524307e-08
-1.167881e-08
-1.410312e-08
-1.255660e-08
-1.236558e-08
-1.292694e-08
-1.224050e-08
-1.227005e-08
-1.222332e-08
-1.209177e-08
-1.192099e-08
-1.175349e-08
-1.167900e-08
-1.158088e-08
-1.148805e-08
-1.133008e-08
-1.118597e-08
-1.107624e-08
 4.944976e-07
-6.242335e-07
 1.919075e-07
-2.119975e-09
-2.475043e-08
-4.149817e-09
-1.236102e-08
-9.255733e-09
-1.097592e-08
-9.950688e-09
-9.782967e-09
-1.018330e-08
-9.691121e-09
-9.700760e-09
-9.622679e-09
-9.529097e-09
-9.425914e-09
-9.302802e-09
-9.221925e-09
-9.126046e-09
-9.054574e-09
-8.953943e-09
-8.850720e-09
-8.751020e-09
 3.820315e-07
-4.821154e-07
 1.473218e-07
-1.544502e-09
-1.922742e-08
-3.501680e-09
-9.633704e-09
-7.361119e-09
-8.670301e-09
-7.827818e-09
-7.702018e-09
-8.037874e-09
-7.669153e-09
-7.662037e-09
-7.579151e-09
-7.501858e-09
-7.437885e-09
-7.358690e-09
-7.286127e-09
-7.191058e-09
-7.127672e-09
-7.064743e-09
-6.998246e-09
-6.915884e-09
 3.009752e-07
-3.802625e-07
 1.156354e-07
-7.119173e-10
-1.511173e-08
-2.975821e-09
-7.452924e-09
-5.840457e-09
-6.878324e-09
-6.165759e-09
-6.066609e-09
-6.347945e-09
-6.060115e-09
-6.051334e-09
-5.984442e-09
-5.916964e-09
-5.866556e-09
-5.812930e-09
-5.757634e-09
-5.677645e-09
-5.621134e-09
-5.573357e-09
-5.526625e-09
-5.465007e-09
 2.306895e-07
-2.913700e-07
 8.835473e-08
-9.300611e-10
-1.157922e-08
-2.359547e-09
-5.937224e-09
-4.615589e-09
-5.377845e-09
-4.887848e-09
-4.800094e-09
-4.989734e-09
-4.775932e-09
-4.777299e-09
-4.724508e-09
-4.669561e-09
-4.624599e-09
-4.580187e-09
-4.540773e-09
-4.483612e-09
-4.436961e-09
-4.393669e-09
-4.354400e-09
-4.310205e-09
 1.781830e-07
-2.249547e-07
 6.795543e-08
-8.431322e-10
-8.960294e-09
-1.906046e-09
-4.683261e-09
-3.642159e-09
-4.218830e-09
-3.864990e-09
-3.793266e-09
-3.926973e-09
-3.759899e-09
-3.764528e-09
-3.728128e-09
-3.685793e-09
-3.644959e-09
-3.605629e-09
-3.576679e-09
-3.537947e-09
-3.502235e-09
-3.463575e-09
-3.428165e-09
-3.395197e-09
 1.393820e-07
-1.762100e-07
 5.297491e-08
-4.057801e-10
-7.051351e-09
-1.599863e-09
-3.626970e-09
-2.882415e-09
-3.334727e-09
-3.042813e-09
-2.991885e-09
-3.099283e-09
-2.963611e-09
-2.964906e-09
-2.940783e-09
-2.908945e-09
-2.874606e-09
-2.841730e-09
-2.818446e-09
-2.790019e-09
-2.763375e-09
-2.732173e-09
-2.701942e-09
-2.675492e-09
 1.078847e-07
-1.363400e-07
 4.085845e-08
-4.189328e-10
-5.443086e-09
-1.283206e-09
-2.865554e-09
-2.278994e-09
-2.615597e-09
-2.400501e-09
-2.360267e-09
-2.440597e-09
-2.337426e-09
-2.336767e-09
-2.315888e-09
-2.291824e-09
-2.266553e-09
-2.240758e-09
-2.220817e-09
-2.197637e-09
-2.177152e-09
-2.153979e-09
-2.130397e-09
-2.108511e-09
 8.333534e-08
-1.052926e-07
 3.147728e-08
-4.358501e-10
-4.186242e-09
-1.022377e-09
-2.267979e-09
-1.801958e-09
-2.049086e-09
-1.893213e-09
-1.860721e-09
-1.919808e-09
-1.843354e-09
-1.841862e-09
-1.822596e-09
-1.803738e-09
-1.785802e-09
-1.766539e-09
-1.749819e-09
-1.730134e-09
-1.713659e-09
-1.696793e-09
-1.679340e-09
-1.661585e-09
 6.530731e-08
-8.256819e-08
 2.461364e-08
-3.099006e-10
-3.267923e-09
-8.386422e-10
-1.766672e-09
-1.424931e-09
-1.616519e-09
-1.489730e-09
-1.464808e-09
-1.512456e-09
-1.453191e-09
-1.451081e-09
-1.435641e-09
-1.420298e-09
-1.406493e-09
-1.392229e-09
-1.378996e-09
-1.362777e-09
-1.349296e-09
-1.336450e-09
-1.323364e-09
-1.309469e-09
 5.071832e-08
-6.412482e-08
 1.906363e-08
-2.644205e-10
-2.535926e-09
-6.788810e-10
-1.384239e-09
-1.125196e-09
-1.271144e-09
-1.173819e-09
-1.154196e-09
-1.189955e-09
-1.144413e-09
-1.142824e-09
-1.130826e-09
-1.118486e-09
-1.107278e-09
-1.096136e-09
-1.086004e-09
-1.073452e-09
-1.062590e-09
-1.052186e-09
-1.041878e-09
-1.031245e-09
 3.931272e-08
-4.969278e-08
 1.475722e-08
-2.663113e-10
-1.951528e-09
-5.400539e-10
-1.094032e-09
-8.871143e-10
-9.955023e-10
-9.261233e-10
-9.101034e-10
-9.350898e-10
-9.005732e-10
-8.997121e-10
-8.903266e-10
-8.806594e-10
-8.715199e-10
-8.624130e-10
-8.546236e-10
-8.452573e-10
-8.367264e-10
-8.281448e-10
-8.197403e-10
-8.115633e-10
 3.069533e-08
-3.882706e-08
 1.151001e-08
-2.083258e-10
-1.518343e-09
-4.368501e-10
-8.559516e-10
-7.000117e-10
-7.827826e-10
-7.291328e-10
-7.169082e-10
-7.357684e-10
-7.088124e-10
-7.079655e-10
-7.009372e-10
-6.934397e-10
-6.860228e-10
-6.786529e-10
-6.725330e-10
-6.654195e-10
-6.588146e-10
-6.519171e-10
-6.450825e-10
-6.386540e-10
 2.390717e-08
-3.024019e-08
 8.936785e-09
-1.638926e-10
-1.182774e-09
-3.526326e-10
-6.693014e-10
-5.523843e-10
-6.156105e-10
-5.736171e-10
-5.643175e-10
-5.789242e-10
-5.579348e-10
-5.569692e-10
-5.515282e-10
-5.457086e-10
-5.399024e-10
-5.340859e-10
-5.291710e-10
-5.235690e-10
-5.184337e-10
-5.130710e-10
-5.076606e-10
-5.025290e-10
 1.854097e-08
-2.344934e-08
 6.914369e-09
-1.442065e-10
-9.146382e-10
-2.801577e-10
-5.274607e-10
-4.356785e-10
-4.824620e-10
-4.516895e-10
-4.442945e-10
-4.549521e-10
-4.391183e-10
-4.382394e-10
-4.337041e-10
-4.291621e-10
-4.247675e-10
-4.202449e-10
-4.162797e-10
-4.117841e-10
-4.077358e-10
-4.036220e-10
-3.994387e-10
-3.953491e-10
 1.446380e-08
-1.829889e-08
 5.384553e-09
-1.161553e-10
-7.106393e-10
-2.237314e-10
-4.140064e-10
-3.436307e-10
-3.787666e-10
-3.554454e-10
-3.496197e-10
-3.576342e-10
-3.455626e-10
-3.447701e-10
-3.410948e-10
-3.375015e-10
-3.341192e-10
-3.306300e-10
-3.274802e-10
-3.238794e-10
-3.206586e-10
-3.174744e-10
-3.142474e-10
-3.110236e-10
 1.126530e-08
-1.425343e-08
 4.179796e-09
-8.830662e-11
-5.548440e-10
-1.796231e-10
-3.235451e-10
-2.709625e-10
-2.977826e-10
-2.794952e-10
-2.749948e-10
-2.811688e-10
-2.718209e-10
-2.711222e-10
-2.682674e-10
-2.654146e-10
-2.627331e-10
-2.600192e-10
-2.575565e-10
-2.547217e-10
-2.521641e-10
-2.496528e-10
-2.471295e-10
-2.446126e-10
 8.754576e-09
-1.107496e-08
 3.239253e-09
-7.328867e-11
-4.308428e-10
-1.428299e-10
-2.541797e-10
-2.134731e-10
-2.335335e-10
-2.199422e-10
-2.163740e-10
-2.208673e-10
-2.137197e-10
-2.131689e-10
-2.109263e-10
-2.086823e-10
-2.065520e-10
-2.044006e-10
-2.024786e-10
-2.002862e-10
-1.982709e-10
-1.962674e-10
-1.942678e-10
-1.923060e-10
 6.821889e-09
-8.632719e-09
 2.520565e-09
-5.971683e-11
-3.346345e-10
-1.135215e-10
-1.996743e-10
-1.681619e-10
-1.831341e-10
-1.730504e-10
-1.702402e-10
-1.734973e-10
-1.680242e-10
-1.675798e-10
-1.658205e-10
-1.640670e-10
-1.623798e-10
-1.606671e-10
-1.591578e-10
-1.574630e-10
-1.558849e-10
-1.542925e-10
-1.527027e-10
-1.511647e-10
 5.319177e-09
-6.731551e-09
 1.960132e-09
-4.654919e-11
-2.609912e-10
-9.071177e-11
-1.562104e-10
-1.324760e-10
-1.438353e-10
-1.360159e-10
-1.338525e-10
-1.363336e-10
-1.320894e-10
-1.316982e-10
-1.303348e-10
-1.289635e-10
-1.276327e-10
-1.262828e-10
-1.250901e-10
-1.237637e-10
-1.225290e-10
-1.212779e-10
-1.200223e-10
-1.188091e-10
 4.139769e-09
-5.238523e-09
 1.521562e-09
-3.763405e-11
-2.030514e-10
-7.215626e-11
-1.224718e-10
-1.043301e-10
-1.128474e-10
-1.069142e-10
-1.052297e-10
-1.070806e-10
-1.038243e-10
-1.034892e-10
-1.024079e-10
-1.013345e-10
-1.002987e-10
-9.924132e-11
-9.829557e-11
-9.724877e-11
-9.627914e-11
-9.530332e-11
-9.432028e-11
-9.336224e-11
 3.228187e-09
-4.085634e-09
 1.184939e-09
-3.096488e-11
-1.576648e-10
-5.720514e-11
-9.619130e-11
-8.214295e-11
-8.847066e-11
-8.405755e-11
-8.272948e-11
-8.407916e-11
-8.160006e-11
-8.132306e-11
-8.045563e-11
-7.961309e-11
-7.880950e-11
-7.798279e-11
-7.723462e-11
-7.640783e-11
-7.564347e-11
-7.488155e-11
-7.411458e-11
-7.336023e-11
 2.517829e-09
-3.186872e-09
 9.222918e-10
-2.456781e-11
-1.228326e-10
-4.551248e-11
-7.532281e-11
-6.466716e-11
-6.943348e-11
-6.604722e-11
-6.501469e-11
-6.602747e-11
-6.411963e-11
-6.388813e-11
-6.320650e-11
-6.254306e-11
-6.191220e-11
-6.126608e-11
-6.067787e-11
-6.002730e-11
-5.942448e-11
-5.882650e-11
-5.822625e-11
-5.763443e-11
 1.962205e-09
-2.483375e-09
 7.170157e-10
-1.962003e-11
-9.568881e-11
-3.617002e-11
-5.898618e-11
-5.089116e-11
-5.447820e-11
-5.188922e-11
-5.108557e-11
-5.184009e-11
-5.037027e-11
-5.017987e-11
-4.964726e-11
-4.912565e-11
-4.862790e-11
-4.812049e-11
-4.765925e-11
-4.715050e-11
-4.667614e-11
-4.620464e-11
-4.573264e-11
-4.526909e-11
 1.530210e-09
-1.936876e-09
 5.583556e-10
-1.590863e-11
-7.440310e-11
-2.864370e-11
-4.628571e-11
-4.003897e-11
-4.270530e-11
-4.077600e-11
-4.014493e-11
-4.068933e-11
-3.956434e-11
-3.941096e-11
-3.899126e-11
-3.858265e-11
-3.819119e-11
-3.779092e-11
-3.742860e-11
-3.703189e-11
-3.665950e-11
-3.628748e-11
-3.591554e-11
-3.555205e-11
 1.193792e-09
-1.511137e-09
 4.347934e-10
-1.268046e-11
-5.795124e-11
-2.271137e-11
-3.626938e-11
-3.149845e-11
-3.349180e-11
-3.203014e-11
-3.153842e-11
-3.193889e-11
-3.107345e-11
-3.094761e-11
-3.061853e-11
-3.029856e-11
-2.999090e-11
-2.967589e-11
-2.939072e-11
-2.908041e-11
-2.878836e-11
-2.849584e-11
-2.820309e-11
-2.791747e-11
 9.307829e-10
-1.178138e-09
 3.381830e-10
-1.000890e-11
-4.519099e-11
-1.801426e-11
-2.839409e-11
-2.477629e-11
-2.627161e-11
-2.515113e-11
-2.476976e-11
-2.506874e-11
-2.440137e-11
-2.429717e-11
-2.403935e-11
-2.378859e-11
-2.354730e-11
-2.330028e-11
-2.307560e-11
-2.283194e-11
-2.260275e-11
-2.237350e-11
-2.214376e-11
-2.191912e-11
 7.261667e-10
-9.191809e-10
 2.633741e-10
-8.001981e-12
-3.518877e-11
-1.425099e-11
-2.226099e-11
-1.948452e-11
-2.059458e-11
-1.975225e-11
-1.945382e-11
-1.967142e-11
-1.916009e-11
-1.907523e-11
-1.887135e-11
-1.867478e-11
-1.848626e-11
-1.829265e-11
-1.811562e-11
-1.792415e-11
-1.774404e-11
-1.756447e-11
-1.738453e-11
-1.720797e-11
 5.665798e-10
-7.172050e-10
 2.051238e-10
-6.368771e-12
-2.741370e-11
-1.127188e-11
-1.744722e-11
-1.532062e-11
-1.614483e-11
-1.551004e-11
-1.527667e-11
-1.543489e-11
-1.504273e-11
-1.497389e-11
-1.481306e-11
-1.465883e-11
-1.451125e-11
-1.435952e-11
-1.422027e-11
-1.406996e-11
-1.392837e-11
-1.378752e-11
-1.364654e-11
-1.350795e-11
 4.420052e-10
-5.594726e-10
 1.596615e-10
-5.022044e-12
-2.138340e-11
-8.923542e-12
-1.365889e-11
-1.204450e-11
-1.266035e-11
-1.217512e-11
-1.199360e-11
-1.211040e-11
-1.180815e-11
-1.175214e-11
-1.162624e-11
-1.150519e-11
-1.138919e-11
-1.127024e-11
-1.116091e-11
-1.104310e-11
-1.093185e-11
-1.082121e-11
-1.071059e-11
-1.060190e-11
 3.449515e-10
-4.366314e-10
 1.243779e-10
-3.982690e-12
-1.666770e-11
-7.054444e-12
-1.070059e-11
-9.467043e-12
-9.924222e-12
-9.557473e-12
-9.415817e-12
-9.500389e-12
-9.268007e-12
-9.222816e-12
-9.124023e-12
-9.029120e-12
-8.938007e-12
-8.844591e-12
-8.758732e-12
-8.666547e-12
-8.579208e-12
-8.492236e-12
-8.405352e-12
-8.320108e-12
 2.692511e-10
-3.408158e-10
 9.692156e-11
-3.170056e-12
-1.298759e-11
-5.572195e-12
-8.385581e-12
-7.439980e-12
-7.777862e-12
-7.502224e-12
-7.391522e-12
-7.452050e-12
-7.273608e-12
-7.237238e-12
-7.159561e-12
-7.085224e-12
-7.013759e-12
-6.940372e-12
-6.872895e-12
-6.800744e-12
-6.732218e-12
-6.663903e-12
-6.595669e-12
-6.528776e-12
 2.101354e-10
-2.659722e-10
 7.549094e-11
-2.504430e-12
-1.013003e-11
-4.404056e-12
-6.565715e-12
-5.846263e-12
-6.097126e-12
-5.887286e-12
-5.801173e-12
-5.845205e-12
-5.707731e-12
-5.678288e-12
-5.617403e-12
-5.559153e-12
-5.503089e-12
-5.445530e-12
-5.392490e-12
-5.335936e-12
-5.282174e-12
-5.228585e-12
-5.175046e-12
-5.122533e-12
 1.640680e-10
-2.076585e-10
 5.883567e-11
-1.979906e-12
-7.900275e-12
-3.478713e-12
-5.141412e-12
-4.593289e-12
-4.778992e-12
-4.619611e-12
-4.552554e-12
-4.584367e-12
-4.478547e-12
-4.454773e-12
-4.406975e-12
-4.361322e-12
-4.317385e-12
-4.272271e-12
-4.230577e-12
-4.186220e-12
-4.144026e-12
-4.102014e-12
-4.060041e-12
-4.018820e-12
 1.281043e-10
-1.621385e-10
 4.586500e-11
-1.571566e-12
-6.158580e-12
-2.745053e-12
-4.027904e-12
-3.608299e-12
-3.744894e-12
-3.624872e-12
-3.572502e-12
-3.595030e-12
-3.513752e-12
-3.494665e-12
-3.457053e-12
-3.421273e-12
-3.386864e-12
-3.351496e-12
-3.318733e-12
-3.283955e-12
-3.250832e-12
-3.217886e-12
-3.184987e-12
-3.152645e-12
 1.000162e-10
-1.265796e-10
 3.574301e-11
-1.242491e-12
-4.803730e-12
-2.166527e-12
-3.153992e-12
-2.834156e-12
-2.934843e-12
-2.843821e-12
-2.803010e-12
-2.819049e-12
-2.756481e-12
-2.741149e-12
-2.711640e-12
-2.683592e-12
-2.656605e-12
-2.628881e-12
-2.603156e-12
-2.575901e-12
-2.549904e-12
-2.524056e-12
-2.498261e-12
-2.472896e-12
 7.810884e-11
-9.884952e-11
 2.786456e-11
-9.793010e-13
-3.748128e-12
-1.709673e-12
-2.469189e-12
-2.225822e-12
-2.300012e-12
-2.230799e-12
-2.199027e-12
-2.210425e-12
-2.162204e-12
-2.149896e-12
-2.126779e-12
-2.104794e-12
-2.083615e-12
-2.061878e-12
-2.041685e-12
-2.020336e-12
-1.999939e-12
-1.979656e-12
-1.959422e-12
-1.939532e-12
 6.100543e-11
-7.720192e-11
 2.172777e-11
-7.742559e-13
-2.923454e-12
-1.348049e-12
-1.933786e-12
-1.747826e-12
-1.802117e-12
-1.749891e-12
-1.725104e-12
-1.733013e-12
-1.695910e-12
-1.686064e-12
-1.667920e-12
-1.650697e-12
-1.634090e-12
-1.617040e-12
-1.601185e-12
-1.584468e-12
-1.568469e-12
-1.552553e-12
-1.536682e-12
-1.521083e-12
 4.764148e-11
-6.028573e-11
 1.693848e-11
-6.112680e-13
-2.280819e-12
-1.062736e-12
-1.514211e-12
-1.372318e-12
-1.411986e-12
-1.372487e-12
-1.353166e-12
-1.358624e-12
-1.330056e-12
-1.322178e-12
-1.307943e-12
-1.294451e-12
-1.281432e-12
-1.268063e-12
-1.255614e-12
-1.242519e-12
-1.229971e-12
-1.217489e-12
-1.205042e-12
-1.192808e-12
 3.721493e-11
-4.708886e-11
 1.320837e-11
-4.810119e-13
-1.780138e-12
-8.378235e-13
-1.185323e-12
-1.077377e-12
-1.106365e-12
-1.076337e-12
-1.061296e-12
-1.065068e-12
-1.043042e-12
-1.036733e-12
-1.025578e-12
-1.015007e-12
-1.004800e-12
-9.943231e-13
-9.845493e-13
-9.742872e-13
-9.644458e-13
-9.546596e-13
-9.449027e-13
-9.353072e-13
 2.907310e-11
-3.678488e-11
 1.030185e-11
-3.790582e-13
-1.389128e-12
-6.601451e-13
-9.280499e-13
-8.457261e-13
-8.667788e-13
-8.440562e-13
-8.323311e-13
-8.348671e-13
-8.179023e-13
-8.128634e-13
-8.041112e-13
-7.958292e-13
-7.878301e-13
-7.796200e-13
-7.719473e-13
-7.639060e-13
-7.561870e-13
-7.485147e-13
-7.408675e-13
-7.333430e-13
 2.271090e-11
-2.873275e-11
 8.034024e-12
-2.989078e-13
-1.084014e-12
-5.199791e-13
-7.266232e-13
-6.638052e-13
-6.790255e-13
-6.618539e-13
-6.527106e-13
-6.543712e-13
-6.413053e-13
-6.372867e-13
-6.304200e-13
-6.239315e-13
-6.176626e-13
-6.112284e-13
-6.052067e-13
-5.989071e-13
-5.928531e-13
-5.868375e-13
-5.808438e-13
-5.749444e-13
 1.774419e-11
-2.244735e-11
 6.266560e-12
-2.350889e-13
-8.461967e-13
-4.095812e-13
-5.687694e-13
-5.209653e-13
-5.319613e-13
-5.189237e-13
-5.118027e-13
-5.128760e-13
-5.027988e-13
-4.995933e-13
-4.942135e-13
-4.891298e-13
-4.842143e-13
-4.791724e-13
-4.744477e-13
-4.695132e-13
-4.647658e-13
-4.600490e-13
-4.553507e-13
-4.507260e-13
 1.386560e-11
-1.753947e-11
 4.888986e-12
-1.849446e-13
-6.605392e-13
-3.225208e-13
-4.452269e-13
-4.088204e-13
-4.167188e-13
-4.068360e-13
-4.012880e-13
-4.019504e-13
-3.941793e-13
-3.916254e-13
-3.874097e-13
-3.834274e-13
-3.795736e-13
-3.756223e-13
-3.719154e-13
-3.680508e-13
-3.643285e-13
-3.606302e-13
-3.569472e-13
-3.533219e-13
 1.083413e-11
-1.370356e-11
 3.813999e-12
-1.456508e-13
-5.155783e-13
-2.538727e-13
-3.485472e-13
-3.207824e-13
-3.264121e-13
-3.189414e-13
-3.146163e-13
-3.149932e-13
-3.090029e-13
-3.069708e-13
-3.036654e-13
-3.005463e-13
-2.975261e-13
-2.944295e-13
-2.915210e-13
-2.884943e-13
-2.855762e-13
-2.826768e-13
-2.797901e-13
-2.769482e-13
 8.466572e-12
-1.070798e-11
 2.975773e-12
-1.145236e-13
-4.025180e-13
-1.998242e-13
-2.728164e-13
-2.516808e-13
-2.556779e-13

Forecasting scores:

mase, smape, msis

  1.109542
 62.306622
  4.147000
End
