darima-master/data/MPS_Traffic_Volume_train.csv
/home/bsuconn/spark/spark-3.0.1-bin-hadoop3.2/python/pyspark/sql/pandas/group_ops.py:73: UserWarning: It is preferred to use 'applyInPandas' over this API. This API will be deprecated in the future releases. See SPARK-28264 for more details.
  warnings.warn(
Model results are saved to:	darima-master/result/darima_model_MPS_Traffic_Volume_2020-12-05-13:29:48.pkl
Coefficient results are saved to:	darima-master/result/darima_coef_MPS_Traffic_Volume_2020-12-05-13:29:48.csv
Forecasting results are saved to:	darima-master/result/darima_forec_MPS_Traffic_Volume_2020-12-05-13:29:48.csv

Model Summary:

 sample_size  sample_size_per_partition  n_par  partition_num  time_mapred  time_model_forec  time_model_eval
       46764                       9352   2001              5   108.757445          5.053671         0.051017

DLSA Coefficients:

 2.110803e+02
 5.910788e-15
 1.341305e+00
-4.235680e-01
-4.008417e-02
 5.019964e-02
 1.192855e-02
-2.597134e-02
-3.221678e-02
 7.531036e-03
 1.886077e-02
-1.073767e-02
-2.176415e-02
 1.525681e-03
 1.407087e-02
-1.926564e-03
-1.321305e-02
-1.496215e-03
 9.327087e-03
 1.791876e-03
-7.432938e-03
-2.428399e-03
 5.671669e-03
 2.892407e-03
-3.740589e-03
 1.833066e-01
-2.471749e-01
 8.300871e-02
 5.645592e-03
-1.125772e-02
-2.612986e-03
 8.411513e-03
 7.209237e-03
-3.251871e-03
-3.911433e-03
 4.152101e-03
 5.389595e-03
-1.064365e-03
-3.033109e-03
 1.658240e-03
 3.679815e-03
 1.269501e-04
-2.008306e-03
 4.525453e-04
 2.388899e-03
 6.389616e-04
-1.156543e-03
-4.045790e-05
 1.486297e-03
 5.171430e-02
-6.874883e-02
 2.101800e-02
 1.728782e-03
-1.244217e-03
-4.827816e-04
 7.159632e-04
 1.671972e-03
 3.576723e-04
-5.862213e-04
 3.082470e-04
 1.093815e-03
 4.280741e-04
-3.188884e-04
 7.338554e-05
 6.804737e-04
 4.205763e-04
-1.151728e-04
 2.007605e-06
 4.225839e-04
 3.682834e-04
 1.601363e-05
 2.463134e-06
 2.684437e-04
 1.716678e-02
-2.167198e-02
 6.326419e-03
-2.329863e-05
 7.274311e-05
 3.058548e-04
 7.661373e-05
 2.040305e-04
 2.533499e-04
 1.805637e-04
 1.111104e-04
 1.394396e-04
 1.810863e-04
 1.498617e-04
 1.008923e-04
 1.089068e-04
 1.395344e-04
 1.291499e-04
 9.662018e-05
 9.441523e-05
 1.141602e-04
 1.132521e-04
 9.281272e-05
 8.655552e-05
 8.402351e-03
-1.051808e-02
 3.131399e-03
-8.814844e-06
 3.300934e-05
 1.857217e-04
 1.137226e-04
 1.174105e-04
 1.128470e-04
 1.082455e-04
 9.903797e-05
 8.978079e-05
 8.617168e-05
 8.482608e-05
 8.045195e-05
 7.486737e-05
 7.230023e-05
 7.170635e-05
 6.949977e-05
 6.595671e-05
 6.386850e-05
 6.331029e-05
 6.203826e-05
 5.966868e-05
 4.663927e-03
-5.749639e-03
 1.694652e-03
 3.619257e-05
 3.692636e-05
 1.145101e-04
 8.118283e-05
 7.866268e-05
 7.289634e-05
 6.716873e-05
 6.270925e-05
 5.872362e-05
 5.519096e-05
 5.238267e-05
 5.009786e-05
 4.796992e-05
 4.598525e-05
 4.433131e-05
 4.296307e-05
 4.166214e-05
 4.038424e-05
 3.925410e-05
 3.828853e-05
 3.736368e-05
 2.597763e-03
-3.159163e-03
 9.252274e-04
 3.917208e-05
 2.873142e-05
 7.125882e-05
 5.318026e-05
 4.948001e-05
 4.596695e-05
 4.220664e-05
 3.921319e-05
 3.673280e-05
 3.460682e-05
 3.278876e-05
 3.123630e-05
 2.989930e-05
 2.872411e-05
 2.767906e-05
 2.675143e-05
 2.592311e-05
 2.516833e-05
 2.447114e-05
 2.382801e-05
 2.323345e-05
 1.521785e-03
-1.828328e-03
 5.312099e-04
 3.444503e-05
 1.969085e-05
 4.550084e-05
 3.473161e-05
 3.151717e-05
 2.921965e-05
 2.676202e-05
 2.479832e-05
 2.316896e-05
 2.178438e-05
 2.060893e-05
 1.960163e-05
 1.873145e-05
 1.797331e-05
 1.730585e-05
 1.671229e-05
 1.617991e-05
 1.569812e-05
 1.525775e-05
 1.485154e-05
 1.447411e-05
 9.075291e-04
-1.079592e-03
 3.115083e-04
 2.654023e-05
 1.285058e-05
 2.898343e-05
 2.232928e-05
 1.999517e-05
 1.850366e-05
 1.690809e-05
 1.563580e-05
 1.458135e-05
 1.368640e-05
 1.292851e-05
 1.228076e-05
 1.172218e-05
 1.123636e-05
 1.080986e-05
 1.043180e-05
 1.009343e-05
 9.787724e-06
 9.508996e-06
 9.252627e-06
 9.014877e-06
 5.550483e-04
-6.550860e-04
 1.877061e-04
 1.935074e-05
 8.200528e-06
 1.857313e-05
 1.432774e-05
 1.272171e-05
 1.174907e-05
 1.070778e-05
 9.879011e-06
 9.193401e-06
 8.612528e-06
 8.121621e-06
 7.703037e-06
 7.342986e-06
 7.030635e-06
 6.757141e-06
 6.515379e-06
 6.299605e-06
 6.105178e-06
 5.928355e-06
 5.766111e-06
 5.616001e-06
 3.446213e-04
-4.042805e-04
 1.151047e-04
 1.356572e-05
 5.175480e-06
 1.190803e-05
 9.166614e-06
 8.092288e-06
 7.459002e-06
 6.780567e-06
 6.241504e-06
 5.796297e-06
 5.419735e-06
 5.102123e-06
 4.831883e-06
 4.599969e-06
 4.399275e-06
 4.223997e-06
 4.069461e-06
 3.931899e-06
 3.808267e-06
 3.696111e-06
 3.593446e-06
 3.498669e-06
 2.169913e-04
-2.534291e-04
 7.172678e-05
 9.294415e-06
 3.248573e-06
 7.648794e-06
 5.864011e-06
 5.153307e-06
 4.740489e-06
 4.297949e-06
 3.946901e-06
 3.657447e-06
 3.413026e-06
 3.207272e-06
 3.032580e-06
 2.883008e-06
 2.753891e-06
 2.641416e-06
 2.542514e-06
 2.454710e-06
 2.376008e-06
 2.304795e-06
 2.239768e-06
 2.179875e-06
 1.379872e-04
-1.606576e-04
 4.522465e-05
 6.265235e-06
 2.033558e-06
 4.916653e-06
 3.750857e-06
 3.283538e-06
 3.014434e-06
 2.725774e-06
 2.497153e-06
 2.308940e-06
 2.150261e-06
 2.016936e-06
 1.903972e-06
 1.807470e-06
 1.724364e-06
 1.652154e-06
 1.588824e-06
 1.532750e-06
 1.482621e-06
 1.437379e-06
 1.396170e-06
 1.358303e-06
 8.845333e-05
-1.027748e-04
 2.878861e-05
 4.178067e-06
 1.271333e-06
 3.163408e-06
 2.400380e-06
 2.093867e-06
 1.918360e-06
 1.729987e-06
 1.581020e-06
 1.458568e-06
 1.355490e-06
 1.269040e-06
 1.195941e-06
 1.133631e-06
 1.080098e-06
 1.033701e-06
 9.931153e-07
 9.572754e-07
 9.253207e-07
 8.965564e-07
 8.704220e-07
 8.464643e-07
 5.703708e-05
-6.619041e-05
 1.845835e-05
 2.765025e-06
 7.943519e-07
 2.036815e-06
 1.536956e-06
 1.336170e-06
 1.221677e-06
 1.098720e-06
 1.001626e-06
 9.219296e-07
 8.549418e-07
 7.988604e-07
 7.515327e-07
 7.112770e-07
 6.767725e-07
 6.469406e-07
 6.209130e-07
 5.979896e-07
 5.776056e-07
 5.593050e-07
 5.427198e-07
 5.275528e-07
 3.694651e-05
-4.284946e-05
 1.190112e-05
 1.820260e-06
 4.962292e-07
 1.312399e-06
 9.847640e-07
 8.532995e-07
 7.785840e-07
 6.983005e-07
 6.349928e-07
 5.831015e-07
 5.395474e-07
 5.031470e-07
 4.724870e-07
 4.464630e-07
 4.242078e-07
 4.050133e-07
 3.883094e-07
 3.736364e-07
 3.606236e-07
 3.489717e-07
 3.384392e-07
 3.288309e-07
 2.401363e-05
-2.784591e-05
 7.705666e-06
 1.193867e-06
 3.099941e-07
 8.462018e-07
 6.313925e-07
 5.453306e-07
 4.965590e-07
 4.441250e-07
 4.028336e-07
 3.690338e-07
 3.407037e-07
 3.170662e-07
 2.971932e-07
 2.803596e-07
 2.659959e-07
 2.536373e-07
 2.429095e-07
 2.335106e-07
 2.251974e-07
 2.177733e-07
 2.110798e-07
 2.049890e-07
 1.564757e-05
-1.814781e-05
 5.005186e-06
 7.810229e-07
 1.936749e-07
 5.459741e-07
 4.051113e-07
 3.487712e-07
 3.169256e-07
 2.826713e-07
 2.557309e-07
 2.337069e-07
 2.152716e-07
 1.999146e-07
 1.870265e-07
 1.761312e-07
 1.668549e-07
 1.588922e-07
 1.519975e-07
 1.459726e-07
 1.406577e-07
 1.359239e-07
 1.316672e-07
 1.278035e-07
 1.021545e-05
-1.185245e-05
 3.258927e-06
 5.100428e-07
 1.210231e-07
 3.524930e-07
 2.601103e-07
 2.232244e-07
 2.024251e-07
 1.800417e-07
 1.624592e-07
 1.481033e-07
 1.361019e-07
 1.261200e-07
 1.177575e-07
 1.107017e-07
 1.047072e-07
 9.957339e-08
 9.513905e-08
 9.127412e-08
 8.787368e-08
 8.485309e-08
 8.214405e-08
 7.969142e-08
 6.678543e-06
-7.753062e-06
 2.125773e-06
 3.326898e-07
 7.564042e-08
 2.277214e-07
 1.671279e-07
 1.429759e-07
 1.293876e-07
 1.147577e-07
 1.032793e-07
 9.391839e-08
 8.610245e-08
 7.961147e-08
 7.418267e-08
 6.961078e-08
 6.573459e-08
 6.242252e-08
 5.956861e-08
 5.708749e-08
 5.491029e-08
 5.298145e-08
 5.125612e-08
 4.969814e-08
 4.370809e-06
-5.077363e-06
 1.388522e-06
 2.168432e-07
 4.728693e-08
 1.472058e-07
 1.074598e-07
 9.164365e-08
 8.276419e-08
 7.319981e-08
 6.570417e-08
 5.959832e-08
 5.450624e-08
 5.028348e-08
 4.675748e-08
 4.379346e-08
 4.128556e-08
 3.914739e-08
 3.730937e-08
 3.571545e-08
 3.432043e-08
 3.308783e-08
 3.198821e-08
 3.099783e-08
 2.862739e-06
-3.327894e-06
 9.078975e-07
 1.412730e-07
 2.956907e-08
 9.521563e-08
 6.914270e-08
 5.878392e-08
 5.298010e-08
 4.672596e-08
 4.182985e-08
 3.784591e-08
 3.452723e-08
 3.177893e-08
 2.948773e-08
 2.756509e-08
 2.594154e-08
 2.456032e-08
 2.337577e-08
 2.235109e-08
 2.145659e-08
 2.066833e-08
 1.996698e-08
 1.933697e-08
 1.876095e-06
-2.182569e-06
 5.941017e-07
 9.201872e-08
 1.849482e-08
 6.162359e-08
 4.451902e-08
 3.773366e-08
 3.393929e-08
 2.984885e-08
 2.664992e-08
 2.404969e-08
 2.188603e-08
 2.009665e-08
 1.860713e-08
 1.735937e-08
 1.630772e-08
 1.541493e-08
 1.465101e-08
 1.399181e-08
 1.341783e-08
 1.291336e-08
 1.246570e-08
 1.206464e-08
 1.230035e-06
-1.432059e-06
 3.889948e-07
 5.993307e-08
 1.157136e-08
 3.990569e-08
 2.868399e-08
 2.423878e-08
 2.175759e-08
 1.908175e-08
 1.699117e-08
 1.529358e-08
 1.388248e-08
 1.271698e-08
 1.174821e-08
 1.093803e-08
 1.025645e-08
 9.679026e-09
 9.186057e-09
 8.761684e-09
 8.393110e-09
 8.070017e-09
 7.784078e-09
 7.528577e-09
 8.067175e-07
-9.399281e-07
 2.548152e-07
 3.903732e-08
 7.241798e-09
 2.585623e-08
 1.849369e-08
 1.558121e-08
 1.395837e-08
 1.220759e-08
 1.084103e-08
 9.732416e-09
 8.811827e-09
 8.052405e-09
 7.422067e-09
 6.895753e-09
 6.453786e-09
 6.080104e-09
 5.761778e-09
 5.488394e-09
 5.251550e-09
 5.044471e-09
 4.861692e-09
 4.698805e-09
 5.292153e-07
-6.170630e-07
 1.669785e-07
 2.543033e-08
 4.533584e-09
 1.676222e-08
 1.193144e-08
 1.002296e-08
 8.961334e-09
 7.815600e-09
 6.922108e-09
 6.197935e-09
 5.597165e-09
 5.102161e-09
 4.691855e-09
 4.349791e-09
 4.063049e-09
 3.821081e-09
 3.615399e-09
 3.439165e-09
 3.286862e-09
 3.154043e-09
 3.037121e-09
 2.933199e-09
 3.472355e-07
-4.051695e-07
 1.094500e-07
 1.656941e-08
 2.839069e-09
 1.087245e-08
 7.702679e-09
 6.451964e-09
 5.757333e-09
 5.007419e-09
 4.423106e-09
 3.949939e-09
 3.557765e-09
 3.235002e-09
 2.967815e-09
 2.745400e-09
 2.559271e-09
 2.402503e-09
 2.269523e-09
 2.155841e-09
 2.057835e-09
 1.972584e-09
 1.897733e-09
 1.831383e-09
 2.278649e-07
-2.660696e-07
 7.175735e-08
 1.079846e-08
 1.778505e-09
 7.055791e-09
 4.975822e-09
 4.156083e-09
 3.701499e-09
 3.210579e-09
 2.828380e-09
 2.519141e-09
 2.263063e-09
 2.052538e-09
 1.878483e-09
 1.733802e-09
 1.612924e-09
 1.511301e-09
 1.425274e-09
 1.351894e-09
 1.288783e-09
 1.234025e-09
 1.186073e-09
 1.143680e-09
 1.495471e-07
-1.747389e-07
 4.705363e-08
 7.039261e-09
 1.114513e-09
 4.581208e-09
 3.216298e-09
 2.678974e-09
 2.381431e-09
 2.060006e-09
 1.809960e-09
 1.607810e-09
 1.440552e-09
 1.303193e-09
 1.189766e-09
 1.095611e-09
 1.017072e-09
 9.511611e-10
 8.954757e-10
 8.480802e-10
 8.074132e-10
 7.722160e-10
 7.414735e-10
 7.143667e-10
 9.815570e-08
-1.147647e-07
 3.085900e-08
 4.589967e-09
 6.986701e-10
 2.975936e-09
 2.080224e-09
 1.727983e-09
 1.533198e-09
 1.322716e-09
 1.159099e-09
 1.026923e-09
 9.176504e-10
 8.280009e-10
 7.540572e-10
 6.927595e-10
 6.417057e-10
 5.989351e-10
 5.628696e-10
 5.322382e-10
 5.060159e-10
 4.833761e-10
 4.636524e-10
 4.463073e-10
 6.442906e-08
-7.537786e-08
 2.024053e-08
 2.993729e-09
 4.381493e-10
 1.934058e-09
 1.346232e-09
 1.115301e-09
 9.877654e-10
 8.499144e-10
 7.428321e-10
 6.563908e-10
 5.849829e-10
 5.264550e-10
 4.782344e-10
 4.383119e-10
 4.051102e-10
 3.773418e-10
 3.539704e-10
 3.341615e-10
 3.172421e-10
 3.026695e-10
 2.900061e-10
 2.788991e-10
 4.229326e-08
-4.950964e-08
 1.327716e-08
 1.953157e-09
 2.748789e-10
 1.257509e-09
 8.717251e-10
 7.203128e-10
 6.367960e-10
 5.465006e-10
 4.764068e-10
 4.198636e-10
 3.731887e-10
 3.349678e-10
 3.035117e-10
 2.775009e-10
 2.558997e-10
 2.378626e-10
 2.227091e-10
 2.098914e-10
 1.989675e-10
 1.895810e-10
 1.814448e-10
 1.743272e-10
 2.776381e-08
-3.251936e-08
 8.710143e-09
 1.274627e-09
 1.725188e-10
 8.179791e-10
 5.647841e-10
 4.655008e-10
 4.108021e-10
 3.516489e-10
 3.057595e-10
 2.687662e-10
 2.382507e-10
 2.132844e-10
 1.927580e-10
 1.758050e-10
 1.617453e-10
 1.500237e-10
 1.401934e-10
 1.318947e-10
 1.248373e-10
 1.187873e-10
 1.135561e-10
 1.089916e-10
 1.822645e-08
-2.135982e-08
 5.714487e-09
 8.320478e-10
 1.083213e-10
 5.322991e-10
 3.661189e-10
 3.010122e-10
 2.651828e-10
 2.264264e-10
 1.963786e-10
 1.721713e-10
 1.522163e-10
 1.359038e-10
 1.225055e-10
 1.114522e-10
 1.022975e-10
 9.467662e-11
 8.829633e-11
 8.292033e-11
 7.835808e-11
 7.445599e-11
 7.109023e-11
 6.816093e-11
 1.196570e-08
-1.402989e-08
 3.749362e-09
 5.432883e-10
 6.804243e-11
 3.465336e-10
 2.374608e-10
 1.947628e-10
 1.712904e-10
 1.458947e-10
 1.262169e-10
 1.103735e-10
 9.732161e-11
 8.666080e-11
 7.791268e-11
 7.070364e-11
 6.474036e-11
 5.978347e-11
 5.564033e-11
 5.215580e-11
 4.920476e-11
 4.668638e-11
 4.451935e-11
 4.263809e-11
 7.855695e-09
-9.215319e-09
 2.460155e-09
 3.548348e-10
 4.276035e-11
 2.256861e-10
 1.540938e-10
 1.260898e-10
 1.107108e-10
 9.406795e-11
 8.117949e-11
 7.080844e-11
 6.226996e-11
 5.530107e-11
 4.958764e-11
 4.488431e-11
 4.099849e-11
 3.777297e-11
 3.508128e-11
 3.282152e-11
 3.091156e-11
 2.928518e-11
 2.788899e-11
 2.667995e-11
 5.157515e-09
-6.052923e-09
 1.614322e-09
 2.318100e-10
 2.688468e-11
 1.470373e-10
 1.000449e-10
 8.167695e-11
 7.159947e-11
 6.069162e-11
 5.224886e-11
 4.545891e-11
 3.987201e-11
 3.531549e-11
 3.158303e-11
 2.851355e-11
 2.598054e-11
 2.388080e-11
 2.213126e-11
 2.066503e-11
 1.942816e-11
 1.837718e-11
 1.747704e-11
 1.669947e-11
 3.386137e-09
-3.975739e-09
 1.059347e-09
 1.514762e-10
 1.691131e-11
 9.583136e-11
 6.498526e-11
 5.293685e-11
 4.633260e-11
 3.918277e-11
 3.365154e-11
 2.920545e-11
 2.554917e-11
 2.256930e-11
 2.013036e-11
 1.812656e-11
 1.647484e-11
 1.510742e-11
 1.396975e-11
 1.301791e-11
 1.221649e-11
 1.153692e-11
 1.095620e-11
 1.045577e-11
 2.223185e-09
-2.611367e-09
 6.951930e-10
 9.900552e-11
 1.064302e-11
 6.247970e-11
 4.223164e-11
 3.432804e-11
 2.999951e-11
 2.531252e-11
 2.168832e-11
 1.877658e-11
 1.638336e-11
 1.443419e-11
 1.284010e-11
 1.153162e-11
 1.045422e-11
 9.563367e-12
 8.823261e-12
 8.205053e-12
 7.685486e-12
 7.245815e-12
 6.870929e-12
 6.548644e-12
 1.459665e-09
-1.715201e-09
 4.562362e-10
 6.472511e-11
 6.701547e-12
 4.074887e-11
 2.745729e-11
 2.227233e-11
 1.943505e-11
 1.636227e-11
 1.398733e-11
 1.208017e-11
 1.051343e-11
 9.238200e-12
 8.196067e-12
 7.341404e-12
 6.638395e-12
 6.057814e-12
 5.576139e-12
 5.174431e-12
 4.837417e-12
 4.552790e-12
 4.310627e-12
 4.102929e-12
 9.583778e-10
-1.126572e-09
 2.994265e-10
 4.232341e-11
 4.221960e-12
 2.658469e-11
 1.785941e-11
 1.445777e-11
 1.259781e-11
 1.058312e-11
 9.026648e-12
 7.777313e-12
 6.751471e-12
 5.917010e-12
 5.235566e-12
 4.677177e-12
 4.218326e-12
 3.839819e-12
 3.526209e-12
 3.265062e-12
 3.046349e-12
 2.861987e-12
 2.705462e-12
 2.571521e-12
 6.292533e-10
-7.399462e-10
 1.965195e-10
 2.768083e-11
 2.661269e-12
 1.734929e-11
 1.162145e-11
 9.389648e-12
 8.170247e-12
 6.849197e-12
 5.829021e-12
 5.010507e-12
 4.338725e-12
 3.792588e-12
 3.346902e-12
 2.981993e-12
 2.682415e-12
 2.435566e-12
 2.231302e-12
 2.061458e-12
 1.919448e-12
 1.799965e-12
 1.698732e-12
 1.612299e-12
 4.131608e-10
-4.860020e-10
 1.289838e-10
 1.810775e-11
 1.678439e-12
 1.132557e-11
 7.565366e-12
 6.101026e-12
 5.301511e-12
 4.435217e-12
 3.766486e-12
 3.230165e-12
 2.790180e-12
 2.432684e-12
 2.141133e-12
 1.902607e-12
 1.706962e-12
 1.545924e-12
 1.412831e-12
 1.302321e-12
 1.210069e-12
 1.132592e-12
 1.067080e-12
 1.011269e-12
 2.712797e-10
-3.192073e-10
 8.465993e-11
 1.184766e-11
 1.059183e-12
 7.395395e-12
 4.926859e-12
 3.966023e-12
 3.441769e-12
 2.873645e-12
 2.435246e-12
 2.083788e-12
 1.795580e-12
 1.561529e-12
 1.370771e-12
 1.214820e-12
 1.087017e-12
 9.819270e-13
 8.951759e-13
 8.232424e-13
 7.632872e-13
 7.130220e-13
 6.706024e-13
 6.345416e-13
 1.781229e-10
-2.096547e-10
 5.556906e-11
 7.753179e-12
 6.687926e-13
 4.830373e-12
 3.209775e-12
 2.579288e-12
 2.235500e-12
 1.862891e-12
 1.575466e-12
 1.345126e-12
 1.156313e-12
 1.003058e-12
 8.782241e-13
 7.762403e-13
 6.927330e-13
 6.241330e-13
 5.675684e-13
 5.207267e-13
 4.817436e-13
 4.491163e-13
 4.216338e-13
 3.983198e-13
 1.169569e-10
-1.376999e-10
 3.647538e-11
 5.074611e-12
 4.225452e-13
 3.155824e-12
 2.091881e-12
 1.678147e-12
 1.452685e-12
 1.208291e-12
 1.019832e-12
 8.688548e-13
 7.451441e-13
 6.447782e-13
 5.630716e-13
 4.963656e-13
 4.417881e-13
 3.969952e-13
 3.601010e-13
 3.295870e-13
 3.042289e-13
 2.830400e-13
 2.652251e-13
 2.501432e-13
 7.679554e-11
-9.043984e-11
 2.394295e-11
 3.321987e-12
 2.671297e-13
 2.062305e-12
 1.363801e-12
 1.092294e-12
 9.444219e-13
 7.841132e-13
 6.605339e-13
 5.615659e-13
 4.805006e-13
 4.147625e-13
 3.612749e-13
 3.176349e-13
 2.819565e-13
 2.527007e-13
 2.286288e-13
 2.087438e-13
 1.922418e-13
 1.784747e-13
 1.669205e-13
 1.571582e-13
 5.042541e-11
-5.939956e-11
 1.571686e-11
 2.175013e-12
 1.689836e-13
 1.348020e-12
 8.894292e-13
 7.112486e-13
 6.142586e-13
 5.090989e-13
 4.280574e-13
 3.631763e-13
 3.100497e-13
 2.669867e-13
 2.319664e-13
 2.034112e-13
 1.800824e-13
 1.609693e-13
 1.452587e-13
 1.322957e-13
 1.215525e-13
 1.126035e-13
 1.051059e-13
 9.878336e-14
 3.311053e-11
-3.901253e-11
 1.031725e-11
 1.424267e-12
 1.069659e-13
 8.813297e-13
 5.802455e-13
 4.633079e-13
 3.996876e-13
 3.307007e-13
 2.775510e-13
 2.350126e-13
 2.001923e-13
 1.719793e-13
 1.490469e-13
 1.303588e-13
 1.151017e-13
 1.026119e-13
 9.235524e-14
 8.390185e-14
 7.690500e-14
 7.108532e-14
 6.621767e-14
 6.212056e-14
 2.174132e-11
-2.562257e-11
 6.772848e-12
 9.327891e-13
 6.775334e-14
 5.763348e-13
 3.786576e-13
 3.019104e-13
 2.601763e-13
 2.149170e-13
 1.800573e-13
 1.521653e-13
 1.293409e-13
 1.108549e-13
 9.583578e-14
 8.360318e-14
 7.362297e-14
 6.545928e-14
 5.876142e-14
 5.324700e-14
 4.868839e-14
 4.490213e-14
 4.174038e-14
 3.908396e-14
 1.427607e-11
-1.682824e-11
 4.446185e-12
 6.109914e-13
 4.294428e-14
 3.769653e-13
 2.471784e-13
 1.968070e-13
 1.694284e-13
 1.397342e-13
 1.168690e-13
 9.857899e-14
 8.361642e-14
 7.150237e-14
 6.166458e-14
 5.365623e-14
 4.712655e-14
 4.178933e-14
 3.741425e-14
 3.381590e-14
 3.084479e-14
 2.838044e-14
 2.632578e-14
 2.460255e-14
 9.374194e-12
-1.105230e-11
 2.918851e-12
 4.002612e-13
 2.723792e-14
 2.466119e-13
 1.613980e-13
 1.283367e-13
 1.103747e-13
 9.089168e-14
 7.589297e-14
 6.389851e-14
 5.408888e-14
 4.614958e-14
 3.970482e-14
 3.446115e-14
 3.018823e-14
 2.669812e-14
 2.383957e-14
 2.149081e-14
 1.955369e-14
 1.794909e-14
 1.661326e-14
 1.549483e-14
 6.155480e-12
-7.258794e-12
 1.916216e-12
 2.622441e-13
 1.728786e-14
 1.613647e-13
 1.054154e-13
 8.371502e-14
 7.193026e-14
 5.914642e-14
 4.930725e-14
 4.144080e-14
 3.500894e-14
 2.980515e-14
 2.558264e-14
 2.214871e-14
 1.935209e-14
 1.706936e-14
 1.520120e-14
 1.366766e-14
 1.240426e-14
 1.135906e-14
 1.049020e-14
 9.763946e-15
 4.041963e-12
-4.767319e-12
 1.258010e-12
 1.718381e-13
 1.098023e-14
 1.056043e-13
 6.886897e-14
 5.462512e-14
 4.689283e-14
 3.850430e-14
 3.204944e-14
 2.688994e-14
 2.267244e-14
 1.926129e-14
 1.649444e-14
 1.424534e-14
 1.241465e-14
 1.092132e-14
 9.700127e-15
 8.698569e-15
 7.874312e-15
 7.193244e-15
 6.627875e-15
 6.156051e-15
 2.654147e-12
-3.130993e-12
 8.259069e-13
 1.126113e-13
 6.978915e-15
 6.912405e-14
 4.500405e-14
 3.565433e-14
 3.058074e-14
 2.507610e-14
 2.084124e-14
 1.745699e-14
 1.469127e-14
 1.245501e-14
 1.064179e-14
 9.168510e-15
 7.969933e-15
 6.992831e-15
 6.194377e-15
 5.540088e-15
 5.002167e-15
 4.558213e-15
 4.190176e-15
 3.883507e-15
 1.742850e-12
-2.056308e-12
 5.422315e-13
 7.380589e-14
 4.438891e-15
 4.525307e-14
 2.941598e-14
 2.327864e-14
 1.994943e-14
 1.633709e-14
 1.355857e-14
 1.133861e-14
 9.524788e-15
 8.058628e-15
 6.870234e-15
 5.905034e-15
 5.120189e-15
 4.480745e-15
 3.958577e-15
 3.531041e-15
 3.179883e-15
 2.890393e-15
 2.650718e-15
 2.451305e-15
 1.144450e-12
-1.350494e-12
 3.559956e-13
 4.837759e-14
 2.825360e-15
 2.963021e-14
 1.923155e-14
 1.520279e-14
 1.301812e-14
 1.064748e-14
 8.824391e-15
 7.368077e-15
 6.178455e-15
 5.217113e-15
 4.438154e-15
 3.805739e-15
 3.291737e-15
 2.873194e-15
 2.531639e-15
 2.252205e-15
 2.022902e-15
 1.834072e-15
 1.677930e-15
 1.548204e-15
 7.515117e-13
-8.869424e-13
 2.337279e-13
 3.171316e-14
 1.799653e-15
 1.940376e-14
 1.257593e-14
 9.931253e-15
 8.497585e-15
 6.941774e-15
 5.745524e-15
 4.790118e-15
 4.009833e-15
 3.379443e-15
 2.868807e-15
 2.454390e-15
 2.117719e-15
 1.843720e-15
 1.620263e-15
 1.437584e-15
 1.287811e-15
 1.164600e-15
 1.062841e-15
 9.784147e-16
 4.934879e-13
-5.825010e-13
 1.534554e-13
 2.079097e-14
 1.147152e-15
 1.270863e-14
 8.225392e-15
 6.489258e-15
 5.548394e-15
 4.527305e-15
 3.742331e-15
 3.115510e-15
 2.603680e-15
 2.190277e-15
 1.855506e-15
 1.583912e-15
 1.363364e-15
 1.183962e-15
 1.037741e-15
 9.182893e-16
 8.204370e-16
 7.400189e-16
 6.736784e-16
 6.187106e-16
 3.240552e-13
-3.825573e-13
 1.007533e-13
 1.363163e-14
 7.317666e-16
 8.324732e-15
 5.380957e-15
 4.241226e-15
 3.623750e-15
 2.953580e-15
 2.438463e-15
 2.027199e-15
 1.691443e-15
 1.420318e-15
 1.200824e-15
 1.022813e-15
 8.783166e-16
 7.608348e-16
 6.651370e-16
 5.870123e-16
 5.230659e-16
 4.705626e-16
 4.272982e-16
 3.914964e-16
 2.127958e-13
-2.512435e-13
 6.615176e-14
 8.938342e-15
 4.671373e-16
 5.453779e-15
 3.520829e-15
 2.772609e-15
 2.367354e-15
 1.927490e-15
 1.589445e-15
 1.319597e-15
 1.099332e-15
 9.215055e-16
 7.775819e-16
 6.608957e-16
 5.662150e-16
 4.892710e-16
 4.266286e-16
 3.755226e-16
 3.337238e-16
 2.994359e-16
 2.712116e-16
 2.478844e-16
 1.397362e-13
-1.650031e-13
 4.343386e-14
 5.861387e-15
 2.984266e-16
 3.573369e-15
 2.304141e-15
 1.812935e-15
 1.546953e-15
 1.258241e-15
 1.036392e-15
 8.593254e-16
 7.148174e-16
 5.981766e-16
 5.037974e-16
 4.273025e-16
 3.652564e-16
 3.148554e-16
 2.738439e-16
 2.404061e-16
 2.130779e-16
 1.906799e-16
 1.722615e-16
 1.570568e-16
 9.176056e-14
-1.083647e-13
 2.851806e-14
 3.843938e-15
 1.907884e-16
 2.341578e-15
 1.508163e-15
 1.185681e-15
 1.011104e-15
 8.215976e-16
 6.759990e-16
 5.598079e-16
 4.649966e-16
 3.884842e-16
 3.265895e-16
 2.764380e-16
 2.357735e-16
 2.027549e-16
 1.759009e-16
 1.540190e-16
 1.361479e-16
 1.215130e-16
 1.094901e-16
 9.957631e-17
 6.025661e-14
-7.116765e-14
 1.872474e-14
 2.521060e-15
 1.220640e-16
 1.534573e-15
 9.873229e-16
 7.756059e-16
 6.610192e-16
 5.366270e-16
 4.410682e-16
 3.648205e-16
 3.026120e-16
 2.524196e-16
 2.118256e-16
 1.789425e-16
 1.522886e-16
 1.306548e-16
 1.130684e-16
 9.874634e-17
 8.705723e-17
 7.749244e-17
 6.964209e-17
 6.317587e-17
 3.956896e-14
-4.673866e-14
 1.229464e-14
 1.653558e-15
 7.815259e-17
 1.005801e-15
 6.464549e-16
 5.074561e-16
 4.322429e-16
 3.505896e-16
 2.878708e-16
 2.378330e-16
 1.970144e-16
 1.640860e-16
 1.374605e-16
 1.158981e-16
 9.842586e-17
 8.424977e-17
 7.273103e-17
 6.335539e-17
 5.570827e-17
 4.945565e-17
 4.432834e-17
 4.010947e-17
 2.598399e-14
-3.069508e-14
 8.072718e-15
 1.084635e-15
 5.007472e-17
 6.592955e-16
 4.233331e-16
 3.320747e-16
 2.827045e-16
 2.291045e-16
 1.879386e-16
 1.551001e-16
 1.283153e-16
 1.067118e-16
 8.924706e-17
 7.510690e-17
 6.365237e-17
 5.436207e-17
 4.681652e-17
 4.067799e-17
 3.567424e-17
 3.158590e-17
 2.823623e-17
 2.548279e-17
 1.706311e-14
-2.015860e-14
 5.300629e-15
 7.114984e-16
 3.210785e-17
 4.322046e-16
 2.772606e-16
 2.173449e-16
 1.849373e-16
 1.497517e-16
 1.227314e-16
 1.011795e-16
 8.360298e-17
 6.942874e-17
 5.797218e-17
 4.869868e-17
 4.118861e-17
 3.509958e-17
 3.015611e-17
 2.613641e-17
 2.286171e-17
 2.018794e-17
 1.799905e-17
 1.620150e-17
 1.120500e-14
-1.323887e-14
 3.480475e-15
 4.667556e-16
 2.060248e-17
 2.833596e-16
 1.816156e-16
 1.422774e-16
 1.210039e-16
 9.790593e-17
 8.017001e-17
 6.602506e-17
 5.449059e-17
 4.519030e-17
 3.767458e-17
 3.159234e-17
 2.666802e-17
 2.267676e-17
 1.943764e-17
 1.680504e-17
 1.466154e-17
 1.291255e-17
 1.148184e-17
 1.030800e-17
 7.358112e-15
-8.694421e-15
 2.285351e-15
 3.062167e-16
 1.322942e-17
 1.857906e-16
 1.189800e-16
 9.315190e-17
 7.918694e-17
 6.402369e-17
 5.238166e-17
 4.309775e-17
 3.552807e-17
 2.942551e-17
 2.449478e-17
 2.050534e-17
 1.727622e-17
 1.465976e-17
 1.253716e-17
 1.081276e-17
 9.409479e-18
 8.265188e-18
 7.329833e-18
 6.563081e-18
 4.831946e-15
-5.709914e-15
 1.500619e-15
 2.009051e-16
 8.501040e-18
 1.218274e-16
 7.795580e-17
 6.099773e-17
 5.183024e-17
 4.187576e-17
 3.423364e-17
 2.814005e-17
 2.317215e-17
 1.916766e-17
 1.593267e-17
 1.331576e-17
 1.119811e-17
 9.482745e-18
 8.091638e-18
 6.961986e-18
 6.043157e-18
 5.294356e-18
 4.682715e-18
 4.181745e-18
 3.173062e-15
-3.749882e-15
 9.853510e-16
 1.318179e-16
 5.466509e-18
 7.989137e-17
 5.108267e-17
 3.994832e-17
 3.393008e-17
 2.739498e-17
 2.237838e-17
 1.837868e-17
 1.511819e-17
 1.249035e-17
 1.036780e-17
 8.651119e-18
 7.262269e-18
 6.137564e-18
 5.225770e-18
 4.485642e-18
 3.883929e-18
 3.393844e-18
 2.993799e-18
 2.666402e-18
 2.083704e-15
-2.462663e-15
 6.470149e-16
 8.649245e-17
 3.517636e-18
 5.239462e-17
 3.347704e-17
 2.616636e-17
 2.221546e-17
 1.792510e-17
 1.463193e-17
 1.200654e-17
 9.866579e-18
 8.142053e-18
 6.749339e-18
 5.623141e-18
 4.712207e-18
 3.974719e-18
 3.377030e-18
 2.892053e-18
 2.497955e-18
 2.177142e-18
 1.915440e-18
 1.701427e-18
 1.368341e-15
-1.617304e-15
 4.248546e-16
 5.675463e-17
 2.265116e-18
 3.436402e-17
 2.194151e-17
 1.714136e-17
 1.454759e-17
 1.173088e-17
 9.569018e-18
 7.845683e-18
 6.441114e-18
 5.309352e-18
 4.395479e-18
 3.656616e-18
 3.059105e-18
 2.575483e-18
 2.183656e-18
 1.865834e-18
 1.607681e-18
 1.397641e-18
 1.226408e-18
 1.086480e-18
 8.985736e-16
-1.062130e-15
 2.789773e-16
 3.724283e-17
 1.459568e-18
 2.253979e-17
 1.438234e-17
 1.123056e-17
 9.527722e-18
 7.678465e-18
 6.259245e-18
 5.128000e-18
 4.206082e-18
 3.463310e-18
 2.863619e-18
 2.378849e-18
 1.986898e-18
 1.669731e-18
 1.412837e-18
 1.204536e-18
 1.035411e-18
 8.978749e-19
 7.858157e-19
 6.943072e-19
 5.900837e-16
-6.975299e-16
 1.831892e-16
 2.444002e-17
 9.411263e-19
 1.478507e-17
 9.428320e-18
 7.358839e-18
 6.240889e-18
 5.026778e-18
 4.095070e-18
 3.352472e-18
 2.747336e-18
 2.259840e-18
 1.866302e-18
 1.548228e-18
 1.291104e-18
 1.083086e-18
 9.146446e-19
 7.781093e-19
 6.672962e-19
 5.772233e-19
 5.038762e-19
 4.440202e-19
 3.875023e-16
-4.580865e-16
 1.202910e-16
 1.603898e-17
 6.072335e-19
 9.698904e-18
 6.181281e-18
 4.822434e-18
 4.088465e-18
 3.291341e-18
 2.679671e-18
 2.192188e-18
 1.794973e-18
 1.475011e-18
 1.216747e-18
 1.008039e-18
 8.393534e-19
 7.029127e-19
 5.924594e-19
 5.029558e-19
 4.303412e-19
 3.713438e-19
 3.233273e-19
 2.841677e-19
 2.544695e-16
-3.008373e-16
 7.898931e-17
 1.052610e-17
 3.920510e-19
 6.362776e-18
 4.052846e-18
 3.160604e-18
 2.678723e-18
 2.155366e-18
 1.753795e-18
 1.433777e-18
 1.173036e-18
 9.630263e-19
 7.935325e-19
 6.565797e-19
 5.459081e-19
 4.564100e-19
 3.839761e-19
 3.252981e-19
 2.777092e-19
 2.390610e-19
 2.076223e-19
 1.819980e-19
 1.671082e-16
-1.975674e-16
 5.186874e-17
 6.908333e-18
 2.532811e-19
 4.174399e-18
 2.657525e-18
 2.071660e-18
 1.755281e-18
 1.411662e-18
 1.148021e-18
 9.379341e-19
 7.667747e-19
 6.289288e-19
 5.176891e-19
 4.278180e-19
 3.552048e-19
 2.964951e-19
 2.489903e-19
 2.105180e-19
 1.793269e-19
 1.540059e-19
 1.334183e-19
 1.166480e-19
 1.097388e-16
-1.297473e-16
 3.406003e-17
 4.534120e-18
 1.637309e-19
 2.738820e-18
 1.742724e-18
 1.358029e-18
 1.150307e-18
 9.246966e-19
 7.516068e-19
 6.136860e-19
 5.013282e-19
 4.108470e-19
 3.378373e-19
 2.788599e-19
 2.312150e-19
 1.927000e-19
 1.615426e-19
 1.363160e-19
 1.158703e-19
 9.927895e-20
 8.579526e-20
 7.481773e-20
 7.206488e-17
-8.520808e-17
 2.236588e-17
 2.975953e-18
 1.059058e-19
 1.797025e-18
 1.142909e-18
 8.903067e-19
 7.539238e-19
 6.057922e-19
 4.921511e-19
 4.016053e-19
 3.278464e-19
 2.684534e-19
 2.205338e-19
 1.818287e-19
 1.505653e-19
 1.252971e-19
 1.048602e-19
 8.831772e-20
 7.491440e-20
 6.404176e-20
 5.520953e-20
 4.802267e-20
 4.732466e-17
-5.595809e-17
 1.468686e-17
 1.953312e-18
 6.854319e-20
 1.179138e-18
 7.495931e-19
 5.837253e-19
 4.941798e-19
 3.969185e-19
 3.223071e-19
 2.628622e-19
 2.144411e-19
 1.754540e-19
 1.440012e-19
 1.185994e-19
 9.808425e-20
 8.150590e-20
 6.810002e-20
 5.725134e-20
 4.846389e-20
 4.133808e-20
 3.555195e-20
 3.084607e-20
 3.107791e-17
-3.674892e-17
 9.644360e-18
 1.282122e-18
 4.438720e-20
 7.737388e-19
 4.916639e-19
 3.827486e-19
 3.239548e-19
 2.600936e-19
 2.111066e-19
 1.720794e-19
 1.402915e-19
 1.146987e-19
 9.405361e-20
 7.738202e-20
 6.391940e-20
 5.304189e-20
 4.424759e-20
 3.713245e-20
 3.137075e-20
 2.670010e-20
 2.290904e-20
 1.982723e-20
 2.040876e-17
-2.413380e-17
 6.333145e-18
 8.415857e-19
 2.876031e-20
 5.077406e-19
 3.225066e-19
 2.509882e-19
 2.123848e-19
 1.704536e-19
 1.382902e-19
 1.126675e-19
 9.179864e-20
 7.499812e-20
 6.144663e-20
 5.050448e-20
 4.166957e-20
 3.453222e-20
 2.876281e-20
 2.409600e-20
 2.031791e-20
 1.725619e-20
 1.477202e-20
 1.275350e-20
 1.340238e-17
-1.584917e-17
 4.158790e-18
 5.524310e-19
 1.864512e-20
 3.332011e-19
 2.115607e-19
 1.645984e-19
 1.392517e-19

Forecasting scores:

mase, smape, msis

  1.110318
 62.320242
  5.519498
End
