darima-master/data/MPS_Traffic_Volume_train.csv
/home/bsuconn/spark/spark-3.0.1-bin-hadoop3.2/python/pyspark/sql/pandas/group_ops.py:73: UserWarning: It is preferred to use 'applyInPandas' over this API. This API will be deprecated in the future releases. See SPARK-28264 for more details.
  warnings.warn(
Model results are saved to:	darima-master/result/darima_model_MPS_Traffic_Volume_2020-12-05-13:21:17.pkl
Coefficient results are saved to:	darima-master/result/darima_coef_MPS_Traffic_Volume_2020-12-05-13:21:17.csv
Forecasting results are saved to:	darima-master/result/darima_forec_MPS_Traffic_Volume_2020-12-05-13:21:17.csv

Model Summary:

 sample_size  sample_size_per_partition  n_par  partition_num  time_mapred  time_model_forec  time_model_eval
       46764                      46764   2001              1   194.481662          5.174817         0.080994

DLSA Coefficients:

 4.938473e+02
 0.000000e+00
 1.269335e+00
-3.716219e-01
-5.893772e-02
 4.861125e-02
-3.049353e-02
-1.261878e-02
-6.277224e-03
-8.996031e-03
-7.054744e-03
-5.879620e-03
-5.254262e-03
-4.500942e-03
-3.877626e-03
-3.357742e-03
-2.898137e-03
-2.502653e-03
-2.161950e-03
-1.867162e-03
-1.612634e-03
-1.392842e-03
-1.202983e-03
-1.039007e-03
-8.973837e-04
 1.706926e-01
-2.183193e-01
 6.314296e-02
 9.606550e-03
-8.766553e-03
 4.856148e-03
 1.841982e-03
 7.984636e-04
 1.302528e-03
 1.002374e-03
 8.291325e-04
 7.463071e-04
 6.382142e-04
 5.495397e-04
 4.761190e-04
 4.108913e-04
 3.548072e-04
 3.065175e-04
 2.647200e-04
 2.286334e-04
 1.974726e-04
 1.705548e-04
 1.473068e-04
 1.272281e-04
 3.889807e-02
-4.914028e-02
 1.449651e-02
 2.356885e-03
-1.824394e-03
 1.235602e-03
 5.350737e-04
 2.828786e-04
 3.829662e-04
 3.030292e-04
 2.534424e-04
 2.257260e-04
 1.935179e-04
 1.667597e-04
 1.443652e-04
 1.246127e-04
 1.076098e-04
 9.295832e-05
 8.028360e-05
 6.933960e-05
 5.988893e-05
 5.172545e-05
 4.467487e-05
 3.858541e-05
 3.302164e-02
-4.184443e-02
 1.228404e-02
 1.965727e-03
-1.585058e-03
 1.021947e-03
 4.301060e-04
 2.190231e-04
 3.070833e-04
 2.416369e-04
 2.016567e-04
 1.799779e-04
 1.542209e-04
 1.328760e-04
 1.150499e-04
 9.930440e-05
 8.575376e-05
 7.407896e-05
 6.397821e-05
 5.525686e-05
 4.772565e-05
 4.122014e-05
 3.560152e-05
 3.074881e-05
 2.252841e-02
-2.853945e-02
 8.381993e-03
 1.343319e-03
-1.079065e-03
 6.989251e-04
 2.949702e-04
 1.507706e-04
 2.106510e-04
 1.658475e-04
 1.384369e-04
 1.235290e-04
 1.058557e-04
 9.120618e-05
 7.896907e-05
 6.816181e-05
 5.886081e-05
 5.084725e-05
 4.391418e-05
 3.792791e-05
 3.275854e-05
 2.829321e-05
 2.443662e-05
 2.110576e-05
 1.570593e-02
-1.989720e-02
 5.843491e-03
 9.363420e-04
-7.524551e-04
 4.871346e-04
 2.055266e-04
 1.050107e-04
 1.467717e-04
 1.155480e-04
 9.644843e-05
 8.606404e-05
 7.375048e-05
 6.354394e-05
 5.501836e-05
 4.748884e-05
 4.100876e-05
 3.542565e-05
 3.059533e-05
 2.642466e-05
 2.282312e-05
 1.971209e-05
 1.702518e-05
 1.470454e-05
 1.092398e-02
-1.383910e-02
 4.064344e-03
 6.512685e-04
-5.233438e-04
 3.388274e-04
 1.429590e-04
 7.304585e-05
 1.020909e-04
 8.037290e-05
 6.708781e-05
 5.986447e-05
 5.129943e-05
 4.419996e-05
 3.826972e-05
 3.303233e-05
 2.852491e-05
 2.464141e-05
 2.128153e-05
 1.838049e-05
 1.587533e-05
 1.371135e-05
 1.184239e-05
 1.022820e-05
 7.599884e-03
-9.627954e-03
 2.827590e-03
 4.530908e-04
-3.640946e-04
 2.357237e-04
 9.945684e-05
 5.081791e-05
 7.102480e-05
 5.591553e-05
 4.667307e-05
 4.164779e-05
 3.568908e-05
 3.074997e-05
 2.662429e-05
 2.298063e-05
 1.984482e-05
 1.714306e-05
 1.480559e-05
 1.278733e-05
 1.104448e-05
 9.539005e-06
 8.238764e-06
 7.115771e-06
 5.287147e-03
-6.698050e-03
 1.967120e-03
 3.152098e-04
-2.532961e-04
 1.639902e-04
 6.919096e-05
 3.535344e-05
 4.941112e-05
 3.889978e-05
 3.246991e-05
 2.897388e-05
 2.482847e-05
 2.139239e-05
 1.852221e-05
 1.598736e-05
 1.380581e-05
 1.192623e-05
 1.030008e-05
 8.895996e-06
 7.683519e-06
 6.636174e-06
 5.731612e-06
 4.950359e-06
 3.678214e-03
-4.659765e-03
 1.368505e-03
 2.192882e-04
-1.762155e-04
 1.140863e-04
 4.813544e-05
 2.459503e-05
 3.437481e-05
 2.706218e-05
 2.258898e-05
 2.015683e-05
 1.727291e-05
 1.488247e-05
 1.288571e-05
 1.112224e-05
 9.604558e-06
 8.296954e-06
 7.165656e-06
 6.188853e-06
 5.345345e-06
 4.616718e-06
 3.987424e-06
 3.443914e-06
 2.558895e-03
-3.241750e-03
 9.520548e-04
 1.525565e-04
-1.225913e-04
 7.936863e-05
 3.348732e-05
 1.711050e-05
 2.391420e-05
 1.882688e-05
 1.571492e-05
 1.402290e-05
 1.201659e-05
 1.035358e-05
 8.964455e-06
 7.737627e-06
 6.681791e-06
 5.772104e-06
 4.985073e-06
 4.305520e-06
 3.718701e-06
 3.211803e-06
 2.774009e-06
 2.395895e-06
 1.780197e-03
-2.255252e-03
 6.623346e-04
 1.061320e-04
-8.528549e-05
 5.521593e-05
 2.329678e-05
 1.190360e-05
 1.663686e-05
 1.309766e-05
 1.093271e-05
 9.755585e-06
 8.359814e-06
 7.202877e-06
 6.236478e-06
 5.382987e-06
 4.648453e-06
 4.015593e-06
 3.468063e-06
 2.995306e-06
 2.587062e-06
 2.234418e-06
 1.929849e-06
 1.666799e-06
 1.238464e-03
-1.568955e-03
 4.607793e-04
 7.383493e-05
-5.933223e-05
 3.841315e-05
 1.620733e-05
 8.281210e-06
 1.157409e-05
 9.111907e-06
 7.605770e-06
 6.786859e-06
 5.815836e-06
 5.010966e-06
 4.338653e-06
 3.744888e-06
 3.233880e-06
 2.793606e-06
 2.412695e-06
 2.083803e-06
 1.799792e-06
 1.554461e-06
 1.342576e-06
 1.159575e-06
 8.615867e-04
-1.091506e-03
 3.205594e-04
 5.136619e-05
-4.127681e-05
 2.672363e-05
 1.127527e-05
 5.761151e-06
 8.051974e-06
 6.339059e-06
 5.291255e-06
 4.721547e-06
 4.046016e-06
 3.486077e-06
 3.018356e-06
 2.605280e-06
 2.249777e-06
 1.943483e-06
 1.678487e-06
 1.449680e-06
 1.252096e-06
 1.081423e-06
 9.340162e-07
 8.067041e-07
 5.993969e-04
-7.593492e-04
 2.230098e-04
 3.573492e-05
-2.871585e-05
 1.859135e-05
 7.844088e-06
 4.007973e-06
 5.601674e-06
 4.410018e-06
 3.681071e-06
 3.284731e-06
 2.814772e-06
 2.425228e-06
 2.099839e-06
 1.812466e-06
 1.565146e-06
 1.352061e-06
 1.167706e-06
 1.008527e-06
 8.710705e-07
 7.523344e-07
 6.497854e-07
 5.612157e-07
 4.169942e-04
-5.282713e-04
 1.551456e-04
 2.486041e-05
-1.997732e-05
 1.293381e-05
 5.457051e-06
 2.788305e-06
 3.897027e-06
 3.068003e-06
 2.560883e-06
 2.285153e-06
 1.958207e-06
 1.687206e-06
 1.460836e-06
 1.260914e-06
 1.088856e-06
 9.406146e-07
 8.123609e-07
 7.016220e-07
 6.059947e-07
 5.233912e-07
 4.520489e-07
 3.904319e-07
 2.900985e-04
-3.675129e-04
 1.079332e-04
 1.729513e-05
-1.389801e-05
 8.997916e-06
 3.796413e-06
 1.939795e-06
 2.711121e-06
 2.134378e-06
 1.781579e-06
 1.589757e-06
 1.362304e-06
 1.173771e-06
 1.016288e-06
 8.772045e-07
 7.575058e-07
 6.543758e-07
 5.651510e-07
 4.881111e-07
 4.215842e-07
 3.641178e-07
 3.144857e-07
 2.716194e-07
 2.018185e-04
-2.556749e-04
 7.508800e-05
 1.203204e-05
-9.668702e-06
 6.259756e-06
 2.641125e-06
 1.349495e-06
 1.886099e-06
 1.484865e-06
 1.239426e-06
 1.105978e-06
 9.477410e-07
 8.165805e-07
 7.070212e-07
 6.102621e-07
 5.269889e-07
 4.552424e-07
 3.931697e-07
 3.395738e-07
 2.932917e-07
 2.533130e-07
 2.187845e-07
 1.889628e-07
 1.404031e-04
-1.778704e-04
 5.223794e-05
 8.370567e-06
-6.726416e-06
 4.354847e-06
 1.837403e-06
 9.388297e-07
 1.312139e-06
 1.033005e-06
 8.622560e-07
 7.694172e-07
 6.593336e-07
 5.680866e-07
 4.918673e-07
 4.245530e-07
 3.666207e-07
 3.167074e-07
 2.735241e-07
 2.362380e-07
 2.040400e-07
 1.762272e-07
 1.522061e-07
 1.314595e-07
 9.767694e-05
-1.237426e-04
 3.634139e-05
 5.823316e-06
-4.679497e-06
 3.029622e-06
 1.278262e-06
 6.531341e-07
 9.128415e-07
 7.186507e-07
 5.998625e-07
 5.352755e-07
 4.586915e-07
 3.952119e-07
 3.421870e-07
 2.953571e-07
 2.550542e-07
 2.203300e-07
 1.902878e-07
 1.643483e-07
 1.419485e-07
 1.225994e-07
 1.058882e-07
 9.145497e-08
 6.795283e-05
-8.608641e-05
 2.528233e-05
 4.051221e-06
-3.255478e-06
 2.107677e-06
 8.892738e-07
 4.543786e-07
 6.350544e-07
 4.999578e-07
 4.173181e-07
 3.723856e-07
 3.191069e-07
 2.749448e-07
 2.380559e-07
 2.054768e-07
 1.774385e-07
 1.532813e-07
 1.323813e-07
 1.143354e-07
 9.875210e-08
 8.529115e-08
 7.366530e-08
 6.362427e-08
 4.727408e-05
-5.988942e-05
 1.758865e-05
 2.818392e-06
-2.264802e-06
 1.466289e-06
 6.186586e-07
 3.161064e-07
 4.418007e-07
 3.478154e-07
 2.903239e-07
 2.590648e-07
 2.219993e-07
 1.912763e-07
 1.656130e-07
 1.429481e-07
 1.234422e-07
 1.066362e-07
 9.209628e-08
 7.954195e-08
 6.870081e-08
 5.933616e-08
 5.124818e-08
 4.426274e-08
 3.288808e-05
-4.166445e-05
 1.223624e-05
 1.960726e-06
-1.575599e-06
 1.020082e-06
 4.303943e-07
 2.199120e-07
 3.073562e-07
 2.419716e-07
 2.019753e-07
 1.802287e-07
 1.544426e-07
 1.330689e-07
 1.152153e-07
 9.944751e-08
 8.587742e-08
 7.418571e-08
 6.407042e-08
 5.533651e-08
 4.779444e-08
 4.127955e-08
 3.565283e-08
 3.079313e-08
 2.287990e-05
-2.898552e-05
 8.512626e-06
 1.364057e-06
-1.096128e-06
 7.096603e-07
 2.994209e-07
 1.529905e-07
 2.138245e-07
 1.683371e-07
 1.405121e-07
 1.253832e-07
 1.074441e-07
 9.257465e-08
 8.015405e-08
 6.918460e-08
 5.974403e-08
 5.161023e-08
 4.457312e-08
 3.849703e-08
 3.325009e-08
 2.871775e-08
 2.480330e-08
 2.142246e-08
 1.591731e-05
-2.016493e-05
 5.922145e-06
 9.489600e-07
-7.625648e-07
 4.937033e-07
 2.083040e-07
 1.064339e-07
 1.487555e-07
 1.171104e-07
 9.775281e-08
 8.722780e-08
 7.474777e-08
 6.440322e-08
 5.576234e-08
 4.813100e-08
 4.156330e-08
 3.590470e-08
 3.100906e-08
 2.678198e-08
 2.313174e-08
 1.997864e-08
 1.725540e-08
 1.490338e-08
 1.107350e-05
-1.402853e-05
 4.119975e-06
 6.601816e-07
-5.305084e-07
 3.434642e-07
 1.449149e-07
 7.404494e-08
 1.034876e-07
 8.147247e-08
 6.800561e-08
 6.068347e-08
 5.200124e-08
 4.480465e-08
 3.879328e-08
 3.348424e-08
 2.891515e-08
 2.497852e-08
 2.157268e-08
 1.863195e-08
 1.609251e-08
 1.389893e-08
 1.200440e-08
 1.036813e-08
 7.703722e-06
-9.759501e-06
 2.866224e-06
 4.592815e-07
-3.690692e-07
 2.389445e-07
 1.008158e-07
 5.151229e-08
 7.199527e-08
 5.667955e-08
 4.731080e-08
 4.221686e-08
 3.617672e-08
 3.117013e-08
 2.698808e-08
 2.329464e-08
 2.011597e-08
 1.737730e-08
 1.500789e-08
 1.296205e-08
 1.119539e-08
 9.669344e-09
 8.351337e-09
 7.212999e-09
 5.359399e-06
-6.789584e-06
 1.994002e-06
 3.195174e-07
-2.567576e-07
 1.662312e-07
 7.013650e-08
 3.583657e-08
 5.008636e-08
 3.943137e-08
 3.291363e-08
 2.936983e-08
 2.516777e-08
 2.168473e-08
 1.877533e-08
 1.620584e-08
 1.399447e-08
 1.208921e-08
 1.044083e-08
 9.017565e-09
 7.788519e-09
 6.726862e-09
 5.809938e-09
 5.018008e-09
 3.728478e-06
-4.723443e-06
 1.387206e-06
 2.222849e-07
-1.786236e-07
 1.156453e-07
 4.879323e-08
 2.493113e-08
 3.484456e-08
 2.743200e-08
 2.289767e-08
 2.043229e-08
 1.750896e-08
 1.508584e-08
 1.306180e-08
 1.127423e-08
 9.735809e-09
 8.410335e-09
 7.263578e-09
 6.273426e-09
 5.418392e-09
 4.679808e-09
 4.041914e-09
 3.490976e-09
 2.593864e-06
-3.286050e-06
 9.650651e-07
 1.546413e-07
-1.242666e-07
 8.045324e-08
 3.394494e-08
 1.734433e-08
 2.424100e-08
 1.908415e-08
 1.592967e-08
 1.421453e-08
 1.218080e-08
 1.049506e-08
 9.086958e-09
 7.843366e-09
 6.773101e-09
 5.850983e-09
 5.053196e-09
 4.364357e-09
 3.769519e-09
 3.255694e-09
 2.811917e-09
 2.428636e-09
 1.804524e-06
-2.286071e-06
 6.713857e-07
 1.075823e-07
-8.645095e-08
 5.597048e-08
 2.361514e-08
 1.206627e-08
 1.686421e-08
 1.327665e-08
 1.108211e-08
 9.888899e-09
 8.474055e-09
 7.301307e-09
 6.321702e-09
 5.456548e-09
 4.711976e-09
 4.070468e-09
 3.515456e-09
 3.036238e-09
 2.622415e-09
 2.264952e-09
 1.956222e-09
 1.689577e-09
 1.255388e-06
-1.590396e-06
 4.670761e-07
 7.484391e-08
-6.014303e-08
 3.893808e-08
 1.642881e-08
 8.394376e-09
 1.173225e-08
 9.236426e-09
 7.709706e-09
 6.879604e-09
 5.895312e-09
 5.079443e-09
 4.397943e-09
 3.796064e-09
 3.278072e-09
 2.831782e-09
 2.445666e-09
 2.112279e-09
 1.824387e-09
 1.575704e-09
 1.360923e-09
 1.175421e-09
 8.733607e-07
-1.106422e-06
 3.249400e-07
 5.206813e-08
-4.184088e-08
 2.708882e-08
 1.142935e-08
 5.839880e-09
 8.162008e-09
 6.425685e-09
 5.363562e-09
 4.786069e-09
 4.101307e-09
 3.533716e-09
 3.059603e-09
 2.640882e-09
 2.280521e-09
 1.970041e-09
 1.701424e-09
 1.469491e-09
 1.269207e-09
 1.096201e-09
 9.467800e-10
 8.177281e-10
 6.075880e-07
-7.697261e-07
 2.260573e-07
 3.622326e-08
-2.910826e-08
 1.884541e-08
 7.951281e-09
 4.062744e-09
 5.678224e-09
 4.470282e-09
 3.731374e-09
 3.329619e-09
 2.853237e-09
 2.458369e-09
 2.128534e-09
 1.837234e-09
 1.586535e-09
 1.370537e-09
 1.183663e-09
 1.022309e-09
 8.829740e-10
 7.626154e-10
 6.586650e-10
 5.688849e-10
 4.226926e-07
-5.354904e-07
 1.572657e-07
 2.520014e-08
-2.025032e-08
 1.311055e-08
 5.531624e-09
 2.826409e-09
 3.950281e-09
 3.109929e-09
 2.595878e-09
 2.316381e-09
 1.984967e-09
 1.710262e-09
 1.480799e-09
 1.278145e-09
 1.103736e-09
 9.534685e-10
 8.234622e-10
 7.112099e-10
 6.142758e-10
 5.305436e-10
 4.582264e-10
 3.957673e-10
 2.940629e-07
-3.725351e-07
 1.094081e-07
 1.753148e-08
-1.408793e-08
 9.120876e-09
 3.848293e-09
 1.966303e-09
 2.748169e-09
 2.163545e-09
 1.805926e-09
 1.611482e-09
 1.380921e-09
 1.189811e-09
 1.030176e-09
 8.891919e-10
 7.678574e-10
 6.633181e-10
 5.728741e-10
 4.947814e-10
 4.273453e-10
 3.690936e-10
 3.187833e-10
 2.753312e-10
 2.045765e-07
-2.591688e-07
 7.611411e-08
 1.219647e-08
-9.800829e-09
 6.345299e-09
 2.677217e-09
 1.367937e-09
 1.911873e-09
 1.505156e-09
 1.256364e-09
 1.121091e-09
 9.606923e-10
 8.277395e-10
 7.166830e-10
 6.186016e-10
 5.341904e-10
 4.614635e-10
 3.985425e-10
 3.442142e-10
 2.972997e-10
 2.567746e-10
 2.217742e-10
 1.915451e-10
 1.423217e-07
-1.803010e-07
 5.295179e-08
 8.484955e-09
-6.818335e-09
 4.414358e-09
 1.862512e-09
 9.516592e-10
 1.330070e-09
 1.047121e-09
 8.740391e-10
 7.799316e-10
 6.683436e-10
 5.758497e-10
 4.985889e-10
 4.303547e-10
 3.716307e-10
 3.210354e-10
 2.772619e-10
 2.394663e-10
 2.068283e-10
 1.786354e-10
 1.542860e-10
 1.332559e-10
 9.901174e-08
-1.254336e-07
 3.683801e-08
 5.902895e-09
-4.743445e-09
 3.071023e-09
 1.295730e-09
 6.620594e-10
 9.253159e-10
 7.284714e-10
 6.080599e-10
 5.425903e-10
 4.649597e-10
 4.006127e-10
 3.468631e-10
 2.993933e-10
 2.585396e-10
 2.233410e-10
 1.928882e-10
 1.665942e-10
 1.438883e-10
 1.242748e-10
 1.073352e-10
 9.270474e-11
 6.888144e-08
-8.726282e-08
 2.562782e-08
 4.106582e-09
-3.299965e-09
 2.136479e-09
 9.014262e-10
 4.605879e-10
 6.437327e-10
 5.067900e-10
 4.230209e-10
 3.774744e-10
 3.234676e-10
 2.787021e-10
 2.413091e-10
 2.082848e-10
 1.798633e-10
 1.553760e-10
 1.341903e-10
 1.158978e-10
 1.001016e-10
 8.645669e-11
 7.467197e-11
 6.449373e-11
 4.792010e-08
-6.070783e-08
 1.782901e-08
 2.856907e-09
-2.295751e-09
 1.486326e-09
 6.271128e-10
 3.204262e-10
 4.478381e-10
 3.525685e-10
 2.942913e-10
 2.626050e-10
 2.250331e-10
 1.938901e-10
 1.678762e-10
 1.449016e-10
 1.251290e-10
 1.080935e-10
 9.335481e-11
 8.062892e-11
 6.963963e-11
 6.014702e-11
 5.194851e-11
 4.486761e-11
 3.333751e-08
-4.223381e-08
 1.240346e-08
 1.987520e-09
-1.597130e-09
 1.034022e-09
 4.362758e-10
 2.229172e-10
 3.115563e-10
 2.452782e-10
 2.047354e-10
 1.826916e-10
 1.565532e-10
 1.348873e-10
 1.167897e-10
 1.008065e-10
 8.705097e-11
 7.519949e-11
 6.494597e-11
 5.609270e-11
 4.844757e-11
 4.184365e-11
 3.614004e-11
 3.121393e-11
 2.319256e-08
-2.938162e-08
 8.628955e-09
 1.382697e-09
-1.111107e-09
 7.193581e-10
 3.035126e-10
 1.550811e-10
 2.167465e-10
 1.706375e-10
 1.424323e-10
 1.270966e-10
 1.089124e-10
 9.383972e-11
 8.124940e-11
 7.013003e-11
 6.056046e-11
 5.231550e-11
 4.518224e-11
 3.902311e-11
 3.370447e-11
 2.911020e-11
 2.514225e-11
 2.171521e-11
 1.613482e-08
-2.044049e-08
 6.003074e-09
 9.619280e-10
-7.729856e-10
 5.004499e-10
 2.111505e-10
 1.078883e-10
 1.507883e-10
 1.187107e-10
 9.908865e-11
 8.841980e-11
 7.576923e-11
 6.528332e-11
 5.652436e-11
 4.878873e-11
 4.213128e-11
 3.639535e-11
 3.143281e-11
 2.714797e-11
 2.344785e-11
 2.025166e-11
 1.749120e-11
 1.510704e-11
 1.122483e-08
-1.422023e-08
 4.176276e-09
 6.692033e-10
-5.377580e-10
 3.481578e-10
 1.468952e-10
 7.505680e-11
 1.049018e-10
 8.258583e-11
 6.893494e-11
 6.151274e-11
 5.271186e-11
 4.541692e-11
 3.932341e-11
 3.394182e-11
 2.931029e-11
 2.531987e-11
 2.186748e-11
 1.888656e-11
 1.631242e-11
 1.408887e-11
 1.216845e-11
 1.050981e-11
 7.808997e-09
-9.892869e-09
 2.905392e-09
 4.655578e-10
-3.741127e-10
 2.422098e-10
 1.021935e-10
 5.221623e-11
 7.297911e-11
 5.745410e-11
 4.795732e-11
 4.279377e-11
 3.667109e-11
 3.159608e-11
 2.735689e-11
 2.361297e-11
 2.039087e-11
 1.761477e-11
 1.521298e-11
 1.313918e-11
 1.134838e-11
 9.801480e-12
 8.465462e-12
 7.311568e-12
 5.432638e-09
-6.882366e-09
 2.021251e-09
 3.238837e-10
-2.602663e-10
 1.685028e-10
 7.109494e-11
 3.632629e-11
 5.077081e-11
 3.997022e-11
 3.336341e-11
 2.977118e-11
 2.551170e-11
 2.198107e-11
 1.903190e-11
 1.642730e-11
 1.418571e-11
 1.225441e-11
 1.058351e-11
 9.140794e-12
 7.894953e-12
 6.818787e-12
 5.889334e-12
 5.086582e-12
 3.779430e-09
-4.787991e-09
 1.406163e-09
 2.253225e-10
-1.810645e-10
 1.172257e-10
 4.946001e-11
 2.527182e-11
 3.532072e-11
 2.780687e-11
 2.321058e-11
 2.071150e-11
 1.774822e-11
 1.529200e-11
 1.324030e-11
 1.142830e-11
 9.868853e-12
 8.525266e-12
 7.362838e-12
 6.359155e-12
 5.492436e-12
 4.743759e-12
 4.097148e-12
 3.538682e-12
 2.629310e-09
-3.330955e-09
 9.782531e-10
 1.567545e-10
-1.259647e-10
 8.155267e-11
 3.440882e-11
 1.758134e-11
 2.457226e-11
 1.934495e-11
 1.614736e-11
 1.440878e-11
 1.234725e-11
 1.063848e-11
 9.211136e-12
 7.950549e-12
 6.865658e-12
 5.930939e-12
 5.122250e-12
 4.423998e-12
 3.821031e-12
 3.300184e-12
 2.850343e-12
 2.461824e-12
 1.829183e-09
-2.317311e-09
 6.805605e-10
 1.090525e-10
-8.763234e-11
 5.673534e-11
 2.393785e-11
 1.223116e-11
 1.709467e-11
 1.345808e-11
 1.123355e-11
 1.002404e-11
 8.589856e-12
 7.401083e-12
 6.408091e-12
 5.531114e-12
 4.776367e-12
 4.126092e-12
 3.563496e-12
 3.077729e-12
 2.658251e-12
 2.295904e-12
 1.982954e-12
 1.712665e-12
 1.272544e-09
-1.612129e-09
 4.734589e-10
 7.586669e-11
-6.096491e-11
 3.947019e-11
 1.665332e-11
 8.509089e-12
 1.189258e-11
 9.362645e-12
 7.815062e-12
 6.973617e-12
 5.975874e-12
 5.148856e-12
 4.458042e-12
 3.847938e-12
 3.322869e-12
 2.870480e-12
 2.479087e-12
 2.141144e-12
 1.849318e-12
 1.597236e-12
 1.379521e-12
 1.191484e-12
 8.852956e-10
-1.121541e-09
 3.293804e-10
 5.277966e-11
-4.241265e-11
 2.745900e-11
 1.158554e-11
 5.919685e-12
 8.273545e-12
 6.513495e-12
 5.436857e-12
 4.851473e-12
 4.157353e-12
 3.582006e-12
 3.101414e-12
 2.676971e-12
 2.311685e-12
 1.996963e-12
 1.724675e-12
 1.489572e-12
 1.286551e-12
 1.111181e-12
 9.597181e-13
 8.289027e-13
 6.158909e-10
-7.802447e-10
 2.291465e-10
 3.671826e-11
-2.950604e-11
 1.910294e-11
 8.059939e-12
 4.118263e-12
 5.755819e-12
 4.531371e-12
 3.782365e-12
 3.375119e-12
 2.892227e-12
 2.491964e-12
 2.157621e-12
 1.862341e-12
 1.608215e-12
 1.389266e-12
 1.199838e-12
 1.036280e-12
 8.950403e-13
 7.730368e-13
 6.676659e-13
 5.766590e-13
 4.284689e-10
-5.428081e-10
 1.594149e-10
 2.554451e-11
-2.052705e-11
 1.328972e-11
 5.607216e-12
 2.865033e-12
 4.004263e-12
 3.152427e-12
 2.631352e-12
 2.348035e-12
 2.012092e-12
 1.733633e-12
 1.501035e-12
 1.295611e-12
 1.118819e-12
 9.664980e-13
 8.347152e-13
 7.209289e-13
 6.226702e-13
 5.377937e-13
 4.644882e-13
 4.011757e-13
 2.980814e-10
-3.776260e-10
 1.109033e-10
 1.777105e-11
-1.428045e-11
 9.245517e-12
 3.900882e-12
 1.993173e-12
 2.785724e-12
 2.193111e-12
 1.830604e-12
 1.633504e-12
 1.399792e-12
 1.206071e-12
 1.044254e-12
 9.013431e-13
 7.783505e-13
 6.723826e-13
 5.807026e-13
 5.015428e-13
 4.331852e-13
 3.741375e-13
 3.231396e-13
 2.790937e-13
 2.073721e-10
-2.627104e-10
 7.715424e-11
 1.236314e-11
-9.934762e-12
 6.432010e-12
 2.713803e-12
 1.386630e-12
 1.937999e-12
 1.525724e-12
 1.273532e-12
 1.136412e-12
 9.738206e-13
 8.390509e-13
 7.264768e-13
 6.270550e-13
 5.414904e-13
 4.677696e-13
 4.039888e-13
 3.489181e-13
 3.013624e-13
 2.602835e-13
 2.248049e-13
 1.941626e-13
 1.442666e-10
-1.827649e-10
 5.367540e-11
 8.600905e-12
-6.911511e-12
 4.474682e-12
 1.887964e-12
 9.646641e-13
 1.348246e-12
 1.061431e-12
 8.859832e-13
 7.905897e-13
 6.774768e-13
 5.837190e-13
 5.054023e-13
 4.362356e-13
 3.767092e-13
 3.254224e-13
 2.810508e-13
 2.427387e-13
 2.096547e-13
 1.810766e-13
 1.563944e-13
 1.350769e-13
 1.003648e-10
-1.271477e-10
 3.734142e-11
 5.983560e-12
-4.808266e-12
 3.112990e-12
 1.313437e-12
 6.711068e-13
 9.379608e-13
 7.384263e-13
 6.163693e-13
 5.500050e-13
 4.713136e-13
 4.060872e-13
 3.516031e-13
 3.034846e-13
 2.620727e-13
 2.263930e-13
 1.955241e-13
 1.688708e-13
 1.458546e-13
 1.259731e-13
 1.088020e-13
 9.397160e-14
 6.982273e-11
-8.845530e-11
 2.597804e-11
 4.162701e-12
-3.345061e-12
 2.165675e-12
 9.137445e-13
 4.668820e-13
 6.525295e-13
 5.137155e-13
 4.288017e-13
 3.826328e-13
 3.278880e-13
 2.825107e-13
 2.446066e-13
 2.111311e-13
 1.823212e-13
 1.574993e-13
 1.360241e-13
 1.174816e-13
 1.014695e-13
 8.763816e-14
 7.569240e-14
 6.537506e-14
 4.857495e-11
-6.153743e-11
 1.807265e-11
 2.895948e-12
-2.327124e-12
 1.506637e-12
 6.356826e-13
 3.248049e-13
 4.539580e-13
 3.573865e-13
 2.983129e-13
 2.661936e-13
 2.281082e-13
 1.965397e-13
 1.701703e-13
 1.468817e-13
 1.268390e-13
 1.095706e-13
 9.463055e-14
 8.173075e-14
 7.059129e-14
 6.096895e-14
 5.265841e-14
 4.548075e-14
 3.379309e-11
-4.281095e-11
 1.257295e-11
 2.014681e-12
-1.618956e-12
 1.048152e-12
 4.422378e-13
 2.259634e-13
 3.158139e-13
 2.486301e-13
 2.075332e-13
 1.851881e-13
 1.586925e-13
 1.367306e-13
 1.183857e-13
 1.021841e-13
 8.824056e-14
 7.622712e-14
 6.583349e-14
 5.685924e-14
 4.910963e-14
 4.241547e-14
 3.663391e-14
 3.164048e-14
 2.350950e-11
-2.978313e-11
 8.746873e-12
 1.401592e-12
-1.126291e-12
 7.291884e-13
 3.076602e-13
 1.572004e-13
 2.197084e-13
 1.729694e-13
 1.443787e-13
 1.288335e-13
 1.104007e-13
 9.512208e-14
 8.235970e-14
 7.108839e-14
 6.138804e-14
 5.303042e-14
 4.579967e-14
 3.955638e-14
 3.416506e-14
 2.950800e-14
 2.548583e-14
 2.201196e-14
 1.635531e-11
-2.071982e-11
 6.085109e-12
 9.750732e-13
-7.835488e-13
 5.072888e-13
 2.140360e-13
 1.093627e-13
 1.528489e-13
 1.203330e-13
 1.004427e-13
 8.962810e-14
 7.680465e-14
 6.617544e-14
 5.729679e-14
 4.945545e-14
 4.270702e-14
 3.689271e-14
 3.186235e-14
 2.751896e-14
 2.376827e-14
 2.052841e-14
 1.773023e-14
 1.531349e-14
 1.137822e-11
-1.441456e-11
 4.233347e-12
 6.783483e-13
-5.451067e-13
 3.529155e-13
 1.489026e-13
 7.608248e-14
 1.063354e-13
 8.371440e-14
 6.987697e-14
 6.235334e-14
 5.343219e-14
 4.603757e-14
 3.986078e-14
 3.440565e-14
 2.971083e-14
 2.566587e-14
 2.216631e-14
 1.914465e-14
 1.653534e-14
 1.428140e-14
 1.233473e-14
 1.065343e-14
 7.915710e-12
-1.002806e-11
 2.945095e-12
 4.719198e-13
-3.792251e-13
 2.455197e-13
 1.035900e-13
 5.292979e-14
 7.397641e-14
 5.823924e-14
 4.861268e-14
 4.337857e-14
 3.717222e-14
 3.202786e-14
 2.773073e-14
 2.393565e-14
 2.066952e-14
 1.785548e-14
 1.542087e-14
 1.331874e-14
 1.150346e-14
 9.935421e-15
 8.581146e-15
 7.411484e-15
 5.506877e-12
-6.976417e-12
 2.048872e-12
 3.283097e-13
-2.638229e-13
 1.708055e-13
 7.206649e-14
 3.682270e-14
 5.146462e-14
 4.051643e-14
 3.381933e-14
 3.017802e-14
 2.586033e-14
 2.228145e-14
 1.929198e-14
 1.665178e-14
 1.437957e-14
 1.242187e-14
 1.072814e-14
 9.265707e-15
 8.002841e-15
 6.911969e-15
 5.969814e-15
 5.156092e-15
 3.831077e-12
-4.853421e-12
 1.425379e-12
 2.284016e-13
-1.835389e-13
 1.188276e-13
 5.013590e-14
 2.561717e-14
 3.580340e-14
 2.818686e-14
 2.352776e-14
 2.099453e-14
 1.799076e-14
 1.550097e-14
 1.342123e-14
 1.158447e-14
 1.000371e-14
 8.641767e-15
 7.463455e-15
 6.446056e-15
 5.567493e-15
 4.808585e-15
 4.153138e-15
 3.587040e-15
 2.665240e-12
-3.376474e-12
 9.916214e-13
 1.588967e-13
-1.276861e-13
 8.266712e-14
 3.487903e-14
 1.782160e-14
 2.490805e-14
 1.960931e-14
 1.636802e-14
 1.460568e-14
 1.251599e-14
 1.078386e-14
 9.337010e-15
 8.059196e-15
 6.959480e-15
 6.011988e-15
 5.192248e-15
 4.484454e-15
 3.873247e-15
 3.345283e-15
 2.889295e-15
 2.495466e-15
 1.854180e-12
-2.348978e-12
 6.898607e-13
 1.105427e-13
-8.882988e-14
 5.751065e-14
 2.426498e-14
 1.239830e-14
 1.732827e-14
 1.364199e-14
 1.138706e-14
 1.016102e-14
 8.707241e-15
 7.502222e-15
 6.495661e-15
 5.606699e-15
 4.841638e-15
 4.182477e-15
 3.612193e-15
 3.119788e-15
 2.694578e-15
 2.327278e-15
 2.010052e-15
 1.736070e-15
 1.289934e-12
-1.634160e-12
 4.799289e-13
 7.690344e-14
-6.179802e-14
 4.000956e-14
 1.688089e-14
 8.625369e-15
 1.205510e-14
 9.490590e-15
 7.921859e-15
 7.068915e-15
 6.057537e-15
 5.219218e-15
 4.518964e-15
 3.900522e-15
 3.368277e-15
 2.909706e-15
 2.512965e-15
 2.170404e-15
 1.874590e-15
 1.619063e-15
 1.398372e-15
 1.207766e-15
 8.973935e-13
-1.136868e-12
 3.338815e-13
 5.350092e-14
-4.299224e-14
 2.783424e-14
 1.174386e-14
 6.000580e-15
 8.386607e-15
 6.602505e-15
 5.511155e-15
 4.917770e-15
 4.214165e-15
 3.630955e-15
 3.143796e-15
 2.713553e-15
 2.343275e-15
 2.024252e-15
 1.748244e-15
 1.509927e-15
 1.304132e-15
 1.126365e-15
 9.728331e-16
 8.402300e-16
 6.243073e-13
-7.909071e-13
 2.322779e-13
 3.722003e-14
-2.990925e-14
 1.936399e-14
 8.170082e-15
 4.174541e-15
 5.834475e-15
 4.593294e-15
 3.834053e-15
 3.421242e-15
 2.931751e-15
 2.526018e-15
 2.187106e-15
 1.887790e-15
 1.630192e-15
 1.408251e-15
 1.216235e-15
 1.050441e-15
 9.072714e-16
 7.836007e-16
 6.767899e-16
 5.845393e-16
 4.343241e-13
-5.502258e-13
 1.615933e-13
 2.589359e-14
-2.080756e-14
 1.347133e-14
 5.683841e-15
 2.904185e-15
 4.058983e-15
 3.195507e-15
 2.667311e-15
 2.380122e-15
 2.039589e-15
 1.757324e-15
 1.521547e-15
 1.313316e-15
 1.134108e-15
 9.797057e-16
 8.461219e-16
 7.307808e-16
 6.311793e-16
 5.451429e-16
 4.708357e-16
 4.066579e-16
 3.021548e-13
-3.827864e-13
 1.124188e-13
 1.801390e-14
-1.447560e-14
 9.371861e-15
 3.954189e-15
 2.020411e-15
 2.823793e-15
 2.223081e-15
 1.855620e-15
 1.655826e-15
 1.418921e-15
 1.222552e-15
 1.058524e-15
 9.136603e-16
 7.889870e-16
 6.815710e-16
 5.886382e-16
 5.083966e-16
 4.391048e-16
 3.792502e-16
 3.275555e-16
 2.829077e-16
 2.102059e-13
-2.663005e-13
 7.820859e-14
 1.253208e-14
-1.007052e-14
 6.519906e-15
 2.750888e-15
 1.405579e-15
 1.964483e-15
 1.546574e-15
 1.290936e-15
 1.151941e-15
 9.871283e-16
 8.505169e-16
 7.364044e-16
 6.356240e-16
 5.488901e-16
 4.741619e-16
 4.095095e-16
 3.536862e-16
 3.054807e-16
 2.638404e-16
 2.278769e-16
 1.968159e-16
 1.462381e-13
-1.852625e-13
 5.440890e-14
 8.718440e-15
-7.005959e-15
 4.535831e-15
 1.913764e-15
 9.778466e-16
 1.366670e-15
 1.075936e-15
 8.980905e-16
 8.013934e-16
 6.867349e-16
 5.916957e-16
 5.123089e-16
 4.421970e-16
 3.818571e-16
 3.298695e-16
 2.848915e-16
 2.460558e-16
 2.125197e-16
 1.835510e-16
 1.585316e-16
 1.369228e-16
 1.017363e-13
-1.288852e-13
 3.785170e-14
 6.065328e-15
-4.873973e-15
 3.155530e-15
 1.331386e-15
 6.802777e-16
 9.507784e-16
 7.485172e-16
 6.247922e-16
 5.575211e-16
 4.777543e-16
 4.116366e-16
 3.564080e-16
 3.076319e-16
 2.656540e-16
 2.294868e-16
 1.981960e-16
 1.711785e-16
 1.478478e-16
 1.276946e-16
 1.102888e-16
 9.525576e-17
 7.077689e-14
-8.966408e-14
 2.633304e-14
 4.219586e-15
-3.390772e-15
 2.195270e-15
 9.262313e-16
 4.732621e-16
 6.614467e-16
 5.207356e-16
 4.346615e-16
 3.878616e-16
 3.323687e-16
 2.863713e-16
 2.479493e-16
 2.140163e-16
 1.848127e-16
 1.596516e-16
 1.378829e-16
 1.190871e-16
 1.028561e-16
 8.883577e-17
 7.672677e-17
 6.626844e-17
 4.923875e-14
-6.237837e-14
 1.831962e-14
 2.935522e-15
-2.358925e-15
 1.527226e-15
 6.443695e-16
 3.292435e-16
 4.601616e-16
 3.622703e-16
 3.023895e-16
 2.698313e-16
 2.312254e-16
 1.992255e-16
 1.724958e-16
 1.488889e-16
 1.285723e-16
 1.110679e-16
 9.592371e-17
 8.284764e-17
 7.155595e-17
 6.180212e-17
 5.337801e-17
 4.610226e-17
 3.425488e-14
-4.339598e-14
 1.274477e-14
 2.042212e-15
-1.641080e-15
 1.062475e-15
 4.482811e-16
 2.290513e-16
 3.201296e-16
 2.520277e-16
 2.103692e-16
 1.877188e-16
 1.608611e-16
 1.385991e-16
 1.200035e-16
 1.035805e-16
 8.944641e-17
 7.726880e-17
 6.673313e-17
 5.763624e-17
 4.978073e-17
 4.299509e-17
 3.713453e-17
 3.207287e-17
 2.383077e-14
-3.019013e-14
 8.866403e-15
 1.420746e-15
-1.141682e-15
 7.391531e-16
 3.118645e-16
 1.593486e-16
 2.227108e-16
 1.753331e-16
 1.463517e-16
 1.305940e-16
 1.119094e-16
 9.642197e-17
 8.348519e-17
 7.205985e-17
 6.222694e-17
 5.375510e-17
 4.642554e-17
 4.009693e-17
 3.463194e-17
 2.991124e-17
 2.583410e-17
 2.231276e-17
 1.657882e-14
-2.100296e-14
 6.168264e-15
 9.883980e-16
-7.942563e-16
 5.142211e-16
 2.169609e-16
 1.108572e-16
 1.549376e-16
 1.219774e-16
 1.018153e-16
 9.085291e-17
 7.785422e-17
 6.707976e-17
 5.807977e-17
 5.013128e-17
 4.329063e-17
 3.739686e-17
 3.229777e-17
 2.789502e-17
 2.409308e-17
 2.080894e-17
 1.797252e-17
 1.552275e-17
 1.153371e-14
-1.461154e-14
 4.291197e-15
 6.876182e-16
-5.525558e-16
 3.577383e-16
 1.509374e-16
 7.712218e-17
 1.077885e-16
 8.485839e-17
 7.083187e-17
 6.320542e-17
 5.416237e-17
 4.666669e-17
 4.040549e-17
 3.487581e-17
 3.011684e-17
 2.601661e-17
 2.246922e-17
 1.940627e-17
 1.676130e-17
 1.447656e-17
 1.250329e-17
 1.079902e-17
 8.023882e-15
-1.016510e-14
 2.985341e-15
 4.783688e-16
-3.844073e-16
 2.488748e-16
 1.050056e-16
 5.365310e-17
 7.498733e-17

Forecasting scores:

mase, smape, msis

  1.108283
 62.115312
  4.765800
End
