darima-master/data/MPS_Traffic_Volume_train.csv
/home/bsuconn/spark/spark-3.0.1-bin-hadoop3.2/python/pyspark/sql/pandas/group_ops.py:73: UserWarning: It is preferred to use 'applyInPandas' over this API. This API will be deprecated in the future releases. See SPARK-28264 for more details.
  warnings.warn(
Model results are saved to:	darima-master/result/darima_model_MPS_Traffic_Volume_2020-12-05-13:54:01.pkl
Coefficient results are saved to:	darima-master/result/darima_coef_MPS_Traffic_Volume_2020-12-05-13:54:01.csv
Forecasting results are saved to:	darima-master/result/darima_forec_MPS_Traffic_Volume_2020-12-05-13:54:01.csv

Model Summary:

 sample_size  sample_size_per_partition  n_par  partition_num  time_mapred  time_model_forec  time_model_eval
       46764                       1039   2001             45    96.203076          4.748119         0.066685

DLSA Coefficients:

 3.957866e+02
 0.000000e+00
 1.310133e+00
-4.352962e-01
-2.921740e-02
 4.844732e-02
-1.837683e-02
-1.967706e-02
 6.184222e-03
-6.552440e-03
-7.513912e-03
 6.390503e-05
-3.421751e-03
-4.345331e-03
 3.057061e-04
-3.041179e-03
-1.414179e-03
-1.077671e-03
-5.587525e-04
-2.094525e-03
 6.076415e-04
-1.591719e-03
-4.137981e-05
-8.771713e-04
 1.561660e-04
 2.387170e-01
-3.079856e-01
 9.934747e-02
 5.228765e-03
-1.155669e-02
 3.333863e-03
 3.565474e-03
-1.843782e-03
 4.365774e-04
 1.899511e-03
-1.245090e-03
 1.011686e-03
 1.218767e-04
 1.488878e-04
-1.608567e-04
 7.950387e-04
-6.024636e-04
 6.195143e-04
-2.042837e-04
 3.323958e-04
-2.842256e-04
 5.387342e-04
-4.445860e-04
 4.725564e-04
 3.076903e-02
-4.351241e-02
 1.622413e-02
 1.848937e-03
-2.648402e-03
 7.893609e-04
 2.827810e-04
-6.609535e-05
-2.513599e-04
 4.437786e-04
-3.690132e-04
 3.431865e-04
-2.514037e-04
 2.760600e-04
-2.513698e-04
 3.110105e-04
-2.776079e-04
 2.999040e-04
-2.454038e-04
 2.717216e-04
-2.429080e-04
 2.780082e-04
-2.499176e-04
 2.665469e-04
 2.185527e-02
-2.575156e-02
 7.796733e-03
-4.800015e-04
 5.266274e-05
 1.798465e-04
-2.920573e-04
 1.747410e-04
-2.426596e-04
 1.793789e-04
-2.293384e-04
 1.971401e-04
-2.313815e-04
 2.068181e-04
-2.166216e-04
 1.952089e-04
-2.025417e-04
 1.963864e-04
-2.040315e-04
 1.977735e-04
-1.966735e-04
 1.886343e-04
-1.882473e-04
 1.845177e-04
 1.133617e-02
-1.268510e-02
 3.272304e-03
-1.737267e-05
-1.328874e-04
 1.061817e-04
-1.016892e-04
 1.184691e-04
-1.297639e-04
 1.465227e-04
-1.451057e-04
 1.422470e-04
-1.338549e-04
 1.350190e-04
-1.357182e-04
 1.400003e-04
-1.377250e-04
 1.361631e-04
-1.314020e-04
 1.308075e-04
-1.290720e-04
 1.295719e-04
-1.272519e-04
 1.257572e-04
 9.802684e-03
-1.108869e-02
 2.949371e-03
 5.735428e-06
-1.260764e-04
 9.732134e-05
-9.061708e-05
 1.009740e-04
-9.414132e-05
 9.858142e-05
-9.472349e-05
 1.007030e-04
-9.955578e-05
 1.020696e-04
-9.820256e-05
 9.812825e-05
-9.557072e-05
 9.668153e-05
-9.527066e-05
 9.530055e-05
-9.291425e-05
 9.201233e-05
-9.010437e-05
 8.964820e-05
 6.524274e-03
-7.249792e-03
 1.879777e-03
-7.506796e-05
-2.978405e-05
 4.867379e-05
-6.321290e-05
 5.789273e-05
-6.812845e-05
 6.600777e-05
-7.081367e-05
 6.719617e-05
-6.861776e-05
 6.656312e-05
-6.815938e-05
 6.722267e-05
-6.755692e-05
 6.600411e-05
-6.543998e-05
 6.428207e-05
-6.393872e-05
 6.312694e-05
-6.249477e-05
 6.145273e-05
 5.359078e-03
-6.012519e-03
 1.590988e-03
-6.229266e-05
-2.072416e-05
 3.691708e-05
-4.891224e-05
 4.457742e-05
-4.936006e-05
 4.588918e-05
-4.895671e-05
 4.734293e-05
-4.936264e-05
 4.794497e-05
-4.849066e-05
 4.711460e-05
-4.729679e-05
 4.645519e-05
-4.647640e-05
 4.565066e-05
-4.527018e-05
 4.441561e-05
-4.397500e-05
 4.329240e-05
 4.046514e-03
-4.533614e-03
 1.187146e-03
-4.012215e-05
-2.324458e-05
 2.753572e-05
-3.103572e-05
 3.124269e-05
-3.307431e-05
 3.323983e-05
-3.395800e-05
 3.355114e-05
-3.360808e-05
 3.327885e-05
-3.331323e-05
 3.305611e-05
-3.284505e-05
 3.240944e-05
-3.202893e-05
 3.161818e-05
-3.126995e-05
 3.089433e-05
-3.049532e-05
 3.006659e-05
 3.135827e-03
-3.511335e-03
 9.174765e-04
-3.332726e-05
-1.432956e-05
 1.950004e-05
-2.298655e-05
 2.260179e-05
-2.373654e-05
 2.320886e-05
-2.383790e-05
 2.352802e-05
-2.385711e-05
 2.351213e-05
-2.350896e-05
 2.312937e-05
-2.301924e-05
 2.270903e-05
-2.254510e-05
 2.222390e-05
-2.197553e-05
 2.164258e-05
-2.137692e-05
 2.107171e-05
 2.346028e-03
-2.614608e-03
 6.733119e-04
-2.671803e-05
-8.118650e-06
 1.333631e-05
-1.613520e-05
 1.554100e-05
-1.672172e-05
 1.624800e-05
-1.683484e-05
 1.640849e-05
-1.664322e-05
 1.631327e-05
-1.639810e-05
 1.613027e-05
-1.608501e-05
 1.581683e-05
-1.569004e-05
 1.544561e-05
-1.529391e-05
 1.506854e-05
-1.489069e-05
 1.466527e-05
 1.818332e-03
-2.027320e-03
 5.208154e-04
-2.037180e-05
-5.762936e-06
 9.587224e-06
-1.146878e-05
 1.114856e-05
-1.178196e-05
 1.145050e-05
-1.177788e-05
 1.154085e-05
-1.169039e-05
 1.147990e-05
-1.149458e-05
 1.129739e-05
-1.124738e-05
 1.107448e-05
-1.098791e-05
 1.082105e-05
-1.070407e-05
 1.054078e-05
-1.041220e-05
 1.025807e-05
 1.383115e-03
-1.539401e-03
 3.925782e-04
-1.573262e-05
-4.102479e-06
 6.818350e-06
-7.965251e-06
 7.864182e-06
-8.222605e-06
 8.079336e-06
-8.240088e-06
 8.100786e-06
-8.148588e-06
 8.024020e-06
-8.014554e-06
 7.899499e-06
-7.848770e-06
 7.733123e-06
-7.657407e-06
 7.546029e-06
-7.460047e-06
 7.352633e-06
-7.259169e-06
 7.152763e-06
 1.063203e-03
-1.182555e-03
 3.002516e-04
-1.235283e-05
-2.569895e-06
 4.792747e-06
-5.654278e-06
 5.556919e-06
-5.798989e-06
 5.668863e-06
-5.781792e-06
 5.676703e-06
-5.716714e-06
 5.621730e-06
-5.612950e-06
 5.523660e-06
-5.488517e-06
 5.405738e-06
-5.355421e-06
 5.275427e-06
-5.214890e-06
 5.136992e-06
-5.071908e-06
 4.996963e-06
 8.106983e-04
-9.001413e-04
 2.268278e-04
-9.573519e-06
-1.617118e-06
 3.360280e-06
-3.971180e-06
 3.903607e-06
-4.069860e-06
 3.979458e-06
-4.052760e-06
 3.974861e-06
-3.996512e-06
 3.928646e-06
-3.921109e-06
 3.859440e-06
-3.833282e-06
 3.774417e-06
-3.737252e-06
 3.681135e-06
-3.638463e-06
 3.584544e-06
-3.538647e-06
 3.486136e-06
 6.221404e-04
-6.901732e-04
 1.729979e-04
-7.379569e-06
-1.044380e-06
 2.366669e-06
-2.792173e-06
 2.756888e-06
-2.855996e-06
 2.795862e-06
-2.837439e-06
 2.786471e-06
-2.796832e-06
 2.750863e-06
-2.741633e-06
 2.698668e-06
-2.678272e-06
 2.637791e-06
-2.610962e-06
 2.571968e-06
-2.541280e-06
 2.503469e-06
-2.470964e-06
 2.434392e-06
 4.755141e-04
-5.267516e-04
 1.311298e-04
-5.682321e-06
-6.536889e-07
 1.659757e-06
-1.957046e-06
 1.939840e-06
-2.001411e-06
 1.962668e-06
-1.986130e-06
 1.951558e-06
-1.954877e-06
 1.923564e-06
-1.915152e-06
 1.885887e-06
-1.870312e-06
 1.842223e-06
-1.822495e-06
 1.795435e-06
-1.773548e-06
 1.747356e-06
-1.724346e-06
 1.698855e-06
 3.644739e-04
-4.032998e-04
 9.979605e-05
-4.375971e-06
-3.857549e-07
 1.160065e-06
-1.375205e-06
 1.364408e-06
-1.404323e-06
 1.376352e-06
-1.390790e-06
 1.366316e-06
-1.367610e-06
 1.345408e-06
-1.338712e-06
 1.317928e-06
-1.306595e-06
 1.286861e-06
-1.272878e-06
 1.253873e-06
-1.238401e-06
 1.219995e-06
-1.203828e-06
 1.185991e-06
 2.789287e-04
-3.082312e-04
 7.576152e-05
-3.360825e-06
-2.191849e-07
 8.096743e-07
-9.639069e-07
 9.586478e-07
-9.840828e-07
 9.650331e-07
-9.733185e-07
 9.563133e-07
-9.560131e-07
 9.405806e-07
-9.352360e-07
 9.208059e-07
-9.124568e-07
 8.986783e-07
-8.886140e-07
 8.753544e-07
-8.643926e-07
 8.515666e-07
-8.401753e-07
 8.277230e-07
 2.137955e-04
-2.359865e-04
 5.764411e-05
-2.576741e-06
-1.160015e-07
 5.644780e-07
-6.754374e-07
 6.736900e-07
-6.894611e-07
 6.765248e-07
-6.809931e-07
 6.693443e-07
-6.683553e-07
 6.576806e-07
-6.534381e-07
 6.433917e-07
-6.372584e-07
 6.276676e-07
-6.204680e-07
 6.112193e-07
-6.034499e-07
 5.944905e-07
-5.864699e-07
 5.777785e-07
 1.637639e-04
-1.805338e-04
 4.380674e-05
-1.972751e-06
-5.198070e-08
 3.925611e-07
-4.728931e-07
 4.729142e-07
-4.828493e-07
 4.740363e-07
-4.763712e-07
 4.683125e-07
-4.671184e-07
 4.597080e-07
-4.564480e-07
 4.494633e-07
-4.449934e-07
 4.383048e-07
-4.331571e-07
 4.267053e-07
-4.212112e-07
 4.149624e-07
-4.093191e-07
 4.032526e-07
 1.255466e-04
-1.382404e-04
 3.332863e-05
-1.508527e-06
-1.384334e-08
 2.724194e-07
-3.310377e-07
 3.318260e-07
-3.381352e-07
 3.320335e-07
-3.332085e-07
 3.275988e-07
-3.264870e-07
 3.213133e-07
-3.188599e-07
 3.139758e-07
-3.107473e-07
 3.060739e-07
-3.024160e-07
 2.979073e-07
-2.940307e-07
 2.896634e-07
-2.856993e-07
 2.814620e-07
 9.623649e-05
-1.058375e-04
 2.534776e-05
-1.151892e-06
 7.181769e-09
 1.886905e-07
-2.315239e-07
 2.327110e-07
-2.366862e-07
 2.325124e-07
-2.330082e-07
 2.291229e-07
-2.281416e-07
 2.245456e-07
-2.227083e-07
 2.193075e-07
-2.169761e-07
 2.137163e-07
-2.111141e-07
 2.079680e-07
-2.052326e-07
 2.021850e-07
-1.993997e-07
 1.964421e-07
 7.381046e-05
-8.107927e-05
 1.929165e-05
-8.785521e-07
 1.779045e-08
 1.304267e-07
-1.618498e-07
 1.631428e-07
-1.656408e-07
 1.627814e-07
-1.629168e-07
 1.602270e-07
-1.594115e-07
 1.569112e-07
-1.555472e-07
 1.531768e-07
-1.514995e-07
 1.492257e-07
-1.473789e-07
 1.451831e-07
-1.432548e-07
 1.411271e-07
-1.391715e-07
 1.371068e-07
 5.661567e-05
-6.211738e-05
 1.468210e-05
-6.693631e-07
 2.214399e-08
 8.994108e-08
-1.130788e-07
 1.143128e-07
-1.158930e-07
 1.139307e-07
-1.138926e-07
 1.120263e-07
-1.113736e-07
 1.096334e-07
-1.086300e-07
 1.069778e-07
-1.057751e-07
 1.041886e-07
-1.028797e-07
 1.013472e-07
-9.998912e-08
 9.850401e-08
-9.713154e-08
 9.569024e-08
 4.344469e-05
-4.761138e-05
 1.117948e-05
-5.094836e-07
 2.282912e-08
 6.187378e-08
-7.896653e-08
 8.006817e-08
-8.107148e-08
 7.972207e-08
-7.961119e-08
 7.831504e-08
-7.780670e-08
 7.659461e-08
-7.586145e-08
 7.470896e-08
-7.384932e-08
 7.274207e-08
-7.181609e-08
 7.074615e-08
-6.979060e-08
 6.875372e-08
-6.779108e-08
 6.678488e-08
 3.334469e-05
-3.650046e-05
 8.513853e-06
-3.874252e-07
 2.150260e-08
 4.245709e-08
-5.511243e-08
 5.606145e-08
-5.669940e-08
 5.577351e-08
-5.564033e-08
 5.474088e-08
-5.435091e-08
 5.350727e-08
-5.297385e-08
 5.217048e-08
-5.155705e-08
 5.078455e-08
-5.012993e-08
 4.938322e-08
-4.871117e-08
 4.798745e-08
-4.731243e-08
 4.661009e-08
 2.560176e-05
-2.799294e-05
 6.486437e-06
-2.943598e-07
 1.921854e-08
 2.905210e-08
-3.844471e-08
 3.923940e-08
-3.964736e-08
 3.901161e-08
-3.888286e-08
 3.825838e-08
-3.796366e-08
 3.737625e-08
-3.698997e-08
 3.642979e-08
-3.599303e-08
 3.545402e-08
-3.499182e-08
 3.447064e-08
-3.399831e-08
 3.349312e-08
-3.301999e-08
 3.252973e-08
 1.966179e-05
-2.147396e-05
 4.943044e-06
-2.234748e-07
 1.659545e-08
 1.981804e-08
-2.680353e-08
 2.745568e-08
-2.771883e-08
 2.728217e-08
-2.716936e-08
 2.673554e-08
-2.651531e-08
 2.610620e-08
-2.582761e-08
 2.543698e-08
-2.512658e-08
 2.475048e-08
-2.442445e-08
 2.406069e-08
-2.372892e-08
 2.337630e-08
-2.304479e-08
 2.270258e-08
 1.510483e-05
-1.647870e-05
 3.768268e-06
-1.695368e-07
 1.398441e-08
 1.347301e-08
-1.867746e-08
 1.920483e-08
-1.937617e-08
 1.907623e-08
-1.898274e-08
 1.868127e-08
-1.851820e-08
 1.823321e-08
-1.803297e-08
 1.776054e-08
-1.754032e-08
 1.727787e-08
-1.704812e-08
 1.679423e-08
-1.656131e-08
 1.631517e-08
-1.608297e-08
 1.584410e-08
 1.160721e-05
-1.264905e-05
 2.873543e-06
-1.285307e-07
 1.157176e-08
 9.124567e-09
-1.300778e-08
 1.342956e-08
-1.354235e-08
 1.333644e-08
-1.326163e-08
 1.305212e-08
-1.293221e-08
 1.273370e-08
-1.259017e-08
 1.240019e-08
-1.224415e-08
 1.206103e-08
-1.189924e-08
 1.172204e-08
-1.155860e-08
 1.138680e-08
-1.122420e-08
 1.105747e-08
 8.922191e-06
-9.712519e-06
 2.192028e-06
-9.738263e-08
 9.442368e-09
 6.152917e-09
-9.054153e-09
 9.388423e-09
-9.463708e-09
 9.322356e-09
-9.264004e-09
 9.118363e-09
-9.030747e-09
 8.892438e-09
-8.789834e-09
 8.657333e-09
-8.546931e-09
 8.419152e-09
-8.305306e-09
 8.181637e-09
-8.066995e-09
 7.947083e-09
-7.833248e-09
 7.716879e-09
 6.860202e-06
-7.459907e-06
 1.672680e-06
-7.374072e-08
 7.619766e-09
 4.128559e-09
-6.298568e-09
 6.561556e-09
-6.612592e-09
 6.515590e-09
-6.470924e-09
 6.369653e-09
-6.305966e-09
 6.209592e-09
-6.136411e-09
 6.043997e-09
-5.965974e-09
 5.876812e-09
-5.796757e-09
 5.710446e-09
-5.630067e-09
 5.546373e-09
-5.466699e-09
 5.385478e-09
 5.276293e-06
-5.731503e-06
 1.276820e-06
-5.580888e-08
 6.093814e-09
 2.754387e-09
-4.379013e-09
 4.584695e-09
-4.619867e-09
 4.553331e-09
-4.519626e-09
 4.449193e-09
-4.403106e-09
 4.335945e-09
-4.283855e-09
 4.219396e-09
-4.164315e-09
 4.102099e-09
-4.045841e-09
 3.985603e-09
-3.929267e-09
 3.870852e-09
-3.815101e-09
 3.758412e-09
 4.059215e-06
-4.404851e-06
 9.749667e-07
-4.221691e-08
 4.837331e-09
 1.825264e-09
-3.042555e-09
 3.202629e-09
-3.227283e-09
 3.181674e-09
-3.156525e-09
 3.107532e-09
-3.074306e-09
 3.027500e-09
-2.990488e-09
 2.945527e-09
-2.906680e-09
 2.863266e-09
-2.823752e-09
 2.781712e-09
-2.742241e-09
 2.701471e-09
-2.662468e-09
 2.622902e-09
 3.123760e-06
-3.386283e-06
 7.447301e-07
-3.192075e-08
 3.816078e-09
 1.199879e-09
-2.112591e-09
 2.236653e-09
-2.254228e-09
 2.222985e-09
-2.204393e-09
 2.170307e-09
-2.146433e-09
 2.113809e-09
-2.087553e-09
 2.056192e-09
-2.028818e-09
 1.998524e-09
-1.970786e-09
 1.941445e-09
-1.913799e-09
 1.885344e-09
-1.858063e-09
 1.830448e-09
 2.404540e-06
-2.603999e-06
 5.690542e-07
-2.412558e-08
 2.994567e-09
 7.811172e-10
-1.465854e-09
 1.561667e-09
-1.574397e-09
 1.553013e-09
-1.539373e-09
 1.515654e-09
-1.498550e-09
 1.475809e-09
-1.457210e-09
 1.435334e-09
-1.416060e-09
 1.394921e-09
-1.375458e-09
 1.354981e-09
-1.335623e-09
 1.315763e-09
-1.296684e-09
 1.277411e-09
 1.851420e-06
-2.003012e-06
 4.349670e-07
-1.822695e-08
 2.339291e-09
 5.024024e-10
-1.016356e-09
 1.090129e-09
-1.099483e-09
 1.084862e-09
-1.074918e-09
 1.058411e-09
-1.046188e-09
 1.030335e-09
-1.017177e-09
 1.001917e-09
-9.883559e-10
 9.736055e-10
-9.599544e-10
 9.456642e-10
-9.321123e-10
 9.182519e-10
-9.049115e-10
 8.914605e-10
 1.425915e-06
-1.541164e-06
 3.325868e-07
-1.376558e-08
 1.820267e-09
 3.182179e-10
-7.041389e-10
 7.607963e-10
-7.677554e-10
 7.577701e-10
-7.505594e-10
 7.390704e-10
-7.303549e-10
 7.193030e-10
-7.100056e-10
 6.993601e-10
-6.898250e-10
 6.795322e-10
-6.699615e-10
 6.599886e-10
-6.505040e-10
 6.408306e-10
-6.315041e-10
 6.221165e-10
 1.098491e-06
-1.186139e-06
 2.543902e-07
-1.039275e-08
 1.411581e-09
 1.975403e-10
-4.874210e-10
 5.308356e-10
-5.360667e-10
 5.292567e-10
-5.240527e-10
 5.160551e-10
-5.098533e-10
 5.021478e-10
-4.955850e-10
 4.881587e-10
-4.814583e-10
 4.742760e-10
-4.675685e-10
 4.606086e-10
-4.539721e-10
 4.472209e-10
-4.407015e-10
 4.341498e-10
 8.464702e-07
-9.131478e-07
 1.946440e-07
-7.843921e-09
 1.091388e-09
 1.192957e-10
-3.370970e-10
 3.702992e-10
-3.742640e-10
 3.696270e-10
-3.658865e-10
 3.603187e-10
-3.559134e-10
 3.505408e-10
-3.459127e-10
 3.407319e-10
-3.360262e-10
 3.310144e-10
-3.263150e-10
 3.214579e-10
-3.168151e-10
 3.121035e-10
-3.075469e-10
 3.029744e-10
 6.524348e-07
-7.031755e-07
 1.489795e-07
-5.918507e-09
 8.416066e-10
 6.922271e-11
-2.329046e-10
 2.582533e-10
-2.612773e-10
 2.581258e-10
-2.554468e-10
 2.515704e-10
-2.484462e-10
 2.446999e-10
-2.414390e-10
 2.378246e-10
-2.345215e-10
 2.310242e-10
-2.277328e-10
 2.243431e-10
-2.210958e-10
 2.178076e-10
-2.146232e-10
 2.114321e-10
 5.030031e-07
-5.416282e-07
 1.140659e-07
-4.464539e-09
 6.474790e-10
 3.771183e-11
-1.607448e-10
 1.800684e-10
-1.823858e-10
 1.802484e-10
-1.783358e-10
 1.756367e-10
-1.734242e-10
 1.708118e-10
-1.685161e-10
 1.659945e-10
-1.636769e-10
 1.612365e-10
-1.589319e-10
 1.565664e-10
-1.542954e-10
 1.520006e-10
-1.497754e-10
 1.475484e-10
 3.878917e-07
-4.173031e-07
 8.736304e-08
-3.366936e-09
 4.970965e-10
 1.831993e-11
-1.108127e-10
 1.255238e-10
-1.273054e-10
 1.258594e-10
-1.244979e-10
 1.226184e-10
-1.210536e-10
 1.192318e-10
-1.176167e-10
 1.158575e-10
-1.142321e-10
 1.125291e-10
-1.109159e-10
 1.092650e-10
-1.076772e-10
 1.060757e-10
-1.045209e-10
 1.029667e-10
 2.991950e-07
-3.215976e-07
 6.693309e-08
-2.538604e-09
 3.809344e-10
 6.751679e-12
-7.629361e-11
 8.747995e-11
-8.885260e-11
 8.787708e-11
-8.691032e-11
 8.560152e-11
-8.449609e-11
 8.322559e-11
-8.209007e-11
 8.086271e-11
-7.972321e-11
 7.853489e-11
-7.740586e-11
 7.625379e-11
-7.514373e-11
 7.402606e-11
-7.293986e-11
 7.185520e-11
 2.308341e-07
-2.479033e-07
 5.129724e-08
-1.913656e-09
 2.914323e-10
 1.628689e-13
-5.245389e-11
 6.095108e-11
-6.200990e-11
 6.135399e-11
-6.066916e-11
 5.975772e-11
-5.897763e-11
 5.809155e-11
-5.729369e-11
 5.643737e-11
-5.563881e-11
 5.480958e-11
-5.401961e-11
 5.321563e-11
-5.243968e-11
 5.165969e-11
-5.090089e-11
 5.014393e-11
 1.781335e-07
-1.911430e-07
 3.932653e-08
-1.442276e-09
 2.226261e-10
-3.314699e-12
-3.600768e-11
 4.245615e-11
-4.327330e-11
 4.283399e-11
-4.234992e-11
 4.171519e-11
-4.116521e-11
 4.054722e-11
-3.998691e-11
 3.938946e-11
-3.883000e-11
 3.825136e-11
-3.769873e-11
 3.713767e-11
-3.659535e-11
 3.605101e-11
-3.552098e-11
 3.499272e-11
 1.374957e-07
-1.474140e-07
 3.015880e-08
-1.086813e-09
 1.698356e-10
-4.896145e-12
-2.467562e-11
 2.956523e-11
-3.019584e-11
 2.990294e-11
-2.956147e-11
 2.911943e-11
-2.873202e-11
 2.830099e-11
-2.790771e-11
 2.749086e-11
-2.709904e-11
 2.669526e-11
-2.630874e-11
 2.591720e-11
-2.553820e-11
 2.515832e-11
-2.478811e-11
 2.441946e-11
 1.061520e-07
-1.137158e-07
 2.313543e-08
-8.188207e-10
 1.294054e-10
-5.362244e-12
-1.687767e-11
 2.058247e-11
-2.106892e-11
 2.087469e-11
-2.063427e-11
 2.032642e-11
-2.005375e-11
 1.975311e-11
-1.947719e-11
 1.918635e-11
-1.891200e-11
 1.863024e-11
-1.835994e-11
 1.808671e-11
-1.782188e-11
 1.755677e-11
-1.729821e-11
 1.704094e-11
 8.197110e-08
-8.774106e-08
 1.775311e-08
-6.168158e-10
 9.849102e-11
-5.206962e-12
-1.151943e-11
 1.432462e-11
-1.469960e-11
 1.457162e-11
-1.440265e-11
 1.418826e-11
-1.399648e-11
 1.378678e-11
-1.359328e-11
 1.339035e-11
-1.319831e-11
 1.300169e-11
-1.281271e-11
 1.262203e-11
-1.243700e-11
 1.225199e-11
-1.207141e-11
 1.189187e-11
 6.331183e-08
-6.771464e-08
 1.362708e-08
-4.645794e-10
 7.488685e-11
-4.736502e-12
-7.843484e-12
 9.966213e-12
-1.025501e-11
 1.017135e-11
-1.005279e-11
 9.903488e-12
-9.768691e-12
 9.622417e-12
-9.486769e-12
 9.345181e-12
-9.210789e-12
 9.073586e-12
-8.941467e-12
 8.808401e-12
-8.679133e-12
 8.550023e-12
-8.423921e-12
 8.298625e-12
 4.891009e-08
-5.227064e-08
 1.046311e-08
-3.498700e-10
 5.688773e-11
-4.135438e-12
-5.326137e-12
 6.931553e-12
-7.153742e-12
 7.099573e-12
-7.016528e-12
 6.912556e-12
-6.817870e-12
 6.715836e-12
-6.620778e-12
 6.521987e-12
-6.427957e-12
 6.332214e-12
-6.239864e-12
 6.147004e-12
-6.056701e-12
 5.966601e-12
-5.878544e-12
 5.791106e-12
 3.779197e-08
-4.035770e-08
 8.036115e-09
-2.634510e-10
 4.317884e-11
-3.510588e-12
-3.605630e-12
 4.819198e-12
-4.989954e-12
 4.955301e-12
-4.897223e-12
 4.824822e-12
-4.758348e-12
 4.687173e-12
-4.620581e-12
 4.551650e-12
-4.485872e-12
 4.419061e-12
-4.354517e-12
 4.289715e-12
-4.226638e-12
 4.163761e-12
-4.102274e-12
 4.041255e-12
 2.920693e-08
-3.116637e-08
 6.173864e-09
-1.983551e-10
 3.274871e-11
-2.919897e-12
-2.432338e-12
 3.349286e-12
-3.480365e-12
 3.458536e-12
-3.417984e-12
 3.367570e-12
-3.320926e-12
 3.271275e-12
-3.224639e-12
 3.176542e-12
-3.130537e-12
 3.083916e-12
-3.038810e-12
 2.993589e-12
-2.949532e-12
 2.905653e-12
-2.862720e-12
 2.820138e-12
 2.257646e-08
-2.407327e-08
 4.744510e-09
-1.493279e-10
 2.482086e-11
-2.391282e-12
-1.634213e-12
 2.326756e-12
-2.427262e-12
 2.413791e-12
-2.385520e-12
 2.350418e-12
-2.317704e-12
 2.283068e-12
-2.250416e-12
 2.216857e-12
-2.184686e-12
 2.152152e-12
-2.120635e-12
 2.089078e-12
-2.058307e-12
 2.027687e-12
-1.997711e-12
 1.967995e-12
 1.745449e-08
-1.859821e-08
 3.647093e-09
-1.124076e-10
 1.880029e-11
-1.934786e-12
-1.092827e-12
 1.615689e-12
-1.692664e-12
 1.684582e-12
-1.664904e-12
 1.640466e-12
-1.617532e-12
 1.593370e-12
-1.570515e-12
 1.547098e-12
-1.524605e-12
 1.501903e-12
-1.479882e-12
 1.457860e-12
-1.436371e-12
 1.415002e-12
-1.394074e-12
 1.373337e-12
 1.349703e-08
-1.437117e-08
 2.804280e-09
-8.460789e-11
 1.423181e-11
-1.550301e-12
-7.267734e-13
 1.121393e-12
-1.180281e-12
 1.175630e-12
-1.161955e-12
 1.144942e-12
-1.128871e-12
 1.112015e-12
-1.096021e-12
 1.079682e-12
-1.063957e-12
 1.048115e-12
-1.032731e-12
 1.017363e-12
-1.002357e-12
 9.874449e-13
-9.728340e-13
 9.583623e-13
 1.043870e-08
-1.110698e-08
 2.156814e-09
-6.367799e-11
 1.076775e-11
-1.232391e-12
-4.801808e-13
 7.779201e-13
-8.229222e-13
 8.204169e-13
-8.109294e-13
 7.990874e-13
-7.878297e-13
 7.760705e-13
-7.648803e-13
 7.534793e-13
-7.424884e-13
 7.314334e-13
-7.206868e-13
 7.099624e-13
-6.994836e-13
 6.890772e-13
-6.788770e-13
 6.687780e-13
 8.074784e-09
-8.585806e-09
 1.659276e-09
-4.792188e-11
 8.142874e-12
-9.732264e-13
-3.147704e-13
 5.393501e-13
-5.737050e-13
 5.725121e-13
-5.659410e-13
 5.576991e-13
-5.498158e-13
 5.416123e-13
-5.337847e-13
 5.258293e-13
-5.181478e-13
 5.104335e-13
-5.029269e-13
 4.954430e-13
-4.881261e-13
 4.808640e-13
-4.737432e-13
 4.666957e-13
 6.247253e-09
-6.638118e-09
 1.276841e-09
-3.606174e-11
 6.155111e-12
-7.643010e-13
-2.043659e-13
 3.737187e-13
-3.999194e-13
 3.995037e-13
-3.949605e-13
 3.892251e-13
-3.837066e-13
 3.779835e-13
-3.725090e-13
 3.669580e-13
-3.615900e-13
 3.562068e-13
-3.509638e-13
 3.457413e-13
-3.406324e-13
 3.355646e-13
-3.305937e-13
 3.256757e-13
 4.834143e-09
-5.133174e-09
 9.828000e-10
-2.713503e-11
 4.650665e-12
-5.973911e-13
-1.311057e-13
 2.587823e-13
-2.787454e-13
 2.787679e-13
-2.756328e-13
 2.716422e-13
-2.677803e-13
 2.637876e-13
-2.599595e-13
 2.560861e-13
-2.523353e-13
 2.485788e-13
-2.449171e-13
 2.412726e-13
-2.377056e-13
 2.341691e-13
-2.306991e-13
 2.272670e-13
 3.741280e-09
-3.970107e-09
 7.566607e-10
-2.041675e-11
 3.512607e-12
-4.650348e-13
-8.283097e-14
 1.790666e-13
-1.942635e-13
 1.945139e-13
-1.923548e-13
 1.895787e-13
-1.868769e-13
 1.840914e-13
-1.814150e-13
 1.787122e-13
-1.760916e-13
 1.734702e-13
-1.709130e-13
 1.683697e-13
-1.658793e-13
 1.634114e-13
-1.609892e-13
 1.585942e-13
 2.895940e-09
-3.071084e-09
 5.826968e-10
-1.536094e-11
 2.652116e-12
-3.607283e-13
-5.128757e-14
 1.238103e-13
-1.353692e-13
 1.357201e-13
-1.342363e-13
 1.323055e-13
-1.304158e-13
 1.284725e-13
-1.266015e-13
 1.247155e-13
-1.228848e-13
 1.210555e-13
-1.192698e-13
 1.174950e-13
-1.157563e-13
 1.140341e-13
-1.123434e-13
 1.106720e-13
 2.241950e-09
-2.376034e-09
 4.488355e-10
-1.155648e-11
 2.001778e-12
-2.789574e-13
-3.088932e-14
 8.553211e-14
-9.431700e-14
 9.469416e-14
-9.367686e-14
 9.233419e-14
-9.101282e-14
 8.965706e-14
-8.834935e-14
 8.703334e-14
-8.575446e-14
 8.447797e-14
-8.323099e-14
 8.199249e-14
-8.077871e-14
 7.957688e-14
-7.839669e-14
 7.723037e-14
 1.735911e-09
-1.838583e-09
 3.458061e-10
-8.693839e-12
 1.510465e-12
-2.151403e-13
-1.786911e-14
 5.903321e-14
-6.570484e-14
 6.606739e-14
-6.537170e-14
 6.443826e-14
-6.351452e-14
 6.256866e-14
-6.165475e-14
 6.073644e-14
-5.984315e-14
 5.895239e-14
-5.808168e-14
 5.721742e-14
-5.637007e-14
 5.553140e-14
-5.470762e-14
 5.389372e-14
 1.344289e-09
-1.422925e-09
 2.664874e-10
-6.539997e-12
 1.139428e-12
-1.655270e-13
-9.696848e-15
 4.070225e-14
-4.576544e-14
 4.609306e-14
-4.561866e-14
 4.496989e-14
-4.432427e-14
 4.366439e-14
-4.302575e-14
 4.238497e-14
-4.176105e-14
 4.113946e-14
-4.053151e-14
 3.992840e-14
-3.933688e-14
 3.875162e-14
-3.817664e-14
 3.760867e-14
 1.041166e-09
-1.101404e-09
 2.054078e-10
-4.919543e-12
 8.593169e-13
-1.270857e-13
-4.681333e-15
 2.803174e-14
-3.187176e-14
 3.215644e-14
-3.183396e-14
 3.138317e-14
-3.093203e-14
 3.047166e-14
-3.002544e-14
 2.957830e-14
-2.914256e-14
 2.870879e-14
-2.828433e-14
 2.786346e-14
-2.745055e-14
 2.704213e-14
-2.664081e-14
 2.624445e-14
 8.065066e-10
-8.526602e-10
 1.583621e-10
-3.700451e-12
 6.479163e-13
-9.738806e-14
-1.698398e-15
 1.928147e-14
-2.219204e-14
 2.243282e-14
-2.221438e-14
 2.190124e-14
-2.158608e-14
 2.126489e-14
-2.095314e-14
 2.064113e-14
-2.033683e-14
 2.003414e-14
-1.973779e-14
 1.944409e-14
-1.915586e-14
 1.887086e-14
-1.859075e-14
 1.831416e-14
 6.248198e-10
-6.601889e-10
 1.221173e-10
-2.783354e-12
 4.884174e-13
-7.450449e-14
-5.725697e-18
 1.324435e-14
-1.544917e-14
 1.564884e-14
-1.550147e-14
 1.528404e-14
-1.506390e-14
 1.483983e-14
-1.462204e-14
 1.440432e-14
-1.419182e-14
 1.398060e-14
-1.377370e-14
 1.356875e-14
-1.336756e-14
 1.316867e-14
-1.297317e-14
 1.278016e-14
 4.841268e-10
-5.112363e-10
 9.418739e-11
-2.093473e-12
 3.681096e-13
-5.691181e-14
 8.829631e-16
 9.083536e-15
-1.075286e-14
 1.091597e-14
-1.081700e-14
 1.066608e-14
-1.051235e-14
 1.035602e-14
-1.020390e-14
 1.005197e-14
-9.903584e-15
 9.756187e-15
-9.611753e-15
 9.468731e-15
-9.328297e-15
 9.189506e-15
-9.053055e-15
 8.918364e-15
 3.751627e-10
-3.959450e-10
 7.266003e-11
-1.574535e-12
 2.773854e-13
-4.341416e-14
 1.283126e-15
 6.219237e-15
-7.482488e-15
 7.614187e-15
-7.548078e-15
 7.443360e-15
-7.336024e-15
 7.226964e-15
-7.120708e-15
 7.014694e-15
-6.911084e-15
 6.808227e-15
-6.707398e-15
 6.607593e-15
-6.509570e-15
 6.412717e-15
-6.317483e-15
 6.223491e-15
 2.907601e-10
-3.066947e-10
 5.606392e-11
-1.184199e-12
 2.089856e-13
-3.307709e-14
 1.396930e-15
 4.250002e-15
-5.205521e-15
 5.310855e-15
-5.266970e-15
 5.194346e-15
-5.119417e-15
 5.043332e-15
-4.969121e-15
 4.895144e-15
-4.822802e-15
 4.751026e-15
-4.680640e-15
 4.610993e-15
-4.542574e-15
 4.474987e-15
-4.408521e-15
 4.342930e-15
 2.253737e-10
-2.375933e-10
 4.326675e-11
-8.906045e-13
 1.574277e-13
-2.517335e-14
 1.351931e-15
 2.898072e-15
-3.620512e-15
 3.704111e-15
-3.675195e-15
 3.624853e-15
-3.572557e-15
 3.519477e-15
-3.467650e-15
 3.416029e-15
-3.365520e-15
 3.315433e-15
-3.266300e-15
 3.217698e-15
-3.169944e-15
 3.122779e-15
-3.076391e-15
 3.030620e-15
 1.747123e-10
-1.840846e-10
 3.339688e-11
-6.697830e-13
 1.185722e-13
-1.913894e-14
 1.226972e-15
 1.971414e-15
-2.517411e-15
 2.583336e-15
-2.564453e-15
 2.529575e-15
-2.493082e-15
 2.456053e-15
-2.419860e-15
 2.383839e-15
-2.348576e-15
 2.313624e-15
-2.279327e-15
 2.245411e-15
-2.212080e-15
 2.179167e-15
-2.146792e-15
 2.114852e-15
 1.354549e-10
-1.426443e-10
 2.578316e-11
-5.037013e-13
 8.929481e-14
-1.453777e-14
 1.069422e-15
 1.337381e-15
-1.749874e-15
 1.801580e-15
-1.789385e-15
 1.765236e-15
-1.739775e-15
 1.713942e-15
-1.688670e-15
 1.663534e-15
-1.638915e-15
 1.614525e-15
-1.590585e-15
 1.566917e-15
-1.543654e-15
 1.520687e-15
-1.498092e-15
 1.475803e-15
 1.050304e-10
-1.105462e-10
 1.990870e-11
-3.787934e-13
 6.723815e-14
-1.103359e-14
 9.065787e-16
 9.044287e-16
-1.215953e-15
 1.256322e-15
-1.248554e-15
 1.231844e-15
-1.214084e-15
 1.196062e-15
-1.178416e-15
 1.160876e-15
-1.143690e-15
 1.126669e-15
-1.109959e-15
 1.093443e-15
-1.077207e-15
 1.061179e-15
-1.045410e-15
 1.029856e-15
 8.144862e-11
-8.568096e-11
 1.537533e-11
-2.848545e-13
 5.062387e-14
-8.367720e-15
 7.531662e-16
 6.094465e-16
-8.446414e-16
 8.760334e-16
-8.711748e-16
 8.596203e-16
-8.472335e-16
 8.346620e-16
-8.223411e-16
 8.101016e-16
-7.981038e-16
 7.862268e-16
-7.745629e-16
 7.630377e-16
-7.517057e-16
 7.405212e-16
-7.295161e-16
 7.186620e-16
 6.316832e-11
-6.641628e-11
 1.187622e-11
-2.142078e-13
 3.811087e-14
-6.341576e-15
 6.162029e-16
 4.089750e-16
-5.864892e-16
 6.108173e-16
-6.078510e-16
 5.998678e-16
-5.912305e-16
 5.824607e-16
-5.738586e-16
 5.653177e-16
-5.569424e-16
 5.486544e-16
-5.405132e-16
 5.324705e-16
-5.245616e-16
 5.167568e-16
-5.090764e-16
 5.015021e-16
 4.899601e-11
-5.148885e-11
 9.174923e-12
-1.610794e-13
 2.868795e-14
-4.803005e-15
 4.981387e-16
 2.731242e-16
-4.070664e-16
 4.258637e-16
-4.241140e-16
 4.186030e-16
-4.125814e-16
 4.064638e-16
-4.004583e-16
 3.944984e-16
-3.886520e-16
 3.828684e-16
-3.771861e-16
 3.715737e-16
-3.660539e-16
 3.606075e-16
-3.552475e-16
 3.499619e-16
 3.800727e-11
-3.992078e-11
 7.089168e-12
-1.211261e-13
 2.159288e-14
-3.635615e-15
 3.988424e-16
 1.813659e-16
-2.824048e-16
 2.968907e-16
-2.959113e-16
 2.921105e-16
-2.879132e-16
 2.836459e-16
-2.794533e-16
 2.752945e-16
-2.712135e-16
 2.671776e-16
-2.632115e-16
 2.592950e-16
-2.554427e-16
 2.516420e-16
-2.479014e-16
 2.442129e-16
 2.948603e-11
-3.095500e-11
 5.478413e-12
-9.108123e-14
 1.625118e-14
-2.750508e-15
 3.168383e-16
 1.196225e-16
-1.958226e-16
 2.069600e-16
-2.064588e-16
 2.038403e-16
-2.009152e-16
 1.979386e-16
-1.950118e-16
 1.921098e-16
-1.892611e-16
 1.864448e-16
-1.836766e-16
 1.809436e-16
-1.782551e-16
 1.756028e-16
-1.729923e-16
 1.704184e-16
 2.287749e-11
-2.400532e-11
 4.234274e-12
-6.848791e-14
 1.222996e-14
-2.079875e-15
 2.500556e-16
 7.825726e-17
-1.357119e-16
 1.442573e-16
-1.440448e-16
 1.422429e-16
-1.402050e-16
 1.381287e-16
-1.360856e-16
 1.340605e-16
-1.320722e-16
 1.301068e-16
-1.281748e-16
 1.262677e-16
-1.243913e-16
 1.225405e-16
-1.207187e-16
 1.189226e-16
 1.775177e-11
-1.861777e-11
 3.273151e-12
-5.149835e-14
 9.203097e-15
-1.572056e-15
 1.962666e-16
 5.068580e-17
-9.399743e-17
 1.005420e-16
-1.004972e-16
 9.925885e-17
-9.783926e-17
 9.639103e-17
-9.496490e-17
 9.355178e-17
-9.216392e-17
 9.079246e-17
-8.944407e-17
 8.811318e-17
-8.680369e-17
 8.551214e-17
-8.424076e-17
 8.298736e-17
 1.377576e-11
-1.444078e-11
 2.530546e-12
-3.872286e-14
 6.924902e-15
-1.187740e-15
 1.533283e-16
 3.241909e-17
-6.506283e-17

Forecasting scores:

mase, smape, msis

  1.108768
 62.112177
  4.374151
End
