darima-master/data/MPS_Traffic_Volume_train.csv
/home/bsuconn/spark/spark-3.0.1-bin-hadoop3.2/python/pyspark/sql/pandas/group_ops.py:73: UserWarning: It is preferred to use 'applyInPandas' over this API. This API will be deprecated in the future releases. See SPARK-28264 for more details.
  warnings.warn(
Model results are saved to:	darima-master/result/darima_model_MPS_Traffic_Volume_2020-12-05-16:01:23.pkl
Coefficient results are saved to:	darima-master/result/darima_coef_MPS_Traffic_Volume_2020-12-05-16:01:23.csv
Forecasting results are saved to:	darima-master/result/darima_forec_MPS_Traffic_Volume_2020-12-05-16:01:23.csv

Model Summary:

 sample_size  sample_size_per_partition  n_par  partition_num  time_mapred  time_model_forec  time_model_eval
       46764                         93   2001            500   172.974554          4.725918         0.043562

DLSA Coefficients:

 1.387373e+02
 8.444818e-13
 1.075167e+00
-3.151152e-01
 7.222052e-02
-5.852503e-02
 1.276935e-02
-3.077235e-02
 5.187487e-02
-2.217711e-02
-1.111683e-03
-2.849278e-02
 2.154389e-02
 8.243905e-03
 5.132423e-03
-2.827510e-02
 1.135350e-03
 4.074605e-03
 2.580715e-02
-1.857438e-02
-1.186394e-02
-6.052489e-03
 2.154983e-02
 4.462626e-03
-9.364748e-03
 4.162849e-01
-4.290971e-01
 1.928427e-01
-4.316181e-02
-1.131239e-02
-2.711892e-02
 2.757337e-02
 8.845175e-03
 2.325357e-03
-2.113525e-02
-6.636785e-03
 1.810323e-02
 1.469249e-02
-1.141318e-02
-1.525362e-02
-9.461067e-04
 2.100935e-02
 4.382448e-03
-1.085060e-02
-1.560174e-02
 9.062407e-03
 1.531414e-02
 2.348904e-03
-1.625797e-02
 7.954686e-02
-5.624539e-02
 3.509971e-02
-1.515997e-02
-1.293520e-02
-7.102670e-03
 1.794726e-02
 5.245685e-03
-6.039669e-03
-1.641041e-02
 4.741262e-03
 1.305116e-02
 5.895097e-03
-1.402096e-02
-8.950191e-03
 6.985193e-03
 1.379820e-02
-1.576383e-03
-1.323772e-02
-5.506591e-03
 1.111412e-02
 9.904880e-03
-5.322874e-03
-1.316874e-02
 3.788196e-02
-2.953731e-02
 2.638001e-02
-1.790339e-02
-6.875606e-03
 1.819500e-03
 1.469624e-02
-7.486615e-04
-8.867342e-03
-8.671394e-03
 9.103343e-03
 9.144274e-03
-1.553175e-03
-1.223008e-02
-1.818228e-03
 8.883905e-03
 8.031173e-03
-6.693142e-03
-9.439679e-03
 7.171504e-04
 1.087180e-02
 3.278371e-03
-8.052466e-03
-7.971565e-03
 1.421835e-02
 5.118847e-03
 1.392417e-03
-1.139355e-02
-2.820210e-03
 5.557133e-03
 8.862717e-03
-4.601292e-03
-8.164986e-03
-1.904720e-03
 9.204515e-03
 4.278070e-03
-5.394155e-03
-8.266125e-03
 2.671192e-03
 8.228515e-03
 2.138429e-03
-7.876421e-03
-5.078696e-03
 4.626262e-03
 7.715368e-03
-1.391629e-03
-7.795586e-03
-2.720284e-03
 2.033517e-02
-9.953910e-03
 4.176990e-03
-1.090549e-02
 1.873711e-03
 6.265108e-03
 4.253507e-03
-6.810005e-03
-4.643958e-03
 1.924239e-03
 7.661441e-03
-4.680702e-05
-6.059009e-03
-4.061977e-03
 5.188129e-03
 5.353057e-03
-1.599685e-03
-6.834097e-03
-9.003836e-04
 5.581882e-03
 4.141847e-03
-4.080827e-03
-5.463713e-03
 9.414429e-04
 9.810261e-03
-2.381270e-04
-4.264043e-03
-5.117937e-03
 3.976695e-03
 4.595614e-03
 2.142785e-04
-6.169357e-03
-1.712608e-03
 3.919044e-03
 4.654092e-03
-2.704332e-03
-4.914412e-03
-5.234878e-04
 5.290040e-03
 2.370146e-03
-3.546560e-03
-4.475917e-03
 1.800360e-03
 4.818445e-03
 8.563579e-04
-4.625759e-03
-2.749105e-03
 2.976156e-03
 9.927176e-03
-7.643653e-03
-1.036231e-03
-2.852569e-03
 4.726475e-03
 2.568592e-03
-1.938543e-03
-4.712829e-03
 1.013446e-03
 3.813614e-03
 1.911486e-03
-3.721425e-03
-2.888954e-03
 1.643449e-03
 4.200328e-03
-1.736395e-04
-3.711727e-03
-2.003842e-03
 3.075954e-03
 3.058815e-03
-1.248780e-03
-3.872853e-03
-3.387594e-04
 3.388101e-03
 3.670717e-03
-3.366815e-03
-2.694038e-03
 3.740879e-04
 4.020653e-03
 3.173578e-04
-2.743021e-03
-2.530517e-03
 2.229086e-03
 2.849264e-03
-2.410661e-04
-3.469816e-03
-8.993795e-04
 2.515325e-03
 2.457010e-03
-1.647710e-03
-2.897313e-03
-1.675188e-05
 3.071248e-03
 1.235874e-03
-2.228632e-03
-2.435663e-03
 1.189169e-03
 2.798964e-03
 2.800600e-03
-5.734948e-03
 2.260308e-04
 1.122256e-03
 2.734149e-03
-9.859906e-04
-2.431504e-03
-8.055305e-04
 2.664208e-03
 1.399517e-03
-1.391639e-03
-2.472733e-03
 5.677217e-04
 2.365113e-03
 8.603343e-04
-2.184626e-03
-1.629618e-03
 1.157953e-03
 2.335437e-03
-2.112534e-04
-2.224971e-03
-9.861861e-04
 1.845771e-03
 1.713176e-03
-1.894299e-04
-2.623689e-03
 1.578452e-04
 1.795654e-03
 1.339346e-03
-1.759870e-03
-1.593417e-03
 4.950612e-04
 2.172853e-03
 1.917064e-04
-1.725694e-03
-1.296123e-03
 1.342295e-03
 1.662735e-03
-3.266375e-04
-1.960263e-03
-4.536727e-04
 1.566869e-03
 1.310015e-03
-1.036528e-03
-1.667038e-03
 1.368060e-04
 1.779077e-03
 6.268421e-04
-1.804591e-04
-2.776287e-03
 1.615686e-03
 1.238343e-03
 2.022434e-04
-1.692812e-03
-6.511101e-04
 1.043843e-03
 1.460423e-03
-6.602172e-04
-1.459122e-03
-2.662953e-04
 1.489337e-03
 7.993555e-04
-9.300079e-04
-1.358414e-03
 3.916255e-04
 1.407992e-03
 3.768225e-04
-1.289895e-03
-8.964795e-04
 7.689782e-04
 1.305297e-03
-1.983512e-04
-9.728964e-04
-6.987312e-04
 1.240724e-03
 8.213019e-04
-4.809132e-04
-1.359807e-03
 1.133626e-04
 1.141271e-03
 6.207195e-04
-1.001980e-03
-9.192035e-04
 3.956851e-04
 1.223076e-03
 6.596788e-05
-1.061484e-03
-6.559242e-04
 8.077088e-04
 9.515299e-04
-2.769702e-04
-1.123509e-03
-2.044530e-04
 9.562049e-04
 6.930251e-04
-6.494837e-04
-3.563079e-04
-5.657600e-04
 1.456688e-03
 1.169482e-04
-7.647874e-04
-7.609640e-04
 5.587428e-04
 8.566978e-04
 2.280317e-05
-9.939245e-04
-3.473363e-04
 6.954086e-04
 7.615580e-04
-4.043910e-04
-8.599511e-04
-7.821403e-05
 8.657731e-04
 4.310629e-04
-5.962799e-04
-7.472722e-04
 2.717055e-04
 8.241936e-04
 1.544433e-04
-7.640832e-04
-3.067951e-04
 3.747064e-04
 8.037585e-04
-2.295285e-04
-7.087791e-04
-2.802093e-04
 7.076405e-04
 4.838605e-04
-3.660373e-04
-7.363309e-04
 9.416579e-05
 6.870080e-04
 3.019120e-04
-5.933426e-04
-5.214567e-04
 2.889353e-04
 6.862340e-04
 4.045035e-06
-6.365810e-04
-3.350148e-04
 4.928733e-04
 5.360766e-04
-2.085932e-04
-6.432766e-04
 2.210743e-04
 2.074147e-04
 5.845403e-04
-5.020408e-04
-4.980010e-04
 1.130539e-04
 6.237146e-04
 1.077938e-04
-4.759751e-04
-4.144475e-04
 3.439999e-04
 5.096879e-04
-4.918402e-05
-5.638592e-04
-1.790015e-04
 4.330204e-04
 4.097222e-04
-2.578586e-04
-4.984197e-04
-4.453724e-06
 5.058727e-04
 2.249801e-04
-3.733934e-04
-4.109776e-04
 2.800276e-04
 4.104402e-04
 9.658151e-05
-4.886005e-04
-2.241748e-04
 2.837666e-04
 4.279076e-04
-1.392297e-04
-4.341821e-04
-1.141780e-04
 4.139069e-04
 2.664637e-04
-2.434716e-04
-4.077765e-04
 7.372893e-05
 4.104624e-04
 1.412923e-04
-3.538505e-04
-2.880176e-04
 1.950145e-04
 3.878069e-04
-2.050532e-05
-3.785562e-04
-1.683768e-04
 4.573305e-04
 1.073884e-04
-3.130721e-05
-4.179484e-04
-5.018617e-06
 3.338176e-04
 2.030905e-04
-2.687837e-04
-2.828843e-04
 8.651744e-05
 3.553312e-04
 5.284717e-05
-2.988355e-04
-2.136509e-04
 2.114624e-04
 2.912319e-04
-5.449532e-05
-3.244367e-04
-8.724910e-05
 2.654637e-04
 2.204901e-04
-1.649493e-04
-2.856474e-04
 1.959765e-05
 3.472584e-04
 7.603646e-05
-2.061936e-04
-2.448955e-04
 1.411165e-04
 2.597835e-04
 2.249225e-05
-2.757837e-04
-1.262190e-04
 1.870671e-04
 2.336722e-04
-9.390882e-05
-2.543411e-04
-4.432226e-05
 2.421920e-04
 1.455067e-04
-1.583670e-04
-2.265060e-04
 5.705440e-05
 2.406639e-04
 6.457011e-05
-2.114540e-04
-1.573595e-04
 1.278339e-04
 3.016663e-04
-1.264223e-04
-1.621295e-04
-1.090627e-04
 1.917745e-04
 1.597464e-04
-9.225523e-05
-2.186889e-04
 9.020265e-06
 1.960469e-04
 1.028997e-04
-1.588686e-04
-1.632101e-04
 6.792065e-05
 2.017274e-04
 1.957868e-05
-1.805174e-04
-1.111136e-04
 1.306240e-04
 1.647209e-04
-4.527301e-05
-1.871055e-04
-3.980916e-05
 1.607832e-04
 1.466992e-04
-1.265819e-04
-1.484337e-04
 1.299375e-05
 1.812616e-04
 4.830666e-05
-1.351180e-04
-1.272269e-04
 8.552819e-05
 1.527943e-04
-4.151416e-07
-1.605902e-04
-6.557526e-05
 1.179229e-04
 1.269399e-04
-6.178992e-05
-1.481878e-04
-1.410883e-05
 1.429028e-04
 7.705853e-05
-1.000427e-04
-1.257448e-04
 4.150961e-05
 1.401181e-04
 7.185662e-05
-1.794670e-04
-5.225938e-05
 6.818188e-05
 1.278225e-04
-2.581549e-05
-1.272571e-04
-4.409126e-05
 1.149391e-04
 8.577505e-05
-6.211170e-05
-1.212110e-04
 1.009620e-05
 1.179512e-04
 5.073515e-05
-9.616746e-05
-9.101489e-05
 4.777645e-05
 1.147932e-04
 4.438216e-06
-1.077689e-04
-5.738602e-05
 8.052258e-05
 9.227502e-05
-1.765080e-05
-1.202961e-04
-8.400098e-06
 9.069114e-05
 6.730505e-05
-6.991040e-05
-8.878592e-05
 1.835537e-05
 1.023282e-04
 2.400069e-05
-8.300373e-05
-6.820091e-05
 5.416406e-05
 8.796494e-05
-7.923746e-06
-9.300175e-05
-3.338126e-05
 7.288911e-05
 6.930120e-05
-4.081264e-05
-8.526048e-05
-1.808370e-06
 8.405656e-05
 4.006755e-05
-3.846289e-05
-9.812396e-05
 4.655151e-05
 7.370010e-05
 1.279252e-05
-7.613063e-05
-4.338104e-05
 4.939054e-05
 7.143653e-05
-2.070155e-05
-7.449204e-05
-1.895585e-05
 6.731166e-05
 4.745252e-05
-4.097542e-05
-6.811071e-05
 1.007031e-05
 6.964248e-05
 2.456387e-05
-5.808452e-05
-5.012109e-05
 3.211258e-05
 6.524001e-05
-1.650976e-06
-5.474598e-05
-3.649468e-05
 5.405457e-05
 4.805164e-05
-2.126515e-05
-6.383297e-05
-4.090999e-06
 5.636953e-05
 3.402020e-05
-4.240140e-05
-5.021969e-05
 1.494813e-05
 5.882543e-05
 1.084003e-05
-5.061232e-05
-3.606394e-05
 3.394433e-05
 5.004789e-05
-8.494513e-06
-5.408085e-05
-1.622425e-05
 4.449544e-05
 3.757422e-05
-2.653440e-05
-3.577808e-05
-1.287542e-05
 5.877752e-05
 1.644751e-05
-3.716101e-05
-3.881788e-05
 2.059846e-05
 4.534827e-05
 4.114502e-06
-4.558708e-05
-2.278454e-05
 3.175166e-05
 3.898038e-05
-1.418112e-05
-4.352854e-05
-7.820900e-06
 3.998572e-05
 2.557269e-05
-2.627996e-05
-3.817188e-05
 8.414738e-06
 4.075559e-05
 1.148638e-05
-3.497824e-05
-2.213858e-05
 1.675797e-05
 3.967363e-05
-5.235851e-06
-3.630282e-05
-1.555602e-05
 3.086724e-05
 2.763151e-05
-1.543217e-05
-3.600847e-05
-2.457366e-07
 3.362281e-05
 1.743841e-05
-2.586529e-05
-2.829304e-05
 1.117527e-05
 3.367773e-05
 4.274577e-06
-3.036505e-05
-1.904168e-05
 2.124491e-05
 2.823613e-05
-7.131086e-06
-3.134991e-05
-4.201498e-07
 1.854527e-05
 2.537383e-05
-1.912722e-05
-2.705595e-05
 3.258188e-06
 2.927317e-05
 9.412936e-06
-2.272825e-05
-2.155340e-05
 1.352852e-05
 2.635199e-05
 5.680908e-08
-2.652895e-05
-1.187371e-05
 1.976718e-05
 2.147883e-05
-9.714545e-06
-2.518410e-05
-2.736943e-06
 2.371321e-05
 1.355044e-05
-1.656847e-05
-2.132097e-05
 9.347837e-06
 2.121008e-05
 6.649771e-06
-2.195595e-05
-1.405543e-05
 1.297580e-05
 2.123501e-05
-3.794045e-06
-2.166740e-05
-7.369838e-06
 1.859016e-05
 1.517659e-05
-1.034585e-05
-2.033484e-05
 1.050436e-06
 1.998414e-05
 8.751103e-06
-1.578179e-05
-1.569534e-05
 7.776444e-06
 1.928130e-05
 1.253264e-06
-1.810112e-05
-9.929720e-06
 1.708616e-05
 1.123657e-05
-2.554224e-06
-1.924844e-05
-2.887372e-06
 1.605471e-05
 1.101012e-05
-1.112984e-05
-1.525067e-05
 2.861749e-06
 1.703272e-05
 4.629670e-06
-1.403410e-05
-1.153410e-05
 8.659536e-06
 1.505649e-05
-1.108151e-06
-1.551309e-05
-6.003713e-06
 1.216431e-05
 1.178595e-05
-6.514572e-06
-1.447286e-05
-5.653980e-07
 1.571115e-05
 5.597338e-06
-9.390914e-06
-1.239822e-05
 4.927548e-06
 1.344753e-05
 2.206681e-06
-1.268490e-05
-7.665543e-06
 8.350740e-06
 1.188642e-05
-2.998034e-06
-1.268161e-05
-3.349743e-06
 1.109840e-05
 8.290637e-06
-6.773774e-06
-1.148377e-05
 1.383061e-06
 1.175083e-05
 4.309852e-06
-9.587850e-06
-8.640107e-06
 5.228631e-06
 1.315057e-05
-2.518988e-06
-9.174297e-06
-5.714625e-06
 8.293291e-06
 8.745093e-06
-3.693917e-06
-1.060200e-05
-9.776479e-07
 9.474202e-06
 5.816915e-06
-6.849711e-06
-8.680511e-06
 2.416370e-06
 9.819999e-06
 2.095961e-06
-8.484913e-06
-6.178202e-06
 5.512054e-06
 8.544438e-06
-1.281344e-06
-9.051195e-06
-2.938638e-06
 7.414030e-06
 7.403307e-06
-5.143159e-06
-7.726496e-06
-4.799984e-08
 8.431319e-06
 3.475702e-06
-6.262002e-06
-6.636714e-06
 3.249016e-06
 7.788101e-06
 7.236454e-07
-7.507976e-06
-4.051422e-06
 5.281862e-06
 6.589372e-06
-2.180716e-06
-7.382583e-06
-1.433021e-06
 6.637503e-06
 4.454695e-06
-4.334841e-06
-6.462230e-06
 1.250631e-06
 6.871218e-06
 3.245870e-06
-7.186548e-06
-3.858672e-06
 3.093394e-06
 6.330627e-06
-4.495145e-07
-6.259031e-06
-2.657399e-06
 5.084141e-06
 4.762160e-06
-2.525423e-06
-6.018706e-06
-2.350679e-07
 5.678378e-06
 2.999181e-06
-4.232677e-06
-4.856540e-06
 1.790093e-06
 5.658413e-06
 8.597708e-07
-5.089009e-06
-3.281196e-06
 3.474215e-06
 4.816495e-06
-5.400416e-07
-5.770421e-06
-1.058011e-06
 4.312618e-06
 3.571372e-06
-2.832858e-06
-4.649263e-06
 4.399874e-07
 4.886273e-06
 1.743636e-06
-3.837954e-06
-3.633653e-06
 2.148732e-06
 4.486487e-06
 7.874867e-08
-4.414828e-06
-2.106515e-06
 3.283782e-06
 3.653277e-06
-1.533838e-06
-4.265849e-06
-5.376911e-07
 3.950088e-06
 2.363725e-06
-2.068224e-06
-4.393145e-06
 1.459795e-06
 3.812449e-06
 9.683063e-07
-3.492283e-06
-2.518606e-06
 2.159299e-06
 3.590904e-06
-5.470183e-07
-3.662793e-06
-1.277941e-06
 3.051923e-06
 2.634787e-06
-1.698754e-06
-3.424659e-06
 8.880184e-08
 3.360702e-06
 1.527274e-06
-2.599097e-06
-2.695787e-06
 1.253476e-06
 3.249447e-06
 2.861461e-07
-2.705782e-06
-2.022380e-06
 2.356685e-06
 2.601169e-06
-7.954993e-07
-3.079820e-06
-5.786247e-07
 2.670534e-06
 1.890212e-06
-1.792257e-06
-2.628444e-06
 4.539148e-07
 2.841789e-06
 8.504832e-07
-2.346304e-06
-1.968651e-06
 1.396450e-06
 2.561215e-06
-1.381739e-07
-2.593717e-06
-1.068884e-06
 2.020786e-06
 2.012316e-06
-1.043154e-06
-2.078518e-06
-5.740484e-07
 2.605065e-06
 1.134349e-06
-1.684270e-06
-2.019770e-06
 7.345109e-07
 2.287379e-06
 4.140017e-07
-2.110738e-06
-1.340520e-06
 1.388524e-06
 2.002418e-06
-4.447556e-07
-2.145289e-06
-5.981612e-07
 1.839182e-06
 1.434108e-06
-1.109245e-06
-1.941415e-06
 1.842143e-07
 1.976699e-06
 7.607941e-07
-1.586257e-06
-1.295177e-06
 6.693084e-07
 1.969190e-06
-1.388293e-08
-1.770865e-06
-9.062723e-07
 1.354824e-06
 1.489021e-06
-5.912525e-07
-1.772733e-06
-2.203290e-07
 1.598620e-06
 9.975084e-07
-1.118445e-06
-1.485172e-06
 3.797368e-07
 1.647009e-06
 3.912854e-07
-1.416674e-06
-1.061356e-06
 8.965202e-07
 1.453645e-06
-1.860159e-07
-1.517571e-06
-3.176307e-07
 9.908800e-07
 1.249118e-06
-7.481009e-07
-1.391214e-06
 1.490184e-08
 1.387297e-06
 6.210675e-07
-1.037056e-06
-1.131779e-06
 5.140676e-07
 1.325449e-06
 1.398900e-07
-1.246932e-06
-7.114321e-07
 8.739409e-07
 1.118984e-06
-3.381291e-07
-1.246649e-06
-2.637905e-07
 1.103111e-06
 7.721876e-07
-7.112789e-07
-1.095978e-06
 2.943213e-07
 1.051178e-06
 4.327183e-07
-9.932145e-07
-7.975273e-07
 5.503204e-07
 1.064542e-06
-5.585680e-08
-1.051161e-06
-4.598105e-07
 8.320420e-07
 8.243138e-07
-4.112642e-07
-1.013004e-06
-6.488103e-08
 9.532161e-07
 5.198147e-07
-6.952704e-07
-8.304145e-07
 2.839850e-07
 9.518365e-07
 1.661398e-07
-8.501570e-07
-5.666002e-07
 6.867903e-07
 6.838346e-07
-8.495999e-08
-9.153936e-07
-2.452124e-07
 7.471762e-07
 6.008044e-07
-4.573575e-07
-7.888394e-07
 5.756816e-08
 8.166508e-07
 3.149440e-07
-6.413312e-07
-6.183715e-07
 3.434597e-07
 7.611480e-07
 2.779795e-08
-7.372660e-07
-3.701597e-07
 5.436154e-07
 6.220568e-07
-2.423201e-07
-7.206453e-07
-1.046855e-07
 7.226095e-07
 3.484723e-07
-4.111288e-07
-6.334054e-07
 1.584231e-07
 6.694837e-07
 1.726098e-07
-5.835407e-07
-4.348072e-07
 3.562466e-07
 6.040776e-07
-7.391436e-08
-6.183223e-07
-2.252463e-07
 5.043945e-07
 4.539440e-07
-2.763022e-07
-5.782511e-07
 1.381351e-09
 5.639606e-07
 2.668931e-07
-4.287246e-07
-4.614414e-07
 2.006700e-07
 6.149391e-07
-1.680343e-08
-4.600438e-07
-3.163250e-07
 3.591050e-07
 4.606150e-07
-1.305172e-07
-5.167646e-07
-1.078739e-07
 4.452581e-07
 3.246067e-07
-2.903247e-07
-4.493353e-07
 6.850641e-08
 4.758143e-07
 1.538524e-07
-3.905654e-07
-3.373109e-07
 2.258659e-07
 4.346516e-07
-1.458760e-08
-4.341122e-07
-1.888491e-07
 3.348505e-07
 3.811968e-07
-2.039347e-07
-3.916954e-07
-4.273915e-08
 3.947879e-07
 2.139120e-07
-2.795866e-07
-3.458138e-07
 1.156197e-07
 3.875510e-07
 7.504123e-08
-3.493749e-07
-2.338036e-07
 2.286592e-07
 3.392996e-07
-6.628459e-08
-3.615231e-07
-1.072907e-07
 3.051863e-07
 2.473039e-07
-1.810091e-07
-3.286143e-07
 2.342514e-08
 3.319160e-07
 1.723094e-07
-3.062953e-07
-2.278889e-07
 1.268570e-07
 3.153691e-07
 1.433034e-08
-3.001459e-07
-1.574420e-07
 2.237920e-07
 2.542753e-07
-9.437989e-08
-2.973809e-07
-4.484475e-08
 2.679329e-07
 1.719837e-07
-1.830369e-07
-2.531367e-07
 5.858342e-08
 2.767131e-07
 7.191060e-08
-2.361443e-07
-1.825199e-07
 1.459823e-07
 2.468421e-07
-4.237802e-09
-2.765049e-07
-8.046676e-08
 1.987638e-07
 1.906189e-07
-1.125100e-07
-2.365419e-07
-3.546133e-09
 2.324428e-07
 1.099803e-07
-1.727153e-07
-1.919008e-07
 8.100921e-08
 2.243454e-07
 2.773189e-08
-2.077896e-07
-1.240231e-07
 1.440577e-07
 1.902267e-07
-5.226077e-08
-2.102052e-07
-4.846983e-08
 1.835300e-07
 1.334527e-07
-9.473137e-08
-2.108907e-07
 4.190165e-08
 1.888938e-07
 6.629898e-08
-1.592505e-07
-1.390729e-07
 8.949813e-08
 1.804624e-07
-5.488105e-09
-1.766085e-07
-7.995696e-08
 1.367965e-07
 1.416180e-07
-6.628151e-08
-1.707928e-07
-1.476516e-08
 1.595569e-07
 9.028167e-08
-1.142883e-07
-1.417575e-07
 4.468579e-08
 1.602532e-07
 3.139199e-08
-1.290669e-07
-1.108927e-07
 1.010084e-07
 1.360810e-07
-2.423646e-08
-1.489233e-07
-4.486657e-08
 1.235845e-07
 1.034528e-07
-7.391110e-08
-1.344403e-07
 7.499311e-09
 1.364112e-07
 5.600898e-08
-1.064844e-07
-1.056254e-07
 5.505356e-08
 1.288491e-07
 7.273637e-09
-1.231806e-07
-6.479209e-08
 8.977818e-08
 1.060204e-07
-3.821747e-08
-1.092057e-07
-3.436212e-08
 1.184609e-07
 6.813875e-08
-7.349513e-08
-1.043960e-07
 2.317284e-08
 1.127332e-07
 3.151875e-08
-9.709326e-08
-7.514201e-08
 5.852097e-08
 1.019735e-07
-9.858790e-09
-1.040064e-07
-3.981058e-08
 8.351157e-08
 7.794060e-08
-4.471448e-08
-9.769637e-08
-1.980474e-09
 9.450329e-08
 4.666531e-08
-7.074190e-08
-7.139471e-08
 2.421665e-08
 9.714605e-08
 1.019165e-08
-8.417586e-08
-5.199704e-08
 5.870681e-08
 7.804391e-08
-2.004686e-08
-8.675895e-08
-2.031753e-08
 7.454795e-08
 5.567765e-08
-4.725263e-08
-7.641669e-08
 9.950588e-09
 7.980589e-08
 2.757826e-08
-6.490346e-08
-5.781371e-08
 3.651152e-08
 7.364780e-08
-9.113956e-10
-7.268269e-08
-2.612823e-08
 4.720330e-08
 6.370902e-08
-2.841934e-08
-6.984928e-08
-6.768319e-09
 6.537294e-08
 3.725118e-08
-4.589520e-08
-5.893987e-08
 1.797615e-08
 6.555582e-08
 1.372397e-08
-5.804462e-08
-4.052838e-08
 3.750360e-08
 5.757850e-08
-9.805131e-09
-6.082163e-08
-1.921626e-08
 5.064438e-08
 4.255552e-08
-2.943828e-08
-5.564023e-08
 7.074787e-09
 5.107153e-08
 2.646079e-08
-4.455432e-08
-4.331116e-08
 2.190995e-08
 5.311588e-08
 3.318272e-09
-5.010086e-08
-2.734047e-08
 3.669162e-08
 4.360137e-08
-1.503336e-08
-5.003510e-08
-8.660354e-09
 4.475026e-08
 2.971574e-08
-2.996938e-08
-4.308469e-08
 8.927185e-09
 4.649892e-08
 1.307668e-08
-3.929773e-08
-3.139081e-08
 2.783808e-08
 3.714770e-08
-6.277229e-10
-4.368952e-08
-1.657984e-08
 3.403025e-08
 3.232978e-08
-1.816147e-08
-3.991891e-08
-1.477941e-09
 3.883463e-08
 1.939848e-08
-2.865144e-08
-3.266148e-08
 1.280321e-08
 3.788940e-08
 5.430640e-09
-3.465533e-08
-2.154894e-08
 2.369759e-08
 3.233996e-08
-8.034157e-09
-3.539885e-08
-8.862233e-09
 3.310048e-08
 2.028413e-08
-1.735553e-08
-3.218475e-08
 3.933230e-09
 3.263477e-08
 1.170824e-08
-2.655682e-08
-2.379557e-08
 1.452788e-08
 3.042979e-08
-1.417735e-10
-2.967412e-08
-1.397699e-08
 2.257329e-08
 2.423518e-08
-1.060684e-08
-2.880879e-08
-3.114735e-09
 2.667918e-08
 1.567387e-08
-1.878822e-08
-2.416101e-08
 6.977848e-09
 2.933217e-08
 3.117285e-09
-2.199135e-08
-1.745804e-08
 1.525492e-08
 2.375602e-08
-3.727975e-09
-2.504222e-08
-7.993542e-09
 2.050881e-08
 1.773271e-08
-1.191869e-08
-2.285143e-08
 8.170231e-10
 2.283230e-08
 9.890930e-09
-1.763686e-08
-1.805438e-08
 8.816326e-09
 2.178779e-08
 1.670448e-09
-2.058325e-08
-1.130433e-08
 1.480292e-08
 1.957408e-08
-7.633607e-09
-1.951729e-08
-4.172556e-09
 1.837811e-08
 1.233161e-08
-1.209937e-08
-1.782707e-08
 3.543806e-09
 1.897996e-08
 5.629318e-09
-1.607301e-08
-1.298188e-08
 9.551815e-09
 1.726491e-08
-1.265029e-09
-1.746054e-08
-7.029956e-09
 1.382442e-08
 1.336311e-08
-7.213101e-09
-1.650936e-08
-6.939441e-10
 1.582022e-08
 9.508411e-09
-1.325022e-08
-1.251177e-08
 4.742684e-09
 1.560656e-08
 2.412143e-09
-1.414498e-08
-9.030273e-09
 9.677194e-09
 1.326695e-08
-3.091885e-09
-1.455334e-08
-3.759046e-09
 1.243375e-08
 9.575581e-09
-7.699090e-09
-1.297169e-08
 1.396166e-09
 1.338799e-08
 4.916048e-09
-1.077362e-08
-9.908328e-09
 5.897245e-09
 1.246678e-08
 9.959188e-10
-1.313579e-08
-5.246253e-09
 8.939542e-09
 1.007223e-08
-4.241635e-09
-1.182118e-08
-1.436663e-09
 1.094823e-08
 6.483862e-09
-7.578598e-09
-9.996901e-09
 2.767449e-09
 1.105560e-08
 2.525823e-09
-9.660166e-09
-7.002418e-09
 6.137941e-09
 9.769492e-09
-1.426092e-09
-1.022361e-08
-3.433616e-09
 8.404825e-09
 7.311849e-09
-3.990736e-09
-1.033809e-08
 7.997393e-10
 9.145437e-09
 4.172403e-09
-7.157455e-09
-7.462024e-09
 3.496001e-09
 8.996020e-09
 7.407597e-10
-8.386187e-09
-4.734588e-09
 6.019632e-09
 7.447794e-09
-2.366853e-09
-8.426670e-09
-1.635152e-09
 7.464496e-09
 5.132892e-09
-4.904392e-09
-7.326260e-09
 1.341177e-09
 7.814305e-09
 2.360650e-09
-6.013453e-09
-5.972052e-09
 4.208362e-09
 6.970705e-09
-4.118029e-10
-7.152071e-09
-2.948297e-09
 5.607155e-09
 5.554440e-09
-2.918938e-09
-6.765436e-09
-3.718166e-10
 6.480406e-09
 3.397303e-09
-4.731304e-09
-5.568526e-09
 2.021426e-09
 6.393226e-09
 1.043632e-09
-5.778727e-09
-3.736593e-09
 3.891290e-09
 5.498288e-09
-1.225616e-09
-5.501398e-09
-2.145973e-09
 5.399694e-09
 3.858171e-09
-3.095372e-09
-5.331587e-09
 5.144117e-10
 5.467572e-09
 2.093897e-09
-4.408438e-09
-4.086211e-09
 2.359528e-09
 5.133937e-09
 9.514878e-11
-4.972814e-09
-2.445670e-09
 3.726564e-09
 4.141574e-09
-1.690029e-09
-4.858940e-09
-6.285490e-10
 4.456829e-09
 2.719634e-09
-3.087114e-09
-3.808431e-09
 7.387375e-10
 4.747590e-09
 1.003502e-09
-3.926101e-09
-2.907446e-09
 2.482476e-09
 4.014867e-09
-5.261724e-10
-4.204573e-09
-1.438201e-09
 3.415983e-09
 3.034426e-09
-1.926081e-09
-3.871675e-09
 5.541168e-11
 3.823774e-09
 1.740743e-09
-2.918410e-09
-3.084915e-09
 1.408682e-09
 3.680851e-09
 3.578519e-10
-3.438853e-09
-1.703557e-09
 2.125629e-09
 3.265284e-09
-1.001665e-09
-3.451985e-09
-6.996768e-10
 3.046642e-09
 2.124438e-09
-1.971334e-09
-3.031689e-09
 5.251025e-10
 3.198230e-09
 1.004022e-09
-2.665808e-09
-2.234118e-09
 1.552893e-09
 2.924295e-09
-1.478219e-10
-2.929009e-09
-1.239021e-09
 2.287550e-09
 2.288335e-09
-1.159678e-09
-2.789427e-09
 3.186005e-12
 2.442673e-09
 1.544134e-09
-1.966882e-09
-2.291321e-09
 8.037616e-10
 2.625408e-09
 4.500901e-10
-2.352061e-09
-1.562936e-09
 1.582389e-09
 2.262782e-09
-4.743693e-10
-2.444981e-09
-6.836594e-10
 2.068708e-09
 1.647502e-09
-1.253118e-09
-2.200557e-09
 1.874929e-10
 2.245514e-09
 8.723577e-10
-1.786290e-09
-1.697449e-09
 1.104743e-09
 1.926391e-09
 1.730439e-10
-2.072554e-09
-1.019321e-09
 1.518328e-09
 1.710476e-09
-6.779532e-10
-1.988634e-09
-2.855281e-10
 1.825755e-09
 1.129763e-09
-1.249342e-09
-1.698656e-09
 4.257200e-10
 1.861369e-09
 4.626887e-10
-1.607420e-09
-1.208122e-09
 1.002832e-09
 1.657176e-09
-2.027259e-10
-1.717110e-09
-6.116588e-10
 1.500250e-09
 1.133653e-09
-7.004235e-10
-1.619556e-09
 9.862284e-12
 1.566130e-09
 7.291167e-10
-1.189288e-09
-1.270806e-09
 5.580250e-10
 1.516108e-09
 1.604282e-10
-1.404092e-09
-8.216337e-10
 9.897928e-10
 1.269122e-09
-3.695264e-10
-1.418815e-09
-3.048994e-10
 1.244197e-09
 8.859862e-10
-8.020293e-10
-1.244618e-09
 1.981464e-10
 1.402565e-09
 3.169078e-10
-1.021324e-09
-9.480635e-10
 6.273349e-10
 1.206180e-09
-4.816947e-11
-1.201714e-09
-5.160406e-10
 9.267223e-10
 9.492064e-10
-4.659116e-10
-1.145587e-09
-8.546668e-11
 1.082901e-09
 5.925254e-10
-7.798858e-10
-9.491167e-10
 3.177765e-10
 1.078046e-09
 1.976070e-10
-9.633681e-10
-6.467607e-10
 6.380391e-10
 9.969067e-10
-2.572111e-10
-9.585237e-10
-3.062260e-10
 8.457629e-10
 6.842989e-10
-5.057198e-10
-9.075121e-10
 6.946131e-11
 9.169980e-10
 3.689803e-10
-7.283085e-10
-7.017316e-10
 3.809862e-10
 8.676725e-10
 3.477466e-11
-8.323350e-10
-4.272483e-10
 6.146974e-10
 7.071703e-10
-2.681173e-10
-8.193981e-10
-1.230457e-10
 7.439742e-10
 5.237474e-10
-5.695513e-10
-6.625472e-10
 1.538628e-10
 7.644921e-10
 1.992729e-10
-6.561792e-10
-5.028377e-10
 4.071830e-10
 6.803878e-10
-7.408847e-11
-7.043465e-10
-2.574012e-10
 5.674111e-10
 5.200861e-10
-3.113221e-10
-6.552386e-10
-4.633879e-12
 6.401366e-10
 3.055407e-10
-4.824365e-10
-5.269236e-10
 2.245062e-10
 6.214339e-10
 1.100191e-10
-6.172776e-10
-3.163043e-10
 3.922112e-10
 5.249231e-10
-1.448545e-10
-5.824559e-10
-1.318709e-10
 5.091652e-10
 3.665386e-10
-3.230916e-10
-5.135134e-10
 7.595490e-11
 5.377988e-10
 1.795144e-10
-4.425585e-10
-3.837918e-10
 2.519877e-10
 4.950560e-10
-1.396443e-11
-4.910201e-10
-2.179770e-10
 3.783767e-10
 3.914836e-10
-1.552784e-10
-5.080072e-10
-1.774275e-11
 4.352819e-10
 2.477644e-10
-3.154402e-10
-3.921777e-10
 1.250870e-10
 4.437578e-10
 8.442438e-11
-3.924674e-10
-2.693693e-10
 2.584635e-10
 3.849967e-10
-7.135915e-11
-4.110068e-10
-1.233728e-10
 3.439271e-10
 2.832203e-10
-2.036775e-10
-3.730582e-10
 2.345989e-11
 3.765508e-10
 1.542585e-10
-2.742059e-10
-3.161952e-10
 1.682847e-10
 3.513615e-10
 1.873366e-11
-3.399247e-10
-1.787221e-10
 2.491860e-10
 2.928877e-10
-1.074307e-10
-3.358230e-10
-5.435100e-11
 3.040811e-10
 1.960395e-10
-2.051491e-10
-2.888865e-10
 6.505718e-11
 3.132357e-10
 8.414595e-11
-2.673364e-10
-2.081707e-10
 1.635456e-10
 2.810348e-10
-2.787444e-11
-2.703202e-10
-1.303088e-10
 2.441320e-10
 2.109882e-10
-1.248077e-10
-2.688479e-10
-5.044954e-12
 2.615173e-10
 1.285514e-10
-1.967364e-10
-2.172683e-10
 8.927956e-11
 2.554078e-10
 3.260945e-11
-2.345670e-10
-1.426451e-10
 1.627042e-10
 2.161109e-10
-5.730927e-11
-2.388052e-10
-5.625894e-11
 2.072231e-10
 1.528193e-10
-1.310204e-10
-1.984906e-10
 1.344601e-11
 2.295995e-10
 7.268956e-11
-1.799384e-10
-1.586708e-10
 1.012548e-10
 2.034451e-10
-3.064228e-12
-2.014666e-10
-9.100364e-11
 1.536569e-10
 1.619717e-10
-7.439689e-11
-1.935319e-10
-1.846326e-11
 1.809638e-10
 1.031718e-10
-1.284518e-10
-1.616842e-10
 4.970879e-11
 1.816612e-10
 3.697985e-11
-1.605401e-10
-1.012978e-10
 9.169345e-11
 1.663819e-10
-3.002501e-11
-1.683449e-10
-5.191015e-11
 1.400204e-10
 1.172003e-10
-8.169582e-11
-1.539411e-10
 8.215595e-12
 1.540456e-10
 6.485729e-11
-1.204515e-10
-1.201725e-10
 6.123136e-11
 1.466410e-10
 9.001077e-12
-1.392494e-10
-7.451774e-11
 1.013233e-10
 1.206446e-10
-4.232966e-11
-1.381375e-10
-1.602657e-11
 1.150506e-10
 8.703142e-11
-8.492512e-11
-1.189262e-10
 2.555569e-11
 1.283531e-10
 3.568893e-11
-1.087567e-10
-8.664302e-11
 6.620339e-11
 1.156088e-10
-1.010537e-11
-1.180997e-10
-4.568062e-11
 9.405734e-11
 8.912597e-11
-5.020744e-11
-1.108510e-10
-3.133959e-12
 1.071279e-10
 5.349404e-11
-7.966583e-11
-8.995675e-11
 4.181893e-11
 9.731634e-11
 1.901079e-11
-9.731778e-11
-5.932673e-11
 6.618279e-11
 8.904511e-11
-2.260727e-11
-9.774820e-11
-2.430000e-11
 8.469529e-11
 6.337437e-11
-5.289886e-11
-8.706766e-11
 1.082451e-11
 9.030820e-11
 3.200882e-11
-7.342384e-11
-6.587884e-11
 4.080928e-11
 8.377779e-11
-5.263046e-13
-8.226120e-11
-3.827001e-11
 6.701385e-11
 6.152377e-11
-2.647512e-11
-8.060866e-11
-8.309332e-12
 7.410332e-11
 4.294735e-11
-5.217403e-11
-6.657909e-11
 1.946429e-11
 7.466941e-11
 1.587589e-11
-6.549820e-11
-4.647409e-11
 4.227611e-11
 6.539198e-11
-1.054794e-11
-6.905615e-11
-2.216211e-11
 5.714219e-11
 4.865331e-11
-3.305979e-11
-6.320094e-11
 2.576387e-12
 6.673718e-11
 2.274273e-11
-4.632504e-11
-5.057454e-11
 2.456674e-11
 6.041917e-11
 4.266059e-12
-5.700091e-11
-3.098315e-11
 4.100327e-11
 4.990112e-11
-1.682736e-11
-5.669312e-11
-1.027782e-11
 5.069673e-11
 3.392270e-11
-3.363014e-11
-4.910227e-11
 9.830638e-12
 5.268643e-11
 1.521704e-11
-4.444308e-11
-3.582656e-11
 2.662624e-11
 5.028050e-11
-6.855632e-12
-4.643789e-11
-1.985669e-11
 3.834052e-11
 3.697249e-11
-2.019526e-11
-4.561954e-11
-1.688341e-12
 4.372983e-11
 2.242956e-11
-3.239428e-11
-3.714740e-11
 1.418400e-11
 4.307566e-11
 6.386476e-12
-3.915063e-11
-2.472791e-11
 2.671234e-11
 3.677858e-11
-8.814704e-12
-4.018267e-11
-1.029002e-11
 3.448981e-11
 2.846193e-11
-2.401062e-11
-3.428244e-11
 3.533787e-12
 3.702529e-11
 1.358497e-11
-2.994411e-11
-2.731568e-11
 1.647792e-11
 3.438915e-11
 2.049269e-13
-3.368517e-11
-1.601481e-11
 2.541689e-11
 2.766841e-11
-1.186795e-11
-3.266870e-11
-3.791300e-12
 3.022264e-11
 1.793609e-11
-2.113402e-11
-2.753162e-11
 7.731587e-12
 3.059493e-11
 8.411029e-12
-2.865468e-11
-1.815829e-11
 1.671434e-11
 2.697553e-11
-3.972157e-12
-2.833299e-11
-9.395503e-12
 2.333247e-11
 2.010894e-11
-1.327448e-11
-2.602572e-11
 7.815229e-13
 2.583467e-11
 1.141442e-11
-1.993053e-11
-2.055581e-11
 9.816668e-12
 2.476790e-11
 2.044323e-12
-2.328268e-11
-1.297911e-11
 1.668996e-11
 2.056725e-11
-5.397068e-12
-2.483751e-11
-3.523875e-12
 2.039918e-11
 1.411914e-11
-1.355811e-11
-2.026715e-11
 3.786603e-12
 2.164275e-11

Forecasting scores:

mase, smape, msis

  1.090728
 61.053522
  9.540576
End
