darima-master/data/MPS_Traffic_Volume_train.csv
/home/bsuconn/spark/spark-3.0.1-bin-hadoop3.2/python/pyspark/sql/pandas/group_ops.py:73: UserWarning: It is preferred to use 'applyInPandas' over this API. This API will be deprecated in the future releases. See SPARK-28264 for more details.
  warnings.warn(
Model results are saved to:	darima-master/result/darima_model_MPS_Traffic_Volume_2020-12-05-15:57:15.pkl
Coefficient results are saved to:	darima-master/result/darima_coef_MPS_Traffic_Volume_2020-12-05-15:57:15.csv
Forecasting results are saved to:	darima-master/result/darima_forec_MPS_Traffic_Volume_2020-12-05-15:57:15.csv

Model Summary:

 sample_size  sample_size_per_partition  n_par  partition_num  time_mapred  time_model_forec  time_model_eval
       46764                        116   2001            400   152.939372          4.765788         0.080982

DLSA Coefficients:

 2.316294e+02
 4.694665e-12
 1.219466e+00
-4.226320e-01
 4.594990e-02
 1.384671e-02
-8.689160e-03
-1.980219e-02
 1.899907e-02
-1.159993e-02
 1.624517e-03
-3.723959e-03
 2.492043e-03
-3.057360e-03
 1.325007e-03
-3.292692e-03
 1.115968e-03
-2.202493e-03
 2.680196e-03
-2.119625e-03
 5.211284e-04
-7.975540e-04
-4.589244e-04
-2.796648e-04
 9.366251e-04
 3.551991e-01
-4.184055e-01
 1.841464e-01
-2.727866e-02
-1.961523e-02
 6.573873e-03
 5.242893e-03
-7.505878e-03
 2.578143e-03
 3.806140e-04
-1.284928e-03
-3.160165e-04
 1.167328e-03
-1.968562e-03
 5.993306e-04
-1.943073e-04
 4.113264e-04
-9.857799e-04
 3.598551e-04
-5.234480e-05
-5.987076e-04
 5.039334e-04
-7.811078e-04
 2.315191e-04
 6.369502e-02
-6.327128e-02
 2.409608e-02
-8.087328e-03
-3.142446e-03
-4.006537e-04
 3.070932e-04
-1.219408e-03
 1.379826e-04
-3.330267e-05
-8.124208e-04
 5.610139e-04
-9.450309e-04
 1.259639e-04
 7.063178e-05
-5.807482e-04
 2.379531e-04
-3.528579e-04
-1.434573e-05
 2.735001e-05
-5.080142e-04
 3.172110e-04
-2.410664e-04
-1.979564e-04
 3.937043e-02
-4.586540e-02
 1.893132e-02
-3.894105e-03
-4.502082e-03
 1.876147e-03
-9.476822e-04
 2.035985e-04
-3.553335e-04
 9.622951e-05
-1.325839e-04
-1.003882e-04
-4.903790e-05
-2.224876e-05
-2.036856e-04
 1.132365e-04
-1.362215e-04
-4.835296e-05
-1.878037e-05
-4.711566e-05
-6.782580e-05
-2.733020e-05
 2.179029e-05
-1.657640e-04
 1.132511e-02
-9.329365e-03
 2.639634e-03
-1.984591e-03
-1.871485e-04
-9.144979e-04
 6.978290e-04
-6.849030e-04
 2.873902e-04
-6.096027e-07
-3.384496e-04
 3.702715e-04
-4.293593e-04
 2.583073e-04
-1.407230e-04
-6.049265e-05
 7.823898e-05
-1.211358e-04
 5.225118e-05
-5.487786e-05
-1.394133e-05
-2.301574e-05
 1.097324e-05
-5.706016e-05
 1.363869e-02
-1.559367e-02
 6.117046e-03
-1.271564e-03
-1.736068e-03
 9.175042e-04
-6.478171e-04
 3.757725e-04
-2.768869e-04
 1.045190e-04
-3.529998e-05
-5.335488e-05
 2.207390e-05
-7.528673e-06
-8.147193e-05
 8.270856e-05
-8.893582e-05
 3.193515e-05
-2.656783e-05
-1.975010e-05
 2.372821e-05
-5.998891e-05
 4.836411e-05
-6.399074e-05
 4.654939e-03
-3.683393e-03
 7.830950e-04
-7.613318e-04
 6.010971e-05
-5.676046e-04
 4.993931e-04
-3.865499e-04
 1.358262e-04
 5.728690e-05
-2.054142e-04
 2.172616e-04
-2.055223e-04
 1.229183e-04
-5.680852e-05
-2.303335e-05
 4.100066e-05
-5.846408e-05
 3.893869e-05
-3.744651e-05
 1.465560e-05
-2.080150e-05
 1.187085e-05
-2.203173e-05
 5.958180e-03
-6.841360e-03
 2.640256e-03
-5.469718e-04
-8.214377e-04
 5.138831e-04
-3.916490e-04
 2.497768e-04
-1.626204e-04
 6.764275e-05
-1.585429e-05
-2.634334e-05
 1.759975e-05
-2.275151e-06
-3.838964e-05
 4.839943e-05
-5.251394e-05
 2.842353e-05
-1.516872e-05
-1.172464e-05
 2.145177e-05
-3.623842e-05
 3.091861e-05
-3.266937e-05
 2.084375e-03
-1.583269e-03
 2.336170e-04
-3.167939e-04
 7.099889e-05
-3.163465e-04
 2.959127e-04
-2.141147e-04
 6.987959e-05
 4.634775e-05
-1.216630e-04
 1.284926e-04
-1.116694e-04
 6.704702e-05
-2.892638e-05
-9.589461e-06
 2.316761e-05
-3.206587e-05
 2.500872e-05
-2.221525e-05
 1.182288e-05
-1.182780e-05
 7.542616e-06
-1.114119e-05
 2.870905e-03
-3.347449e-03
 1.298853e-03
-2.656671e-04
-4.110092e-04
 2.880417e-04
-2.268499e-04
 1.492908e-04
-9.234650e-05
 3.977423e-05
-7.459335e-06
-1.384131e-05
 1.029010e-05
 6.813675e-07
-2.092774e-05
 2.810754e-05
-2.961314e-05
 1.780952e-05
-8.090660e-06
-6.494590e-06
 1.342510e-05
-2.055237e-05
 1.860680e-05
-1.822074e-05
 9.758486e-04
-7.170418e-04
 6.615826e-05
-1.410465e-04
 5.578230e-05
-1.748713e-04
 1.681547e-04
-1.178560e-04
 3.689444e-05
 3.016842e-05
-7.045616e-05
 7.489598e-05
-6.287487e-05
 3.813391e-05
-1.598293e-05
-4.330951e-06
 1.323638e-05
-1.797045e-05
 1.494226e-05
-1.266245e-05
 7.506698e-06
-6.685467e-06
 4.674231e-06
-6.153061e-06
 1.450942e-03
-1.724598e-03
 6.789881e-04
-1.365297e-04
-2.104251e-04
 1.606083e-04
-1.295494e-04
 8.695278e-05
-5.262299e-05
 2.305560e-05
-3.866788e-06
-7.315686e-06
 5.529304e-06
 1.356851e-06
-1.188184e-05
 1.616264e-05
-1.660525e-05
 1.041290e-05
-4.340720e-06
-3.639728e-06
 7.943804e-06
-1.166147e-05
 1.094354e-05
-1.035174e-05
 4.707686e-04
-3.371983e-04
 1.538731e-05
-6.611188e-05
 3.930749e-05
-9.716643e-05
 9.450137e-05
-6.498573e-05
 1.964645e-05
 1.846555e-05
-4.050688e-05
 4.322212e-05
-3.573001e-05
 2.185488e-05
-9.084312e-06
-2.046064e-06
 7.483383e-06
-1.009253e-05
 8.675540e-06
-7.202250e-06
 4.525835e-06
-3.845168e-06
 2.841753e-06
-3.505320e-06
 7.546968e-04
-9.148283e-04
 3.663007e-04
-7.221544e-05
-1.093140e-04
 8.934731e-05
-7.357140e-05
 5.014972e-05
-3.014597e-05
 1.336369e-05
-2.221119e-06
-3.835709e-06
 2.854963e-06
 1.207340e-06
-6.838620e-06
 9.250466e-06
-9.336068e-06
 5.946385e-06
-2.345512e-06
-2.089607e-06
 4.632910e-06
-6.650291e-06
 6.358145e-06
-5.915493e-06
 2.324908e-04
-1.633223e-04
 9.408396e-07
-3.220197e-05
 2.615460e-05
-5.429464e-05
 5.294838e-05
-3.592272e-05
 1.047088e-05
 1.104061e-05
-2.323355e-05
 2.479700e-05
-2.035858e-05
 1.253228e-05
-5.230556e-06
-9.847230e-07
 4.193174e-06
-5.675894e-06
 4.977340e-06
-4.111443e-06
 2.675763e-06
-2.237118e-06
 1.706340e-06
-2.029494e-06
 4.006406e-04
-4.947227e-04
 2.012935e-04
-3.886011e-05
-5.742842e-05
 4.967697e-05
-4.166751e-05
 2.877563e-05
-1.732066e-05
 7.755469e-06
-1.361689e-06
-1.990062e-06
 1.429946e-06
 8.913901e-07
-3.959912e-06
 5.281510e-06
-5.263986e-06
 3.359394e-06
-1.273793e-06
-1.219465e-06
 2.686231e-06
-3.807386e-06
 3.670800e-06
-3.391140e-06
 1.171516e-04
-8.111428e-05
-2.314623e-06
-1.615985e-05
 1.677233e-05
-3.046350e-05
 2.964242e-05
-1.989042e-05
 5.567138e-06
 6.529707e-06
-1.331471e-05
 1.418032e-05
-1.161316e-05
 7.183880e-06
-3.032007e-06
-4.758430e-07
 2.336857e-06
-3.196893e-06
 2.839538e-06
-2.354506e-06
 1.566936e-06
-1.310213e-06
 1.016870e-06
-1.185818e-06
 2.161007e-04
-2.713385e-04
 1.119544e-04
-2.116052e-05
-3.045256e-05
 2.762559e-05
-2.356030e-05
 1.645727e-05
-9.962505e-06
 4.504130e-06
-8.606476e-07
-1.019851e-06
 6.940786e-07
 6.090870e-07
-2.299889e-06
 3.011402e-06
-2.974172e-06
 1.887319e-06
-6.941042e-07
-7.182010e-07
 1.552839e-06
-2.185496e-06
 2.112266e-06
-1.948009e-06
 6.012704e-05
-4.121421e-05
-2.374992e-06
-8.308327e-06
 1.048280e-05
-1.713861e-05
 1.659188e-05
-1.102327e-05
 2.948410e-06
 3.839417e-06
-7.627900e-06
 8.095374e-06
-6.629173e-06
 4.116944e-06
-1.763823e-06
-2.285011e-07
 1.298108e-06
-1.803001e-06
 1.615194e-06
-1.351300e-06
 9.129060e-07
-7.701748e-07
 6.030638e-07
-6.963350e-07
 1.180972e-04
-1.504653e-04
 6.279691e-05
-1.162704e-05
-1.627814e-05
 1.536981e-05
-1.330728e-05
 9.390596e-06
-5.730641e-06
 2.616743e-06
-5.493715e-07
-5.148069e-07
 3.240113e-07
 3.998157e-07
-1.337744e-06
 1.715809e-06
-1.682874e-06
 1.057013e-06
-3.789820e-07
-4.249734e-07
 8.961179e-07
-1.256631e-06
 1.213262e-06
-1.120566e-06
 3.139764e-05
-2.139691e-05
-1.740828e-06
-4.359484e-06
 6.430488e-06
-9.658481e-06
 9.287040e-06
-6.111666e-06
 1.554149e-06
 2.249756e-06
-4.369449e-06
 4.617703e-06
-3.786167e-06
 2.359131e-06
-1.027920e-06
-1.079633e-07
 7.195911e-07
-1.017909e-06
 9.172893e-07
-7.766509e-07
 5.303320e-07
-4.535904e-07
 3.564851e-07
-4.099529e-07
 6.525414e-05
-8.418283e-05
 3.544894e-05
-6.435536e-06
-8.762922e-06
 8.555780e-06
-7.510363e-06
 5.349410e-06
-3.295132e-06
 1.520421e-06
-3.505816e-07
-2.548537e-07
 1.430053e-07
 2.562593e-07
-7.786283e-07
 9.772885e-07
-9.532061e-07
 5.909076e-07
-2.071162e-07
-2.520051e-07
 5.166162e-07
-7.233386e-07
 6.961992e-07
-6.452052e-07
 1.666646e-05
-1.133962e-05
-1.127245e-06
-2.327788e-06
 3.889869e-06
-5.448627e-06
 5.198509e-06
-3.389018e-06
 8.148203e-07
 1.315331e-06
-2.502876e-06
 2.633064e-06
-2.163351e-06
 1.351890e-06
-5.995341e-07
-4.957792e-08
 3.983106e-07
-5.751093e-07
 5.204785e-07
-4.467974e-07
 3.075735e-07
-2.673680e-07
 2.102435e-07
-2.416342e-07
 3.639602e-05
-4.744680e-05
 2.011167e-05
-3.583936e-06
-4.747024e-06
 4.765241e-06
-4.236359e-06
 3.043613e-06
-1.893692e-06
 8.834228e-07
-2.226816e-07
-1.228841e-07
 5.745097e-08
 1.616985e-07
-4.532976e-07
 5.565794e-07
-5.403160e-07
 3.299584e-07
-1.132046e-07
-1.495420e-07
 2.976595e-07
-4.166684e-07
 3.992865e-07
-3.717481e-07
 8.984704e-06
-6.128116e-06
-6.835982e-07
-1.261874e-06
 2.328023e-06
-3.075508e-06
 2.910047e-06
-1.879273e-06
 4.246014e-07
 7.678206e-07
-1.433728e-06
 1.501274e-06
-1.236545e-06
 7.747675e-07
-3.497647e-07
-2.171135e-08
 2.202186e-07
-3.251113e-07
 2.951828e-07
-2.572012e-07
 1.782100e-07
-1.576358e-07
 1.237879e-07
-1.424769e-07
 2.046411e-05
-2.690762e-05
 1.145711e-05
-2.006375e-06
-2.586094e-06
 2.655412e-06
-2.388670e-06
 1.730152e-06
-1.087691e-06
 5.132712e-07
-1.405630e-07
-5.706092e-08
 1.890949e-08
 1.009089e-07
-2.638925e-07
 3.169853e-07
-3.064445e-07
 1.841036e-07
-6.184613e-08
-8.873068e-08
 1.714491e-07
-2.401349e-07
 2.289417e-07
-2.142929e-07
 4.913719e-06
-3.372397e-06
-3.974329e-07
-6.930685e-07
 1.381812e-06
-1.736486e-06
 1.629052e-06
-1.042014e-06
 2.197095e-07
 4.476971e-07
-8.213445e-07
 8.560264e-07
-7.070104e-07
 4.440757e-07
-2.040381e-07
-8.743652e-09
 1.216313e-07
-1.838616e-07
 1.673694e-07
-1.481259e-07
 1.031986e-07
-9.292671e-08
 7.279227e-08
-8.400315e-08
 1.158596e-05
-1.533995e-05
 6.549439e-06
-1.128333e-06
-1.416058e-06
 1.480418e-06
-1.346497e-06
 9.828612e-07
-6.244259e-07
 2.981819e-07
-8.815278e-08
-2.499564e-08
 2.833769e-09
 6.245230e-08
-1.536055e-07
 1.805478e-07
-1.738781e-07
 1.026639e-07
-3.375754e-08
-5.262010e-08
 9.873836e-08
-1.384441e-07
 1.312576e-07
-1.235722e-07
 2.722866e-06
-1.886656e-06
-2.239322e-07
-3.849938e-07
 8.149040e-07
-9.805459e-07
 9.119586e-07
-5.777044e-07
 1.127513e-07
 2.608063e-07
-4.705730e-07
 4.881807e-07
-4.043522e-07
 2.545683e-07
-1.190004e-07
-2.952225e-09
 6.711466e-08
-1.040126e-07
 9.489017e-08
-8.533643e-08
 5.974176e-08
-5.476160e-08
 4.276214e-08
-4.951118e-08
 6.598609e-06
-8.784708e-06
 3.755186e-06
-6.370710e-07
-7.789812e-07
 8.257050e-07
-7.588937e-07
 5.580696e-07
-3.583145e-07
 1.732053e-07
-5.494271e-08
-9.883438e-09
-2.943622e-09
 3.840006e-08
-8.939191e-08
 1.028501e-07
-9.869447e-08
 5.722340e-08
-1.840322e-08
-3.118169e-08
 5.686112e-08
-7.983827e-08
 7.525319e-08
-7.127750e-08
 1.526737e-06
-1.070881e-06
-1.228930e-07
-2.159565e-07
 4.781505e-07
-5.536744e-07
 5.105191e-07
-3.202386e-07
 5.728721e-08
 1.518214e-07
-2.696383e-07
 2.784588e-07
-2.313139e-07
 1.459536e-07
-6.938286e-08
-5.399625e-10
 3.699703e-08
-5.885596e-08
 5.379785e-08
-4.917608e-08
 3.457837e-08
-3.225616e-08
 2.510017e-08
-2.916826e-08
 3.777447e-06
-5.050342e-06
 2.158767e-06
-3.609603e-07
-4.303320e-07
 4.607194e-07
-4.276754e-07
 3.167582e-07
-2.055356e-07
 1.005958e-07
-3.404994e-08
-3.105800e-09
-4.293909e-09
 2.348556e-08
-5.201079e-08
 5.859854e-08
-5.603697e-08
 3.188245e-08
-1.001766e-08
-1.846184e-08
 3.274535e-08
-4.605133e-08
 4.314710e-08
-4.112259e-08
 8.649931e-07
-6.154444e-07
-6.579129e-08
-1.221551e-07
 2.794455e-07
-3.126067e-07
 2.857837e-07
-1.774877e-07
 2.874907e-08
 8.832388e-08
-1.545244e-07
 1.588691e-07
-1.323564e-07
 8.369266e-08
-4.043988e-08
 3.373051e-10
 2.037386e-08
-3.331116e-08
 3.050213e-08
-2.834474e-08
 2.001188e-08
-1.899010e-08
 1.472267e-08
-1.717477e-08
 2.172041e-06
-2.913316e-06
 1.243976e-06
-2.051542e-07
-2.386467e-07
 2.571600e-07
-2.410065e-07
 1.797426e-07
-1.178633e-07
 5.841630e-08
-2.099421e-08
-3.073858e-10
-3.949106e-09
 1.429966e-08
-3.025483e-08
 3.339205e-08
-3.182575e-08
 1.775657e-08
-5.443634e-09
-1.092110e-08
 1.885830e-08
-2.656773e-08
 2.474109e-08
-2.372962e-08
 4.945004e-07
-3.573961e-07
-3.432032e-08
-6.959256e-08
 1.628099e-07
-1.764739e-07
 1.599719e-07
-9.835146e-08
 1.420188e-08
 5.135580e-08
-8.856852e-08
 9.066114e-08
-7.575052e-08
 4.799767e-08
-2.356245e-08
 5.571922e-10
 1.120741e-08
-1.885716e-08
 1.729537e-08
-1.634108e-08
 1.158101e-08
-1.117410e-08
 8.630229e-09
-1.010732e-08
 1.253736e-06
-1.685581e-06
 7.183907e-07
-1.169249e-07
-1.328147e-07
 1.435856e-07
-1.358133e-07
 1.019738e-07
-6.757191e-08
 3.391736e-08
-1.288532e-08
 6.707074e-10
-3.113196e-09
 8.673231e-09
-1.759579e-08
 1.903158e-08
-1.808003e-08
 9.885366e-09
-2.952383e-09
-6.454772e-09
 1.086127e-08
-1.532992e-08
 1.418842e-08
-1.369542e-08
 2.848729e-07
-2.093128e-07
-1.737583e-08
-3.988982e-08
 9.462799e-08
-9.960736e-08
 8.954150e-08
-5.448829e-08
 6.871303e-09
 2.984652e-08
-5.077312e-08
 5.174975e-08
-4.336322e-08
 2.753027e-08
-1.372429e-08
 5.243150e-10
 6.157739e-09
-1.067697e-08
 9.807782e-09
-9.422689e-09
 6.701757e-09
-6.571603e-09
 5.055984e-09
-5.944946e-09
 7.261035e-07
-9.778218e-07
 4.157017e-07
-6.680649e-08
-7.415808e-08
 8.019465e-08
-7.653646e-08
 5.784468e-08
-3.873233e-08
 1.968993e-08
-7.876224e-09
 8.710253e-10
-2.269798e-09
 5.242973e-09
-1.023163e-08
 1.084879e-08
-1.027387e-08
 5.501026e-09
-1.597829e-09
-3.811838e-09
 6.255845e-09
-8.846981e-09
 8.137691e-09
-7.905506e-09
 1.651730e-07
-1.234203e-07
-8.469045e-09
-2.298351e-08
 5.489866e-08
-5.621182e-08
 5.011563e-08
-3.018050e-08
 3.230594e-09
 1.733852e-08
-2.911149e-08
 2.954612e-08
-2.482856e-08
 1.579268e-08
-7.991487e-09
 4.160444e-10
 3.378878e-09
-6.046534e-09
 5.562317e-09
-5.434419e-09
 3.878085e-09
-3.862877e-09
 2.960410e-09
-3.494900e-09
 4.217594e-07
-5.685862e-07
 2.410006e-07
-3.825723e-08
-4.153269e-08
 4.480167e-08
-4.313376e-08
 3.280902e-08
-2.219842e-08
 1.142883e-08
-4.796874e-09
 7.786093e-10
-1.578398e-09
 3.159975e-09
-5.948575e-09
 6.185303e-09
-5.839617e-09
 3.059835e-09
-8.627244e-10
-2.249304e-09
 3.603440e-09
-5.106436e-09
 4.667888e-09
-4.564062e-09
 9.628559e-08
-7.316164e-08
-3.912372e-09
-1.330116e-08
 3.180616e-08
-3.171683e-08
 2.804691e-08
-1.671250e-08
 1.456418e-09
 1.006842e-08
-1.669452e-08
 1.687316e-08
-1.421920e-08
 9.060525e-09
-4.652054e-09
 3.036035e-10
 1.851406e-09
-3.424955e-09
 3.154894e-09
-3.134844e-09
 2.244045e-09
-2.269560e-09
 1.732492e-09
-2.053560e-09
 2.456145e-07
-3.313280e-07
 1.399662e-07
-2.195362e-08
-2.332670e-08
 2.503488e-08
-2.431066e-08
 1.860766e-08
-1.272127e-08
 6.632796e-09
-2.911938e-09
 6.065464e-10
-1.063302e-09
 1.899484e-09
-3.457986e-09
 3.527047e-09
-3.320108e-09
 1.701135e-09
-4.646243e-10
-1.326310e-09
 2.075734e-09
-2.947867e-09
 2.677879e-09
-2.635363e-09
 5.637813e-08
-4.354637e-08
-1.657942e-09
-7.726758e-09
 1.840933e-08
-1.789292e-08
 1.569478e-08
-9.252048e-09
 6.138282e-10
 5.844624e-09
-9.575573e-09
 9.638161e-09
-8.145021e-09
 5.198773e-09
-2.707403e-09
 2.107509e-10
 1.012846e-09
-1.940431e-09
 1.789600e-09
-1.808691e-09
 1.298459e-09
-1.332833e-09
 1.013379e-09
-1.206087e-09
 1.433640e-07
-1.934462e-07
 8.142497e-08
-1.262190e-08
-1.313631e-08
 1.399227e-08
-1.370291e-08
 1.055285e-08
-7.289781e-09
 3.848854e-09
-1.762521e-09
 4.395400e-10
-7.001719e-10
 1.139061e-09
-2.009949e-09
 2.011544e-09
-1.888170e-09
 9.452479e-10
-2.495245e-10
-7.815350e-10
 1.195763e-09
-1.702023e-09
 1.536421e-09
-1.521936e-09
 3.313147e-08
-2.599893e-08
-5.921545e-10
-4.502973e-09
 1.064838e-08
-1.009271e-08
 8.781722e-09
-5.120421e-09
 2.281886e-10
 3.391641e-09
-5.493368e-09
 5.506697e-09
-4.666626e-09
 2.983295e-09
-1.575300e-09
 1.415115e-10
 5.531257e-10
-1.099619e-09
 1.015236e-09
-1.043759e-09
 7.512836e-10
-7.823941e-10
 5.924613e-10
-7.080463e-10
 8.385271e-08
-1.131440e-07
 4.744465e-08
-7.269569e-09
-7.416288e-09
 7.821892e-09
-7.724482e-09
 5.984615e-09
-4.177236e-09
 2.233104e-09
-1.063997e-09
 3.045787e-10
-4.532231e-10
 6.815757e-10
-1.168173e-09
 1.147395e-09
-1.074124e-09
 5.249244e-10
-1.335934e-10
-4.602360e-10
 6.888644e-10
-9.828594e-10
 8.816091e-10
-8.790647e-10
 1.952816e-08
-1.555765e-08
-1.220257e-10
-2.631444e-09
 6.156986e-09
-5.692138e-09
 4.913093e-09
-2.832915e-09
 6.152845e-11
 1.967580e-09
-3.152078e-09
 3.146913e-09
-2.674285e-09
 1.712133e-09
-9.164045e-10
 9.279061e-11
 3.014791e-10
-6.232954e-10
 5.759885e-10
-6.024563e-10
 4.346638e-10
-4.590955e-10
 3.462106e-10
-4.154982e-10
 4.913566e-08
-6.628447e-08
 2.768741e-08
-4.193794e-09
-4.197000e-09
 4.373269e-09
-4.354820e-09
 3.393894e-09
-2.393682e-09
 1.295485e-09
-6.407814e-10
 2.047241e-10
-2.894818e-10
 4.070235e-10
-6.788865e-10
 6.545730e-10
-6.112194e-10
 2.913179e-10
-7.128168e-11
-2.708711e-10
 3.968556e-10
-5.676580e-10
 5.059234e-10
-5.078254e-10
 1.153809e-08
-9.324864e-09
 6.108916e-11
-1.541390e-09
 3.559529e-09
-3.209903e-09
 2.748387e-09
-1.566786e-09
-3.576656e-12
 1.141127e-09
-1.809007e-09
 1.798757e-09
-1.532874e-09
 9.827040e-10
-5.330088e-10
 5.976969e-11
 1.639631e-10
-3.533943e-10
 3.268081e-10
-3.478097e-10
 2.514621e-10
-2.692898e-10
 2.022169e-10
-2.437325e-10
 2.884063e-08
-3.889102e-08
 1.618140e-08
-2.423131e-09
-2.380592e-09
 2.445466e-09
-2.455373e-09
 1.924695e-09
-1.371697e-09
 7.514574e-10
-3.850685e-10
 1.345980e-10
-1.829308e-10
 2.426246e-10
-3.945141e-10
 3.734757e-10
-3.479149e-10
 1.615586e-10
-3.789038e-11
-1.593363e-10
 2.286319e-10
-3.279085e-10
 2.903575e-10
-2.934124e-10
 6.830671e-09
-5.595486e-09
 1.135822e-10
-9.047197e-10
 2.057990e-09
-1.809944e-09
 1.537254e-09
-8.662087e-10
-2.385697e-11
 6.616424e-10
-1.038412e-09
 1.028375e-09
-8.788196e-10
 5.640926e-10
-3.099662e-10
 3.796959e-11
 8.895643e-11
-2.004224e-10
 1.854383e-10
-2.008402e-10
 1.454643e-10
-1.579020e-10
 1.180580e-10
-1.429245e-10
 1.695424e-08
-2.285073e-08
 9.470304e-09
-1.402110e-09
-1.353275e-09
 1.367629e-09
-1.384563e-09
 1.091520e-09
-7.860935e-10
 4.358409e-10
-2.309448e-10
 8.702016e-11
-1.145911e-10
 1.443852e-10
-2.292500e-10
 2.131193e-10
-1.981009e-10
 8.952731e-11
-2.005602e-11
-9.368171e-11
 1.317171e-10
-1.894481e-10
 1.666546e-10
-1.695564e-10
 4.050354e-09
-3.360216e-09
 1.120244e-10
-5.319626e-10
 1.190129e-09
-1.020476e-09
 8.597175e-10
-4.786951e-10
-2.592981e-11
 3.835382e-10
-5.961902e-10
 5.880564e-10
-5.039502e-10
 3.238315e-10
-1.802336e-10
 2.385431e-11
 4.813041e-11
-1.137002e-10
 1.052275e-10
-1.159989e-10
 8.413961e-11
-9.255853e-11
 6.889333e-11
-8.378376e-11
 9.980775e-09
-1.344391e-08
 5.550127e-09
-8.124412e-10
-7.709206e-10
 7.649221e-10
-7.808321e-10
 6.190310e-10
-4.505294e-10
 2.527586e-10
-1.382591e-10
 5.552340e-11
-7.126013e-11
 8.579037e-11
-1.332120e-10
 1.216287e-10
-1.128346e-10
 4.956914e-11
-1.056560e-11
-5.505542e-11
 7.588290e-11
-1.094713e-10
 9.566083e-11
-9.799934e-11
 2.404903e-09
-2.018873e-09
 9.214769e-11
-3.132682e-10
 6.885073e-10
-5.753263e-10
 4.807355e-10
-2.644271e-10
-2.175718e-11
 2.222784e-10
-3.423628e-10
 3.363356e-10
-2.890482e-10
 1.859205e-10
-1.047868e-10
 1.485062e-11
 2.596080e-11
-6.452256e-11
 5.971413e-11
-6.701201e-11
 4.866317e-11
-5.423959e-11
 4.018525e-11
-4.910021e-11
 5.883256e-09
-7.919402e-09
 3.256955e-09
-4.713904e-10
-4.400766e-10
 4.278570e-10
-4.404052e-10
 3.510807e-10
-2.582337e-10
 1.465686e-10
-8.263412e-11
 3.505212e-11
-4.404158e-11
 5.090160e-11
-7.740512e-11
 6.942240e-11
-6.429009e-11
 2.741963e-11
-5.536006e-12
-3.234194e-11
 4.371574e-11
-6.326800e-11
 5.491358e-11
-5.665082e-11
 1.429480e-09
-1.213315e-09
 6.941381e-11
-1.847306e-10
 3.985117e-10
-3.243451e-10
 2.687787e-10
-1.459989e-10
-1.635358e-11
 1.287941e-10
-1.966413e-10
 1.924023e-10
-1.658241e-10
 1.067514e-10
-6.091630e-11
 9.175323e-12
 1.395370e-11
-3.662726e-11
 3.388742e-11
-3.872117e-11
 2.814181e-11
-3.177581e-11
 2.342971e-11
-2.876650e-11
 3.472162e-09
-4.670580e-09
 1.913682e-09
-2.738588e-10
-2.517203e-10
 2.393333e-10
-2.484263e-10
 1.991217e-10
-1.480303e-10
 8.498360e-11
-4.931315e-11
 2.193550e-11
-2.707597e-11
 3.016095e-11
-4.497722e-11
 3.962873e-11
-3.664347e-11
 1.515189e-11
-2.882741e-12
-1.899184e-11
 2.518371e-11
-3.657147e-11
 3.152467e-11
-3.275402e-11
 8.504670e-10
-7.292841e-10
 4.962962e-11
-1.090642e-10
 2.308017e-10
-1.828484e-10
 1.502519e-10
-8.057046e-11
-1.156232e-11
 7.461234e-11
-1.129664e-10
 1.100853e-10
-9.515250e-11
 6.129947e-11
-3.540983e-11
 5.632470e-12
 7.469873e-12
-2.079921e-11
 1.923127e-11
-2.237908e-11
 1.627239e-11
-1.861084e-11
 1.365466e-11
-1.684922e-11
 2.051530e-09
-2.757621e-09
 1.125791e-09
-1.592983e-10
-1.442643e-10
 1.338817e-10
-1.401501e-10
 1.129405e-10
-8.486770e-11
 4.927094e-11
-2.938698e-11
 1.362670e-11
-1.656984e-11
 1.784919e-11
-2.613461e-11
 2.262376e-11
-2.089314e-11
 8.363410e-12
-1.490353e-12
-1.114849e-11
 1.450726e-11
-2.114346e-11
 1.809852e-11
-1.894084e-11
 5.063790e-10
-4.383632e-10
 3.427753e-11
-6.446014e-11
 1.337651e-10
-1.030800e-10
 8.398084e-11
-4.443954e-11
-7.862316e-12
 4.321626e-11
-6.490981e-11
 6.299805e-11
-5.461194e-11
 3.520266e-11
-2.058179e-11
 3.438514e-12
 3.980351e-12
-1.181534e-11
 1.091391e-11
-1.293704e-11
 9.407943e-12
-1.089763e-11
 7.954470e-12
-9.866667e-12
 1.213452e-09
-1.629896e-09
 6.630662e-10
-9.277234e-11
-8.283841e-11
 7.489332e-11
-7.907499e-11
 6.406227e-11
-4.866246e-11
 2.856341e-11
-1.748968e-11
 8.412402e-12
-1.009988e-11
 1.055084e-11
-1.518601e-11
 1.291696e-11
-1.191708e-11
 4.610651e-12
-7.640035e-13
-6.542228e-12
 8.356625e-12
-1.222604e-11
 1.039091e-11
-1.095497e-11
 3.017083e-10
-2.634856e-10
 2.309867e-11
-3.813474e-11
 7.758681e-11
-5.811201e-11
 4.693253e-11
-2.449713e-11
-5.204037e-12
 2.502710e-11
-3.730418e-11
 3.605802e-11
-3.135090e-11
 2.021755e-11
-1.196237e-11
 2.089063e-12
 2.109519e-12
-6.714435e-12
 6.193698e-12
-7.480446e-12
 5.438489e-12
-6.379738e-12
 4.631919e-12
-5.776526e-12
 7.184697e-10
-9.643295e-10
 3.909748e-10
-5.409229e-11
-4.765630e-11
 4.189465e-11
-4.462053e-11
 3.633941e-11
-2.790683e-11
 1.655749e-11
-1.039643e-11
 5.165498e-12
-6.134591e-12
 6.229923e-12
-8.824268e-12
 7.375534e-12
-6.799836e-12
 2.538334e-12
-3.877089e-13
-3.838018e-12
 4.813405e-12
-7.070863e-12
 5.965933e-12
-6.337257e-12
 1.798696e-10
-1.583608e-10
 1.528192e-11
-2.258052e-11
 4.504064e-11
-3.276235e-11
 2.622408e-11
-1.349574e-11
-3.377149e-12
 1.449124e-11
-2.144325e-11
 2.064198e-11
-1.800144e-11
 1.161220e-11
-6.952337e-12
 1.263852e-12
 1.110927e-12
-3.817192e-12
 3.514886e-12
-4.326338e-12
 3.143393e-12
-3.734094e-12
 2.696077e-12
-3.381241e-12
 4.258077e-10
-5.710993e-10
 2.307894e-10
-3.157551e-11
-2.746685e-11
 2.343459e-11
-2.518137e-11
 2.061473e-11
-1.600649e-11
 9.597224e-12
-6.173049e-12
 3.156968e-12
-3.714485e-12
 3.674800e-12
-5.127715e-12
 4.211737e-12
-3.881448e-12
 1.395343e-12
-1.943381e-13
-2.250974e-12
 2.772337e-12
-4.090124e-12
 3.425423e-12
-3.666658e-12
 1.072908e-10
-9.516971e-11
 9.967552e-12
-1.338138e-11
 2.617091e-11
-1.847188e-11
 1.465068e-11
-7.430132e-12
-2.158803e-12
 8.389511e-12
-1.232848e-11
 1.181880e-11
-1.033855e-11
 6.670095e-12
-4.040442e-12
 7.617537e-13
 5.806287e-13
-2.170985e-12
 1.994609e-12
-2.502732e-12
 1.816571e-12
-2.185174e-12
 1.568655e-12
-1.978817e-12
 2.525910e-10
-3.385325e-10
 1.363770e-10
-1.845243e-11
-1.585923e-11
 1.310775e-11
-1.421256e-11
 1.169507e-11
-9.182378e-12
 5.562432e-12
-3.661522e-12
 1.921505e-12
-2.242855e-12
 2.165540e-12
-2.979764e-12
 2.405251e-12
-2.216458e-12
 7.657540e-13
-9.592252e-14
-1.319854e-12
 1.596643e-12
-2.366347e-12
 1.966787e-12
-2.121872e-12
 6.402996e-11
-5.718851e-11
 6.428167e-12
-7.935921e-12
 1.522134e-11
-1.041559e-11
 8.183633e-12
-4.087871e-12
-1.363712e-12
 4.856322e-12
-7.089475e-12
 6.768086e-12
-5.938904e-12
 3.831598e-12
-2.348095e-12
 4.575941e-13
 3.006988e-13
-1.235251e-12
 1.131836e-12
-1.448138e-12
 1.049630e-12
-1.278531e-12
 9.123229e-13
-1.157875e-12
 1.499698e-10
-2.008515e-10
 8.066926e-11
-1.079535e-11
-9.173299e-12
 7.330945e-12
-8.022544e-12
 6.635190e-12
-5.268547e-12
 3.223687e-12
-2.169704e-12
 1.165280e-12
-1.350883e-12
 1.274981e-12
-1.731629e-12
 1.373685e-12
-1.266191e-12
 4.194630e-13
-4.641676e-14
-7.737174e-13
 9.194629e-13
-1.369301e-12
 1.129287e-12
-1.228141e-12
 3.823033e-11
-3.436227e-11
 4.107730e-12
-4.709817e-12
 8.861881e-12
-5.873579e-12
 4.570508e-12
-2.247398e-12
-8.532478e-13
 2.810747e-12
-4.077594e-12
 3.876386e-12
-3.412304e-12
 2.201186e-12
-1.364568e-12
 2.740564e-13
 1.539782e-13
-7.031470e-13
 6.422175e-13
-8.381225e-13
 6.063823e-13
-7.479406e-13
 5.303926e-13
-6.774085e-13
 8.911583e-11
-1.192669e-10
 4.776398e-11
-6.322550e-12
-5.315250e-12
 4.099588e-12
-4.528952e-12
 3.764695e-12
-3.023476e-12
 1.868147e-12
-1.284530e-12
 7.043820e-13
-8.118102e-13
 7.500115e-13
-1.006341e-12
 7.845823e-13
-7.236306e-13
 2.292992e-13
-2.187275e-14
-4.534698e-13
 5.294456e-13
-7.924988e-13
 6.484120e-13
-7.109815e-13
 2.283650e-11
-2.064553e-11
 2.605155e-12
-2.797085e-12
 5.164799e-12
-3.312672e-12
 2.552187e-12
-1.234597e-12
-5.296732e-13
 1.626607e-12
-2.345735e-12
 2.220520e-12
-1.961028e-12
 1.264623e-12
-7.929960e-13
 1.636879e-13
 7.773195e-14
-4.004395e-13
 3.643730e-13
-4.851851e-13
 3.502517e-13
-4.374809e-13
 3.082305e-13
-3.962583e-13
 5.299766e-11
-7.087957e-11
 2.830758e-11
-3.706926e-12
-3.085043e-12
 2.292219e-12
-2.556982e-12
 2.136151e-12
-1.735421e-12
 1.082530e-12
-7.598333e-13
 4.245410e-13
-4.868599e-13
 4.408371e-13
-5.848642e-13
 4.481365e-13
-4.137289e-13
 1.250576e-13
-9.927586e-15
-2.657247e-13
 3.048355e-13
-4.587517e-13
 3.723011e-13
-4.116708e-13
 1.364720e-11
-1.240372e-11
 1.641822e-12
-1.662228e-12
 3.013342e-12
-1.868622e-12
 1.424919e-12
-6.776598e-13
-3.266492e-13
 9.412242e-13
-1.349705e-12
 1.272176e-12
-1.127234e-12
 7.265935e-13
-4.608363e-13
 9.752494e-14
 3.852162e-14
-2.281574e-13
 2.067134e-13
-2.809378e-13
 2.022712e-13
-2.558543e-13
 1.790542e-13
-2.317663e-13
 3.154247e-11
-4.215648e-11
 1.679190e-11
-2.175685e-12
-1.793584e-12
 1.281426e-12
-1.443777e-12
 1.212158e-12
-9.962959e-13
 6.272495e-13
-4.491031e-13
 2.552042e-13
-2.914382e-13
 2.589121e-13
-3.399271e-13
 2.559758e-13
-2.366462e-13
 6.802880e-14
-4.254907e-15
-1.556827e-13
 1.754942e-13
-2.656053e-13
 2.137619e-13
-2.384097e-13
 8.159221e-12
-7.451999e-12
 1.029226e-12
-9.884388e-13
 1.760036e-12
-1.054248e-12
 7.954219e-13
-3.716364e-13
-2.003234e-13
 5.445725e-13
-7.767533e-13
 7.289575e-13
-6.480946e-13
 4.174903e-13
-2.678092e-13
 5.797323e-14
 1.861957e-14
-1.300608e-13
 1.172578e-13
-1.627107e-13
 1.167897e-13
-1.496142e-13
 1.039741e-13
-1.355413e-13
 1.878708e-11
-2.509210e-11
 9.969579e-12
-1.278302e-12
-1.044451e-12
 7.162058e-13
-8.152917e-13
 6.878777e-13
-5.720831e-13
 3.634229e-13
-2.652462e-13
 1.530449e-13
-1.741617e-13
 1.519521e-13
-1.975784e-13
 1.462179e-13
-1.354165e-13
 3.689823e-14
-1.651380e-15
-9.119711e-14
 1.010205e-13
-1.538070e-13
 1.227312e-13
-1.380958e-13
 4.880295e-12
-4.477158e-12
 6.422986e-13
-5.881345e-13
 1.029155e-12
-5.949137e-13
 4.439513e-13
-2.036205e-13
-1.222655e-13
 3.150453e-13
-4.471074e-13
 4.177515e-13
-3.726978e-13
 2.398967e-13
-1.556362e-13
 3.438982e-14
 8.686223e-15
-7.417867e-14
 6.650541e-14
-9.425954e-14
 6.741995e-14
-8.747912e-14
 6.035294e-14
-7.925887e-14
 1.119789e-11
-1.494606e-11
 5.924064e-12
-7.518335e-13
-6.091759e-13
 4.001959e-13
-4.604307e-13
 3.903790e-13
-3.285633e-13
 2.105505e-13
-1.565479e-13
 9.158074e-14
-1.039165e-13
 8.911616e-14
-1.148464e-13
 8.352387e-14
-7.752385e-14
 1.994695e-14
-5.158577e-16
-5.341467e-14
 5.814352e-14
-8.908332e-14
 7.046358e-14
-8.000558e-14
 2.920372e-12
-2.690024e-12
 3.992929e-13
-3.501601e-13
 6.024646e-13
-3.357898e-13
 2.477448e-13
-1.114544e-13
-7.431514e-14
 1.822413e-13
-2.574096e-13
 2.394379e-13
-2.143725e-13
 1.378553e-13
-9.044917e-14
 2.036058e-14
 3.837927e-15
-4.232918e-14
 3.771431e-14
-5.461831e-14
 3.891187e-14
-5.114370e-14
 3.501909e-14
-4.634291e-14
 6.679058e-12
-8.908866e-12
 3.523017e-12
-4.426458e-13
-3.558497e-13
 2.235530e-13
-2.600467e-13
 2.215560e-13
-1.887425e-13
 1.219755e-13
-9.233337e-14
 5.469200e-14
-6.191523e-14
 5.222938e-14
-6.676075e-14
 4.771174e-14
-4.440111e-14
 1.074235e-14
-6.093777e-17
-3.128133e-14
 3.346066e-14
-5.160572e-14
 4.045344e-14
-4.636005e-14
 1.748350e-12
-1.616403e-12
 2.474084e-13
-2.086013e-13
 3.530842e-13
-1.895815e-13
 1.382313e-13
-6.094237e-14
-4.500691e-14
 1.054094e-13
-1.482250e-13
 1.372539e-13
-1.233318e-13
 7.922133e-14
-5.256666e-14
 1.203281e-14
 1.544045e-15
-2.416772e-14
 2.138356e-14
-3.165593e-14
 2.245340e-14
-2.989788e-14
 2.031164e-14
-2.709460e-14
 3.986450e-12
-5.313893e-12
 2.096759e-12
-2.608757e-13
-2.081805e-13
 1.248367e-13
-1.468830e-13
 1.257479e-13
-1.084457e-13

Forecasting scores:

mase, smape, msis

  1.111015
 62.401157
  6.031953
End
