darima-master/data/MPS_Traffic_Volume_train.csv
/home/bsuconn/spark/spark-3.0.1-bin-hadoop3.2/python/pyspark/sql/pandas/group_ops.py:73: UserWarning: It is preferred to use 'applyInPandas' over this API. This API will be deprecated in the future releases. See SPARK-28264 for more details.
  warnings.warn(
Model results are saved to:	darima-master/result/darima_model_MPS_Traffic_Volume_2020-12-05-15:42:51.pkl
Coefficient results are saved to:	darima-master/result/darima_coef_MPS_Traffic_Volume_2020-12-05-15:42:51.csv
Forecasting results are saved to:	darima-master/result/darima_forec_MPS_Traffic_Volume_2020-12-05-15:42:51.csv

Model Summary:

 sample_size  sample_size_per_partition  n_par  partition_num  time_mapred  time_model_forec  time_model_eval
       46764                        187   2001            250   162.093689          4.716257         0.048928

DLSA Coefficients:

 2.949005e+02
 6.603933e-12
 1.335612e+00
-4.927402e-01
 2.451173e-02
 1.664553e-02
 4.649640e-03
-3.341000e-02
 1.328898e-02
-7.030671e-03
 1.822835e-03
-5.034373e-03
-6.252729e-04
-2.152406e-03
 1.152829e-03
-3.640098e-03
 9.432102e-04
-1.484517e-03
 2.259219e-04
-2.486172e-03
 2.223966e-03
-2.584996e-03
 7.805706e-04
-1.581596e-03
 1.978170e-03
 2.859519e-01
-3.861482e-01
 1.634129e-01
-1.184267e-02
-1.310485e-02
-1.804353e-03
 6.841892e-03
-4.379617e-03
 9.070511e-04
-5.617521e-04
-8.500121e-05
 2.081654e-04
 8.563433e-04
-1.273606e-03
 2.937509e-05
 3.359563e-04
 3.019600e-04
-3.015763e-04
-4.193676e-04
-3.128494e-05
 5.915260e-04
-1.765239e-04
-4.217356e-04
-2.740258e-04
 2.202245e-02
-2.785679e-02
 1.096080e-02
-3.069438e-03
-1.048377e-03
 3.388540e-03
-4.423679e-03
 3.081950e-03
-1.219148e-03
 3.356055e-04
-1.275038e-04
-6.578198e-04
 7.317393e-04
-4.313086e-04
 1.741131e-04
-5.158586e-04
 2.774702e-04
 8.994052e-05
-3.010910e-04
 4.300640e-05
-2.539771e-04
 3.746090e-04
-3.101874e-04
 2.830646e-05
 5.449367e-02
-7.257674e-02
 3.391399e-02
-5.757904e-03
-6.825922e-04
-3.803856e-04
 1.061122e-03
-1.943799e-03
 1.023596e-03
-4.809625e-04
 1.123995e-04
-1.822123e-04
 1.519316e-04
-3.431148e-04
 2.818242e-04
-1.856664e-04
-2.329002e-05
-6.730944e-05
 8.199761e-05
-1.389432e-04
 7.451054e-05
-1.536580e-04
 1.090605e-04
-1.173486e-04
 1.247794e-02
-1.570407e-02
 6.040556e-03
 3.046950e-04
-1.002188e-03
-2.454189e-04
 7.484112e-04
-6.132120e-04
 2.378888e-04
-1.778918e-04
 1.070693e-04
-1.741440e-04
 1.272154e-04
-1.207514e-04
 1.758482e-05
-5.876503e-05
 6.070004e-05
-8.725087e-05
-2.310755e-06
-3.382533e-06
-3.030962e-05
 1.965395e-05
-6.789729e-05
 2.722455e-05
 1.862783e-02
-2.476449e-02
 1.094075e-02
-1.451107e-03
 2.300823e-04
-9.273292e-04
 1.432689e-03
-1.331135e-03
 9.126394e-04
-4.891180e-04
 1.329312e-04
 2.195533e-06
-3.413187e-05
-1.483893e-05
 2.377391e-06
-9.115818e-06
-1.405444e-05
-2.253821e-05
 4.699919e-05
-9.227459e-05
 7.559956e-05
-7.348596e-05
 5.185727e-05
-6.036852e-05
 2.172588e-03
-2.783568e-03
 1.551803e-03
-2.554461e-04
-9.660676e-05
-1.209494e-05
-9.367078e-06
-5.443049e-05
-6.221796e-06
-3.508692e-05
 4.129653e-05
-8.484425e-05
 5.267596e-05
-5.773087e-05
 2.757211e-05
-4.076865e-05
 2.220759e-05
-2.933408e-05
 3.201047e-06
-1.859470e-06
-1.734038e-05
 8.431959e-06
-1.850440e-05
 9.176045e-06
 7.322679e-03
-9.749428e-03
 4.655708e-03
-7.030238e-04
-2.019277e-04
 2.678523e-05
 1.725613e-04
-2.564288e-04
 1.505540e-04
-6.315997e-05
 1.819696e-05
-5.179112e-05
 8.657880e-05
-1.086712e-04
 8.049396e-05
-4.898651e-05
 1.796920e-05
-1.404402e-05
 1.285018e-05
-2.174444e-05
 1.929471e-05
-2.046008e-05
 1.519938e-05
-1.889352e-05
 2.447522e-03
-3.213315e-03
 1.530673e-03
-3.520276e-04
-7.789299e-05
 2.169347e-04
-2.309208e-04
 1.756919e-04
-1.133119e-04
 3.265560e-05
 1.459087e-05
-4.935294e-05
 4.818926e-05
-4.720742e-05
 3.238047e-05
-2.811755e-05
 1.495905e-05
-9.327729e-06
-2.766415e-06
 5.383501e-06
-1.089061e-05
 7.926778e-06
-8.728198e-06
 4.443117e-06
 3.581091e-03
-4.765834e-03
 2.170402e-03
-3.642609e-04
 4.116115e-05
-1.254615e-04
 2.485357e-04
-2.613284e-04
 1.758375e-04
-8.322735e-05
 2.211370e-05
-1.344458e-05
 1.958086e-05
-2.837838e-05
 2.037085e-05
-1.159980e-05
 3.056045e-06
-6.565398e-06
 1.027610e-05
-1.528998e-05
 1.342268e-05
-1.209674e-05
 8.306859e-06
-7.962212e-06
 5.758134e-04
-7.166939e-04
 3.245182e-04
-6.068328e-05
 7.232650e-05
-1.039268e-04
 9.098839e-05
-8.449820e-05
 4.928197e-05
-2.663016e-05
 5.544579e-06
 2.355771e-06
-1.223025e-05
 1.375175e-05
-1.242798e-05
 4.957781e-06
-6.311530e-07
-3.134448e-06
 2.402233e-06
-2.166622e-06
 3.237991e-07
-2.795660e-07
-9.916802e-07
 1.050908e-06
 1.521432e-03
-1.998351e-03
 9.258603e-04
-1.394096e-04
-2.688708e-06
-6.369667e-05
 1.336456e-04
-1.462603e-04
 1.004272e-04
-4.896330e-05
 1.255180e-05
-6.160941e-06
 9.448299e-06
-1.500430e-05
 1.128339e-05
-6.499899e-06
 1.703126e-06
-3.235937e-06
 5.328057e-06
-7.825975e-06
 6.774555e-06
-5.674084e-06
 3.617159e-06
-3.239244e-06
 4.757594e-04
-6.167230e-04
 3.060683e-04
-9.954235e-05
 9.892903e-06
 5.035063e-05
-6.092663e-05
 4.675643e-05
-2.929924e-05
 1.163176e-05
 1.262506e-07
-8.120549e-06
 7.877872e-06
-6.657696e-06
 4.022139e-06
-3.695847e-06
 2.072815e-06
-1.099048e-06
-9.512182e-07
 1.670868e-06
-2.309792e-06
 1.636836e-06
-1.403661e-06
 7.820098e-07
 9.658443e-04
-1.300087e-03
 6.204938e-04
-1.032399e-04
-2.056219e-05
 7.965749e-06
 1.955698e-05
-3.682998e-05
 2.537802e-05
-1.216245e-05
 4.198878e-06
-8.796772e-06
 1.465743e-05
-1.799283e-05
 1.416951e-05
-8.519480e-06
 3.263340e-06
-1.710400e-06
 1.644695e-06
-2.334410e-06
 1.930901e-06
-1.493772e-06
 9.209053e-07
-1.065877e-06
 1.634453e-04
-2.156617e-04
 1.240461e-04
-3.770312e-05
 7.266412e-06
 4.817136e-06
-1.406893e-05
 7.805551e-06
-6.520367e-06
 1.922147e-06
-9.876721e-07
-1.122911e-06
-1.549068e-07
 1.788854e-07
-8.957312e-07
-1.230025e-07
 1.514764e-07
-4.278171e-07
-3.003532e-07
 3.967286e-07
-7.049062e-07
 4.092536e-07
-4.433070e-07
 2.250631e-07
 4.249011e-04
-5.577210e-04
 2.550494e-04
-4.474652e-05
 9.659062e-06
-2.416225e-05
 4.526868e-05
-4.822847e-05
 3.432033e-05
-1.699143e-05
 4.598669e-06
-1.373671e-06
 2.161878e-06
-3.778896e-06
 2.913171e-06
-1.554125e-06
 4.333044e-07
-8.942179e-07
 1.641022e-06
-2.307568e-06
 2.029802e-06
-1.482230e-06
 8.344788e-07
-6.213707e-07
 7.614765e-05
-9.368524e-05
 4.557301e-05
-1.684008e-05
 1.360738e-05
-6.421424e-06
 2.134051e-06
-3.225508e-06
 2.051244e-06
-1.512905e-06
-1.412064e-07
 7.621439e-07
-2.046094e-06
 2.203156e-06
-2.105699e-06
 1.053426e-06
-4.072115e-07
-1.105370e-07
 2.437415e-08
-5.301598e-08
-5.340500e-08
-1.377268e-08
-5.661758e-08
 4.776743e-08
 2.394900e-04
-3.240718e-04
 1.604633e-04
-2.640543e-05
-5.412363e-06
-3.250557e-06
 1.223376e-05
-1.702399e-05
 1.163728e-05
-5.874428e-06
 1.587547e-06
-2.000020e-06
 3.321505e-06
-4.466470e-06
 3.499091e-06
-2.108676e-06
 7.554616e-07
-5.153241e-07
 5.884375e-07
-8.547024e-07
 6.924166e-07
-4.904325e-07
 2.322215e-07
-2.314813e-07
 7.750136e-05
-1.020112e-04
 5.158027e-05
-1.694629e-05
 2.393382e-06
 8.949888e-06
-1.210018e-05
 9.217572e-06
-5.880132e-06
 2.529797e-06
-5.856363e-07
-7.878581e-07
 8.326407e-07
-7.520690e-07
 3.978897e-07
-3.844863e-07
 1.737822e-07
-2.888342e-08
-2.599523e-07
 3.407559e-07
-3.712284e-07
 2.448489e-07
-1.693847e-07
 7.532130e-08
 1.442014e-04
-1.913155e-04
 8.773916e-05
-1.446439e-05
-1.238226e-06
-7.266303e-07
 6.447807e-06
-8.894493e-06
 6.553060e-06
-3.324608e-06
 1.046706e-06
-1.173080e-06
 1.885835e-06
-2.469992e-06
 1.944663e-06
-1.162209e-06
 4.140059e-07
-2.759859e-07
 3.308510e-07
-4.696533e-07
 3.778867e-07
-2.569018e-07
 1.152268e-07
-1.062315e-07
 1.298705e-05
-1.728240e-05
 1.358844e-05
-6.226306e-06
 3.579373e-06
-1.806302e-06
-3.143979e-07
-5.145344e-07
 1.620105e-07
-2.622044e-07
-2.583209e-07
 3.106060e-07
-7.027928e-07
 6.866045e-07
-6.623314e-07
 3.223355e-07
-1.566691e-07
-6.494419e-09
-2.245770e-08
 2.766848e-09
-3.290992e-08
-5.359437e-09
-9.671457e-09
 4.477799e-09
 6.885808e-05
-9.234183e-05
 4.424298e-05
-7.136968e-06
 4.864062e-07
-3.768634e-06
 6.873634e-06
-7.824421e-06
 5.452819e-06
-2.749649e-06
 6.799517e-07
-3.071061e-07
 4.969409e-07
-8.367926e-07
 6.597545e-07
-3.845202e-07
 1.134566e-07
-1.500702e-07
 2.504384e-07
-3.530072e-07
 2.966203e-07
-2.055953e-07
 9.930484e-08
-6.734357e-08
 2.087061e-05
-2.649907e-05
 1.189741e-05
-3.915919e-06
 1.978493e-06
 1.000032e-06
-1.891735e-06
 1.272426e-06
-7.365700e-07
 2.515160e-07
-1.511641e-07
 1.212640e-08
-1.460607e-07
 1.543140e-07
-1.923845e-07
 7.465824e-08
-4.515357e-08
 2.553727e-09
-4.601074e-08
 4.491638e-08
-5.774144e-08
 2.628090e-08
-2.152266e-08
 7.759977e-09
 4.200285e-05
-5.684532e-05
 2.800340e-05
-4.877957e-06
-1.017413e-06
 1.171785e-07
 1.400580e-06
-2.380687e-06
 1.701086e-06
-8.956441e-07
 2.689046e-07
-4.192921e-07
 6.763078e-07
-8.836748e-07
 6.947764e-07
-4.240303e-07
 1.522282e-07
-8.659644e-08
 8.607418e-08
-1.253845e-07
 9.527321e-08
-6.159816e-08
 2.129498e-08
-2.397938e-08
 8.723067e-06
-1.202729e-05
 7.608125e-06
-2.861595e-06
 6.356608e-07
 7.940527e-07
-1.604840e-06
 1.063995e-06
-7.306124e-07
 2.832071e-07
-1.430214e-07
-2.958205e-08
-9.321698e-09
-1.895230e-09
-3.796803e-08
-3.382285e-09
-6.083649e-09
 1.963740e-09
-3.886096e-08
 4.212804e-08
-4.732129e-08
 2.614592e-08
-1.841014e-08
 6.276953e-09
 2.455685e-05
-3.264357e-05
 1.471467e-05
-2.169508e-06
 7.381848e-09
-6.461176e-07
 1.668418e-06
-2.029263e-06
 1.457642e-06
-7.489071e-07
 2.003268e-07
-1.443696e-07
 2.272500e-07
-3.402177e-07
 2.643379e-07
-1.588621e-07
 5.039889e-08
-4.809459e-08
 6.680415e-08
-9.730877e-08
 7.883063e-08
-5.350166e-08
 2.234653e-08
-1.708058e-08
 4.327397e-06
-5.553632e-06
 2.957099e-06
-1.189924e-06
 8.289926e-07
-1.836987e-07
-1.554396e-07
-1.067705e-09
 1.244791e-08
-4.489706e-08
-4.741541e-08
 6.391804e-08
-1.359300e-07
 1.300704e-07
-1.271148e-07
 6.440200e-08
-3.357796e-08
 1.932018e-09
-6.601958e-09
 8.913175e-10
-5.062309e-09
-2.109219e-09
-5.702640e-10
-6.366983e-10
 1.188204e-05
-1.622066e-05
 8.206587e-06
-1.377634e-06
-1.465631e-07
-4.204304e-07
 8.794920e-07
-1.136802e-06
 7.781430e-07
-4.087485e-07
 9.820946e-08
-8.461313e-08
 1.331343e-07
-2.021869e-07
 1.567158e-07
-9.569814e-08
 3.059861e-08
-2.713873e-08
 3.572345e-08
-5.245395e-08
 4.205422e-08
-2.837184e-08
 1.140810e-08
-8.952066e-09
 3.735477e-06
-4.975944e-06
 2.604299e-06
-8.758017e-07
 2.691301e-07
 2.970458e-07
-5.299743e-07
 3.546562e-07
-2.277455e-07
 8.446873e-08
-4.489396e-08
-7.782659e-09
-8.296842e-09
 2.787647e-09
-1.678627e-08
 1.172530e-09
-4.475144e-09
 9.618571e-10
-1.286073e-08
 1.265668e-08
-1.474922e-08
 7.490029e-09
-5.572358e-09
 1.510829e-09
 8.284338e-06
-1.110766e-05
 5.118390e-06
-7.983212e-07
-1.122175e-07
-1.449627e-09
 2.962303e-07
-4.540349e-07
 3.317350e-07
-1.764945e-07
 5.128996e-08
-6.896367e-08
 1.077050e-07
-1.457843e-07
 1.131692e-07
-6.975954e-08
 2.376051e-08
-1.533089e-08
 1.591509e-08
-2.389594e-08
 1.801920e-08
-1.182208e-08
 3.815189e-09
-3.973391e-09
 1.473440e-06
-2.044034e-06
 1.301572e-06
-4.945025e-07
 1.862847e-07
 4.041180e-08
-1.920357e-07
 9.902480e-08
-6.956039e-08
 1.746261e-08
-2.467071e-08
 8.109248e-09
-2.457844e-08
 2.002423e-08
-2.428315e-08
 9.544773e-09
-6.705217e-09
 5.851340e-10
-5.042107e-09
 3.903733e-09
-5.339148e-09
 1.853477e-09
-1.723333e-09
 2.924546e-10
 3.991759e-06
-5.411268e-06
 2.617386e-06
-3.988943e-07
-1.800253e-08
-1.635047e-07
 3.158222e-07
-3.903843e-07
 2.681215e-07
-1.413996e-07
 3.255822e-08
-2.291687e-08
 3.380785e-08
-5.623579e-08
 4.275217e-08
-2.658475e-08
 7.539912e-09
-8.635476e-09
 1.202407e-08
-1.797167e-08
 1.428355e-08
-9.912450e-09
 4.000048e-09
-2.959295e-09
 1.162513e-06
-1.515254e-06
 7.348125e-07
-2.512215e-07
 1.452767e-07
 1.895286e-08
-8.404264e-08
 4.230270e-08
-2.338525e-08
 2.829735e-09
-1.148159e-08
 6.970579e-09
-1.812270e-08
 1.584199e-08
-1.756258e-08
 7.804094e-09
-5.010458e-09
 3.730795e-10
-2.356043e-09
 1.357621e-09
-2.272050e-09
 4.241267e-10
-6.369690e-10
 2.154480e-12
 2.496521e-06
-3.390219e-06
 1.626933e-06
-2.520857e-07
-3.860841e-08
-3.190526e-08
 1.140814e-07
-1.663868e-07
 1.153788e-07
-6.268795e-08
 1.554256e-08
-1.953716e-08
 2.934315e-08
-4.237661e-08
 3.232940e-08
-2.031312e-08
 6.469704e-09
-4.930144e-09
 5.346783e-09
-8.252482e-09
 6.209031e-09
-4.228659e-09
 1.406221e-09
-1.357009e-09
 6.150388e-07
-8.664498e-07
 5.336189e-07
-1.848210e-07
 4.558381e-08
 4.361816e-08
-9.839116e-08
 5.872571e-08
-4.054521e-08
 1.317107e-08
-9.668747e-09
-8.875181e-10
-2.935456e-09
 7.828247e-10
-3.736363e-09
 2.985378e-10
-1.166421e-09
 1.110941e-10
-2.391023e-09
 2.117516e-09
-2.631333e-09
 1.213658e-09
-9.784414e-10
 2.032091e-10
 1.467143e-06
-1.978044e-06
 9.191917e-07
-1.363134e-07
-1.449751e-08
-2.097142e-08
 7.035734e-08
-9.759863e-08
 6.826779e-08
-3.700375e-08
 9.111124e-09
-1.043518e-08
 1.531473e-08
-2.272603e-08
 1.715266e-08
-1.085245e-08
 3.330597e-09
-2.802186e-09
 3.108869e-09
-4.856204e-09
 3.660700e-09
-2.527967e-09
 8.511325e-10
-7.983371e-10
 3.788866e-07
-5.072576e-07
 2.636534e-07
-8.781519e-08
 4.588349e-08
 3.508691e-09
-2.798791e-08
 1.201391e-08
-7.459708e-09
 2.153705e-10
-4.228849e-09
 2.322966e-09
-6.231746e-09
 5.010778e-09
-5.815865e-09
 2.463176e-09
-1.709346e-09
 5.867847e-11
-8.004244e-10
 3.722076e-10
-7.278984e-10
 9.008025e-11
-2.163342e-10
-2.728824e-11
 7.599089e-07
-1.042904e-06
 5.149477e-07
-7.766851e-08
-8.611193e-09
-2.605584e-08
 4.961244e-08
-6.558532e-08
 4.380914e-08
-2.403226e-08
 5.111655e-09
-4.790400e-09
 6.580394e-09
-1.099333e-08
 8.107493e-09
-5.233984e-09
 1.434438e-09
-1.597266e-09
 1.947493e-09
-3.062873e-09
 2.344213e-09
-1.662511e-09
 6.050437e-10
-5.076782e-10
 2.287853e-07
-3.148832e-07
 1.755225e-07
-5.789771e-08
 2.130769e-08
 8.635118e-09
-2.474590e-08
 1.307989e-08
-8.755876e-09
 2.000585e-09
-2.835936e-09
 4.220300e-10
-2.272002e-09
 1.443032e-09
-2.265048e-09
 6.998353e-10
-7.075752e-10
 1.527170e-11
-6.331932e-10
 4.298932e-10
-6.418769e-10
 2.096416e-10
-2.260244e-10
 1.739298e-11
 5.038427e-07
-6.801032e-07
 3.125168e-07
-4.442628e-08
-6.481753e-09
-3.389800e-09
 1.844098e-08
-2.794554e-08
 1.934660e-08
-1.081791e-08
 2.584272e-09
-3.754196e-09
 5.329851e-09
-7.828020e-09
 5.821005e-09
-3.765761e-09
 1.137227e-09
-9.133252e-10
 8.790602e-10
-1.445752e-09
 1.035233e-09
-7.339903e-10
 2.115577e-10
-2.409012e-10
 1.336794e-07
-1.875538e-07
 1.087613e-07
-3.508732e-08
 1.103661e-08
 5.413405e-09
-1.555120e-08
 8.116357e-09
-5.694119e-09
 1.346009e-09
-1.771595e-09
 9.826515e-11
-1.141596e-09
 5.808889e-10
-1.138404e-09
 2.698724e-10
-3.711878e-10
-4.686548e-12
-3.910887e-10
 2.689098e-10
-4.030207e-10
 1.380741e-10
-1.461726e-10
 1.236318e-11
 2.616557e-07
-3.592374e-07
 1.752129e-07
-2.583262e-08
-3.273136e-09
-6.998926e-09
 1.417693e-08
-1.964687e-08
 1.298291e-08
-7.315926e-09
 1.495899e-09
-1.712845e-09
 2.232848e-09
-3.709719e-09
 2.680679e-09
-1.778775e-09
 4.710835e-10
-5.213649e-10
 5.748627e-10
-9.425077e-10
 6.941358e-10
-5.060002e-10
 1.690939e-10
-1.578538e-10
 8.541741e-08
-1.156836e-07
 5.898045e-08
-1.797838e-08
 8.722826e-09
 1.096986e-09
-5.940424e-09
 2.446112e-09
-1.590651e-09
-9.343013e-12
-8.692182e-10
 3.340680e-10
-1.125111e-09
 7.951191e-10
-1.036240e-09
 3.866562e-10
-3.254179e-10
-6.585384e-12
-1.662536e-10
 6.260595e-11
-1.507242e-10
 1.376255e-11
-4.866780e-11
-9.001233e-12
 1.590040e-07
-2.168429e-07
 1.023569e-07
-1.428796e-08
-1.843852e-09
-3.160252e-09
 7.378524e-09
-1.046666e-08
 6.931725e-09
-3.947103e-09
 8.045934e-10
-1.044737e-09
 1.347511e-09
-2.201219e-09
 1.577735e-09
-1.058744e-09
 2.797509e-10
-2.986301e-10
 3.043888e-10
-5.146354e-10
 3.691834e-10
-2.734286e-10
 8.484323e-11
-8.733838e-11
 4.668723e-08
-6.682509e-08
 4.001065e-08
-1.258886e-08
 3.432533e-09
 1.783303e-09
-5.407896e-09
 2.665714e-09
-1.956215e-09
 3.979598e-10
-6.166148e-10
-1.199394e-11
-3.638513e-10
 1.336391e-10
-3.570322e-10
 6.033071e-11
-1.244848e-10
-9.819017e-12
-1.350494e-10
 8.432642e-11
-1.368854e-10
 4.341712e-11
-5.143586e-11
 2.071837e-12
 9.504488e-08
-1.296697e-07
 6.083678e-08
-8.445527e-09
-1.315279e-09
-1.167973e-09
 3.475524e-09
-5.352869e-09
 3.517485e-09
-2.062951e-09
 4.151849e-10
-6.659103e-10
 8.522014e-10
-1.349880e-09
 9.616356e-10
-6.518146e-10
 1.753409e-10
-1.720029e-10
 1.548006e-10
-2.732620e-10
 1.880751e-10
-1.419300e-10
 3.831154e-11
-4.707186e-11
 3.155011e-08
-4.343650e-08
 2.261205e-08
-6.552110e-09
 2.615071e-09
 7.048059e-10
-2.467661e-09
 1.108584e-09
-7.762915e-10
 7.635301e-11
-3.245577e-10
 4.814219e-11
-3.018918e-10
 1.642404e-10
-2.800202e-10
 7.805366e-11
-9.406284e-11
-7.812896e-12
-6.644801e-11
 2.923392e-11
-6.278336e-11
 1.140782e-11
-2.293039e-11
-2.313526e-12
 5.119150e-08
-7.069769e-08
 3.450914e-08
-4.878774e-09
-6.784368e-10
-1.378954e-09
 2.495481e-09
-3.573439e-09
 2.273679e-09
-1.339548e-09
 2.373317e-10
-3.208787e-10
 3.680268e-10
-6.621002e-10
 4.541350e-10
-3.190655e-10
 7.339597e-11
-9.872981e-11
 9.773896e-11
-1.727397e-10
 1.213841e-10
-9.357732e-11
 2.839619e-11
-3.000733e-11
 1.741131e-08
-2.461350e-08
 1.381555e-08
-4.066448e-09
 1.399338e-09
 2.854670e-10
-1.427938e-09
 5.608954e-10
-4.346798e-10
 1.353504e-11
-1.937593e-10
 2.428830e-11
-1.833912e-10
 9.438610e-11
-1.668143e-10
 4.469017e-11
-5.702010e-11
-6.089263e-12
-3.802413e-11
 1.408608e-11
-3.516955e-11
 4.766152e-12
-1.296892e-11
-2.011355e-12
 3.268936e-08
-4.455509e-08
 2.054662e-08
-2.690091e-09
-3.821504e-10
-4.257109e-10
 1.138172e-09
-1.744706e-09
 1.122252e-09
-6.747552e-10
 1.226085e-10
-2.137208e-10
 2.526222e-10
-4.220700e-10
 2.905160e-10
-2.046238e-10
 4.985687e-11
-5.684381e-11
 4.788685e-11
-8.960467e-11
 5.950046e-11
-4.714974e-11
 1.191013e-11
-1.585682e-11
 1.092428e-08
-1.550125e-08
 8.668635e-09
-2.482846e-09
 7.210181e-10
 3.143150e-10
-1.000887e-09
 4.534868e-10
-3.450577e-10
 4.686095e-11
-1.217241e-10
-6.950668e-12
-7.791826e-11
 2.154511e-11
-7.286684e-11
 9.060727e-12
-2.717813e-11
-4.590561e-12
-2.583789e-11
 1.226084e-11
-2.520815e-11
 5.872972e-12
-9.830577e-12
-5.926912e-13
 1.785617e-08
-2.473975e-08
 1.204431e-08
-1.676719e-09
-2.865980e-10
-3.486295e-10
 6.577654e-10
-1.045520e-09
 6.428619e-10
-4.006997e-10
 6.345511e-11
-1.190699e-10
 1.298701e-10
-2.308495e-10
 1.544052e-10
-1.121616e-10
 2.502512e-11
-3.285368e-11
 2.727331e-11
-5.241861e-11
 3.437577e-11
-2.794972e-11
 7.040923e-12
-9.390497e-12
 6.809838e-09
-9.514967e-09
 4.998989e-09
-1.357018e-09
 5.051834e-10
 9.173037e-11
-4.566041e-10
 1.666567e-10
-1.321258e-10
-6.147176e-12
-6.562016e-11
 6.261701e-12
-6.420756e-11
 2.984852e-11
-5.732504e-11
 1.381907e-11
-2.031093e-11
-3.133325e-12
-1.266435e-11
 3.135347e-12
-1.134926e-11
 6.142817e-13
-4.321504e-12
-1.063843e-12
 1.076540e-08
-1.479773e-08
 6.953259e-09
-9.022737e-10
-1.209066e-10
-2.148408e-10
 4.067626e-10
-6.127686e-10
 3.783668e-10
-2.347395e-10
 3.582269e-11
-6.492292e-11
 6.623852e-11
-1.249691e-10
 8.121173e-11
-6.081985e-11
 1.216927e-11
-1.893863e-11
 1.561084e-11
-3.078109e-11
 1.999279e-11
-1.665250e-11
 4.206042e-12
-5.590138e-12
 3.787204e-09
-5.469096e-09
 3.149961e-09
-8.785764e-10
 2.374012e-10
 6.650862e-11
-3.147648e-10
 1.179843e-10
-1.013544e-10
 2.589369e-12
-4.168430e-11
-2.210084e-12
-3.120501e-11
 8.999937e-12
-2.788080e-11
 3.824855e-12
-1.054567e-11
-2.208671e-12
-8.295983e-12
 2.646103e-12
-7.702079e-12
 1.001074e-12
-3.069212e-12
-5.287937e-13
 6.369303e-09
-8.791952e-09
 4.167432e-09
-5.489469e-10
-9.358191e-11
-9.036526e-11
 1.850601e-10
-3.149459e-10
 1.883304e-10
-1.233762e-10
 1.712000e-11
-4.174884e-11
 4.265484e-11
-7.737040e-11
 5.002620e-11
-3.782479e-11
 7.824652e-12
-1.099260e-11
 7.708758e-12
-1.638979e-11
 1.000118e-11
-8.689170e-12
 1.769550e-12
-3.048500e-12
 2.547904e-09
-3.585772e-09
 1.882576e-09
-4.879494e-10
 1.556448e-10
 4.842115e-11
-1.778071e-10
 6.981935e-11
-5.696761e-11
 1.168753e-12
-2.395290e-11
-1.757498e-12
-1.796574e-11
 4.472937e-12
-1.602516e-11
 1.793805e-12
-6.215871e-12
-1.481423e-12
-4.870173e-12
 1.342252e-12
-4.476247e-12
 4.693921e-13
-1.821329e-12
-3.642796e-13
 3.609084e-09
-5.018015e-09
 2.424692e-09
-3.215220e-10
-5.235853e-11
-7.434974e-11
 1.187803e-10
-1.950459e-10
 1.137884e-10
-7.547152e-11
 9.198703e-12
-2.233575e-11
 2.021531e-11
-4.079781e-11
 2.519556e-11
-1.998621e-11
 3.464981e-12
-6.372206e-12
 4.561494e-12
-9.885999e-12
 6.036687e-12
-5.364520e-12
 1.161751e-12
-1.858815e-12
 1.413324e-09
-2.034516e-09
 1.135152e-09
-2.988261e-10
 8.595346e-11
 1.240976e-11
-9.569678e-11
 2.870656e-11
-2.816172e-11
-3.439325e-12
-1.406874e-11
-5.507164e-13
-1.233339e-11
 3.811102e-12
-1.068405e-11
 1.626249e-12
-4.075528e-12
-9.821875e-13
-2.652186e-12
 3.561493e-13
-2.316538e-12
-1.762479e-14
-9.486377e-13
-2.973134e-13
 2.218646e-09
-3.060041e-09
 1.427412e-09
-1.782692e-10
-2.606883e-11
-3.516270e-11
 6.305680e-11
-1.055309e-10
 6.128370e-11
-4.148584e-11
 4.736448e-12
-1.334970e-11
 1.179586e-11
-2.384337e-11
 1.447334e-11
-1.172939e-11
 1.947179e-12
-3.697877e-12
 2.381445e-12
-5.512834e-12
 3.213842e-12
-2.980430e-12
 5.605311e-13
-1.058721e-12
 8.963581e-10
-1.284949e-09
 7.003432e-10
-1.780355e-10
 4.728299e-11
 1.417405e-11
-6.271560e-11
 2.211557e-11
-2.028227e-11
-4.652266e-13
-8.595994e-12
-1.333992e-12
-5.976647e-12
 6.965864e-13
-5.206207e-12
 1.673135e-13
-2.144520e-12
-6.482180e-13
-1.719222e-12
 3.531173e-13
-1.557750e-12
 1.047433e-13
-6.578088e-13
-1.582321e-13
 1.255256e-09
-1.754721e-09
 8.530695e-10
-1.128457e-10
-2.072823e-11
-2.139892e-11
 3.134924e-11
-5.902945e-11
 3.232918e-11
-2.338358e-11
 2.096548e-12
-8.044998e-12
 6.681727e-12
-1.390089e-11
 8.217277e-12
-6.865264e-12
 1.066690e-12
-2.157141e-12
 1.238293e-12
-3.092399e-12
 1.713638e-12
-1.667702e-12
 2.659468e-13
-6.067074e-13
 5.485154e-10
-7.835613e-10
 4.183903e-10
-1.029706e-10
 2.935912e-11
 5.784161e-12
-3.357291e-11
 1.019722e-11
-1.020899e-11
-1.260403e-12
-4.959987e-12
-6.434088e-13
-3.961528e-12
 7.094192e-13
-3.391115e-12
 2.376118e-13
-1.377134e-12
-4.196687e-13
-9.562691e-13
 8.234266e-14
-8.317855e-13
-2.243891e-14
-3.561042e-13
-1.179758e-13
 7.591521e-10
-1.053889e-09
 4.967982e-10
-6.164629e-11
-9.069271e-12
-1.353590e-11
 1.998562e-11
-3.499408e-11
 1.925034e-11
-1.384926e-11
 1.137909e-12
-4.419736e-12
 3.264306e-12
-7.509912e-12
 4.221246e-12
-3.723767e-12
 4.593757e-13
-1.255177e-12
 7.083350e-13
-1.835010e-12
 1.004190e-12
-1.006058e-12
 1.632580e-13
-3.649505e-13
 3.156693e-10
-4.591396e-10
 2.564376e-10
-6.365276e-11
 1.534849e-11
 2.366976e-12
-2.015361e-11
 5.421964e-12
-6.167030e-12
-9.643542e-13
-3.006052e-12
-5.106120e-13
-2.325402e-12
 2.855494e-13
-1.962088e-12
 6.949906e-14
-8.166404e-13
-2.718272e-13
-5.694460e-13
 2.661934e-14
-4.900716e-13
-2.529740e-14
-2.140341e-13
-7.585311e-14
 4.446019e-10
-6.210571e-10
 2.974582e-10
-3.781955e-11
-6.501260e-12
-7.021561e-12
 9.457241e-12
-1.887718e-11
 9.836628e-12
-7.606608e-12
 4.518092e-13
-2.729226e-12
 1.960502e-12
-4.495855e-12
 2.480258e-12
-2.238306e-12
 2.684605e-13
-7.343620e-13
 3.490044e-13
-1.012811e-12
 5.146522e-13
-5.510395e-13
 6.636759e-14
-2.069767e-13
 2.055071e-10
-2.942141e-10
 1.553281e-10
-3.646444e-11
 9.458071e-12
 2.330924e-12
-1.210003e-11
 3.647218e-12
-3.847933e-12
-4.529462e-13
-1.780899e-12
-4.040479e-13
-1.258340e-12
 1.214380e-14
-1.060507e-12
-4.124284e-14
-4.637095e-13
-1.741844e-13
-3.499491e-13
 1.866143e-14
-3.038711e-13
-1.060543e-14
-1.355127e-13
-4.580194e-14
 2.604392e-10
-3.651336e-10
 1.759839e-10
-2.235744e-11
-3.810549e-12
-4.482102e-12
 5.361096e-12
-1.097893e-11
 5.531832e-12
-4.436765e-12
 1.846007e-13
-1.568855e-12
 1.003236e-12
-2.515460e-12
 1.319565e-12
-1.258151e-12
 1.188270e-13
-4.298801e-13
 1.885233e-13
-5.889847e-13
 2.884535e-13
-3.233452e-13
 3.514363e-14
-1.225431e-13
 1.173295e-10
-1.709067e-10
 9.423137e-11
-2.235875e-11
 5.144393e-12
 5.301287e-13
-6.762350e-12
 1.524498e-12
-2.046491e-12
-4.811572e-13
-1.060577e-12
-2.315465e-13
-8.275265e-13
 4.959606e-14
-6.842514e-13
-4.996682e-15
-2.949630e-13
-1.111591e-13
-1.979772e-13
-1.174775e-14
-1.651491e-13
-2.142767e-14
-7.500537e-14
-3.171892e-14
 1.572535e-10
-2.196659e-10
 1.039206e-10
-1.270687e-11
-1.937402e-12
-2.554432e-12
 3.046098e-12
-6.251814e-12
 3.094782e-12
-2.549991e-12
 7.105218e-14
-9.080328e-13
 5.232718e-13
-1.420567e-12
 7.094599e-13
-7.141452e-13
 5.065679e-14
-2.517935e-13
 9.942156e-14
-3.403508e-13
 1.590736e-13
-1.881275e-13
 1.730671e-14
-7.223764e-14
 7.367801e-11
-1.066846e-10
 5.735189e-11
-1.313555e-11
 2.996194e-12
 5.048967e-13
-4.105218e-12
 1.003317e-12
-1.292024e-12
-2.597932e-13
-6.359362e-13
-1.738164e-13
-4.561432e-13
-2.192981e-14
-3.749319e-13
-3.000441e-14
-1.693141e-13
-7.056686e-14
-1.217060e-13
-6.473998e-15
-1.023723e-13
-1.160930e-14
-4.731233e-14
-1.923160e-14
 9.085858e-11
-1.282018e-10
 6.240815e-11
-7.969711e-12
-1.428909e-12
-1.486537e-12
 1.416740e-12
-3.467205e-12
 1.582975e-12
-1.435483e-12
-1.242132e-15
-5.533124e-13
 2.983741e-13
-8.385726e-13
 4.047030e-13
-4.234114e-13
 2.564896e-14
-1.481619e-13
 4.755945e-14
-1.912012e-13
 8.187955e-14
-1.054157e-13
 5.673129e-15
-4.169708e-14
 4.476032e-11
-6.492371e-11
 3.481453e-11
-7.819746e-12
 1.722496e-12
 2.423304e-13
-2.391106e-12
 5.318755e-13
-7.517484e-13
-1.781962e-13
-3.795120e-13
-1.127806e-13
-2.731646e-13
-2.171142e-14
-2.222184e-13
-2.294112e-14
-1.020666e-13
-4.463446e-14
-7.211521e-14
-7.353268e-15
-5.979548e-14
-8.983174e-15
-2.814268e-14
-1.228519e-14
 5.511100e-11
-7.737652e-11
 3.682019e-11
-4.490855e-12
-6.904673e-13
-8.865790e-13
 8.590446e-13
-2.016100e-12
 9.112598e-13
-8.396187e-13
-1.106539e-14
-3.155615e-13
 1.447674e-13
-4.660894e-13
 2.093631e-13
-2.367984e-13
 6.739169e-15
-8.709592e-14
 2.525547e-14
-1.123199e-13
 4.617301e-14
-6.262141e-14
 2.843053e-15
-2.491975e-14
 2.645533e-11
-3.872472e-11
 2.116963e-11
-4.738480e-12
 9.470858e-13
 5.520442e-14
-1.385102e-12
 2.476422e-13
-4.297975e-13
-1.295853e-13
-2.276539e-13
-7.101961e-14
-1.685772e-13
-1.406622e-14
-1.354433e-13
-1.463082e-14
-6.256760e-14
-2.814357e-14
-4.231733e-14
-7.144544e-15
-3.429551e-14
-7.091199e-15
-1.645228e-14
-7.937065e-15
 3.226606e-11
-4.560077e-11
 2.206280e-11
-2.755580e-12
-4.613326e-13
-5.243603e-13
 4.148612e-13
-1.134774e-12
 4.750516e-13
-4.793654e-13
-1.894792e-14
-1.895724e-13
 7.810665e-14
-2.714909e-13
 1.157923e-13
-1.385973e-13
 1.585751e-15
-5.139512e-14
 1.174446e-14
-6.402470e-14
 2.403053e-14
-3.575226e-14
 4.788043e-16
-1.457472e-14
 1.672313e-11
-2.426913e-11
 1.285291e-11
-2.763493e-12
 5.693084e-13
 7.136118e-14
-8.307338e-13
 1.637307e-13
-2.664718e-13
-7.305937e-14
-1.361558e-13
-4.856336e-14
-9.471499e-14
-1.711518e-14
-7.560411e-14
-1.338635e-14
-3.642346e-14
-1.767763e-14
-2.590850e-14
-4.370319e-15
-2.110007e-14
-4.161929e-15
-1.027229e-14
-4.847105e-15
 1.923700e-11
-2.722928e-11
 1.317012e-11
-1.637390e-12
-2.712835e-13
-3.036402e-13
 2.097582e-13
-6.414585e-13
 2.522470e-13
-2.748247e-13
-1.722282e-14
-1.125071e-13
 4.063203e-14
-1.567108e-13
 6.280717e-14
-8.046000e-14
-7.568054e-16
-3.036794e-14
 5.308381e-15
-3.680218e-14
 1.259070e-14
-2.062871e-14
-3.000620e-16
-8.582600e-15
 9.797184e-12
-1.438711e-11
 7.832439e-12
-1.691833e-12
 3.036664e-13
 6.091292e-15
-4.847012e-13
 7.201479e-14
-1.537536e-13
-5.224721e-14
-8.213486e-14
-3.040586e-14
-5.883729e-14
-1.046516e-14
-4.638593e-14
-8.255671e-15
-2.240138e-14
-1.109230e-14
-1.524464e-14
-3.572307e-15
-1.213583e-14
-3.093111e-15
-6.020649e-15
-3.107768e-15
 1.153873e-11
-1.632463e-11
 7.839725e-12
-9.576488e-13
-1.474305e-13
-1.826961e-13
 1.169429e-13
-3.709549e-13
 1.397589e-13
-1.604833e-13
-1.298725e-14
-6.560155e-14
 1.901288e-14
-8.864269e-14
 3.240504e-14
-4.581595e-14
-1.852543e-15
-1.796143e-14
 2.432960e-15
-2.151978e-14
 6.836439e-15
-1.216458e-14
-3.718710e-16
-5.118812e-15
 6.094629e-12
-8.904591e-12
 4.748230e-12
-9.932458e-13
 1.819288e-13
 5.874922e-15
-2.841055e-13
 4.056076e-14
-9.127914e-14
-3.227337e-14
-4.907334e-14
-1.949690e-14
-3.468880e-14
-7.790651e-15
-2.714791e-14
-5.807920e-15
-1.341213e-14
-6.930353e-15
-9.171188e-15
-2.417834e-15
-7.243986e-15
-2.005012e-15
-3.649622e-15
-1.937311e-15
 6.770744e-12
-9.646247e-12
 4.715540e-12
-5.917773e-13
-9.938148e-14
-1.085617e-13
 4.988273e-14
-2.087836e-13
 7.001121e-14
-9.192211e-14
-1.024188e-14
-3.967623e-14
 9.949040e-15
-5.204283e-14
 1.780984e-14
-2.703749e-14
-1.541563e-15
-1.065822e-14
 8.026760e-16
-1.229922e-14
 3.396848e-15
-6.962517e-15
-4.680700e-16
-3.006954e-15
 3.686367e-12
-5.405147e-12
 2.894823e-12
-5.985416e-13
 1.003364e-13
 1.059291e-15
-1.703485e-13
 2.219640e-14
-5.570269e-14
-2.010578e-14
-2.967218e-14
-1.269170e-14
-2.040738e-14
-5.765854e-15
-1.581028e-14
-4.082550e-15
-8.011376e-15
-4.328675e-15
-5.547486e-15
-1.582798e-15
-4.359543e-15
-1.269321e-15
-2.227447e-15
-1.200784e-15
 4.108137e-12
-5.835813e-12
 2.811538e-12
-3.431818e-13
-5.217684e-14
-6.257625e-14
 2.673688e-14
-1.194151e-13
 3.793282e-14

Forecasting scores:

mase, smape, msis

  1.111226
 62.424798
  4.206645
End
