darima-master/data/MPS_Traffic_Volume_train.csv
/home/bsuconn/spark/spark-3.0.1-bin-hadoop3.2/python/pyspark/sql/pandas/group_ops.py:73: UserWarning: It is preferred to use 'applyInPandas' over this API. This API will be deprecated in the future releases. See SPARK-28264 for more details.
  warnings.warn(
Model results are saved to:	darima-master/result/darima_model_MPS_Traffic_Volume_2020-12-12-13:00:09.pkl
Coefficient results are saved to:	darima-master/result/darima_coef_MPS_Traffic_Volume_2020-12-12-13:00:09.csv
Forecasting results are saved to:	darima-master/result/darima_forec_MPS_Traffic_Volume_2020-12-12-13:00:09.csv

Model Summary:

 sample_size  sample_size_per_partition  n_par  partition_num  time_mapred  time_model_forec  time_model_eval
       46764                         58   2001            800    199.20561           4.88765         0.079592

DLSA Coefficients:

 7.862018e+01
 5.716152e-16
 9.914412e-01
-2.330549e-01
 5.931672e-02
-5.304608e-02
 2.377786e-02
-3.092606e-02
 1.939925e-02
-2.866393e-02
 1.655440e-02
-2.505669e-03
 1.588737e-02
-9.113934e-03
 1.019845e-02
-1.079748e-02
 3.738129e-03
-9.760562e-03
 4.679037e-03
-3.872957e-03
 8.668030e-03
-2.785566e-03
 3.685179e-03
-5.261358e-03
 2.025354e-03
 6.872468e-01
-6.194894e-01
 1.987824e-01
-6.450197e-02
 3.230050e-02
-2.205368e-02
 7.784612e-03
-1.715706e-02
 1.615328e-02
-1.191317e-02
 4.483978e-03
-8.657303e-03
 1.056306e-02
-9.757053e-03
 6.733885e-03
-4.143223e-03
 3.474231e-03
-5.568724e-03
 4.840558e-03
-2.757601e-03
 9.517641e-04
-2.495383e-03
 3.435337e-03
-1.906223e-03
 1.292759e-03
-2.004535e-03
 1.870246e-03
-2.591665e-03
 3.695933e-03
-3.289946e-03
 5.259828e-04
 2.950631e-04
 1.826111e-03
-2.256986e-03
-1.377469e-04
 1.486392e-03
-1.226257e-03
 5.741473e-04
 7.903732e-04
-2.858420e-03
 2.342917e-03
 6.357580e-05
 1.002334e-04
-2.563771e-03
 2.822420e-03
-9.685280e-04
-4.258763e-04
 1.044059e-03
-1.340911e-03
 2.506954e-04
 9.744618e-04
-1.536471e-04
-1.323053e-03
 3.854771e-04
 1.606097e-03
-2.004697e-03
 1.226151e-03
-8.216965e-04
 2.561157e-04
 2.388089e-04
 2.744146e-04
-6.752574e-04
-6.277286e-04
 1.703698e-03
-7.407850e-04
-6.166853e-04
 5.482942e-04
-3.074532e-04
 5.739935e-04
-5.588200e-04
 5.446551e-04
-1.214772e-03
 1.086528e-03
 4.142051e-04
-1.235857e-03
 3.974946e-04
 1.254293e-04
 3.302640e-04
-5.392910e-04
 2.859595e-04
-1.780712e-04
-4.344546e-04
 1.399993e-03
-1.227810e-03
 1.386265e-05
 2.562282e-04
 4.151875e-04
-4.439204e-04
-2.318952e-04
 5.727894e-04
-7.704566e-04
 8.798635e-04
-2.427610e-04
-6.637030e-04
 4.861907e-04
 1.567189e-04
 1.359337e-04
-8.597686e-04
 7.874272e-04
-3.441389e-04
 6.650800e-05
 3.572624e-04
-6.966240e-04
 2.837243e-04
 1.181841e-04
 3.093726e-04
-6.807596e-04
 1.110297e-04
 5.160286e-04
-5.383014e-04
 4.646997e-04
-4.453562e-04
 1.003614e-04
 7.669406e-05
 2.323501e-04
-2.027121e-04
-4.934294e-04
 7.863020e-04
-3.400066e-04
 1.254002e-07
-5.442464e-06
-1.319015e-04
 2.241163e-04
-9.617770e-05
 2.526039e-04
-6.686602e-04
 4.895737e-04
 1.664203e-04
-3.708965e-04
 1.385623e-04
-1.533580e-04
 2.764137e-04
-2.078372e-04
 2.228482e-04
-2.864925e-04
-9.176853e-05
 5.598668e-04
-4.317057e-04
 5.469721e-05
-9.932516e-05
 2.453349e-04
-9.261851e-05
-7.004620e-05
 1.288553e-04
-3.609350e-04
 4.800368e-04
-1.401121e-04
-1.731937e-04
 2.353859e-05
 8.583577e-05
 1.638966e-04
-3.384667e-04
 2.619969e-04
-2.344796e-04
 1.477777e-04
 1.567964e-04
-2.846784e-04
 6.556594e-05
-2.485720e-05
 2.764545e-04
-3.028994e-04
 3.895236e-05
 9.789309e-05
-1.415552e-04
 2.667591e-04
-2.422423e-04
 3.076558e-05
-3.689712e-05
 2.005861e-04
-6.897380e-05
-2.385779e-04
 2.723173e-04
-1.528714e-04
 1.436502e-04
-8.566966e-05
-6.938165e-05
 5.307775e-05
 2.199359e-05
 1.488639e-04
-3.328901e-04
 1.869972e-04
 2.669063e-05
-3.176485e-05
 3.565869e-05
-1.376442e-04
 1.239685e-04
-7.013893e-05
 1.665409e-04
-1.894757e-04
-4.378565e-05
 2.041222e-04
-1.124799e-04
 5.974018e-05
-1.385543e-04
 1.132061e-04
-2.370221e-05
 3.293850e-05
 1.319756e-05
-1.932156e-04
 2.198304e-04
-4.795019e-05
-6.270236e-06
-7.397302e-05
 2.403271e-05
 9.594131e-05
-1.009179e-04
 1.041139e-04
-1.699531e-04
 9.903411e-05
 7.125787e-05
-7.716028e-05
-9.452118e-06
-5.790088e-05
 1.604028e-04
-1.087976e-04
 3.675875e-05
-3.597407e-05
-3.857143e-05
 1.427289e-04
-9.374741e-05
 9.348714e-06
-7.403125e-05
 1.227858e-04
-9.705936e-06
-8.446867e-05
 6.545769e-05
-8.262161e-05
 1.193189e-04
-4.562282e-05
-2.541740e-05
-2.525333e-05
 2.822266e-05
 9.462761e-05
-1.406561e-04
 5.964586e-05
-3.002807e-05
 4.364764e-05
 2.014960e-05
-7.132397e-05
 2.801751e-05
-3.403351e-05
 1.157649e-04
-9.220363e-05
-2.436304e-05
 4.826601e-05
-1.547966e-05
 5.545826e-05
-8.645726e-05
 3.631972e-05
-2.392811e-05
 5.763776e-05
 5.197379e-07
-9.710280e-05
 7.656458e-05
-1.693442e-05
 4.245879e-05
-5.835264e-05
-3.439532e-06
 3.046447e-05
-1.261349e-05
 5.607762e-05
-1.014861e-04
 4.057801e-05
 2.319521e-05
 5.598263e-06
-1.410535e-05
-4.982076e-05
 6.770016e-05
-3.210336e-05
 4.128161e-05
-4.832724e-05
-1.958992e-05
 6.109737e-05
-1.901210e-05
 1.154930e-05
-6.374130e-05
 5.541830e-05
 3.242255e-06
-1.031099e-05
 6.613433e-06
-5.262465e-05
 6.391828e-05
-1.196340e-05
 4.223107e-06
-3.970446e-05
 9.946651e-06
 5.065577e-05
-4.391989e-05
 2.064875e-05
-4.145289e-05
 3.470123e-05
 1.584866e-05
-2.005913e-05
-5.732284e-06
-2.655523e-05
 6.597511e-05
-3.266137e-05
-5.610744e-06
-7.404355e-06
 6.341453e-07
 3.906468e-05
-3.475403e-05
 8.023206e-06
-2.849006e-05
 4.212571e-05
 5.934693e-06
-3.844165e-05
 1.516440e-05
-1.293387e-05
 4.017610e-05
-2.611088e-05
-5.436763e-06
-4.268513e-06
 5.974133e-06
 3.565204e-05
-4.715020e-05
 1.001789e-05
-2.662727e-06
 2.274197e-05
-2.987049e-06
-2.808787e-05
 1.760186e-05
-1.132938e-05
 3.545647e-05
-2.787109e-05
-1.281249e-05
 1.552339e-05
 4.060778e-06
 1.513910e-05
-3.766585e-05
 1.733515e-05
-1.670159e-06
 1.365177e-05
-6.697849e-07
-3.098281e-05
 2.302245e-05
-1.103302e-06
 1.615805e-05
-2.718797e-05
-1.625985e-06
 1.884476e-05
-6.085831e-06
 1.266305e-05
-3.090131e-05
 1.418940e-05
 7.826633e-06
 4.314158e-06
-8.047541e-06
-2.039605e-05
 2.870500e-05
-7.574010e-06
 6.494140e-06
-1.645236e-05
-2.142649e-06
 1.976755e-05
-6.615335e-06
 3.468065e-06
-2.408966e-05
 2.032129e-05
 6.242592e-06
-7.792274e-06
-2.019111e-06
-1.272780e-05
 2.323187e-05
-6.556367e-06
 7.797679e-07
-1.338709e-05
 3.084959e-06
 2.033648e-05
-1.513765e-05
 1.508282e-06
-1.156885e-05
 1.592964e-05
 3.094031e-06
-9.397001e-06
-6.681313e-07
-8.218327e-06
 2.273138e-05
-9.813023e-06
-5.434863e-06
-3.135264e-06
 4.802163e-06
 1.298222e-05
-1.555448e-05
 2.948036e-06
-6.952010e-06
 1.370858e-05
 2.068859e-06
-1.399952e-05
 3.395815e-06
-1.424219e-06
 1.518365e-05
-1.204852e-05
-3.445709e-06
 1.772906e-06
 2.724690e-06
 1.030665e-05
-1.600807e-05
 2.555150e-06
 2.308281e-07
 9.603208e-06
-2.653358e-06
-1.204085e-05
 7.982576e-06
-1.406210e-06
 9.812244e-06
-1.038906e-05
-3.827289e-06
 5.744022e-06
 2.484671e-06
 4.602679e-06
-1.480855e-05
 6.219910e-06
 2.426819e-06
 3.589743e-06
-2.493838e-06
-9.646541e-06
 8.804508e-06
-4.293026e-08
 5.044060e-06
-1.025781e-05
-9.925641e-07
 8.540743e-06
-1.557834e-06
 1.645012e-06
-1.040969e-05
 6.498287e-06
 2.956152e-06
 5.608372e-07
-3.268917e-06
-7.050382e-06
 1.068518e-05
-1.388729e-06
 3.125405e-07
-6.559755e-06
 1.020209e-06
 7.541241e-06
-3.376656e-06
 3.644378e-07
-7.666850e-06
 7.311098e-06
 2.930006e-06
-3.458293e-06
-2.107087e-06
-3.166237e-06
 9.201482e-06
-3.041322e-06
-1.070130e-06
-3.890567e-06
 1.768465e-06
 7.020737e-06
-5.397926e-06
-6.281397e-07
-3.481878e-06
 6.757977e-06
 8.167480e-07
-4.697969e-06
-4.825350e-08
-1.538079e-06
 7.588723e-06
-3.731022e-06
-2.460845e-06
-9.750176e-07
 2.667111e-06
 4.570409e-06
-6.477912e-06
 5.527955e-07
-9.853782e-07
 4.872630e-06
-7.580840e-08
-5.121780e-06
 1.283461e-06
 2.337712e-07
 5.365113e-06
-4.821620e-06
-1.897894e-06
 1.581941e-06
 1.669334e-06
 2.611739e-06
-5.945105e-06
 1.151255e-06
 6.936934e-07
 3.340912e-06
-1.375271e-06
-4.672095e-06
 3.147544e-06
 5.026574e-07
 2.731697e-06
-4.313771e-06
-1.015105e-06
 2.631976e-06
 8.775534e-07
 1.057682e-06
-5.334655e-06
 2.255665e-06
 1.643484e-06
 1.052139e-06
-1.746557e-06
-3.180750e-06
 3.725618e-06
 1.422908e-07
 1.089380e-06
-3.691086e-06
-1.534723e-07
 3.403263e-06
-4.249222e-07
-2.126368e-07
-3.673592e-06
 2.872958e-06
 1.345201e-06
-4.203096e-07
-1.454105e-06
-2.053450e-06
 3.952890e-06
-3.554286e-07
-4.296691e-07
-2.499059e-06
 8.535262e-07
 3.000542e-06
-1.575089e-06
-4.161701e-07
-2.235281e-06
 2.852011e-06
 9.983584e-07
-1.543869e-06
-9.927866e-07
-7.161656e-07
 3.537361e-06
-1.238332e-06
-9.677453e-07
-1.115343e-06
 1.107215e-06
 2.334818e-06
-2.167198e-06
-4.442802e-07
-9.015193e-07
 2.629240e-06
 1.984238e-07
-2.098354e-06
-3.562976e-08
 3.804767e-08
 2.605951e-06
-1.633502e-06
-1.047880e-06
-7.899616e-08
 1.200496e-06
 1.480733e-06
-2.546774e-06
 3.540607e-08
 1.361942e-07
 1.825638e-06
-3.956618e-07
-1.979943e-06
 6.559685e-07
 3.940891e-07
 1.720814e-06
-1.897675e-06
-7.939317e-07
 8.496654e-07
 8.358046e-07
 5.827322e-07
-2.301664e-06
 5.498971e-07
 5.831689e-07
 1.051925e-06
-7.377118e-07
-1.671771e-06
 1.264542e-06
 4.453190e-07
 7.280527e-07
-1.765316e-06
-2.599787e-07
 1.235567e-06
 2.955962e-07
 4.647658e-08
-1.869374e-06
 9.320364e-07
 7.801012e-07
 2.466305e-07
-8.773342e-07
-1.053487e-06
 1.556020e-06
 1.358178e-07
 6.026423e-08
-1.354312e-06
 1.339559e-07
 1.331511e-06
-2.095544e-07
-3.234279e-07
-1.252234e-06
 1.204460e-06
 5.898454e-07
-3.863673e-07
-6.670856e-07
-5.072338e-07
 1.513682e-06
-1.727500e-07
-3.672048e-07
-8.706204e-07
 4.797065e-07
 1.145545e-06
-6.908877e-07
-3.562110e-07
-6.122925e-07
 1.164183e-06
 2.964954e-07
-7.253607e-07
-3.788332e-07
-6.564474e-08
 1.303905e-06
-5.178831e-07
-5.313174e-07
-3.033488e-07
 5.894986e-07
 7.739306e-07
-9.211257e-07
-2.183122e-07
-1.360050e-07
 9.902696e-07
-1.483776e-08
-8.734767e-07
 3.927593e-09
 2.155638e-07
 9.009239e-07
-7.214352e-07
-4.458998e-07
 1.202797e-07
 5.249404e-07
 4.163935e-07
-9.935088e-07
 2.962251e-09
 2.147141e-07
 6.682473e-07
-2.785360e-07
-7.730061e-07
 3.309950e-07
 2.750808e-07
 5.063276e-07
-7.684686e-07
-2.780705e-07
 4.204363e-07
 3.512900e-07
 7.764711e-08
-8.816361e-07
 2.561376e-07
 3.447916e-07
 3.106505e-07
-3.858350e-07
-5.738206e-07
 5.382685e-07
 2.244699e-07
 1.497123e-07
-6.958394e-07
-4.358661e-08
 5.497736e-07
 9.387960e-08
-1.234559e-07
-6.525044e-07
 4.161619e-07
 3.374211e-07
 7.123836e-09
-3.939687e-07
-3.234697e-07
 6.344048e-07
 6.760242e-08
-1.034250e-07
-5.003862e-07
 1.394143e-07
 5.242658e-07
-1.285129e-07
-2.080020e-07
-3.977354e-07
 4.991946e-07
 2.299647e-07
-2.271561e-07
-2.874546e-07
-9.015751e-08
 5.883809e-07
-9.884983e-08
-2.220295e-07
-2.806556e-07
 2.493805e-07
 4.156242e-07
-3.051882e-07
-1.897836e-07
-1.451166e-07
 4.726788e-07
 7.468780e-08
-3.364536e-07
-1.319189e-07
 6.426376e-08
 4.687597e-07
-2.328013e-07
-2.452739e-07
-6.130269e-08
 2.780928e-07
 2.480886e-07
-3.913377e-07
-9.424655e-08
 3.424294e-08
 3.701355e-07
-5.756558e-08
-3.538738e-07
 2.650240e-08
 1.476328e-07
 3.008478e-07
-3.124198e-07
-1.806574e-07
 1.066021e-07
 2.241046e-07
 9.290151e-08
-3.908241e-07
 1.631492e-08
 1.405123e-07
 2.311133e-07
-1.544066e-07
-2.932737e-07
 1.606441e-07
 1.469938e-07
 1.331970e-07
-3.155164e-07
-8.475580e-08
 2.022767e-07
 1.323579e-07
-2.827664e-08
-3.292587e-07
 1.219753e-07
 1.700709e-07
 8.122450e-08
-1.875452e-07
-1.904686e-07
 2.348939e-07
 9.646930e-08
 2.114329e-09
-2.675188e-07
 1.346209e-08
 2.334812e-07
 2.132153e-08
-9.685192e-08
-2.241069e-07
 1.874888e-07
 1.391390e-07
-3.783933e-08
-1.690221e-07
-8.504125e-08
 2.561681e-07
 2.099083e-08
-8.392485e-08
-1.801995e-07
 8.848285e-08
 2.042410e-07
-7.399709e-08
-1.094314e-07
-1.150277e-07
 2.077543e-07
 7.963346e-08
-1.177685e-07
-1.142930e-07
 5.308349e-09
 2.264319e-07
-5.519233e-08
-1.143371e-07
-8.300136e-08
 1.229766e-07
 1.443658e-07
-1.372549e-07
-8.469604e-08
-1.943432e-08
 1.876977e-07
 9.729485e-09
-1.498047e-07
-4.120019e-08
 5.941062e-08
 1.653221e-07
-1.081749e-07
-1.044985e-07
 2.354161e-09
 1.225341e-07
 7.247165e-08
-1.638760e-07
-3.501164e-08
 4.559677e-08
 1.364426e-07
-4.571778e-08
-1.411361e-07
 2.585314e-08
 7.865015e-08
 9.390375e-08
-1.337112e-07
-6.756838e-08
 6.425099e-08
 9.140566e-08
 8.606639e-09
-1.535836e-07
 1.729167e-08
 7.525677e-08
 7.454654e-08
-7.836548e-08
-1.068252e-07
 7.668316e-08
 6.778716e-08
 2.675791e-08
-1.284208e-07
-2.076216e-08
 9.384282e-08
 4.576972e-08
-3.423038e-08
-1.199816e-07
 5.938324e-08
 7.578112e-08
 1.432488e-08
-8.532092e-08
-5.957159e-08
 1.019724e-07
 3.752689e-08
-2.152699e-08
-1.009731e-07
 2.008938e-08
 9.617534e-08
-1.283011e-09
-5.405421e-08
-7.378444e-08
 8.331166e-08
 5.431056e-08
-3.137172e-08
-6.995967e-08
-1.536751e-08
 1.028849e-07
 2.009305e-09
-4.810289e-08
-6.180690e-08
 4.779485e-08
 7.731658e-08
-3.955180e-08
-5.135462e-08
-2.825381e-08
 8.619336e-08
 2.408717e-08
-5.734674e-08
-4.219556e-08
 1.788606e-08
 8.530074e-08
-2.984172e-08
-5.313713e-08
-2.083631e-08
 5.745230e-08
 4.771379e-08
-6.171452e-08
-3.423655e-08
 7.464452e-09
 7.287056e-08
-5.607994e-09
-6.415965e-08
-1.003239e-08
 3.540496e-08
 5.659536e-08
-5.002439e-08
-4.213633e-08
 1.233626e-08
 5.171491e-08
 1.726880e-08
-6.772728e-08
-1.043070e-08
 2.936718e-08
 4.876106e-08
-2.738145e-08
-5.505643e-08
 1.765936e-08
 3.748570e-08
 2.624089e-08
-5.673542e-08
-2.294057e-08
 3.377343e-08
 3.526104e-08
-7.526459e-09
-5.951794e-08
 1.248647e-08
 3.626000e-08
 2.175616e-08
-3.758821e-08
-3.716306e-08
 3.610530e-08
 2.843159e-08
 2.977543e-10
-5.126896e-08
-2.093693e-09
 4.181254e-08
 1.413953e-08
-2.213002e-08
-4.254145e-08
 2.878167e-08
 3.163967e-08
-2.043992e-09
-3.695665e-08
-1.651921e-08
 4.358067e-08
 1.304638e-08
-1.683928e-08
-3.721287e-08
 1.437881e-08
 3.862062e-08
-5.523958e-09
-2.644234e-08
-2.253250e-08
 3.643354e-08
 1.977758e-08
-1.876424e-08
-2.778422e-08
 1.340754e-09
 4.087102e-08
-2.917014e-09
-2.412181e-08
-1.976455e-08
 2.381566e-08
 2.814509e-08
-2.007159e-08
-2.218983e-08
-4.224091e-09
 3.526527e-08
 5.679649e-09
-2.661374e-08
-1.439860e-08
 1.312751e-08
 3.130503e-08
-1.559327e-08
-2.300459e-08
-3.061547e-09
 2.557959e-08
 1.456477e-08
-2.733469e-08
-1.273693e-08
 8.840243e-09
 2.763459e-08
-6.517876e-09
-2.660785e-08
-6.869314e-10
 1.799140e-08
 1.839968e-08
-2.269666e-08
-1.607395e-08
 9.504883e-09
 2.102810e-08
 1.963644e-09
-2.761102e-08
-1.842716e-09
 1.556499e-08
 1.658599e-08
-1.447321e-08
-2.080773e-08
 1.026777e-08
 1.658573e-08
 5.802128e-09
-2.376326e-08
-6.804762e-09
 1.648134e-08
 1.279355e-08
-7.221795e-09
-2.255379e-08
 7.623192e-09
 1.624398e-08
 5.185288e-09
-1.719836e-08
-1.217086e-08
 1.665658e-08
 1.107887e-08
-3.961625e-09
-2.000172e-08
 2.007891e-09
 1.795209e-08
 3.484057e-09
-1.179399e-08
-1.450702e-08
 1.364221e-08
 1.252817e-08
-4.046211e-09
-1.539601e-08
-3.423353e-09
 1.829742e-08
 3.818361e-09
-9.660438e-09
-1.322976e-08
 8.320683e-09
 1.507270e-08
-4.505301e-09
-1.198079e-08
-5.998705e-09
 1.566850e-08
 6.582210e-09
-9.835837e-09
-1.051802e-08
 3.481069e-09
 1.593735e-08
-2.997958e-09
-1.117244e-08
-5.641065e-09
 1.123837e-08
 9.751927e-09
-9.781287e-09
-8.971299e-09
 1.126029e-09
 1.413386e-08
 4.029360e-10
-1.184540e-08
-4.389936e-09
 7.435199e-09
 1.111635e-08
-7.838400e-09
-9.428923e-09
 1.002932e-09
 1.093629e-08
 3.807390e-09
-1.185798e-08
-4.290192e-09
 5.706356e-09
 1.017560e-08
-4.420039e-09
-1.070838e-08
 1.303037e-09
 8.385976e-09
 5.475188e-09
-1.007441e-08
-5.739039e-09
 5.568762e-09
 8.218570e-09
-1.231650e-09
-1.106021e-08
 4.833626e-10
 7.484759e-09
 5.234706e-09
-7.111892e-09
-7.549579e-09
 5.446665e-09
 6.911140e-09
 4.071283e-10
-9.769154e-09
-1.530785e-09
 7.631286e-09
 4.304420e-09
-4.476336e-09
-8.303356e-09
 4.219032e-09
 6.879703e-09
 5.636810e-10
-7.552265e-09
-3.616441e-09
 7.493828e-09
 4.010945e-09
-3.149615e-09
-7.597691e-09
 2.050348e-09
 7.455087e-09
 3.394555e-10
-5.688034e-09
-4.652839e-09
 6.289057e-09
 4.697989e-09
-2.910598e-09
-6.184325e-09
-2.135998e-11
 7.534513e-09
 7.468072e-10
-4.868707e-09
-4.460313e-09
 4.326420e-09
 5.681650e-09
-2.789082e-09
-5.126631e-09
-1.128955e-09
 6.609180e-09
 1.906096e-09
-4.780294e-09
-3.761711e-09
 2.530385e-09
 6.060305e-09
-2.032835e-09
-4.882115e-09
-1.255735e-09
 5.076394e-09
 3.152995e-09
-4.597712e-09
-3.410027e-09
 1.556578e-09
 5.526105e-09
-6.810189e-10
-5.080796e-09
-1.070182e-09
 3.735321e-09
 3.769120e-09
-3.788989e-09
-3.676839e-09
 1.317935e-09
 4.509720e-09
 6.413207e-10
-5.029902e-09
-1.235233e-09
 3.058856e-09
 3.598897e-09
-2.500033e-09
-4.173365e-09
 1.221964e-09
 3.684247e-09
 1.368321e-09
-4.371449e-09
-1.874008e-09
 2.889260e-09
 3.069580e-09
-1.294972e-09
-4.331125e-09
 7.695549e-10
 3.375874e-09
 1.451016e-09
-3.318630e-09
-2.596756e-09
 2.715838e-09
 2.727377e-09
-6.062000e-10
-3.924708e-09
-5.565736e-11
 3.386353e-09
 1.291581e-09
-2.368480e-09
-2.944201e-09
 2.179829e-09
 2.776186e-09
-4.100490e-10
-3.197185e-09
-8.816944e-10
 3.283600e-09
 1.321863e-09
-1.841376e-09
-2.791633e-09
 1.342107e-09
 2.997508e-09
-3.461816e-10
-2.571308e-09
-1.343029e-09
 2.819377e-09
 1.650021e-09
-1.663991e-09
-2.389693e-09
 5.454181e-10
 3.034296e-09
-8.629320e-11
-2.274197e-09
-1.385185e-09
 2.102839e-09
 2.050747e-09
-1.521344e-09
-2.087191e-09
 7.298990e-11
 2.725945e-09
 4.051158e-10
-2.203106e-09
-1.247861e-09
 1.440476e-09
 2.231975e-09
-1.172667e-09
-2.032959e-09
-7.112761e-11
 2.207654e-09
 9.086504e-10
-2.090270e-09
-1.210182e-09
 1.046913e-09
 2.098228e-09
-6.358574e-10
-2.106354e-09
-1.055634e-10
 1.743663e-09
 1.190171e-09
-1.766177e-09
-1.359220e-09
 8.927703e-10
 1.794550e-09
-1.176489e-10
-2.083679e-09
-2.452977e-10
 1.489426e-09
 1.201368e-09
-1.283317e-09
-1.566945e-09
 7.850196e-10
 1.542556e-09
 1.974651e-10
-1.852214e-09
-5.283901e-10
 1.393843e-09
 1.084155e-09
-8.290769e-10
-1.649010e-09
 5.632621e-10
 1.448628e-09
 2.949859e-10
-1.485448e-09
-8.265212e-10
 1.291552e-09
 1.017768e-09
-5.454594e-10
-1.535011e-09
 2.253757e-10
 1.448026e-09
 3.069327e-10
-1.147847e-09
-9.904864e-10
 1.068057e-09
 1.068432e-09
-4.243413e-10
-1.307538e-09
-1.052734e-10
 1.401213e-09
 3.735648e-10
-9.446326e-10
-9.814382e-10
 7.461175e-10
 1.164585e-09
-3.481358e-10
-1.106398e-09
-3.094156e-10
 1.229995e-09
 5.288744e-10
-8.521238e-10
-8.828906e-10
 4.395317e-10
 1.190609e-09
-2.108749e-10
-1.006109e-09
-3.704361e-10
 9.728325e-10
 6.987092e-10
-7.684501e-10
-8.094474e-10
 2.413136e-10
 1.096097e-09
-2.718265e-12
-9.732267e-10
-3.674601e-10
 7.314526e-10
 7.884153e-10
-6.167865e-10
-8.097095e-10
 1.526078e-10
 9.273155e-10
 2.035543e-10
-9.212243e-10
-3.915078e-10
 5.763860e-10
 7.683155e-10
-4.048356e-10
-8.444126e-10
 1.020589e-10
 7.718911e-10
 3.315030e-10
-7.965237e-10
-4.703375e-10
 4.981174e-10
 6.871036e-10
-2.012382e-10
-8.413466e-10
 2.011044e-11
 6.810770e-10
 3.661322e-10
-6.181508e-10
-5.618111e-10
 4.341420e-10
 6.177639e-10
-6.647540e-11
-7.651277e-10
-1.047505e-10
 6.384300e-10
 3.545044e-10
-4.485158e-10
-6.062343e-10
 3.331975e-10
 5.951324e-10
-5.080422e-12
-6.411729e-10
-2.300536e-10
 5.905638e-10
 3.553194e-10
-3.343907e-10
-5.817071e-10
 1.958039e-10
 5.982317e-10
 2.610073e-11
-5.241108e-10
-3.071690e-10
 5.011822e-10
 3.899774e-10
-2.731684e-10
-5.162456e-10
 6.298605e-11
 5.821278e-10
 7.252511e-11
-4.487015e-10
-3.239574e-10
 3.788980e-10
 4.350009e-10
-2.266962e-10
-4.560778e-10
-2.619938e-11
 5.223039e-10
 1.447915e-10
-4.074506e-10
-3.082272e-10
 2.616854e-10
 4.529923e-10
-1.609893e-10
-4.257056e-10
-6.654822e-11
 4.323188e-10
 2.184177e-10
-3.675319e-10
-2.976319e-10
 1.802311e-10
 4.282312e-10
-7.356802e-11
-4.143530e-10
-8.403082e-11
 3.460406e-10
 2.626449e-10
-3.045614e-10
-3.080292e-10
 1.349580e-10
 3.765850e-10
 1.132941e-11
-3.941887e-10
-1.082320e-10
 2.867878e-10
 2.682102e-10
-2.217948e-10
-3.266282e-10
 1.026848e-10
 3.271498e-10
 6.867879e-11
-3.484055e-10
-1.479504e-10
 2.516192e-10
 2.514281e-10
-1.421555e-10
-3.301343e-10
 6.102493e-11
 2.968643e-10
 9.377064e-11
-2.839138e-10
-1.892985e-10
 2.204123e-10
 2.363461e-10
-8.559269e-11
-3.075017e-10
 6.628344e-12
 2.804986e-10
 1.021359e-10
-2.215639e-10
-2.129299e-10
 1.768817e-10
 2.343982e-10
-5.361410e-11
-2.675563e-10
-4.636618e-11
 2.609016e-10
 1.129347e-10
-1.768408e-10
-2.120293e-10
 1.216708e-10
 2.388129e-10
-3.218386e-11
-2.284997e-10
-8.205460e-11
 2.266664e-10
 1.330425e-10
-1.489993e-10
-1.960742e-10
 6.849505e-11
 2.351465e-10
-6.630296e-12
-2.018666e-10
-9.661717e-11
 1.810703e-10
 1.547450e-10
-1.257501e-10
-1.803534e-10
 3.022170e-11
 2.157543e-10
 2.628724e-11
-1.853362e-10
-9.928269e-11
 1.368433e-10
 1.659504e-10
-9.627338e-11
-1.729466e-10
 8.547255e-12
 1.854304e-10
 5.843568e-11
-1.683846e-10
-1.023961e-10
 1.041634e-10
 1.617741e-10
-6.005708e-11
-1.704152e-10
-4.997774e-12
 1.554947e-10
 7.978085e-11
-1.433359e-10
-1.111116e-10
 8.323956e-11
 1.476515e-10
-2.521731e-11
-1.638422e-10
-1.999038e-11
 1.337044e-10
 8.741364e-11
-1.115532e-10
-1.212544e-10
 6.659686e-11
 1.332505e-10
 1.098300e-14
-1.479944e-10
-3.918822e-11
 1.191986e-10
 8.678401e-11
-8.074076e-11
-1.253153e-10
 4.708463e-11
 1.241849e-10
 1.411029e-11
-1.253856e-10
-5.799111e-11
 1.055406e-10
 8.580879e-11
-5.752192e-11
-1.198661e-10
 2.378658e-11
 1.188177e-10
 2.216948e-11
-1.030105e-10
-7.010986e-11
 8.759885e-11
 8.823787e-11
-4.243550e-11
-1.079755e-10
 1.441515e-12
 1.116697e-10
 3.041546e-11
-8.603034e-11
-7.341442e-11
 6.577536e-11
 9.188626e-11
-3.095049e-11
-9.572057e-11
-1.472341e-11
 9.919024e-11
 4.103892e-11
-7.427171e-11
-7.110013e-11
 4.468898e-11
 9.211780e-11
-1.836402e-11
-8.694374e-11
-2.348615e-11
 8.262722e-11
 5.149443e-11
-6.380960e-11
-6.822213e-11
 2.861081e-11
 8.656461e-11
-3.718258e-12
-8.094701e-11
-2.788936e-11
 6.626933e-11
 5.786595e-11
-5.122982e-11
-6.744855e-11
 1.812146e-11
 7.692589e-11
 1.026267e-11
-7.437891e-11
-3.196451e-11
 5.351554e-11
 5.863525e-11
-3.648733e-11
-6.768917e-11
 1.048171e-11
 6.699853e-11
 2.028820e-11
-6.484911e-11
-3.737616e-11
 4.448154e-11
 5.565824e-11
-2.232087e-11
-6.609612e-11
 2.610814e-12
 5.937770e-11
 2.543353e-11
-5.292187e-11
-4.275611e-11
 3.678098e-11
 5.214784e-11
-1.146120e-11
-6.105309e-11
-6.337566e-12
 5.382997e-11
 2.750885e-11
-4.120354e-11
-4.568281e-11
 2.815196e-11
 4.996933e-11
-4.415888e-12
-5.347617e-11
-1.482628e-11
 4.831303e-11
 2.911306e-11
-3.190993e-11
-4.509587e-11
 1.837104e-11
 4.861874e-11
 4.668689e-13
-4.572256e-11
-2.080021e-11
 4.122787e-11
 3.147107e-11
-2.524853e-11
-4.206036e-11
 9.040413e-12
 4.635521e-11
 5.198395e-12
-3.952467e-11
-2.358748e-11
 3.278398e-11
 3.387581e-11
-1.977243e-11
-3.860758e-11
 1.890939e-12
 4.208506e-11
 1.046678e-11
-3.486148e-11
-2.425953e-11
 2.454975e-11
 3.484010e-11
-1.398902e-11
-3.602194e-11
-2.675137e-12
 3.628292e-11
 1.542495e-11
-3.049203e-11
-2.448486e-11
 1.795538e-11
 3.363511e-11
-7.630608e-12
-3.410152e-11
-5.651070e-12
 3.040161e-11
 1.879923e-11
-2.535165e-11
-2.514338e-11
 1.321059e-11
 3.086296e-11
-1.619167e-12
-3.178722e-11
-8.345657e-12
 2.558531e-11
 2.011508e-11
-1.947625e-11
-2.589003e-11
 9.439766e-12
 2.780050e-11
 2.958038e-12
-2.834414e-11
-1.129076e-11
 2.189692e-11
 2.000279e-11
-1.379898e-11
-2.581733e-11
 5.661270e-12
 2.532019e-11
 5.800500e-12
-2.400298e-11
-1.403428e-11
 1.858410e-11
 1.952914e-11
-9.234223e-12
-2.443047e-11
 1.624348e-12
 2.336676e-11
 7.503719e-12
-1.965160e-11
-1.579301e-11
 1.494044e-11
 1.931434e-11
-5.959582e-12
-2.206322e-11
-2.151075e-12
 2.129860e-11
 8.916411e-12
-1.603787e-11
-1.623865e-11
 1.092515e-11
 1.920538e-11
-3.445766e-12
-1.951324e-11
-4.988270e-12
 1.862467e-11
 1.043560e-11
-1.324666e-11
-1.573905e-11
 7.085984e-12
 1.865179e-11
-1.048992e-12
-1.736591e-11
-6.671596e-12
 1.544478e-11
 1.183064e-11
-1.082270e-11
-1.497321e-11
 4.001945e-12
 1.732064e-11
 1.441683e-12
-1.563044e-11
-7.557061e-12
 1.229622e-11
 1.262385e-11
-8.298541e-12
-1.437145e-11
 1.810695e-12
 1.539192e-11
 3.740532e-12
-1.391939e-11
-8.193113e-12
 9.662750e-12
 1.259170e-11
-5.606715e-12
-1.387820e-11
 1.924891e-13
 1.336052e-11
 5.430234e-12
-1.190601e-11
-8.868485e-12
 7.624192e-12
 1.194670e-11
-3.063341e-12
-1.316142e-11
-1.273871e-12
 1.161478e-11
 6.360488e-12
-9.622855e-12
-9.473415e-12
 5.905231e-12
 1.111885e-11
-1.031474e-12
-1.199857e-11
-2.755339e-12
 1.018699e-11
 6.743484e-12
-7.391377e-12
-9.718908e-12
 4.197307e-12
 1.040257e-11
 3.879229e-13
-1.048273e-11
-4.100312e-12
 8.843718e-12
 6.932389e-12
-5.521244e-12
-9.454670e-12
 2.430417e-12
 9.788409e-12
 1.387941e-12
-8.918514e-12
-5.053867e-12
 7.368085e-12
 7.132938e-12
-4.077681e-12
-8.801887e-12
 7.831790e-13
 9.077115e-12
 2.243493e-12
-7.560774e-12
-5.513506e-12
 5.760375e-12
 7.298972e-12
-2.894144e-12
-8.031290e-12
-5.191213e-13
 8.120613e-12
 3.081551e-12
-6.445501e-12
-5.605224e-12
 4.210296e-12
 7.257035e-12
-1.767303e-12
-7.341803e-12
-1.405266e-12
 6.963882e-12
 3.825689e-12
-5.432193e-12
-5.555587e-12
 2.914002e-12
 6.907019e-12
-6.350468e-13
-6.743182e-12
-1.991865e-12
 5.792657e-12
 4.321731e-12
-4.377132e-12
-5.508750e-12
 1.920799e-12
 6.316808e-12
 4.044465e-13
-6.116366e-12
-2.457905e-12
 4.772376e-12
 4.500953e-12
-3.266957e-12
-5.450326e-12
 1.129778e-12
 5.655782e-12
 1.212908e-12
-5.363141e-12
-2.897205e-12
 3.934757e-12
 4.437782e-12
-2.211754e-12
-5.276994e-12
 4.071294e-13
 5.056750e-12
 1.741572e-12
-4.502595e-12
-3.274287e-12
 3.195198e-12
 4.276951e-12
-1.334422e-12
-4.922512e-12
-2.980414e-13
 4.535344e-12
 2.060886e-12
-3.646726e-12
-3.496879e-12
 2.458539e-12
 4.118019e-12
-6.703715e-13
-4.423942e-12
-9.337764e-13
 4.020618e-12
 2.287078e-12
-2.901756e-12
-3.519518e-12
 1.707304e-12
 3.961181e-12
-1.582980e-13
-3.886479e-12
-1.416194e-12
 3.447527e-12
 2.487943e-12
-2.292724e-12
-3.385860e-12
 1.004018e-12
 3.745335e-12
 2.897584e-13
-3.397792e-12
-1.712681e-12
 2.821821e-12
 2.649433e-12
-1.768577e-12
-3.187910e-12
 4.247826e-13
 3.426827e-12
 7.135174e-13
-2.973332e-12
-1.865813e-12
 2.210139e-12
 2.716922e-12
-1.266323e-12
-2.993532e-12
-5.913722e-15
 3.025121e-12
 1.086987e-12
-2.570867e-12
-1.950850e-12
 1.679908e-12
 2.660644e-12
-7.689031e-13
-2.808591e-12
-3.254518e-13
 2.604980e-12
 1.359913e-12
-2.147317e-12
-2.015906e-12
 1.249615e-12
 2.505960e-12
-3.108352e-13
-2.597187e-12
-5.915849e-13
 2.223631e-12
 1.510902e-12
-1.702034e-12
-2.057494e-12
 8.883247e-13
 2.311025e-12
 6.135045e-14
-2.330604e-12
-8.342877e-13
 1.894028e-12
 1.565679e-12
-1.274019e-12
-2.043638e-12
 5.543272e-13
 2.121536e-12
 3.312306e-13
-2.018432e-12
-1.041725e-12
 1.591004e-12
 1.572819e-12
-9.055608e-13
-1.954994e-12
 2.328467e-13
 1.944681e-12
 5.216997e-13
-1.700130e-12
-1.184202e-12
 1.285993e-12
 1.565947e-12
-6.096806e-13
-1.806088e-12
-5.779451e-14
 1.759470e-12
 6.706265e-13
-1.412624e-12
-1.247906e-12
 9.756721e-13
 1.546285e-12
-3.675122e-13
-1.633436e-12
-2.895439e-13
 1.547014e-12
 8.000714e-13
-1.165866e-12
-1.248362e-12
 6.823903e-13
 1.495329e-12
-1.514246e-13
-1.467453e-12
-4.516707e-13
 1.311501e-12
 9.055968e-13
-9.447938e-13
-1.216798e-12
 4.323280e-13
 1.400559e-12
 5.056444e-14
-1.314739e-12
-5.582671e-13
 1.076671e-12
 9.699217e-13
-7.304315e-13
-1.176397e-12
 2.343226e-13
 1.270126e-12
 2.292879e-13
-1.163057e-12
-6.341227e-13
 8.660645e-13
 9.842452e-13
-5.186933e-13
-1.130072e-12
 7.677393e-14
 1.126782e-12
 3.680962e-13
-9.999546e-13
-6.951529e-13
 6.868967e-13
 9.579098e-13
-3.220356e-13
-1.067235e-12
-5.863309e-14
 9.905313e-13
 4.601393e-13
-8.267789e-13
-7.405420e-13
 5.300886e-13
 9.108967e-13
-1.564336e-13
-9.797955e-13
-1.812131e-13
 8.667319e-13
 5.141347e-13
-6.575893e-13
-7.604032e-13
 3.830001e-13
 8.589878e-13
-2.769674e-14
-8.721838e-13
-2.868184e-13
 7.482442e-13
 5.462758e-13
-5.072031e-13
-7.491870e-13
 2.417007e-13
 8.053378e-13
 7.137699e-14
-7.584402e-13
-3.657436e-13
 6.268277e-13
 5.678558e-13
-3.806273e-13
-7.124841e-13
 1.128681e-13
 7.439527e-13
 1.529316e-13
-6.515695e-13
-4.137082e-13
 5.024263e-13
 5.796406e-13
-2.723287e-13
-6.630073e-13
 6.092339e-15
 6.695940e-13
 2.239937e-13
-5.556132e-13
-4.361282e-13
 3.832029e-13
 5.760811e-13
-1.738632e-13
-6.113713e-13
-7.491816e-14
 5.845505e-13
 2.830510e-13
-4.663852e-13
-4.435523e-13
 2.783527e-13
 5.537029e-13
-8.183291e-14
-5.603568e-13
-1.346828e-13
 4.973866e-13
 3.245648e-13
-3.784030e-13
-4.438786e-13
 1.912271e-13
 5.158205e-13
 3.848469e-16
-5.066002e-13
-1.812531e-13
 4.164515e-13
 3.459132e-13
-2.909968e-13
-4.384041e-13
 1.184045e-13
 4.704669e-13
 6.714147e-14
-4.466933e-13
-2.198092e-13
 3.446425e-13
 3.504707e-13
-2.087831e-13
-4.240809e-13
 5.422749e-14
 4.246966e-13
 1.161372e-13
-3.817151e-13
-2.501328e-13
 2.794781e-13
 3.450844e-13
-1.373786e-13
-3.987408e-13
-4.068216e-15
 3.807250e-13
 1.502386e-13
-3.168155e-13
-2.691430e-13
 2.172885e-13
 3.352053e-13
-7.895344e-14
-3.643197e-13
-5.493507e-14
 3.366742e-13
 1.747803e-13
-2.572831e-13
-2.752640e-13

Forecasting scores:

mase, smape, msis

  1.084923
 61.300101
  5.555103
End
