darima-master/data/MPS_Traffic_Volume_train.csv
/home/bsuconn/spark/spark-3.0.1-bin-hadoop3.2/python/pyspark/sql/pandas/group_ops.py:73: UserWarning: It is preferred to use 'applyInPandas' over this API. This API will be deprecated in the future releases. See SPARK-28264 for more details.
  warnings.warn(
Model results are saved to:	darima-master/result/darima_model_MPS_Traffic_Volume_2020-12-11-14:01:46.pkl
Coefficient results are saved to:	darima-master/result/darima_coef_MPS_Traffic_Volume_2020-12-11-14:01:46.csv
Forecasting results are saved to:	darima-master/result/darima_forec_MPS_Traffic_Volume_2020-12-11-14:01:46.csv

Model Summary:

 sample_size  sample_size_per_partition  n_par  partition_num  time_mapred  time_model_forec  time_model_eval
       46764                        311   2001            150    210.33586          6.153424          0.16402

DLSA Coefficients:

 3.692848e+02
-7.023972e-12
 1.331361e+00
-4.822460e-01
 1.594385e-02
 2.164709e-02
-9.822679e-03
-2.974682e-02
 8.456924e-03
-6.582646e-03
-3.220510e-03
-4.813559e-03
-1.345506e-03
-5.339097e-03
 1.685696e-03
-4.970742e-03
 2.158972e-03
-5.754705e-03
 3.091729e-03
-4.489784e-03
 2.906590e-03
-3.626070e-03
 1.925833e-03
-2.682416e-03
 1.226464e-03
 2.415133e-01
-3.249038e-01
 1.250775e-01
-3.202962e-03
-1.068560e-02
 2.372737e-03
 5.317372e-03
-2.683595e-03
 7.807656e-04
 9.233081e-04
 2.803286e-04
 4.303205e-04
 2.193515e-04
 1.882664e-04
-4.053605e-06
 2.829644e-04
 7.134756e-05
 3.796949e-04
-4.574196e-05
 1.393975e-05
-9.461453e-05
 2.355537e-04
 1.377514e-04
 1.575802e-05
 2.462461e-02
-3.232815e-02
 1.229153e-02
-1.546870e-03
-5.446045e-04
 6.446149e-04
-1.471714e-04
 2.858571e-04
-1.173505e-04
 3.252069e-04
-1.458247e-04
 1.682652e-04
-1.914852e-04
 2.140280e-04
-8.483711e-05
 1.892459e-04
-2.186214e-04
 1.910248e-04
-1.264096e-04
 2.507308e-04
-2.315050e-04
 2.307925e-04
-1.813822e-04
 2.460056e-04
 1.395276e-02
-1.771442e-02
 7.885197e-03
-1.636916e-03
 1.997402e-04
 3.600216e-05
 5.628970e-05
 5.529811e-06
 3.102941e-05
-7.315439e-05
 1.075675e-04
-7.782916e-05
 6.467473e-05
-7.599448e-05
 6.032053e-05
-4.154867e-05
 5.158880e-05
-8.804198e-05
 8.771319e-05
-6.479530e-05
 6.181639e-05
-9.894906e-05
 9.934850e-05
-7.423582e-05
 2.704185e-02
-3.450502e-02
 1.454296e-02
-1.863262e-03
-1.904952e-04
-3.299207e-04
 6.564973e-04
-4.297859e-04
 2.679804e-04
-2.624622e-04
 2.951583e-04
-2.409913e-04
 2.090930e-04
-1.957660e-04
 1.885982e-04
-1.631093e-04
 1.633534e-04
-1.568387e-04
 1.408911e-04
-1.165870e-04
 1.238919e-04
-1.183887e-04
 1.033076e-04
-8.196678e-05
 1.266402e-02
-1.616841e-02
 6.928139e-03
-9.287764e-04
 8.682814e-05
-2.564606e-04
 4.085774e-04
-4.034453e-04
 3.467125e-04
-3.184684e-04
 3.008612e-04
-2.806424e-04
 2.688646e-04
-2.524919e-04
 2.293542e-04
-2.140151e-04
 2.077331e-04
-1.948892e-04
 1.753896e-04
-1.640417e-04
 1.614165e-04
-1.514654e-04
 1.358770e-04
-1.272044e-04
 8.755955e-03
-1.108411e-02
 4.915156e-03
-6.562777e-04
 4.460017e-08
-2.214955e-04
 2.733223e-04
-1.902276e-04
 1.228333e-04
-1.497538e-04
 1.615941e-04
-1.563690e-04
 1.306064e-04
-1.217965e-04
 1.131625e-04
-1.171128e-04
 1.120561e-04
-1.056513e-04
 9.599373e-05
-9.558877e-05
 9.317238e-05
-8.689099e-05
 7.975863e-05
-7.825795e-05
 9.509320e-03
-1.256132e-02
 5.446225e-03
-6.698071e-04
-4.034828e-05
-1.556367e-04
 2.539779e-04
-2.095178e-04
 1.619140e-04
-1.677821e-04
 1.701574e-04
-1.667015e-04
 1.481926e-04
-1.402534e-04
 1.331008e-04
-1.331740e-04
 1.254158e-04
-1.190038e-04
 1.122414e-04
-1.107722e-04
 1.056274e-04
-1.001757e-04
 9.530603e-05
-9.339785e-05
 6.165904e-03
-8.052309e-03
 3.572247e-03
-5.102360e-04
 3.069779e-06
-1.543319e-04
 2.390304e-04
-1.779261e-04
 1.336909e-04
-1.354590e-04
 1.410139e-04
-1.321317e-04
 1.152050e-04
-1.064910e-04
 1.027706e-04
-9.989133e-05
 9.263387e-05
-8.612771e-05
 8.163540e-05
-7.841985e-05
 7.361116e-05
-6.871113e-05
 6.528563e-05
-6.212841e-05
 4.095816e-03
-5.258891e-03
 2.304439e-03
-2.816422e-04
-4.525445e-05
-7.624561e-05
 1.362959e-04
-9.845064e-05
 6.857885e-05
-7.324736e-05
 7.972967e-05
-7.480472e-05
 6.384732e-05
-5.931932e-05
 5.804021e-05
-5.680716e-05
 5.271663e-05
-4.960820e-05
 4.735716e-05
-4.550094e-05
 4.277951e-05
-4.053774e-05
 3.878916e-05
-3.686819e-05
 3.084584e-03
-3.953496e-03
 1.714145e-03
-1.956996e-04
-3.743156e-05
-5.464206e-05
 9.270484e-05
-6.558610e-05
 4.114448e-05
-4.723278e-05
 5.255209e-05
-4.929246e-05
 4.048002e-05
-3.807118e-05
 3.710246e-05
-3.667374e-05
 3.362127e-05
-3.194978e-05
 3.012667e-05
-2.900646e-05
 2.711262e-05
-2.591408e-05
 2.445073e-05
-2.313662e-05
 2.175892e-03
-2.783564e-03
 1.211937e-03
-1.412911e-04
-1.160031e-05
-6.024867e-05
 8.906134e-05
-6.782312e-05
 4.835412e-05
-5.116514e-05
 5.439116e-05
-5.068203e-05
 4.371279e-05
-4.097876e-05
 3.965777e-05
-3.844230e-05
 3.581226e-05
-3.389786e-05
 3.203839e-05
-3.064183e-05
 2.899703e-05
-2.766470e-05
 2.616545e-05
-2.481789e-05
 2.023531e-03
-2.660185e-03
 1.168540e-03
-1.476501e-04
-1.690627e-05
-3.666175e-05
 6.156304e-05
-4.308362e-05
 2.832701e-05
-3.087304e-05
 3.429385e-05
-3.158723e-05
 2.673309e-05
-2.475082e-05
 2.424247e-05
-2.356288e-05
 2.201376e-05
-2.067762e-05
 1.955138e-05
-1.868732e-05
 1.775715e-05
-1.685089e-05
 1.589631e-05
-1.504112e-05
 1.591794e-03
-2.102078e-03
 9.181163e-04
-1.053503e-04
-2.439123e-05
-2.104553e-05
 4.196149e-05
-2.740360e-05
 1.624757e-05
-1.882336e-05
 2.169303e-05
-2.009600e-05
 1.652542e-05
-1.533293e-05
 1.509407e-05
-1.490827e-05
 1.386007e-05
-1.305521e-05
 1.230915e-05
-1.189358e-05
 1.129590e-05
-1.075874e-05
 1.012435e-05
-9.655369e-06
 9.742314e-04
-1.258936e-03
 5.541461e-04
-6.179645e-05
-1.841371e-05
-1.825838e-05
 3.461394e-05
-2.249465e-05
 1.337332e-05
-1.514350e-05
 1.723172e-05
-1.583729e-05
 1.289212e-05
-1.182472e-05
 1.154548e-05
-1.131920e-05
 1.040020e-05
-9.680488e-06
 9.038333e-06
-8.672067e-06
 8.141760e-06
-7.667364e-06
 7.136389e-06
-6.749823e-06
 8.156481e-04
-1.056596e-03
 4.557131e-04
-4.615305e-05
-1.626300e-05
-1.414284e-05
 2.680985e-05
-1.740828e-05
 1.037377e-05
-1.165159e-05
 1.343273e-05
-1.229984e-05
 1.010576e-05
-9.232790e-06
 9.112814e-06
-8.916022e-06
 8.262247e-06
-7.684918e-06
 7.248517e-06
-6.959013e-06
 6.583977e-06
-6.212293e-06
 5.842186e-06
-5.544950e-06
 5.802847e-04
-7.494531e-04
 3.250464e-04
-3.178916e-05
-1.430404e-05
-8.488613e-06
 1.814679e-05
-1.117236e-05
 5.798017e-06
-6.971796e-06
 8.519184e-06
-7.769885e-06
 6.164067e-06
-5.599280e-06
 5.613390e-06
-5.558548e-06
 5.130245e-06
-4.765948e-06
 4.503519e-06
-4.349954e-06
 4.118034e-06
-3.893350e-06
 3.662355e-06
-3.483911e-06
 4.433613e-04
-5.775182e-04
 2.532602e-04
-2.639386e-05
-1.000831e-05
-7.111479e-06
 1.438055e-05
-8.921847e-06
 4.633009e-06
-5.543172e-06
 6.707960e-06
-6.119522e-06
 4.829913e-06
-4.390370e-06
 4.377056e-06
-4.331371e-06
 3.975750e-06
-3.693068e-06
 3.474553e-06
-3.354313e-06
 3.162187e-06
-2.990322e-06
 2.802993e-06
-2.664747e-06
 4.171739e-04
-5.541320e-04
 2.419202e-04
-2.710693e-05
-7.986042e-06
-5.211700e-06
 1.103039e-05
-6.611509e-06
 3.248995e-06
-3.928121e-06
 4.860458e-06
-4.381174e-06
 3.389391e-06
-3.034655e-06
 3.039504e-06
-2.995398e-06
 2.730235e-06
-2.506077e-06
 2.346385e-06
-2.250567e-06
 2.110860e-06
-1.978098e-06
 1.840411e-06
-1.734131e-06
 2.718331e-04
-3.557243e-04
 1.549509e-04
-1.476189e-05
-7.721304e-06
-3.325826e-06
 8.067287e-06
-4.569774e-06
 1.988911e-06
-2.551444e-06
 3.332706e-06
-2.988373e-06
 2.256348e-06
-2.005437e-06
 2.044811e-06
-2.032879e-06
 1.855933e-06
-1.701013e-06
 1.601226e-06
-1.544077e-06
 1.456782e-06
-1.368917e-06
 1.279202e-06
-1.210020e-06
 1.879753e-04
-2.427295e-04
 1.056171e-04
-9.271913e-06
-6.325182e-06
-2.494165e-06
 6.176211e-06
-3.416436e-06
 1.384771e-06
-1.835561e-06
 2.445996e-06
-2.188002e-06
 1.616586e-06
-1.430124e-06
 1.462713e-06
-1.461824e-06
 1.325917e-06
-1.212021e-06
 1.136544e-06
-1.098550e-06
 1.033363e-06
-9.703947e-07
 9.030157e-07
-8.543062e-07
 1.653570e-04
-2.161224e-04
 9.338050e-05
-8.690809e-06
-4.863582e-06
-2.044048e-06
 4.878460e-06
-2.712605e-06
 1.111013e-06
-1.453972e-06
 1.928604e-06
-1.722085e-06
 1.273499e-06
-1.123831e-06
 1.148018e-06
-1.144611e-06
 1.037472e-06
-9.463565e-07
 8.868644e-07
-8.560653e-07
 8.049890e-07
-7.549687e-07
 7.023605e-07
-6.641314e-07
 1.129999e-04
-1.471054e-04
 6.430855e-05
-5.754950e-06
-3.913690e-06
-1.338113e-06
 3.555222e-06
-1.876989e-06
 6.369983e-07
-9.108222e-07
 1.298362e-06
-1.144272e-06
 8.070313e-07
-6.964982e-07
 7.269337e-07
-7.303752e-07
 6.562660e-07
-5.905444e-07
 5.524164e-07
-5.335918e-07
 5.008341e-07
-4.664381e-07
 4.315723e-07
-4.061235e-07
 9.792595e-05
-1.292951e-04
 5.642389e-05
-5.323215e-06
-3.101999e-06
-9.688426e-07
 2.691218e-06
-1.379531e-06
 4.100935e-07
-6.287975e-07
 9.365066e-07
-8.212508e-07
 5.616772e-07
-4.797449e-07
 5.073688e-07
-5.140087e-07
 4.593516e-07
-4.114084e-07
 3.846493e-07
-3.730481e-07
 3.501126e-07
-3.259513e-07
 3.011424e-07
-2.837151e-07
 7.984687e-05
-1.058100e-04
 4.601196e-05
-4.411874e-06
-2.444513e-06
-7.627685e-07
 2.106676e-06
-1.069223e-06
 3.058979e-07
-4.757562e-07
 7.152554e-07
-6.250596e-07
 4.212655e-07
-3.572307e-07
 3.784313e-07
-3.837542e-07
 3.407617e-07
-3.035039e-07
 2.825889e-07
-2.738538e-07
 2.560354e-07
-2.375371e-07
 2.183897e-07
-2.052074e-07
 4.855715e-05
-6.291562e-05
 2.745334e-05
-2.152531e-06
-2.032834e-06
-5.541744e-07
 1.616093e-06
-7.978406e-07
 2.024113e-07
-3.358263e-07
 5.267311e-07
-4.575813e-07
 3.011953e-07
-2.523755e-07
 2.715010e-07
-2.768291e-07
 2.453342e-07
-2.173120e-07
 2.028172e-07
-1.970405e-07
 1.847026e-07
-1.712254e-07
 1.576466e-07
-1.482528e-07
 4.134034e-05
-5.396427e-05
 2.337991e-05
-1.900900e-06
-1.652549e-06
-3.851678e-07
 1.217547e-06
-5.753286e-07
 1.107486e-07
-2.166200e-07
 3.687113e-07
-3.165973e-07
 1.967175e-07
-1.602850e-07
 1.773654e-07
-1.830877e-07
 1.602835e-07
-1.397765e-07
 1.300594e-07
-1.268186e-07
 1.185915e-07
-1.092065e-07
 9.984300e-08
-9.354101e-08
 3.315320e-05
-4.355785e-05
 1.890492e-05
-1.593117e-06
-1.280402e-06
-2.999436e-07
 9.455229e-07
-4.419953e-07
 7.715635e-08
-1.599992e-07
 2.789580e-07
-2.385915e-07
 1.449109e-07
-1.167711e-07
 1.302728e-07
-1.350759e-07
 1.174077e-07
-1.016871e-07
 9.429414e-08
-9.207403e-08
 8.586469e-08
-7.882684e-08
 7.173755e-08
-6.710229e-08
 2.338062e-05
-3.064615e-05
 1.343081e-05
-1.094457e-06
-9.946618e-07
-2.233799e-07
 7.261781e-07
-3.319369e-07
 4.639908e-08
-1.113370e-07
 2.051629e-07
-1.740341e-07
 1.014438e-07
-7.983379e-08
 9.099834e-08
-9.513086e-08
 8.184100e-08
-6.990468e-08
 6.460603e-08
-6.321848e-08
 5.879914e-08
-5.362287e-08
 4.847397e-08
-4.516194e-08
 2.120807e-05
-2.814507e-05
 1.223483e-05
-1.073520e-06
-7.929061e-07
-1.629975e-07
 5.560767e-07
-2.470301e-07
 2.400289e-08
-7.517186e-08
 1.495733e-07
-1.258202e-07
 6.991299e-08
-5.353352e-08
 6.301308e-08
-6.671525e-08
 5.695515e-08
-4.804325e-08
 4.445343e-08
-4.375657e-08
 4.078069e-08
-3.708042e-08
 3.347202e-08
-3.119838e-08
 1.461650e-05
-1.919950e-05
 8.357976e-06
-6.638514e-07
-6.335316e-07
-1.231240e-07
 4.300367e-07
-1.871089e-07
 1.232742e-08
-5.246331e-08
 1.109091e-07
-9.258494e-08
 4.908544e-08
-3.649823e-08
 4.413240e-08
-4.723406e-08
 3.979907e-08
-3.301936e-08
 3.040335e-08
-3.004037e-08
 2.789168e-08
-2.516589e-08
 2.251133e-08
-2.089224e-08
 9.999108e-06
-1.297552e-05
 5.658095e-06
-3.885465e-07
-5.052966e-07
-9.411926e-08
 3.339340e-07
-1.429370e-07
 5.967047e-09
-3.740035e-08
 8.329044e-08
-6.910497e-08
 3.523330e-08
-2.551644e-08
 3.163304e-08
-3.417899e-08
 2.849374e-08
-2.330374e-08
 2.138325e-08
-2.120911e-08
 1.964533e-08
-1.761604e-08
 1.564925e-08
-1.448105e-08
 9.232553e-06
-1.217265e-05
 5.273174e-06
-4.171867e-07
-3.988900e-07
-6.907745e-08
 2.565785e-07
-1.066752e-07
-4.338980e-10
-2.427551e-08
 6.051130e-08
-4.962233e-08
 2.341771e-08
-1.599945e-08
 2.103724e-08
-2.319425e-08
 1.896428e-08
-1.505559e-08
 1.374619e-08
-1.374976e-08
 1.269582e-08
-1.123551e-08
 9.846932e-09
-9.049908e-09
 6.538334e-06
-8.594803e-06
 3.753115e-06
-2.821650e-07
-3.104109e-07
-5.266728e-08
 1.988734e-07
-8.129331e-08
-2.576485e-09
-1.680027e-08
 4.529941e-08
-3.688894e-08
 1.652222e-08
-1.081243e-08
 1.487090e-08
-1.664272e-08
 1.343592e-08
-1.045596e-08
 9.524778e-09
-9.600261e-09
 8.859007e-09
-7.783136e-09
 6.771861e-09
-6.210050e-09
 5.130498e-06
-6.763811e-06
 2.957483e-06
-2.262537e-07
-2.421170e-07
-4.065600e-08
 1.545444e-07
-6.230861e-08
-3.420963e-09
-1.175325e-08
 3.410982e-08
-2.758899e-08
 1.171129e-08
-7.294897e-09
 1.052186e-08
-1.195420e-08
 9.492834e-09
-7.205151e-09
 6.522587e-09
-6.623501e-09
 6.086616e-09
-5.284117e-09
 4.533466e-09
-4.131190e-09
 4.358584e-06
-5.775962e-06
 2.507931e-06
-1.992849e-07
-1.921107e-07
-3.083881e-08
 1.197181e-07
-4.734914e-08
-4.104977e-09
-7.800191e-09
 2.538875e-08
-2.035427e-08
 8.017411e-09
-4.620062e-09
 7.218622e-09
-8.391088e-09
 6.529527e-09
-4.787215e-09
 4.310756e-09
-4.433585e-09
 4.064534e-09
-3.476598e-09
 2.934820e-09
-2.656815e-09
 2.768672e-06
-3.607883e-06
 1.575685e-06
-1.015003e-07
-1.526810e-07
-2.335470e-08
 9.276623e-08
-3.595609e-08
-4.324073e-09
-5.012542e-09
 1.884489e-08
-1.495310e-08
 5.362877e-09
-2.745367e-09
 4.832025e-09
-5.785886e-09
 4.376028e-09
-3.046604e-09
 2.715749e-09
-2.843248e-09
 2.591757e-09
-2.160520e-09
 1.769996e-09
-1.579126e-09
 2.303104e-06
-3.019672e-06
 1.313869e-06
-8.973028e-08
-1.198718e-07
-1.815695e-08
 7.231577e-08
-2.770506e-08
-3.856066e-09
-3.453972e-09
 1.430438e-08
-1.128242e-08
 3.803744e-09
-1.775041e-09
 3.429708e-09
-4.193436e-09
 3.110125e-09
-2.086362e-09
 1.846141e-09
-1.961492e-09
 1.781840e-09
-1.458932e-09
 1.169206e-09
-1.033554e-09
 1.954180e-06
-2.585659e-06
 1.123815e-06
-8.424923e-08
-9.336910e-08
-1.398490e-08
 5.623850e-08
-2.122602e-08
-3.492964e-09
-2.236702e-09
 1.075629e-08
-8.414909e-09
 2.589570e-09
-1.021698e-09
 2.339141e-09
-2.954055e-09
 2.126488e-09
-1.341428e-09
 1.171768e-09
-1.276830e-09
 1.152687e-09
-9.135586e-10
 7.017212e-10
-6.081000e-10
 1.326047e-06
-1.741334e-06
 7.635266e-07
-5.116854e-08
-7.289747e-08
-1.076725e-08
 4.373324e-08
-1.626409e-08
-3.090483e-09
-1.400791e-09
 8.093665e-09
-6.279469e-09
 1.744359e-09
-5.325033e-10
 1.582875e-09
-2.077308e-09
 1.446719e-09
-8.446593e-10
 7.270725e-10
-8.205517e-10
 7.368156e-10
-5.599678e-10
 4.061552e-10
-3.423443e-10
 1.148431e-06
-1.519678e-06
 6.619634e-07
-4.830263e-08
-5.727122e-08
-8.371883e-09
 3.407809e-08
-1.252384e-08
-2.637588e-09
-8.793041e-10
 6.129970e-09
-4.720323e-09
 1.183618e-09
-2.435520e-10
 1.075677e-09
-1.469916e-09
 9.855852e-10
-5.214167e-10
 4.377875e-10
-5.174716e-10
 4.595333e-10
-3.272228e-10
 2.137907e-10
-1.695619e-10
 8.599063e-07
-1.133348e-06
 4.931449e-07
-3.384641e-08
-4.519138e-08
-6.532464e-09
 2.657952e-08
-9.664919e-09
-2.211948e-09
-5.427461e-10
 4.661316e-09
-3.566225e-09
 8.074549e-10
-7.833854e-11
 7.368885e-10
-1.051110e-09
 6.787093e-10
-3.208150e-10
 2.614250e-10
-3.287125e-10
 2.888310e-10
-1.898224e-10
 1.060227e-10
-7.561271e-11
 5.822685e-07
-7.590264e-07
 3.321260e-07
-1.913663e-08
-3.552470e-08
-5.070694e-09
 2.071268e-08
-7.439101e-09
-1.862029e-09
-2.966084e-10
 3.529026e-09
-2.678936e-09
 5.283760e-10
 3.659055e-11
 4.856326e-10
-7.364271e-10
 4.510538e-10
-1.755186e-10
 1.344663e-10
-1.912751e-10
 1.648771e-10
-9.118419e-11
 2.991423e-11
-9.597135e-12
 5.338949e-07
-7.060121e-07
 3.069786e-07
-2.142341e-08
-2.770818e-08
-3.968692e-09
 1.617155e-08
-5.754048e-09
-1.531422e-09
-1.588511e-10
 2.694136e-09
-2.032906e-09
 3.550045e-10
 8.391617e-11
 3.288761e-10
-5.279443e-10
 3.082767e-10
-9.530226e-11
 6.648206e-11
-1.133965e-10
 9.568991e-11
-4.028931e-11
-4.996107e-12
 1.878504e-11
 3.941649e-07
-5.203708e-07
 2.273065e-07
-1.527530e-08
-2.157292e-08
-3.112687e-09
 1.262960e-08
-4.454497e-09
-1.252709e-09
-7.083454e-11
 2.058602e-09
-1.544087e-09
 2.343152e-10
 1.068538e-10
 2.188856e-10
-3.766918e-10
 2.072140e-10
-4.245282e-11
 2.212107e-11
-6.060060e-11
 4.874804e-11
-7.023446e-12
-2.659020e-11
 3.586326e-11
 2.877356e-07
-3.782922e-07
 1.657751e-07
-1.033514e-08
-1.689115e-08
-2.438571e-09
 9.861113e-09
-3.446989e-09
-1.023125e-09
-1.365298e-11
 1.572557e-09
-1.172426e-09
 1.502998e-10
 1.147140e-10
 1.425342e-10
-2.677399e-10
 1.371761e-10
-9.823962e-12
-4.229472e-12
-2.733131e-11
 1.970771e-11
 1.162563e-11
-3.644760e-11
 4.249263e-11
 2.507624e-07
-3.320448e-07
 1.444059e-07
-9.917770e-09
-1.327904e-08
-1.914744e-09
 7.703766e-09
-2.671192e-09
-8.300882e-10
 1.821014e-11
 1.204131e-09
-8.926587e-10
 9.478027e-11
 1.113303e-10
 9.161414e-11
-1.907141e-10
 8.997867e-11
 8.636043e-12
-1.833708e-11
-7.327436e-12
 2.515185e-12
 2.111820e-11
-3.950617e-11
 4.341536e-11
 1.704283e-07
-2.233380e-07
 9.762419e-08
-5.655720e-09
-1.041943e-08
-1.509866e-09
 6.024511e-09
-2.075655e-09
-6.670695e-10
 3.145436e-11
 9.266285e-10
-6.839671e-10
 6.081691e-11
 9.966338e-11
 6.016188e-11
-1.384242e-10
 6.048806e-11
 1.601618e-11
-2.279252e-11
 2.088583e-12
-5.124135e-12
 2.304789e-11
-3.677673e-11
 3.930482e-11
 1.342724e-07
-1.762992e-07
 7.707413e-08
-4.544543e-09
-8.136278e-09
-1.188812e-09
 4.709983e-09
-1.611649e-09
-5.366939e-10
 3.892579e-11
 7.120867e-10
-5.231069e-10
 3.645057e-11
 8.844483e-11
 3.744332e-11
-9.928783e-11
 3.901737e-11
 2.029758e-11
-2.494987e-11
 8.239240e-12
-1.003478e-11
 2.359773e-11
-3.381944e-11
 3.537090e-11
 1.171759e-07
-1.553557e-07
 6.765486e-08
-4.579524e-09
-6.338233e-09
-9.371296e-10
 3.683555e-09
-1.252598e-09
-4.301368e-10
 4.036013e-11
 5.483110e-10
-4.010747e-10
 2.097798e-11
 7.627813e-11
 2.284098e-11
-7.165778e-11
 2.502199e-11
 2.100686e-11
-2.417111e-11
 1.073659e-11
-1.171902e-11
 2.200690e-11
-2.962735e-11
 3.054100e-11
 7.985065e-08
-1.049648e-07
 4.604616e-08
-2.682893e-09
-4.948515e-09
-7.402861e-10
 2.882217e-09
-9.749123e-10
-3.431996e-10
 3.804955e-11
 4.232670e-10
-3.084737e-10
 1.150701e-11
 6.429543e-11
 1.366328e-11
-5.213337e-11
 1.598306e-11
 1.978674e-11
-2.195004e-11
 1.120401e-11
-1.169366e-11
 1.953078e-11
-2.524266e-11
 2.575897e-11
 6.557598e-08
-8.649740e-08
 3.779258e-08
-2.314625e-09
-3.878396e-09
-5.851654e-10
 2.255598e-09
-7.592626e-10
-2.732155e-10
 3.429089e-11
 3.272040e-10
-2.377053e-10
 5.663659e-12
 5.342000e-11
 7.874330e-12
-3.818475e-11
 1.014667e-11
 1.765588e-11
-1.912097e-11
 1.053714e-11
-1.071757e-11
 1.669178e-11
-2.097949e-11
 2.123706e-11
 5.258480e-08
-6.946416e-08
 3.026582e-08
-1.886697e-09
-3.040730e-09
-4.624562e-10
 1.765226e-09
-5.913577e-10
-2.173550e-10
 3.027599e-11
 2.529974e-10
-1.832133e-10
 1.897155e-12
 4.416128e-11
 4.025332e-12
-2.789991e-11
 6.150466e-12
 1.546439e-11
-1.643793e-11
 9.589828e-12
-9.577673e-12
 1.413412e-11
-1.735228e-11
 1.744464e-11
 3.586161e-08
-4.692318e-08
 2.058472e-08
-1.066591e-09
-2.376017e-09
-3.660008e-10
 1.382034e-09
-4.611299e-10
-1.723283e-10
 2.586746e-11
 1.960802e-10
-1.416392e-10
-6.930880e-14
 3.599891e-11
 1.857774e-12
-2.064054e-11
 3.749052e-12
 1.307381e-11
-1.371934e-11
 8.274985e-12
-8.162233e-12
 1.165007e-11
-1.407594e-11
 1.407614e-11
 3.150600e-08
-4.164678e-08
 1.817918e-08
-1.120172e-09
-1.851638e-09
-2.897334e-10
 1.082149e-09
-3.597168e-10
-1.364639e-10
 2.179910e-11
 1.520868e-10
-1.096098e-10
-1.156337e-12
 2.918997e-11
 5.401095e-13
-1.531152e-11
 2.184311e-12
 1.091362e-11
-1.133604e-11
 7.013571e-12
-6.851811e-12
 9.524877e-12
-1.135731e-11
 1.130539e-11
 2.435707e-08
-3.220792e-08
 1.407559e-08
-8.622049e-10
-1.444294e-09
-2.293805e-10
 8.474077e-10
-2.806982e-10
-1.079450e-10
 1.816862e-11
 1.180608e-10
-8.491727e-11
-1.666735e-12
 2.354132e-11
-1.968611e-13
-1.141781e-11
 1.213288e-12
 8.986330e-12
-9.255338e-12
 5.826502e-12
-5.645447e-12
 7.695461e-12
-9.080822e-12
 9.001779e-12
 1.714406e-08
-2.250200e-08
 9.881800e-09
-5.225008e-10
-1.129679e-09
-1.816837e-10
 6.637000e-10
-2.191580e-10
-8.525474e-11
 1.496979e-11
 9.175057e-11
-6.588164e-11
-1.807298e-12
 1.888287e-11
-5.591124e-13
-8.567308e-12
 6.294135e-13
 7.318333e-12
-7.485766e-12
 4.770971e-12
-4.591168e-12
 6.166833e-12
-7.216928e-12
 7.128701e-12
 1.490442e-08
-1.970881e-08
 8.596159e-09
-5.199057e-10
-8.846097e-10
-1.439701e-10
 5.199059e-10
-1.712070e-10
-6.723046e-11
 1.220663e-11
 7.139079e-11
-5.119549e-11
-1.727828e-12
 1.506109e-11
-6.833303e-13
-6.484360e-12
 3.054765e-13
 5.890643e-12
-5.991847e-12
 3.845592e-12
-3.678494e-12
 4.891820e-12
-5.690016e-12
 5.602768e-12
 1.081649e-08
-1.423135e-08
 6.227293e-09
-3.400018e-10
-6.915334e-10
-1.140621e-10
 4.072688e-10
-1.337606e-10
-5.299703e-11
 9.918570e-12
 5.556454e-11
-3.979806e-11
-1.582462e-12
 1.199410e-11
-7.141128e-13
-4.914647e-12
 1.037679e-13
 4.727330e-12
-4.784454e-12
 3.088509e-12
-2.938244e-12
 3.872988e-12
-4.480252e-12
 4.398423e-12
 8.120344e-09
-1.066289e-08
 4.678793e-09
-2.422034e-10
-5.393404e-10
-9.038591e-11
 3.190741e-10
-1.045481e-10
-4.172979e-11
 8.004357e-12
 4.328731e-11
-3.097618e-11
-1.381488e-12
 9.513654e-12
-6.660684e-13
-3.752411e-12
 4.953905e-15
 3.763367e-12
-3.792437e-12
 2.453873e-12
-2.322497e-12
 3.043740e-12
-3.506707e-12
 3.433252e-12
 7.107277e-09
-9.417918e-09
 4.111036e-09
-2.508750e-10
-4.205451e-10
-7.163480e-11
 2.500048e-10
-8.174539e-11
-3.282646e-11
 6.424184e-12
 3.374949e-11
-2.413464e-11
-1.169720e-12
 7.523055e-12
-5.851409e-13
-2.881894e-12
-3.869089e-14
 2.979242e-12
-2.991130e-12
 1.935822e-12
-1.823433e-12
 2.380819e-12
-2.734602e-12
 2.670644e-12
 5.000588e-09
-6.580164e-09
 2.887448e-09
-1.526524e-10
-3.285290e-10
-5.677033e-11
 1.958962e-10
-6.392981e-11
-2.580722e-11
 5.137539e-12
 2.632719e-11
-1.881760e-11
-9.719303e-13
 5.936003e-12
-4.964074e-13
-2.223613e-12
-5.323933e-14
 2.348274e-12
-2.349744e-12
 1.518223e-12
-1.423378e-12
 1.854475e-12
-2.125218e-12
 2.070497e-12
 3.910406e-09
-5.145148e-09
 2.255532e-09
-1.182679e-10
-2.570152e-10
-4.498535e-11
 1.535035e-10
-5.000528e-11
-2.027937e-11
 4.097576e-12
 2.054548e-11
-1.467963e-11
-7.977164e-13
 4.676800e-12
-4.125567e-13
-1.720967e-12
-5.455001e-14
 1.846162e-12
-1.841672e-12
 1.186881e-12
-1.107699e-12
 1.441416e-12
-1.648898e-12
 1.602738e-12
 3.267982e-09
-4.320780e-09
 1.886433e-09
-1.083879e-10
-2.009348e-10
-3.564878e-11
 1.202944e-10
-3.912545e-11
-1.592323e-11
 3.255205e-12
 1.604439e-11
-1.146180e-11
-6.437619e-13
 3.675593e-12
-3.333792e-13
-1.339592e-12
-4.551801e-14
 1.444590e-12
-1.437160e-12
 9.219721e-13
-8.565681e-13
 1.115243e-12
-1.274570e-12
 1.236173e-12
 2.278337e-09
-2.989280e-09
 1.313311e-09
-6.350437e-11
-1.568170e-10
-2.824621e-11
 9.427234e-11
-3.061729e-11
-1.249775e-11
 2.580452e-12
 1.253393e-11
-8.953594e-12
-5.151592e-13
 2.885031e-12
-2.658230e-13
-1.045800e-12
-3.503517e-14
 1.127768e-12
-1.119157e-12
 7.140070e-13
-6.603711e-13
 8.610338e-13
-9.835522e-13
 9.518854e-13
 1.898299e-09
-2.504715e-09
 1.097217e-09
-5.931827e-11
-1.223017e-10
-2.237770e-11
 7.388143e-11
-2.396279e-11
-9.805240e-12
 2.041338e-12
 9.795152e-12
-6.997684e-12
-4.088850e-13
 2.261489e-12
-2.091109e-13
-8.190673e-13
-2.452929e-14
 8.781335e-13
-8.693907e-13
 5.509122e-13
-5.071837e-13
 6.629535e-13
-7.572874e-13
 7.313547e-13
 1.525540e-09
-2.017770e-09
 8.826753e-10
-4.973390e-11
-9.547962e-11
-1.772644e-11
 5.790300e-11
-1.875761e-11
-7.689559e-12
 1.611547e-12
 7.657681e-12
-5.471681e-12
-3.220798e-13
 1.770507e-12
-1.624979e-13
-6.433272e-13
-1.528126e-14
 6.822303e-13
-6.739826e-13
 4.237701e-13
-3.883199e-13
 5.093497e-13
-5.820914e-13
 5.610025e-13
 1.067812e-09
-1.401117e-09
 6.162390e-10
-2.893449e-11
-7.463817e-11
-1.404010e-11
 4.538145e-11
-1.468516e-11
-6.028104e-12
 1.269920e-12
 5.988699e-12
-4.280380e-12
-2.519396e-13
 1.384481e-12
-1.247682e-13
-5.066919e-13
-7.612990e-15
 5.288116e-13
-5.213668e-13
 3.248730e-13
-2.962658e-13
 3.903740e-13
-4.465409e-13
 4.294850e-13
 9.058905e-10
-1.195861e-09
 5.232891e-10
-2.801284e-11
-5.834777e-11
-1.111810e-11
 3.556781e-11
-1.149775e-11
-4.724586e-12
 9.996107e-13
 4.684424e-12
-3.349338e-12
-1.962901e-13
 1.081892e-12
-9.511703e-14
-3.996583e-13
-2.030760e-15
 4.093764e-13
-4.028405e-13
 2.485780e-13
-2.255720e-13
 2.987848e-13
-3.421980e-13
 3.284569e-13
 6.937743e-10
-9.148758e-10
 4.007489e-10
-2.079788e-11
-4.556069e-11
-8.802884e-12
 2.787687e-11
-9.003201e-12
-3.701781e-12
 7.856770e-13
 3.665249e-12
-2.621778e-12
-1.520525e-13
 8.446203e-13
-7.171885e-14
-3.159053e-13
 2.110010e-15
 3.163014e-13
-3.106886e-13
 1.896262e-13
-1.711890e-13
 2.281840e-13
-2.617798e-13
 2.507550e-13
 5.059174e-10
-6.641957e-10
 2.921756e-10
-1.351751e-11
-3.554612e-11
-6.968548e-12
 2.184917e-11
-7.050486e-12
-2.899693e-12
 6.168283e-13
 2.868436e-12
-2.052831e-12
-1.172680e-13
 6.589205e-13
-5.358946e-14
-2.500517e-13
 4.873782e-15
 2.440537e-13
-2.393119e-13
 1.443357e-13
-1.296036e-13
 1.739997e-13
-2.000266e-13
 1.912117e-13
 4.359039e-10
-5.766270e-10
 2.523537e-10
-1.377077e-11
-2.774439e-11
-5.515330e-12
 1.712482e-11
-5.521638e-12
-2.270980e-12
 4.838416e-13
 2.245226e-12
-1.607700e-12
-9.011251e-14
 5.137586e-13
-3.969935e-14
-1.981346e-13
 6.542051e-15
 1.880832e-13
-1.841241e-13
 1.096312e-13
-9.788696e-14
 1.324847e-13
-1.526660e-13
 1.456365e-13
 3.199720e-10
-4.214593e-10
 1.850085e-10
-9.113379e-12
-2.167729e-11
-4.364284e-12
 1.342199e-11
-4.324550e-12
-1.778287e-12
 3.792303e-13
 1.757679e-12
-1.259325e-12
-6.901674e-14
 4.003851e-13
-2.915478e-14
-1.571178e-13
 7.377836e-15
 1.448061e-13
-1.415329e-13
 8.311972e-14
-7.377758e-14
 1.007517e-13
-1.164141e-13
 1.108219e-13
 2.413408e-10
-3.170508e-10
 1.393813e-10
-6.397275e-12
-1.694321e-11
-3.452820e-12
 1.051983e-11
-3.387210e-12
-1.392223e-12
 2.969805e-13
 1.376231e-12
-9.866484e-13
-5.264998e-14
 3.118566e-13
-2.116968e-14
-1.247061e-13
 7.659546e-15
 1.113506e-13
-1.086672e-13
 6.287447e-14
-5.545825e-14
 7.649852e-14
-8.866489e-14
 8.422661e-14
 2.045440e-10
-2.703525e-10
 1.183085e-10
-6.234172e-12
-1.323469e-11
-2.731134e-12
 8.245130e-12
-2.653129e-12
-1.089845e-12
 2.324423e-13
 1.077675e-12
-7.731105e-13
-4.005476e-14
 2.428235e-13
-1.521688e-14
-9.901517e-14
 7.513629e-15
 8.556134e-14
-8.337536e-14
 4.748305e-14
-4.160515e-14
 5.802277e-14
-6.748029e-14
 6.396410e-14
 1.471639e-10
-1.934494e-10
 8.505573e-11
-3.896318e-12
-1.033005e-11
-2.159844e-12
 6.462238e-12
-2.078209e-12
-8.530433e-13
 1.818325e-13
 8.439698e-13
-6.058620e-13
-3.038399e-14
 1.890099e-13
-1.080375e-14
-7.864318e-14
 7.103903e-15
 6.569304e-14
-6.392193e-14
 3.579443e-14
-3.114258e-14
 4.395744e-14
-5.131433e-14
 4.853312e-14
 1.169026e-10
-1.539317e-10
 6.763326e-11
-3.204260e-12
-8.063124e-12
-1.707709e-12
 5.064831e-12
-1.627923e-12
-6.676226e-13
 1.421728e-13
 6.610051e-13
-4.748455e-13
-2.298204e-14
 1.470806e-13
-7.559658e-15
-6.247519e-14
 6.537292e-15
 5.040381e-14
-4.897574e-14
 2.693711e-14
-2.326061e-14
 3.326671e-14
-3.899339e-14
 3.679692e-14
 9.626437e-11
-1.272557e-10
 5.574608e-11
-2.883301e-12
-6.298099e-12
-1.349946e-12
 3.969562e-12
-1.275230e-12
-5.224592e-13
 1.111177e-13
 5.177435e-13
-3.721937e-13
-1.733490e-14
 1.144252e-13
-5.196130e-15
-4.963649e-14
 5.893661e-15
 3.864793e-14
-3.750101e-14
 2.023573e-14
-1.733347e-14
 2.514869e-14
-2.960906e-14
 2.787663e-14
 6.840515e-11
-8.980816e-11
 3.953538e-11
-1.710255e-12
-4.921855e-12
-1.066909e-12
 3.111103e-12
-9.989618e-13
-4.088337e-13
 8.682097e-14
 4.055510e-13
-2.917489e-13
-1.304450e-14
 8.900683e-14
-3.495994e-15
-3.943236e-14
 5.223233e-15
 2.962079e-14
-2.870269e-14
 1.517856e-14
-1.288979e-14
 1.899530e-14
-2.247117e-14
 2.110621e-14
 5.607609e-11
-7.389336e-11
 3.243356e-11
-1.536131e-12
-3.845383e-12
-8.430474e-13
 2.438264e-12
-7.825570e-13
-3.198978e-13
 6.781564e-14
 3.176869e-13
-2.287050e-13
-9.789097e-15
 6.922309e-14
-2.282682e-15
-3.132425e-14
 4.568872e-15
 2.269040e-14
-2.195771e-14
 1.136540e-14
-9.562172e-15
 1.433317e-14
-1.704325e-14
 1.596894e-14
 4.460167e-11
-5.886698e-11
 2.581543e-11
-1.262693e-12
-3.002591e-12
-6.660221e-13
 1.910913e-12
-6.130368e-13
-2.502962e-13
 5.295864e-14
 2.488675e-13
-1.792906e-13
-7.327865e-15
 5.383118e-14
-1.429924e-15
-2.487853e-14
 3.951391e-15
 1.737516e-14
-1.679194e-14
 8.496791e-15
-7.077280e-15
 1.080627e-14
-1.292022e-14
 1.207544e-14
 3.225793e-11
-4.235081e-11
 1.865754e-11
-7.862383e-13
-2.344112e-12
-5.260632e-13
 1.497594e-12
-4.802402e-13
-1.958306e-13
 4.134921e-14
 1.949611e-13
-1.405561e-13
-5.471928e-15
 4.185868e-14
-8.398732e-16
-1.975443e-14
 3.384943e-15
 1.330075e-14
-1.283751e-14
 6.341932e-15
-5.225290e-15
 8.140376e-15
-9.789997e-15
 9.126213e-15
 2.706148e-11
-3.572305e-11
 1.567415e-11
-7.587937e-13
-1.830798e-12
-4.154336e-13
 1.173655e-12
-3.762106e-13
-1.532121e-13
 3.228003e-14
 1.527339e-13
-1.101915e-13
-4.075798e-15
 3.254745e-14
-4.394792e-16
-1.568124e-14
 2.876083e-15
 1.017914e-14
-9.811927e-15
 4.725955e-15
-3.848146e-15
 6.127367e-15
-7.415129e-15
 6.893929e-15
 2.067281e-11
-2.724743e-11
 1.196740e-11
-5.537158e-13
-1.430560e-12
-3.280059e-13
 9.197703e-13
-2.947159e-13
-1.198651e-13

Forecasting scores:

mase, smape, msis

  1.111969
 62.509426
  4.183410
End
