darima-master/data/MPS_Traffic_Volume_train.csv
/home/bsuconn/spark/spark-3.0.1-bin-hadoop3.2/python/pyspark/sql/pandas/group_ops.py:73: UserWarning: It is preferred to use 'applyInPandas' over this API. This API will be deprecated in the future releases. See SPARK-28264 for more details.
  warnings.warn(
Model results are saved to:	darima-master/result/darima_model_MPS_Traffic_Volume_2020-12-11-14:08:00.pkl
Coefficient results are saved to:	darima-master/result/darima_coef_MPS_Traffic_Volume_2020-12-11-14:08:00.csv
Forecasting results are saved to:	darima-master/result/darima_forec_MPS_Traffic_Volume_2020-12-11-14:08:00.csv

Model Summary:

 sample_size  sample_size_per_partition  n_par  partition_num  time_mapred  time_model_forec  time_model_eval
       46764                        311   2001            150   202.262233          4.766987         0.058949

DLSA Coefficients:

 3.662234e+02
-6.902755e-12
 1.333203e+00
-4.825518e-01
 1.468886e-02
 2.256217e-02
-1.188388e-02
-2.882833e-02
 1.028908e-02
-8.714716e-03
-1.458154e-03
-5.834677e-03
-5.733868e-04
-5.742598e-03
 1.786508e-03
-4.638835e-03
 1.525366e-03
-4.829232e-03
 2.079898e-03
-3.442936e-03
 1.963964e-03
-2.828848e-03
 1.358630e-03
-2.325802e-03
 1.110648e-03
 2.422690e-01
-3.267092e-01
 1.271205e-01
-3.522588e-03
-1.142310e-02
 3.831402e-03
 4.304833e-03
-2.878895e-03
 1.186888e-03
 5.785965e-04
 4.828952e-04
 1.636702e-04
 5.064524e-04
-1.339281e-04
 2.534865e-04
 7.801231e-05
 1.788171e-04
 3.257381e-04
-6.776274e-05
 7.360000e-05
-1.885395e-04
 3.319076e-04
 3.535048e-05
 9.115701e-05
 3.030411e-02
-4.034328e-02
 1.516721e-02
-2.315234e-03
-9.671570e-05
 7.891847e-04
-2.297375e-04
 2.648677e-04
-4.521429e-05
 3.309898e-04
-1.821718e-04
 2.070962e-04
-2.304540e-04
 2.332723e-04
-1.128553e-04
 1.925425e-04
-2.254209e-04
 1.748451e-04
-1.153290e-04
 2.195294e-04
-2.074257e-04
 1.965075e-04
-1.581621e-04
 2.181126e-04
 1.840634e-02
-2.385093e-02
 1.047343e-02
-2.301053e-03
 3.035967e-04
 1.955279e-04
-4.737078e-05
 3.633506e-05
 2.894041e-05
-6.170979e-05
 1.074115e-04
-7.042478e-05
 6.830425e-05
-8.068360e-05
 7.279992e-05
-5.398607e-05
 6.582931e-05
-9.998121e-05
 9.921336e-05
-7.406980e-05
 6.902594e-05
-1.023973e-04
 1.004766e-04
-7.336404e-05
 1.995655e-02
-2.452149e-02
 1.040466e-02
-9.709826e-04
-3.905776e-04
-2.788243e-04
 5.191509e-04
-4.101711e-04
 2.531264e-04
-2.954231e-04
 2.803765e-04
-2.503854e-04
 1.997946e-04
-2.050206e-04
 1.831867e-04
-1.665893e-04
 1.566974e-04
-1.558258e-04
 1.343559e-04
-1.144572e-04
 1.186154e-04
-1.162719e-04
 1.001427e-04
-8.155086e-05
 1.465460e-02
-1.888428e-02
 8.177057e-03
-1.369027e-03
 2.215733e-04
-2.063227e-04
 3.485131e-04
-3.485737e-04
 3.435824e-04
-3.189818e-04
 2.999444e-04
-2.729819e-04
 2.635506e-04
-2.466934e-04
 2.258516e-04
-2.102697e-04
 2.052171e-04
-1.924845e-04
 1.739919e-04
-1.626780e-04
 1.602921e-04
-1.502122e-04
 1.347879e-04
-1.258886e-04
 9.679585e-03
-1.241782e-02
 5.261854e-03
-8.725706e-04
 2.554835e-04
-2.718820e-04
 2.784501e-04
-1.601693e-04
 1.333724e-04
-1.472306e-04
 1.656045e-04
-1.501989e-04
 1.314816e-04
-1.185292e-04
 1.132468e-04
-1.142060e-04
 1.109097e-04
-1.030623e-04
 9.453438e-05
-9.330799e-05
 9.152756e-05
-8.498462e-05
 7.839349e-05
-7.679475e-05
 8.513950e-03
-1.120509e-02
 4.743180e-03
-7.104701e-04
 1.817062e-04
-2.041392e-04
 2.364894e-04
-1.857609e-04
 1.652265e-04
-1.649112e-04
 1.703661e-04
-1.607756e-04
 1.465156e-04
-1.366322e-04
 1.317268e-04
-1.303591e-04
 1.238927e-04
-1.168608e-04
 1.108768e-04
-1.089866e-04
 1.042456e-04
-9.858815e-05
 9.393095e-05
-9.184592e-05
 5.569888e-03
-7.270390e-03
 3.192665e-03
-5.217040e-04
 1.413314e-04
-1.900596e-04
 2.108268e-04
-1.629940e-04
 1.329563e-04
-1.362651e-04
 1.395517e-04
-1.294149e-04
 1.132248e-04
-1.048009e-04
 1.011955e-04
-9.815239e-05
 9.099930e-05
-8.453746e-05
 8.013644e-05
-7.694749e-05
 7.224394e-05
-6.743831e-05
 6.411017e-05
-6.103573e-05
 3.087182e-03
-3.884452e-03
 1.721541e-03
-2.246429e-04
 2.820799e-05
-1.013189e-04
 1.135782e-04
-8.899097e-05
 6.626081e-05
-7.536542e-05
 7.779819e-05
-7.361691e-05
 6.195453e-05
-5.865310e-05
 5.681233e-05
-5.604749e-05
 5.168243e-05
-4.891969e-05
 4.652981e-05
-4.485491e-05
 4.206488e-05
-3.993160e-05
 3.813734e-05
-3.627720e-05
 2.092726e-03
-2.586196e-03
 1.137339e-03
-1.273167e-04
 7.667333e-06
-7.177757e-05
 7.889305e-05
-5.848731e-05
 3.969345e-05
-4.923597e-05
 5.134635e-05
-4.866670e-05
 3.927046e-05
-3.777416e-05
 3.631186e-05
-3.620631e-05
 3.289684e-05
-3.146176e-05
 2.951200e-05
-2.852645e-05
 2.657838e-05
-2.547121e-05
 2.399189e-05
-2.274580e-05
 1.965318e-03
-2.507976e-03
 1.080004e-03
-1.358592e-04
 2.910479e-05
-7.336018e-05
 8.074267e-05
-6.127196e-05
 4.758956e-05
-5.193815e-05
 5.351757e-05
-4.963989e-05
 4.270492e-05
-4.035998e-05
 3.895221e-05
-3.782505e-05
 3.516484e-05
-3.334693e-05
 3.148727e-05
-3.014479e-05
 2.850430e-05
-2.720826e-05
 2.571904e-05
-2.439944e-05
 1.696773e-03
-2.214162e-03
 9.617469e-04
-1.383600e-04
 2.436731e-05
-4.805347e-05
 5.558083e-05
-3.768169e-05
 2.845574e-05
-3.134239e-05
 3.405917e-05
-3.075275e-05
 2.624889e-05
-2.430364e-05
 2.389693e-05
-2.312982e-05
 2.164513e-05
-2.029652e-05
 1.921920e-05
-1.834870e-05
 1.744979e-05
-1.654888e-05
 1.562141e-05
-1.477687e-05
 1.320025e-03
-1.731042e-03
 7.452414e-04
-9.980574e-05
 1.256711e-05
-3.077483e-05
 3.670499e-05
-2.316614e-05
 1.654480e-05
-1.918869e-05
 2.163720e-05
-1.946175e-05
 1.623976e-05
-1.501856e-05
 1.490410e-05
-1.461752e-05
 1.364485e-05
-1.281172e-05
 1.211677e-05
-1.168235e-05
 1.111355e-05
-1.057027e-05
 9.956826e-06
-9.486754e-06
 8.941746e-04
-1.156818e-03
 4.988408e-04
-6.713357e-05
 9.900381e-06
-2.588090e-05
 2.995274e-05
-1.926288e-05
 1.349159e-05
-1.550342e-05
 1.713644e-05
-1.538947e-05
 1.264539e-05
-1.160993e-05
 1.138620e-05
-1.111021e-05
 1.022709e-05
-9.502118e-06
 8.887289e-06
-8.516172e-06
 8.002830e-06
-7.530783e-06
 7.014088e-06
-6.631413e-06
 6.010301e-04
-7.621472e-04
 3.251190e-04
-3.705878e-05
 3.698391e-06
-1.985752e-05
 2.309854e-05
-1.498482e-05
 1.034167e-05
-1.200830e-05
 1.329223e-05
-1.199095e-05
 9.874878e-06
-9.087580e-06
 8.967003e-06
-8.765617e-06
 8.115565e-06
-7.553358e-06
 7.124156e-06
-6.841146e-06
 6.470978e-06
-6.106299e-06
 5.741764e-06
-5.449876e-06
 4.489932e-04
-5.706119e-04
 2.449592e-04
-2.648091e-05
-2.370588e-09
-1.281041e-05
 1.541477e-05
-9.359857e-06
 5.767949e-06
-7.320302e-06
 8.422153e-06
-7.579793e-06
 6.002214e-06
-5.524692e-06
 5.518731e-06
-5.470653e-06
 5.033748e-06
-4.686457e-06
 4.422740e-06
-4.276890e-06
 4.044851e-06
-3.826950e-06
 3.597970e-06
-3.424380e-06
 3.841052e-04
-4.987857e-04
 2.158784e-04
-2.558856e-05
 1.113789e-06
-1.045688e-05
 1.232051e-05
-7.488953e-06
 4.617174e-06
-5.806172e-06
 6.635508e-06
-5.964874e-06
 4.705215e-06
-4.328970e-06
 4.304659e-06
-4.261702e-06
 3.902187e-06
-3.631339e-06
 3.413399e-06
-3.298312e-06
 3.106917e-06
-2.939661e-06
 2.754246e-06
-2.619301e-06
 3.113259e-04
-4.083981e-04
 1.772653e-04
-2.221066e-05
 1.221081e-06
-7.893206e-06
 9.420151e-06
-5.474268e-06
 3.268188e-06
-4.125924e-06
 4.823710e-06
-4.258636e-06
 3.305906e-06
-2.988727e-06
 2.993475e-06
-2.944798e-06
 2.681196e-06
-2.462526e-06
 2.305797e-06
-2.211956e-06
 2.074204e-06
-1.943926e-06
 1.808523e-06
-1.704246e-06
 2.264989e-04
-2.947113e-04
 1.262432e-04
-1.413684e-05
-1.227501e-07
-5.486268e-06
 6.788839e-06
-3.677137e-06
 2.026967e-06
-2.706054e-06
 3.318829e-06
-2.894605e-06
 2.201488e-06
-1.972817e-06
 2.016637e-06
-1.997050e-06
 1.823687e-06
-1.670659e-06
 1.574359e-06
-1.517286e-06
 1.432003e-06
-1.345123e-06
 1.257331e-06
-1.189065e-06
 1.549462e-04
-1.984678e-04
 8.460368e-05
-9.024331e-06
-3.178633e-07
-4.195394e-06
 5.166203e-06
-2.719531e-06
 1.418511e-06
-1.958897e-06
 2.438565e-06
-2.117010e-06
 1.576603e-06
-1.406886e-06
 1.443219e-06
-1.435897e-06
 1.302900e-06
-1.190192e-06
 1.117486e-06
-1.079353e-06
 1.015750e-06
-9.534255e-07
 8.875548e-07
-8.394681e-07
 1.161286e-04
-1.484316e-04
 6.324316e-05
-6.597165e-06
-2.686904e-07
-3.359717e-06
 4.092189e-06
-2.170134e-06
 1.132434e-06
-1.552892e-06
 1.920209e-06
-1.667889e-06
 1.240774e-06
-1.106432e-06
 1.132007e-06
-1.124820e-06
 1.019106e-06
-9.296277e-07
 8.718274e-07
-8.413081e-07
 7.911956e-07
-7.418884e-07
 6.902956e-07
-6.526576e-07
 9.481423e-05
-1.228480e-04
 5.272225e-05
-5.629547e-06
-4.083450e-07
-2.359392e-06
 2.951105e-06
-1.459659e-06
 6.542645e-07
-9.944256e-07
 1.293677e-06
-1.106692e-06
 7.837372e-07
-6.867854e-07
 7.168268e-07
-7.181430e-07
 6.442628e-07
-5.802484e-07
 5.429000e-07
-5.244971e-07
 4.921506e-07
-4.583988e-07
 4.241017e-07
-3.991359e-07
 7.708709e-05
-1.009608e-04
 4.347437e-05
-4.694487e-06
-3.792254e-07
-1.766567e-06
 2.220799e-06
-1.055147e-06
 4.241734e-07
-6.962377e-07
 9.337204e-07
-7.934337e-07
 5.443788e-07
-4.734494e-07
 5.003739e-07
-5.055352e-07
 4.508198e-07
-4.042938e-07
 3.779911e-07
-3.667431e-07
 3.440249e-07
-3.203610e-07
 2.959198e-07
-2.788484e-07
 5.767918e-05
-7.535731e-05
 3.242213e-05
-3.477210e-06
-2.917405e-07
-1.390137e-06
 1.735640e-06
-8.149070e-07
 3.177896e-07
-5.284376e-07
 7.137044e-07
-6.033714e-07
 4.082222e-07
-3.524949e-07
 3.733769e-07
-3.773701e-07
 3.344581e-07
-2.982101e-07
 2.777203e-07
-2.692035e-07
 2.515920e-07
-2.334479e-07
 2.146066e-07
-2.016803e-07
 4.079853e-05
-5.264145e-05
 2.245523e-05
-2.188901e-06
-3.233342e-07
-1.049038e-06
 1.324107e-06
-5.987228e-07
 2.131224e-07
-3.771862e-07
 5.264792e-07
-4.408562e-07
 2.916917e-07
-2.489735e-07
 2.680908e-07
-2.721479e-07
 2.408380e-07
-2.134695e-07
 1.993636e-07
-1.936740e-07
 1.815190e-07
-1.682649e-07
 1.549279e-07
-1.456975e-07
 2.975973e-05
-3.813846e-05
 1.622333e-05
-1.505473e-06
-3.067680e-07
-7.740710e-07
 9.898118e-07
-4.200019e-07
 1.202844e-07
-2.495786e-07
 3.694378e-07
-3.041004e-07
 1.900468e-07
-1.581964e-07
 1.753548e-07
-1.799641e-07
 1.573398e-07
-1.372690e-07
 1.278656e-07
-1.246427e-07
 1.165552e-07
-1.073093e-07
 9.812531e-08
-9.192474e-08
 2.392678e-05
-3.093690e-05
 1.320560e-05
-1.267260e-06
-2.313528e-07
-6.036118e-07
 7.683750e-07
-3.205825e-07
 8.473454e-08
-1.859872e-07
 2.796681e-07
-2.289830e-07
 1.398322e-07
-1.152944e-07
 1.288394e-07
-1.327780e-07
 1.152389e-07
-9.986093e-08
 9.270505e-08
-9.049722e-08
 8.439039e-08
-7.745799e-08
 7.050340e-08
-6.594334e-08
 1.955888e-05
-2.556829e-05
 1.096980e-05
-1.100380e-06
-1.788130e-07
-4.604826e-07
 5.883809e-07
-2.372718e-07
 5.241548e-08
-1.320163e-07
 2.058674e-07
-1.667896e-07
 9.763230e-08
-7.890966e-08
 9.004174e-08
-9.353274e-08
 8.030334e-08
-6.865195e-08
 6.351308e-08
-6.214204e-08
 5.778569e-08
-5.269350e-08
 4.763784e-08
-4.438334e-08
 1.502321e-05
-1.965679e-05
 8.430763e-06
-8.277268e-07
-1.558191e-07
-3.485813e-07
 4.483767e-07
-1.732297e-07
 2.882759e-08
-9.162426e-08
 1.502657e-07
-1.203632e-07
 6.706636e-08
-5.298400e-08
 6.239120e-08
-6.560889e-08
 5.586599e-08
-4.718402e-08
 4.369903e-08
-4.301634e-08
 4.007548e-08
-3.643937e-08
 3.289333e-08
-3.066164e-08
 1.083647e-05
-1.405585e-05
 6.005902e-06
-5.551356e-07
-1.338283e-07
-2.686308e-07
 3.454967e-07
-1.294562e-07
 1.620237e-08
-6.545871e-08
 1.115512e-07
-8.841958e-08
 4.695119e-08
-3.616381e-08
 4.373333e-08
-4.645541e-08
 3.902792e-08
-3.242656e-08
 2.988792e-08
-2.953387e-08
 2.740876e-08
-2.473081e-08
 2.212174e-08
-2.053305e-08
 7.902226e-06
-1.016791e-05
 4.324472e-06
-3.718842e-07
-1.128269e-07
-2.082339e-07
 2.676045e-07
-9.784410e-08
 9.088827e-09
-4.761881e-08
 8.386689e-08
-6.589272e-08
 3.362484e-08
-2.530184e-08
 3.137490e-08
-3.361465e-08
 2.793825e-08
-2.288192e-08
 2.102274e-08
-2.085151e-08
 1.930577e-08
-1.731090e-08
 1.537870e-08
-1.423190e-08
 6.163005e-06
-7.956120e-06
 3.388268e-06
-2.928868e-07
-9.119006e-08
-1.585257e-07
 2.047486e-07
-7.144623e-08
 2.120271e-09
-3.234548e-08
 6.105501e-08
-4.717643e-08
 2.223687e-08
-1.589522e-08
 2.090297e-08
-2.281121e-08
 1.858902e-08
-1.477883e-08
 1.351667e-08
-1.351817e-08
 1.247687e-08
-1.104021e-08
 9.676923e-09
-8.894026e-09
 5.009663e-06
-6.528646e-06
 2.791284e-06
-2.528624e-07
-6.974551e-08
-1.226640e-07
 1.584286e-07
-5.374833e-08
-5.319186e-10
-2.315044e-08
 4.576414e-08
-3.500538e-08
 1.563102e-08
-1.075887e-08
 1.479441e-08
-1.636817e-08
 1.316709e-08
-1.026180e-08
 9.366773e-09
-9.438786e-09
 8.706423e-09
-7.647579e-09
 6.655036e-09
-6.103025e-09
 3.932733e-06
-5.144433e-06
 2.203713e-06
-2.029792e-07
-5.400426e-08
-9.541041e-08
 1.229627e-07
-4.077267e-08
-1.799902e-09
-1.675006e-08
 3.449511e-08
-2.613800e-08
 1.103381e-08
-7.273809e-09
 1.048075e-08
-1.175818e-08
 9.299774e-09
-7.070265e-09
 6.414828e-09
-6.512587e-09
 5.981704e-09
-5.192007e-09
 4.455197e-09
-4.060034e-09
 2.913717e-06
-3.791514e-06
 1.619635e-06
-1.414541e-07
-4.491611e-08
-7.370314e-08
 9.501729e-08
-3.052022e-08
-2.816595e-09
-1.173875e-08
 2.571036e-08
-1.924171e-08
 7.505526e-09
-4.623379e-09
 7.203216e-09
-8.254884e-09
 6.393515e-09
-4.696659e-09
 4.239876e-09
-4.359898e-09
 3.994350e-09
-3.415974e-09
 2.884066e-09
-2.611122e-09
 2.128932e-06
-2.748871e-06
 1.169614e-06
-9.468787e-08
-3.738785e-08
-5.693058e-08
 7.342161e-08
-2.280397e-08
-3.298875e-09
-8.115820e-09
 1.911315e-08
-1.409998e-08
 4.977267e-09
-2.763472e-09
 4.833711e-09
-5.693034e-09
 4.282033e-09
-2.987952e-09
 2.671508e-09
-2.796466e-09
 2.546925e-09
-2.122782e-09
 1.739323e-09
-1.552016e-09
 1.631279e-06
-2.105492e-06
 8.953559e-07
-7.108180e-08
-2.956162e-08
-4.445146e-08
 5.716155e-08
-1.741739e-08
-3.045391e-09
-5.891103e-09
 1.452211e-08
-1.062186e-08
 3.508727e-09
-1.795634e-09
 3.437126e-09
-4.126527e-09
 3.041996e-09
-2.045590e-09
 1.816339e-09
-1.929424e-09
 1.751008e-09
-1.433395e-09
 1.148928e-09
-1.015825e-09
 1.306189e-06
-1.697368e-06
 7.242439e-07
-6.009214e-08
-2.266478e-08
-3.457354e-08
 4.438199e-08
-1.318019e-08
-2.849302e-09
-4.151835e-09
 1.093479e-08
-7.904670e-09
 2.365592e-09
-1.043961e-09
 2.351053e-09
-2.907234e-09
 2.078552e-09
-1.314482e-09
 1.153199e-09
-1.256153e-09
 1.132752e-09
-8.974891e-10
 6.895437e-10
-5.976759e-10
 1.035632e-06
-1.352305e-06
 5.782516e-07
-4.916791e-08
-1.756455e-08
-2.688358e-08
 3.446392e-08
-9.971529e-09
-2.579889e-09
-2.905509e-09
 8.239333e-09
-5.885133e-09
 1.574088e-09
-5.544047e-10
 1.596576e-09
-2.044636e-09
 1.413008e-09
-8.270667e-10
 7.158467e-10
-8.074280e-10
 7.240820e-10
-5.500517e-10
 3.991008e-10
-3.364823e-10
 7.849300e-07
-1.022704e-06
 4.368192e-07
-3.609996e-08
-1.396762e-08
-2.098541e-08
 2.682963e-08
-7.601677e-09
-2.234049e-09
-2.060812e-09
 6.247590e-09
-4.414969e-09
 1.053501e-09
-2.636597e-10
 1.089235e-09
-1.447021e-09
 9.617387e-10
-5.100483e-10
 4.312704e-10
-5.093471e-10
 4.515902e-10
-3.213742e-10
 2.100660e-10
-1.666691e-10
 5.803097e-07
-7.513320e-07
 3.198532e-07
-2.469302e-08
-1.129268e-08
-1.640563e-08
 2.090760e-08
-5.814512e-09
-1.893692e-09
-1.470191e-09
 4.755667e-09
-3.329478e-09
 7.076131e-10
-9.604588e-11
 7.492904e-10
-1.034921e-09
 6.616296e-10
-3.134319e-10
 2.577175e-10
-3.236749e-10
 2.838315e-10
-1.863909e-10
 1.041623e-10
-7.433485e-11
 4.393503e-07
-5.673131e-07
 2.411735e-07
-1.790850e-08
-8.984949e-09
-1.280046e-08
 1.627277e-08
-4.427431e-09
-1.610815e-09
-1.024885e-09
 3.604867e-09
-2.495615e-09
 4.519684e-10
 2.101046e-11
 4.968892e-10
-7.252617e-10
 4.390546e-10
-1.710527e-10
 1.327670e-10
-1.884759e-10
 1.620151e-10
-8.949097e-11
 2.937097e-11
-9.453641e-12
 3.467984e-07
-4.496148e-07
 1.915049e-07
-1.458281e-08
-6.932539e-09
-1.001992e-08
 1.269560e-08
-3.397843e-09
-1.333563e-09
-7.302172e-10
 2.754650e-09
-1.890532e-09
 2.961904e-10
 7.075669e-11
 3.385631e-10
-5.200468e-10
 2.996519e-10
-9.253568e-11
 6.581790e-11
-1.118336e-10
 9.402363e-11
-3.950102e-11
-4.932212e-12
 1.844331e-11
 2.754197e-07
-3.588055e-07
 1.532036e-07
-1.207900e-08
-5.311708e-09
-7.849376e-09
 9.909108e-09
-2.610974e-09
-1.096886e-09
-5.189911e-10
 2.106845e-09
-1.433449e-09
 1.890334e-10
 9.584671e-11
 2.271355e-10
-3.711384e-10
 2.010522e-10
-4.084044e-11
 2.211790e-11
-5.986225e-11
 4.789518e-11
-6.828756e-12
-2.614886e-11
 3.523111e-11
 2.121455e-07
-2.763498e-07
 1.179820e-07
-9.188536e-09
-4.163061e-09
-6.146057e-09
 7.732443e-09
-2.004597e-09
-9.003895e-10
-3.651546e-10
 1.611006e-09
-1.086435e-09
 1.154345e-10
 1.055689e-10
 1.494934e-10
-2.638570e-10
 1.327871e-10
-8.963430e-12
-3.858917e-12
-2.709890e-11
 1.935913e-11
 1.148339e-11
-3.583208e-11
 4.174949e-11
 1.589212e-07
-2.060785e-07
 8.777700e-08
-6.470946e-09
-3.315651e-09
-4.816565e-09
 6.038097e-09
-1.542585e-09
-7.334955e-10
-2.574207e-10
 1.234698e-09
-8.257741e-10
 6.788775e-11
 1.038039e-10
 9.740829e-11
-1.879980e-10
 8.684452e-11
 9.029186e-12
-1.778713e-11
-7.387478e-12
 2.465400e-12
 2.079995e-11
-3.883485e-11
 4.265876e-11
 1.199626e-07
-1.550132e-07
 6.590663e-08
-4.632383e-09
-2.620128e-09
-3.781092e-09
 4.720820e-09
-1.192481e-09
-5.911619e-10
-1.845962e-10
 9.508299e-10
-6.318667e-10
 3.999702e-11
 9.355619e-11
 6.489656e-11
-1.364854e-10
 5.820625e-11
 1.616433e-11
-2.221651e-11
 1.906677e-12
-5.040788e-12
 2.268640e-11
-3.615031e-11
 3.862084e-11
 9.348339e-08
-1.209949e-07
 5.148748e-08
-3.642323e-09
-2.031375e-09
-2.966577e-09
 3.689493e-09
-9.205608e-10
-4.770316e-10
-1.304414e-10
 7.312562e-10
-4.825383e-10
 2.034416e-11
 8.348326e-11
 4.131495e-11
-9.792717e-11
 3.737439e-11
 2.027936e-11
-2.437669e-11
 7.982761e-12
-9.865826e-12
 2.321884e-11
-3.324242e-11
 3.475604e-11
 7.399366e-08
-9.615659e-08
 4.100093e-08
-2.993081e-09
-1.559869e-09
-2.328631e-09
 2.884723e-09
-7.117943e-10
-3.832668e-10
-9.238793e-11
 5.634706e-10
-3.694653e-10
 8.499480e-12
 7.227200e-11
 2.598243e-11
-7.069772e-11
 2.383073e-11
 2.090406e-11
-2.364262e-11
 1.046175e-11
-1.152025e-11
 2.164927e-11
-2.912135e-11
 3.001045e-11
 5.758174e-08
-7.492120e-08
 3.196699e-08
-2.341379e-09
-1.208374e-09
-1.829394e-09
 2.256925e-09
-5.516865e-10
-3.064003e-10
-6.597301e-11
 4.352352e-10
-2.838256e-10
 1.823714e-12
 6.108027e-11
 1.619485e-11
-5.145022e-11
 1.511263e-11
 1.964856e-11
-2.148416e-11
 1.094056e-11
-1.149463e-11
 1.921108e-11
-2.481122e-11
 2.531172e-11
 4.368656e-08
-5.668030e-08
 2.414972e-08
-1.699512e-09
-9.507194e-10
-1.437570e-09
 1.766174e-09
-4.280414e-10
-2.443307e-10
-4.721157e-11
 3.366437e-10
-2.184761e-10
-1.858207e-12
 5.085015e-11
 9.904727e-12
-3.769515e-11
 9.506169e-12
 1.751040e-11
-1.872281e-11
 1.030048e-11
-1.053479e-11
 1.641734e-11
-2.062071e-11
 2.086846e-11
 3.303236e-08
-4.270730e-08
 1.816472e-08
-1.216715e-09
-7.490065e-10
-1.129603e-09
 1.382148e-09
-3.321391e-10
-1.946839e-10
-3.357994e-11
 2.604409e-10
-1.682101e-10
-3.946708e-12
 4.210944e-11
 5.651683e-12
-2.755086e-11
 5.680089e-12
 1.532223e-11
-1.610085e-11
 9.381480e-12
-9.414078e-12
 1.390090e-11
-1.705539e-11
 1.714196e-11
 2.552080e-08
-3.299343e-08
 1.403312e-08
-9.297990e-10
-5.822084e-10
-8.881498e-10
 1.082172e-09
-2.582524e-10
-1.545440e-10
-2.415393e-11
 2.019407e-10
-1.299257e-10
-4.616781e-12
 3.436821e-11
 3.153183e-12
-2.038794e-11
 3.399260e-12
 1.294585e-11
-1.344077e-11
 8.098661e-12
-8.022696e-12
 1.145740e-11
-1.383503e-11
 1.383196e-11
 2.008193e-08
-2.603659e-08
 1.109087e-08
-7.527622e-10
-4.476294e-10
-6.984015e-10
 8.474147e-10
-2.009325e-10
-1.225160e-10
-1.738274e-11
 1.566982e-10
-1.004626e-10
-4.696965e-12
 2.789606e-11
 1.569861e-12
-1.512837e-11
 1.923436e-12
 1.080173e-11
-1.110770e-11
 6.866301e-12
-6.734610e-12
 9.367072e-12
-1.116289e-11
 1.110930e-11
 1.570717e-08
-2.040144e-08
 8.698760e-09
-5.973014e-10
-3.453591e-10
-5.492301e-10
 6.636549e-10
-1.564225e-10
-9.700785e-11
-1.252077e-11
 1.216874e-10
-7.777245e-11
-4.425143e-12
 2.251651e-11
 6.198477e-13
-1.128426e-11
 1.017629e-12
 8.891084e-12
-9.070025e-12
 5.705414e-12
-5.548847e-12
 7.567799e-12
-8.925352e-12
 8.845661e-12
 1.204208e-08
-1.561860e-08
 6.655065e-09
-4.455256e-10
-2.694841e-10
-4.320146e-10
 5.198571e-10
-1.218889e-10
-7.668052e-11
-9.065792e-12
 9.460071e-11
-6.029911e-11
-3.957852e-12
 1.807280e-11
 8.714588e-14
-8.469165e-12
 4.817714e-13
 7.238870e-12
-7.336559e-12
 4.672559e-12
-4.512589e-12
 6.064434e-12
-7.093357e-12
 7.005075e-12
 9.149145e-09
-1.183128e-08
 5.034055e-09
-3.221498e-10
-2.112776e-10
-3.398894e-10
 4.073054e-10
-9.507397e-11
-6.051032e-11
-6.616045e-12
 7.362917e-11
-4.683213e-11
-3.405813e-12
 1.442217e-11
-1.732264e-13
-6.411363e-12
 1.931345e-13
 5.825647e-12
-5.872774e-12
 3.766644e-12
-3.615524e-12
 4.810551e-12
-5.592585e-12
 5.505607e-12
 7.034415e-09
-9.086664e-09
 3.864410e-09
-2.416774e-10
-1.644908e-10
-2.673968e-10
 3.191249e-10
-7.417053e-11
-4.773029e-11
-4.821428e-12
 5.732216e-11
-3.638732e-11
-2.891957e-12
 1.149044e-11
-3.117248e-13
-4.860281e-12
 1.816728e-14
 4.674450e-12
-4.689620e-12
 3.025362e-12
-2.887938e-12
 3.808618e-12
-4.403532e-12
 4.322149e-12
 5.501446e-09
-7.118300e-09
 3.030055e-09
-1.918628e-10
-1.268233e-10
-2.103921e-10
 2.500735e-10
-5.790571e-11
-3.760291e-11
-3.537743e-12
 4.466669e-11
-2.830940e-11
-2.404046e-12
 9.117261e-12
-3.492419e-13
-3.711484e-12
-6.073373e-14
 3.720890e-12
-3.717387e-12
 2.403819e-12
-2.282730e-12
 2.993145e-12
-3.446657e-12
 3.373714e-12
 4.308689e-09
-5.585246e-09
 2.379861e-09
-1.529579e-10
-9.766743e-11
-1.655565e-10
 1.959888e-10
-4.523684e-11
-2.959328e-11
-2.613311e-12
 3.483155e-11
-2.204910e-11
-1.968619e-12
 7.211461e-12
-3.360391e-13
-2.850811e-12
-8.937427e-14
 2.945417e-12
-2.931994e-12
 1.896382e-12
-1.792211e-12
 2.341245e-12
-2.687776e-12
 2.624330e-12
 3.328738e-09
-4.313167e-09
 1.837592e-09
-1.165216e-10
-7.580178e-11
-1.302773e-10
 1.536105e-10
-3.535315e-11
-2.327447e-11
-1.938588e-12
 2.717575e-11
-1.718639e-11
-1.596312e-12
 5.691283e-12
-3.007579e-13
-2.199839e-12
-9.251718e-14
 2.321516e-12
-2.303311e-12
 1.487301e-12
-1.399006e-12
 1.823656e-12
-2.088828e-12
 2.034588e-12
 2.543693e-09
-3.288592e-09
 1.399627e-09
-8.546825e-11
-5.919129e-11
-1.025147e-10
 1.204008e-10
-2.763708e-11
-1.829548e-11
-1.442692e-12
 2.121078e-11
-1.340364e-11
-1.285826e-12
 4.484718e-12
-2.589963e-13
-1.702696e-12
-8.507390e-14
 1.825078e-12
-1.805284e-12
 1.162702e-12
-1.088733e-12
 1.417467e-12
-1.620667e-12
 1.574940e-12
 1.952779e-09
-2.520742e-09
 1.072089e-09
-6.355418e-11
-4.608956e-11
-8.067320e-11
 9.438045e-11
-2.161666e-11
-1.436946e-11
-1.082356e-12
 1.656582e-11
-1.046350e-11
-1.025505e-12
 3.524983e-12
-2.129976e-13
-1.325421e-12
-6.936273e-14
 1.428095e-12
-1.408754e-12
 9.031677e-13
-8.419035e-13
 1.096722e-12
-1.252750e-12
 1.214730e-12
 1.519443e-09
-1.962641e-09
 8.350723e-10
-4.953582e-11
-3.561772e-11
-6.348387e-11
 7.398599e-11
-1.691216e-11
-1.128093e-11
-8.154021e-13
 1.294252e-11
-8.172475e-12
-8.137810e-13
 2.767002e-12
-1.715084e-13
-1.034755e-12
-5.371024e-14
 1.114908e-12
-1.097022e-12
 6.994200e-13
-6.490667e-13
 8.467419e-13
-9.667154e-13
 9.353727e-13
 1.188819e-09
-1.537910e-09
 6.549130e-10
-3.935677e-11
-2.743873e-11
-4.995593e-11
 5.800045e-11
-1.323493e-11
-8.852370e-12
-6.171908e-13
 1.011526e-11
-6.386438e-12
-6.425386e-13
 2.169046e-12
-1.352666e-13
-8.104136e-13
-3.919732e-14
 8.681477e-13
-8.521785e-13
 5.396318e-13
-4.985027e-13
 6.519566e-13
-7.443255e-13
 7.186662e-13
 9.229444e-10
-1.194211e-09
 5.086501e-10
-3.041573e-11
-2.122839e-11
-3.931014e-11
 4.547065e-11
-1.036019e-11
-6.943436e-12
-4.696944e-13
 7.908415e-12
-4.993319e-12
-5.049409e-13
 1.698140e-12
-1.047155e-13
-6.365155e-13
-2.683042e-14
 6.745026e-13
-6.606223e-13
 4.150690e-13
-3.816745e-13
 5.009070e-13
-5.721295e-13
 5.512683e-13
 7.092383e-10
-9.163161e-10
 3.900302e-10
-2.264993e-11
-1.651848e-11
-3.093227e-11
 3.564882e-11
-8.111910e-12
-5.443910e-12
-3.593512e-13
 6.185059e-12
-3.905980e-12
-3.950801e-13
 1.327859e-12
-7.957990e-14
-5.013062e-13
-1.672826e-14
 5.228525e-13
-5.110158e-13
 3.181799e-13
-2.911968e-13
 3.839089e-13
-4.389000e-13
 4.220317e-13
 5.448592e-10
-7.028204e-10
 2.989461e-10
-1.681967e-11
-1.285495e-11
-2.433851e-11
 2.794867e-11
-6.352380e-12
-4.267195e-12
-2.758239e-13
 4.838186e-12
-3.056291e-12
-3.083515e-13
 1.037602e-12
-5.978913e-14
-3.953902e-13
-9.233644e-15
 4.047904e-13
-3.948289e-13
 2.434376e-13
-2.217134e-13
 2.938413e-13
-3.363435e-13
 3.227560e-13
 4.224708e-10
-5.449011e-10
 2.317869e-10
-1.291759e-11
-9.952398e-12
-1.914965e-11
 2.191225e-11
-4.975528e-12
-3.343690e-12
-2.127456e-13
 3.785635e-12
-2.392391e-12
-2.397980e-13
 8.099902e-13
-4.411256e-14
-3.125115e-13
-3.591974e-15
 3.127831e-13
-3.044974e-13
 1.856879e-13
-1.682614e-13
 2.244126e-13
-2.573020e-13
 2.464021e-13
 3.298654e-10
-4.259025e-10
 1.812800e-10
-1.018299e-11
-7.675196e-12
-1.506630e-11
 1.717979e-11
-3.897707e-12
-2.619356e-12
-1.647348e-13
 2.962680e-12
-1.873265e-12
-1.859824e-13
 6.318516e-13
-3.202416e-14
-2.473473e-13
 3.548943e-16
 2.413607e-13
-2.345326e-13
 1.413235e-13
-1.273877e-13
 1.711271e-13
-1.966057e-13
 1.878918e-13
 2.567600e-10
-3.316773e-10
 1.412229e-10
-7.930876e-12
-5.929347e-12
-1.185293e-11
 1.346941e-11
-3.053701e-12
-2.051521e-12
-1.279570e-13
 2.318999e-12
-1.467127e-12
-1.439288e-13
 4.926048e-13
-2.285754e-14
-1.959764e-13
 2.957797e-15
 1.860261e-13
-1.804383e-13
 1.073311e-13
-9.621392e-14
 1.303002e-13
-1.500557e-13
 1.431074e-13
 1.982289e-10
-2.558412e-10
 1.088959e-10
-5.985923e-12
-4.601898e-12
-9.324333e-12
 1.056036e-11
-2.392691e-12
-1.606491e-12
-9.967349e-14
 1.815423e-12
-1.149274e-12
-1.111686e-13
 3.838571e-13
-1.600468e-14
-1.553935e-13
 4.533289e-15
 1.432376e-13
-1.386924e-13
 8.136580e-14
-7.251703e-14
 9.909264e-14
-1.144241e-13
 1.088970e-13
 1.525884e-10
-1.966578e-10
 8.365470e-11
-4.460725e-12
-3.577595e-12
-7.334749e-12
 8.279608e-12
-1.874979e-12
-1.257743e-12
-7.789146e-14
 1.421425e-12
-9.004890e-13
-8.566869e-14
 2.989458e-13
-1.090471e-14
-1.233267e-13
 5.400438e-15
 1.101573e-13
-1.064804e-13
 6.153931e-14
-5.451107e-14
 7.524069e-14
-8.714958e-14
 8.276335e-14
 1.180907e-10
-1.521143e-10
 6.469577e-11
-3.391957e-12
-2.773015e-12
-5.769288e-12
 6.491376e-12
-1.469376e-12
-9.845774e-13
-6.099443e-14
 1.113043e-12
-7.056541e-13
-6.592066e-14
 2.327395e-13
-7.205155e-15
-9.791128e-14
 5.719100e-15
 8.465486e-14
-8.169265e-14
 4.646781e-14
-4.089487e-14
 5.707022e-14
-6.632733e-14
 6.285259e-14
 9.200219e-11
-1.185747e-10
 5.044990e-11
-2.648188e-12
-2.141524e-12
-4.537628e-12
 5.089317e-12
-1.151583e-12
-7.706442e-13
-4.785786e-14
 8.716483e-13
-5.530474e-13
-5.064767e-14
 1.811349e-13
-4.551543e-15
-7.775948e-14
 5.678125e-15
 6.500558e-14
-6.262789e-14
 3.502343e-14
-3.061115e-14
 4.323701e-14
-5.043781e-14
 4.768955e-14
 7.168137e-11
-9.243429e-11
 3.934230e-11
-2.067379e-12
-1.653814e-12
-3.568663e-12
 3.990045e-12
-9.025707e-13
-6.031253e-13
-3.761835e-14
 6.826644e-13
-4.334938e-13
-3.885759e-14
 1.409314e-13
-2.681111e-15
-6.176766e-14
 5.404401e-15
 4.988324e-14
-4.798109e-14
 2.635224e-14
-2.286388e-14
 3.272246e-14
-3.832753e-14
 3.615718e-14
 5.553327e-11
-7.157981e-11
 3.046257e-11
-1.576774e-12
-1.281340e-12
-2.806410e-12
 3.128170e-12
-7.074328e-13
-4.719751e-13
-2.961378e-14
 5.346920e-13
-3.398163e-13
-2.977303e-14
 1.096239e-13
-1.389807e-15
-4.907003e-14
 4.993482e-15
 3.825436e-14
-3.673684e-14
 1.979257e-14
-1.703800e-14
 2.473804e-14
-2.910359e-14
 2.739184e-14
 4.285271e-11
-5.517284e-11
 2.346941e-11
-1.182047e-12
-9.950448e-13
-2.206805e-12
 2.452422e-12
-5.544961e-13
-3.693187e-13
-2.333615e-14
 4.188129e-13
-2.663979e-13
-2.278969e-14
 8.525821e-14
-5.263852e-16
-3.897897e-14
 4.508088e-15
 2.932361e-14
-2.811577e-14
 1.484307e-14
-1.267020e-14
 1.868576e-14
-2.208768e-14
 2.073906e-14
 3.314605e-11
-4.264324e-11
 1.813458e-11
-8.939524e-13
-7.717332e-13
-1.735183e-12
 1.922620e-12
-4.346339e-13
-2.889689e-13
-1.840913e-14
 3.280638e-13
-2.088553e-13
-1.742458e-14
 6.629652e-14
 3.400164e-17
-3.096145e-14
 4.000799e-15
 2.246632e-14
-2.150707e-14
 1.111169e-14
-9.399383e-15
 1.410012e-14
-1.675249e-14
 1.569107e-14
 2.577646e-11
-3.316655e-11
 1.410683e-11
-6.914866e-13
-5.967707e-13
-1.364250e-12
 1.507244e-12
-3.406861e-13
-2.260880e-13
-1.453305e-14
 2.569869e-13
-1.637483e-13
-1.331043e-14
 5.154648e-14
 3.773444e-16
-2.458836e-14
 3.500255e-15
 1.720642e-14
-1.644602e-14
 8.305083e-15
-6.956883e-15
 1.063096e-14
-1.269988e-14
 1.186526e-14
 2.008233e-11
-2.585093e-11
 1.099864e-11
-5.389802e-13
-4.610237e-13
-1.072531e-12
 1.181585e-12
-2.670468e-13
-1.768829e-13
-1.147919e-14
 2.013139e-13
-1.283864e-13
-1.015943e-14
 4.007509e-14
 5.699770e-16
-1.952246e-14
 3.026775e-15
 1.317384e-14
-1.257203e-14
 6.197199e-15
-5.136473e-15
 8.008645e-15
-9.623097e-15
 8.967308e-15
 1.559425e-11
-2.007053e-11
 8.539453e-12
-4.139644e-13
-3.568507e-13
-8.431272e-13
 9.262691e-13
-2.093249e-13
-1.383818e-13
-9.070768e-15
 1.577046e-13
-1.006626e-13
-7.748596e-15
 3.115508e-14
 6.603457e-16
-1.549590e-14
 2.591817e-15
 1.008380e-14
-9.608199e-15
 4.616771e-15
-3.782796e-15
 6.028471e-15
-7.288765e-15
 6.773850e-15
 1.206255e-11
-1.551216e-11
 6.597925e-12
-3.123797e-13
-2.768478e-13
-6.627414e-13
 7.261068e-13
-1.640794e-13
-1.082575e-13

Forecasting scores:

mase, smape, msis

  1.112209
 62.530742
  4.188255
End
