darima-master/data/MPS_Traffic_Volume_train.csv
/home/bsuconn/spark/spark-3.0.1-bin-hadoop3.2/python/pyspark/sql/pandas/group_ops.py:73: UserWarning: It is preferred to use 'applyInPandas' over this API. This API will be deprecated in the future releases. See SPARK-28264 for more details.
  warnings.warn(
Model results are saved to:	darima-master/result/darima_model_MPS_Traffic_Volume_2020-12-11-13:56:51.pkl
Coefficient results are saved to:	darima-master/result/darima_coef_MPS_Traffic_Volume_2020-12-11-13:56:51.csv
Forecasting results are saved to:	darima-master/result/darima_forec_MPS_Traffic_Volume_2020-12-11-13:56:51.csv

Model Summary:

 sample_size  sample_size_per_partition  n_par  partition_num  time_mapred  time_model_forec  time_model_eval
       46764                        311   2001            150   166.195731          6.601233         0.150189

DLSA Coefficients:

 3.627405e+02
-7.785019e-15
 1.334853e+00
-4.831647e-01
 1.230972e-02
 2.525808e-02
-1.474039e-02
-2.438470e-02
 5.487620e-03
-7.103555e-03
 2.759376e-03
-1.290526e-02
 7.355188e-03
-1.140500e-02
 3.376101e-03
-1.562286e-03
-3.797926e-03
 9.790955e-04
-2.015789e-03
-2.085358e-03
 3.803823e-03
-6.519693e-03
 5.467593e-03
-5.025173e-03
 1.463634e-03
 2.391464e-01
-3.245867e-01
 1.295407e-01
-6.318679e-03
-1.050336e-02
 5.368319e-03
 2.828809e-04
 1.858485e-03
-1.170903e-03
-7.888547e-04
 4.739554e-03
-5.280355e-03
 5.393565e-03
-2.692914e-03
-1.451391e-05
 2.559793e-03
-3.251003e-03
 3.354485e-03
-1.437645e-03
-6.597965e-04
 2.280645e-03
-2.921858e-03
 2.945493e-03
-1.501055e-03
 2.727059e-02
-3.491451e-02
 1.240370e-02
 4.718475e-05
-9.197790e-04
-5.649925e-04
 1.653499e-03
-1.677013e-03
 1.400425e-03
-5.340040e-04
-2.715329e-04
 1.164100e-03
-1.631963e-03
 1.446782e-03
-6.385831e-04
-1.407815e-04
 8.188476e-04
-1.181081e-03
 1.083975e-03
-4.247887e-04
-2.692585e-04
 8.373155e-04
-1.053505e-03
 9.785554e-04
 3.266789e-02
-4.323799e-02
 1.997077e-02
-4.085360e-03
 3.686857e-04
 7.921674e-04
-1.581448e-03
 1.643466e-03
-9.441417e-04
-1.357560e-04
 1.028082e-03
-1.416553e-03
 1.311667e-03
-7.944664e-04
 6.075144e-05
 6.142139e-04
-9.424121e-04
 8.523225e-04
-4.470973e-04
-9.013949e-05
 5.962938e-04
-9.031100e-04
 8.632926e-04
-5.245909e-04
 1.739390e-02
-2.215463e-02
 9.217647e-03
-9.768677e-04
-3.184421e-04
 4.496553e-04
-3.223343e-04
-1.301437e-04
 7.326944e-04
-1.171803e-03
 1.256981e-03
-1.026251e-03
 6.020874e-04
-1.376526e-04
-2.306860e-04
 3.603457e-04
-2.112647e-04
-1.151266e-04
 4.562057e-04
-6.974424e-04
 7.780347e-04
-6.566072e-04
 3.814943e-04
-7.518137e-05
 1.310757e-02
-1.714124e-02
 7.467088e-03
-1.280392e-03
 2.874123e-04
-4.508206e-05
-3.631999e-06
-1.470417e-04
 4.408864e-04
-6.760678e-04
 7.883771e-04
-7.571244e-04
 6.138128e-04
-3.757785e-04
 1.411835e-04
 3.156333e-06
-7.518508e-06
-8.947028e-05
 2.421037e-04
-3.927955e-04
 4.871505e-04
-4.770031e-04
 3.734615e-04
-2.282853e-04
 7.902110e-03
-1.012196e-02
 4.472686e-03
-7.326363e-04
 4.516874e-05
 1.663850e-04
-2.330792e-04
 5.955649e-05
 2.326556e-04
-4.820428e-04
 5.901467e-04
-5.614651e-04
 4.079541e-04
-1.895899e-04
-1.309849e-05
 1.183341e-04
-1.069842e-04
-6.276054e-07
 1.558745e-04
-3.033459e-04
 3.830082e-04
-3.663407e-04
 2.693973e-04
-1.373296e-04
 5.816390e-03
-7.492724e-03
 3.314819e-03
-5.612326e-04
 6.633902e-05
 7.177262e-05
-9.019184e-05
-3.519278e-05
 2.252325e-04
-3.759678e-04
 4.374786e-04
-4.080261e-04
 2.989859e-04
-1.502307e-04
 1.915162e-05
 4.758732e-05
-3.789165e-05
-3.501744e-05
 1.394470e-04
-2.338935e-04
 2.795055e-04
-2.623611e-04
 1.950364e-04
-1.054430e-04
 4.370369e-03
-5.646160e-03
 2.499358e-03
-4.515107e-04
 9.349906e-05
 1.332025e-05
-2.749802e-05
-5.865285e-05
 1.943790e-04
-3.050685e-04
 3.534987e-04
-3.335097e-04
 2.529200e-04
-1.419058e-04
 4.143511e-05
 1.460271e-05
-1.419141e-05
-3.629533e-05
 1.128722e-04
-1.829457e-04
 2.182437e-04
-2.083036e-04
 1.601625e-04
-9.238047e-05
 2.895442e-03
-3.710102e-03
 1.657286e-03
-2.909875e-04
 3.539453e-05
 4.521456e-05
-5.635133e-05
-1.133894e-05
 1.150640e-04
-2.004154e-04
 2.369494e-04
-2.219071e-04
 1.624296e-04
-8.265912e-05
 1.108485e-05
 2.758197e-05
-2.461428e-05
-1.533429e-05
 7.292363e-05
-1.245106e-04
 1.502077e-04
-1.431531e-04
 1.076587e-04
-5.796551e-05
 2.109002e-03
-2.711360e-03
 1.208942e-03
-2.044674e-04
 1.629730e-05
 3.977220e-05
-4.561335e-05
-4.079418e-06
 7.958349e-05
-1.419422e-04
 1.687816e-04
-1.582145e-04
 1.157580e-04
-5.848370e-05
 6.521491e-06
 2.186656e-05
-1.973300e-05
-9.365300e-06
 5.107779e-05
-8.851633e-05
 1.076218e-04
-1.029928e-04
 7.737204e-05
-4.129458e-05
 1.615804e-03
-2.091278e-03
 9.374523e-04
-1.708561e-04
 2.884572e-05
 1.521638e-05
-2.003237e-05
-1.581579e-05
 7.048507e-05
-1.151261e-04
 1.337140e-04
-1.250063e-04
 9.325766e-05
-5.055984e-05
 1.164623e-05
 9.879180e-06
-8.758608e-06
-1.211428e-05
 4.217299e-05
-6.922647e-05
 8.298965e-05
-7.925292e-05
 6.000724e-05
-3.321266e-05
 1.147518e-03
-1.480977e-03
 6.658545e-04
-1.181313e-04
 1.337911e-05
 1.833519e-05
-2.101097e-05
-6.020795e-06
 4.647781e-05
-7.960278e-05
 9.346041e-05
-8.745223e-05
 6.452763e-05
-3.361155e-05
 5.389923e-06
 9.994409e-06
-8.888059e-06
-6.560982e-06
 2.862262e-05
-4.857059e-05
 5.877996e-05
-5.614533e-05
 4.215390e-05
-2.274670e-05
 8.192130e-04
-1.056751e-03
 4.762094e-04
-8.213564e-05
 4.326978e-06
 1.920618e-05
-2.058034e-05
 1.159107e-07
 2.995850e-05
-5.452901e-05
 6.497557e-05
-6.089258e-05
 4.438676e-05
-2.197293e-05
 1.524886e-06
 9.519462e-06
-8.546465e-06
-2.867977e-06
 1.913323e-05
-3.388917e-05
 4.149373e-05
-3.966820e-05
 2.954419e-05
-1.547784e-05
 6.270749e-04
-8.132214e-04
 3.668701e-04
-6.544608e-05
 6.534095e-06
 1.106684e-05
-1.181283e-05
-3.119131e-06
 2.486756e-05
-4.251541e-05
 4.993245e-05
-4.674005e-05
 3.447602e-05
-1.788410e-05
 2.780868e-06
 5.434663e-06
-4.861454e-06
-3.345162e-06
 1.513619e-05
-2.583127e-05
 3.128806e-05
-2.984803e-05
 2.236978e-05
-1.201788e-05
 4.600108e-04
-5.968893e-04
 2.705289e-04
-4.873649e-05
 4.377609e-06
 8.859095e-06
-9.229855e-06
-1.894426e-06
 1.787361e-05
-3.081535e-05
 3.626745e-05
-3.395108e-05
 2.497974e-05
-1.285595e-05
 1.830915e-06
 4.160319e-06
-3.742015e-06
-2.263321e-06
 1.089589e-05
-1.872514e-05
 2.271367e-05
-2.166733e-05
 1.621213e-05
-8.652311e-06
 3.321459e-04
-4.306774e-04
 1.955586e-04
-3.406904e-05
 7.475138e-07
 8.874574e-06
-8.771361e-06
 3.404281e-07
 1.150130e-05
-2.109966e-05
 2.520722e-05
-2.362128e-05
 1.714592e-05
-8.370206e-06
 3.906220e-07
 3.915695e-06
-3.547981e-06
-9.081063e-07
 7.279394e-06
-1.305658e-05
 1.601721e-05
-1.529923e-05
 1.135298e-05
-5.861692e-06
 2.500316e-04
-3.253885e-04
 1.481221e-04
-2.635409e-05
 1.086626e-06
 6.174895e-06
-6.013844e-06
-2.102953e-07
 8.856780e-06
-1.583930e-05
 1.880804e-05
-1.760914e-05
 1.283870e-05
-6.393540e-06
 5.339687e-07
 2.641315e-06
-2.396260e-06
-8.427236e-07
 5.483216e-06
-9.688560e-06
 1.183695e-05
-1.129932e-05
 8.401337e-06
-4.373153e-06
 1.872455e-04
-2.441565e-04
 1.114804e-04
-2.011461e-05
 9.391292e-07
 4.477777e-06
-4.257099e-06
-3.519199e-07
 6.673968e-06
-1.176224e-05
 1.391800e-05
-1.302253e-05
 9.517967e-06
-4.791145e-06
 4.944598e-07
 1.840199e-06
-1.671384e-06
-6.877249e-07
 4.071858e-06
-7.137831e-06
 8.701942e-06
-8.303036e-06
 6.177908e-06
-3.226569e-06
 1.366390e-04
-1.781431e-04
 8.158839e-05
-1.447601e-05
-1.475048e-08
 4.017581e-06
-3.732329e-06
 2.556595e-07
 4.426582e-06
-8.187365e-06
 9.797055e-06
-9.170699e-06
 6.633915e-06
-3.202531e-06
 8.362770e-08
 1.602422e-06
-1.459427e-06
-2.835277e-07
 2.773831e-06
-5.030558e-06
 6.188341e-06
-5.909637e-06
 4.367054e-06
-2.219859e-06
 1.021809e-04
-1.335253e-04
 6.128168e-05
-1.090920e-05
-1.014731e-07
 3.083200e-06
-2.805632e-06
 2.136052e-07
 3.222980e-06
-5.973933e-06
 7.150557e-06
-6.691796e-06
 4.835597e-06
-2.326050e-06
 4.506423e-08
 1.187803e-06
-1.083435e-06
-1.908271e-07
 2.011318e-06
-3.661527e-06
 4.508207e-06
-4.304481e-06
 3.176420e-06
-1.606718e-06
 7.695205e-05
-1.007997e-04
 4.640725e-05
-8.413180e-06
 2.665377e-08
 2.218117e-06
-1.979431e-06
 5.726288e-08
 2.457203e-06
-4.460763e-06
 5.312528e-06
-4.968354e-06
 3.602904e-06
-1.760782e-06
 8.685370e-08
 8.201248e-07
-7.489728e-07
-1.779066e-07
 1.504694e-06
-2.707522e-06
 3.323111e-06
-3.170870e-06
 2.343099e-06
-1.192840e-06
 5.692123e-05
-7.460295e-05
 3.444736e-05
-6.202573e-06
-1.678511e-07
 1.831682e-06
-1.607092e-06
 1.629461e-07
 1.692888e-06
-3.166590e-06
 3.796821e-06
-3.551242e-06
 2.558287e-06
-1.216547e-06
-2.161977e-09
 6.606059e-07
-6.042958e-07
-7.727347e-08
 1.051092e-06
-1.933987e-06
 2.387203e-06
-2.278703e-06
 1.676133e-06
-8.375838e-07
 4.242480e-05
-5.568901e-05
 2.577889e-05
-4.636469e-06
-2.110148e-07
 1.452108e-06
-1.255200e-06
 1.731010e-07
 1.194329e-06
-2.275852e-06
 2.739498e-06
-2.561995e-06
 1.837772e-06
-8.586601e-07
-3.034861e-08
 5.099443e-07
-4.671414e-07
-3.271763e-08
 7.462301e-07
-1.393138e-06
 1.725740e-06
-1.647549e-06
 1.208055e-06
-5.959357e-07
 3.201380e-05
-4.211831e-05
 1.954824e-05
-3.562701e-06
-1.370237e-07
 1.068902e-06
-9.057651e-07
 1.005572e-07
 9.015451e-07
-1.690185e-06
 2.026594e-06
-1.894100e-06
 1.362017e-06
-6.440263e-07
-7.727649e-09
 3.600200e-07
-3.302525e-07
-3.387106e-08
 5.543665e-07
-1.026263e-06
 1.268431e-06
-1.210353e-06
 8.881882e-07
-4.398750e-07
 2.390463e-05
-3.148506e-05
 1.465792e-05
-2.677466e-06
-1.425537e-07
 8.388002e-07
-7.010423e-07
 9.757238e-08
 6.408060e-07
-1.219245e-06
 1.466285e-06
-1.370106e-06
 9.817131e-07
-4.575106e-07
-1.818041e-08
 2.750262e-07
-2.525879e-07
-1.428065e-08
 3.954619e-07
-7.410496e-07
 9.186318e-07
-8.766500e-07
 6.415416e-07
-3.141572e-07
 1.785029e-05
-2.353972e-05
 1.098735e-05
-2.002819e-06
-1.471949e-07
 6.662873e-07
-5.503442e-07
 9.711648e-08
 4.477339e-07
-8.725847e-07
 1.054537e-06
-9.852285e-07
 7.022173e-07
-3.199350e-07
-2.684755e-08
 2.137390e-07
-1.964918e-07
 5.955937e-10
 2.788451e-07
-5.321903e-07
 6.626558e-07
-6.325293e-07
 4.611536e-07
-2.222616e-07
 1.346407e-05
-1.779013e-05
 8.324657e-06
-1.531478e-06
-1.112611e-07
 5.012259e-07
-4.072127e-07
 6.863745e-08
 3.317869e-07
-6.422284e-07
 7.747017e-07
-7.233693e-07
 5.158791e-07
-2.359411e-07
-1.792463e-08
 1.548778e-07
-1.425406e-07
-4.407208e-10
 2.045464e-07
-3.895868e-07
 4.848082e-07
-4.626214e-07
 3.371756e-07
-1.623762e-07
 1.012281e-05
-1.339423e-05
 6.285163e-06
-1.162965e-06
-9.212941e-08
 3.844324e-07
-3.079453e-07
 5.430918e-08
 2.405448e-07
-4.678365e-07
 5.646709e-07
-5.270264e-07
 3.752444e-07
-1.705661e-07
-1.499242e-08
 1.150842e-07
-1.060224e-07
 1.441343e-09
 1.478413e-07
-2.831798e-07
 3.528474e-07
-3.366644e-07
 2.449818e-07
-1.172114e-07
 7.585833e-06
-1.004916e-05
 4.728271e-06
-8.751651e-07
-8.347179e-08
 3.021269e-07
-2.397104e-07
 4.902637e-08
 1.687096e-07
-3.356159e-07
 4.068238e-07
-3.796046e-07
 2.689377e-07
-1.196208e-07
-1.569982e-08
 8.856927e-08
-8.165401e-08
 4.923874e-09
 1.044793e-07
-2.036645e-07
 2.548185e-07
-2.431810e-07
 1.763282e-07
-8.307379e-08
 5.722760e-06
-7.593558e-06
 3.581502e-06
-6.668325e-07
-6.638100e-08
 2.305745e-07
-1.804732e-07
 3.752725e-08
 1.228771e-07
-2.450447e-07
 2.970337e-07
-2.770144e-07
 1.960199e-07
-8.681014e-08
-1.212847e-08
 6.541351e-08
-6.036008e-08
 4.262068e-09
 7.573472e-08
-1.482580e-07
 1.856661e-07
-1.771605e-07
 1.282862e-07
-6.010689e-08
 4.320117e-06
-5.740963e-06
 2.714709e-06
-5.089794e-07
-5.209386e-08
 1.755387e-07
-1.355444e-07
 2.835138e-08
 8.984029e-08
-1.792433e-07
 2.171669e-07
-2.024137e-07
 1.431119e-07
-6.321690e-08
-9.138963e-09
 4.811928e-08
-4.444143e-08
 3.441374e-09
 5.504051e-08
-1.080572e-07
 1.354023e-07
-1.291761e-07
 9.343660e-08
-4.358154e-08
 3.251349e-06
-4.325876e-06
 2.050883e-06
-3.854680e-07
-4.378357e-08
 1.363837e-07
-1.043305e-07
 2.368866e-08
 6.362349e-08
-1.292272e-07
 1.570436e-07
-1.463136e-07
 1.030269e-07
-4.470036e-08
-8.102871e-09
 3.651569e-08
-3.374482e-08
 3.692857e-09
 3.913950e-08
-7.796875e-08
 9.802424e-08
-9.352731e-08
 6.744837e-08
-3.104362e-08
 2.455059e-06
-3.271070e-06
 1.554501e-06
-2.934969e-07
-3.514534e-08
 1.047633e-07
-7.927156e-08
 1.865208e-08
 4.580444e-08
-9.388283e-08
 1.142207e-07
-1.063579e-07
 7.470966e-08
-3.208244e-08
-6.494021e-09
 2.724290e-08
-2.519268e-08
 3.198253e-09
 2.814229e-08
-5.655305e-08
 7.123691e-08
-6.796639e-08
 4.891561e-08
-2.231303e-08
 1.858142e-06
-2.479337e-06
 1.181035e-06
-2.244592e-07
-2.732041e-08
 7.975226e-08
-5.959405e-08
 1.405170e-08
 3.350414e-08
-6.869711e-08
 8.352318e-08
-7.772164e-08
 5.454781e-08
-2.336286e-08
-4.848426e-09
 2.002680e-08
-1.853390e-08
 2.458696e-09
 2.045310e-08
-4.122224e-08
 5.195628e-08
-4.956219e-08
 3.563128e-08
-1.617849e-08
 1.403790e-06
-1.875384e-06
 8.955265e-07
-1.708973e-07
-2.199038e-08
 6.144159e-08
-4.547961e-08
 1.118756e-08
 2.396614e-08
-4.977556e-08
 6.062274e-08
-5.637863e-08
 3.944451e-08
-1.666254e-08
-3.939045e-09
 1.501535e-08
-1.390347e-08
 2.131804e-09
 1.463885e-08
-2.984077e-08
 3.770490e-08
-3.596833e-08
 2.579598e-08
-1.158477e-08
 1.061860e-06
-1.420400e-06
 6.798219e-07
-1.302648e-07
-1.756254e-08
 4.726918e-08
-3.466385e-08
 8.830766e-09
 1.716456e-08
-3.609193e-08
 4.402405e-08
-4.091596e-08
 2.853929e-08
-1.189450e-08
-3.151381e-09
 1.123542e-08
-1.040875e-08
 1.789598e-09
 1.048494e-08
-2.161102e-08
 2.737168e-08
-2.611136e-08
 1.868280e-08
-8.300168e-09
 8.051408e-07
-1.078450e-06
 5.173006e-07
-9.971157e-08
-1.364862e-08
 3.606063e-08
-2.615263e-08
 6.702530e-09
 1.250979e-08
-2.637334e-08
 3.215549e-08
-2.986269e-08
 2.080240e-08
-8.628520e-09
-2.371672e-09
 8.282626e-09
-7.678088e-09
 1.376333e-09
 7.599102e-09
-1.573445e-08
 1.994724e-08
-1.902615e-08
 1.359541e-08
-6.004507e-09
 6.101695e-07
-8.182856e-07
 3.933911e-07
-7.619918e-08
-1.074324e-08
 2.764983e-08
-1.986318e-08
 5.199220e-09
 9.016670e-09
-1.918088e-08
 2.340249e-08
-2.171755e-08
 1.509132e-08
-6.193429e-09
-1.843341e-09
 6.160259e-09
-5.713486e-09
 1.101798e-09
 5.465165e-09
-1.141726e-08
 1.450138e-08
-1.383121e-08
 9.863744e-09
-4.316422e-09
 4.625302e-07
-6.210246e-07
 2.992086e-07
-5.820014e-08
-8.495571e-09
 2.125308e-08
-1.513927e-08
 4.072685e-09
 6.455655e-09
-1.391219e-08
 1.699690e-08
-1.576102e-08
 1.091747e-08
-4.416533e-09
-1.452779e-09
 4.603360e-09
-4.271233e-09
 8.945520e-10
 3.911878e-09
-8.268145e-09
 1.052735e-08
-1.004102e-08
 7.143725e-09
-3.090882e-09
 3.512677e-07
-4.722188e-07
 2.279843e-07
-4.458068e-08
-6.606826e-09
 1.624763e-08
-1.146171e-08
 3.111426e-09
 4.684197e-09
-1.014973e-08
 1.239820e-08
-1.148673e-08
 7.942015e-09
-3.188579e-09
-1.101215e-09
 3.403681e-09
-3.159704e-09
 6.899263e-10
 2.825538e-09
-6.011623e-09
 7.664525e-09
-7.309768e-09
 5.192283e-09
-2.229739e-09
 2.668529e-07
-3.591566e-07
 1.737568e-07
-3.415125e-08
-5.143645e-09
 1.243310e-08
-8.690495e-09
 2.385004e-09
 3.391203e-09
-7.398596e-09
 9.037637e-09
-8.365632e-09
 5.771836e-09
-2.296625e-09
-8.382620e-10
 2.520500e-09
-2.340898e-09
 5.341073e-10
 2.037446e-09
-4.367966e-09
 5.577541e-09
-5.319000e-09
 3.771655e-09
-1.606294e-09
 2.027250e-07
-2.731506e-07
 1.324163e-07
-2.614051e-08
-4.030021e-09
 9.542644e-09
-6.616912e-09
 1.850393e-09
 2.433925e-09
-5.374405e-09
 6.570454e-09
-6.076226e-09
 4.179529e-09
-1.640077e-09
-6.496526e-10
 1.877660e-09
-1.744466e-09
 4.217953e-10
 1.460110e-09
-3.165560e-09
 4.051402e-09
-3.863611e-09
 2.733472e-09
-1.151308e-09
 1.541976e-07
-2.080004e-07
 1.010279e-07
-2.004096e-08
-3.131722e-09
 7.305147e-09
-5.022106e-09
 1.418174e-09
 1.760179e-09
-3.916983e-09
 4.788439e-09
-4.423774e-09
 3.035868e-09
-1.179397e-09
-4.937446e-10
 1.390828e-09
-1.292678e-09
 3.249714e-10
 1.051722e-09
-2.299280e-09
 2.947599e-09
-2.810806e-09
 1.985019e-09
-8.286468e-10
 1.173684e-07
-1.584951e-07
 7.712850e-08
-1.537682e-08
-2.425938e-09
 5.587989e-09
-3.808540e-09
 1.082321e-09
 1.276650e-09
-2.858588e-09
 3.493036e-09
-3.223552e-09
 2.207657e-09
-8.502628e-10
-3.725131e-10
 1.028019e-09
-9.558535e-10
 2.479969e-10
 7.589770e-10
-1.671455e-09
 2.145824e-09
-2.046077e-09
 1.442583e-09
-5.973239e-10
 8.934212e-08
-1.207746e-07
 5.888255e-08
-1.179221e-08
-1.887325e-09
 4.283852e-09
-2.897353e-09
 8.331454e-10
 9.193825e-10
-2.080435e-09
 2.542670e-09
-2.343874e-09
 1.600658e-09
-6.085644e-10
-2.847017e-10
 7.633451e-10
-7.099774e-10
 1.919147e-10
 5.448871e-10
-1.212519e-09
 1.559826e-09
-1.487289e-09
 1.046429e-09
-4.287460e-10
 6.806013e-08
-9.210111e-08
 4.498362e-08
-9.049942e-09
-1.463974e-09
 3.281713e-09
-2.202472e-09
 6.387742e-10
 6.638630e-10
-1.516009e-09
 1.852506e-09
-1.705633e-09
 1.161752e-09
-4.365409e-10
-2.160998e-10
 5.656822e-10
-5.262972e-10
 1.472125e-10
 3.918378e-10
-8.802619e-10
 1.134485e-09
-1.081684e-09
 7.595843e-10
-3.081612e-10
 5.188730e-08
-7.028755e-08
 3.438924e-08
-6.951563e-09
-1.131354e-09
 2.511250e-09
-1.672036e-09
 4.870113e-10
 4.816421e-10
-1.106996e-09
 1.351683e-09
-1.242939e-09
 8.447548e-10
-3.144964e-10
-1.624546e-10
 4.178827e-10
-3.889183e-10
 1.116212e-10
 2.826675e-10
-6.399089e-10
 8.259239e-10
-7.874255e-10
 5.520333e-10
-2.220633e-10
 3.956642e-08
-5.365014e-08
 2.629409e-08
-5.339060e-09
-8.760310e-10
 1.924015e-09
-1.271690e-09
 3.729459e-10
 3.479699e-10
-8.071093e-10
 9.850705e-10
-9.046121e-10
 6.131700e-10
-2.255446e-10
-1.229256e-10
 3.094792e-10
-2.881073e-10
 8.520239e-11
 2.032593e-10
-4.646053e-10
 6.007619e-10
-5.727369e-10
 4.007526e-10
-1.595969e-10
 3.018583e-08
-4.096998e-08
 2.011276e-08
-4.101815e-09
-6.780171e-10
 1.474411e-09
-9.676489e-10
 2.856164e-10
 2.512918e-10
-5.884750e-10
 7.178545e-10
-6.582911e-10
 4.449665e-10
-1.616132e-10
-9.297632e-11
 2.292178e-10
-2.134419e-10
 6.496540e-11
 1.460785e-10
-3.372754e-10
 4.369419e-10
-4.165452e-10
 2.908923e-10
-1.146492e-10
 2.304479e-08
-3.130745e-08
 1.539383e-08
-3.153547e-09
-5.232870e-10
 1.128957e-09
-7.355803e-10
 2.177873e-10
 1.822788e-10
-4.298870e-10
 5.238389e-10
-4.796566e-10
 3.234461e-10
-1.162675e-10
-6.977384e-11
 1.693089e-10
-1.576991e-10
 4.908307e-11
 1.052910e-10
-2.451405e-10
 3.180712e-10
-3.032040e-10
 2.113802e-10
-8.255754e-11
 1.759904e-08
-2.393107e-08
 1.178527e-08
-2.424837e-09
-4.040182e-10
 8.648891e-10
-5.596521e-10
 1.663007e-10
 1.320279e-10
-3.139169e-10
 3.821213e-10
-3.493401e-10
 2.349553e-10
-8.348476e-11
-5.245147e-11
 1.251573e-10
-1.166029e-10
 3.713680e-11
 7.579303e-11
-1.780926e-10
 2.314667e-10
-2.206364e-10
 1.535400e-10
-5.938425e-11
 1.344492e-08
-1.829867e-08
 9.025187e-09
-1.864753e-09
-3.120527e-10
 6.629273e-10
-4.261688e-10
 1.271664e-10
 9.546964e-11
-2.291292e-10
 2.786266e-10
-2.542991e-10
 1.705441e-10
-5.981180e-11
-3.950283e-11
 9.260104e-11
-8.628947e-11
 2.814244e-11
 5.447652e-11
-1.293148e-10
 1.683822e-10
-1.604982e-10
 1.114752e-10
-4.266170e-11
 1.027693e-08
-1.399928e-08
 6.914775e-09
-1.434751e-09
-2.406159e-10
 5.079274e-10
-3.243844e-10
 9.699664e-11
 6.925105e-11
-1.674768e-10
 2.033601e-10
-1.852777e-10
 1.239306e-10
-4.296705e-11
-2.960203e-11
 6.838975e-11
-6.374209e-11
 2.120300e-11
 3.923298e-11
-9.397456e-11
 1.225637e-10
-1.168186e-10
 8.099527e-11
-3.069803e-11
 7.858412e-09
-1.071390e-08
 5.299550e-09
-1.104188e-09
-1.854610e-10
 3.892266e-10
-2.469922e-10
 7.397356e-11
 5.025649e-11
-1.224600e-10
 1.484552e-10
-1.350038e-10
 9.006359e-11
-3.086459e-11
-2.216143e-11
 5.049536e-11
-4.707322e-11
 1.595288e-11
 2.825586e-11
-6.829707e-11
 8.921795e-11
-8.503128e-11
 5.885328e-11
-2.208974e-11
 6.010870e-09
-8.201813e-09
 4.062601e-09
-8.498690e-10
-1.430116e-10
 2.984149e-10
-1.882219e-10
 5.649523e-11
 3.641122e-11
-8.950688e-11
 1.083304e-10
-9.832114e-11
 6.540049e-11
-2.211892e-11
-1.662268e-11
 3.731623e-11
-3.479307e-11
 1.202330e-11
 2.031800e-11
-4.960899e-11
 6.492075e-11
-6.187186e-11
 4.274415e-11
-1.587448e-11
 4.599640e-09
-6.281289e-09
 3.115483e-09
-6.543354e-10
-1.101885e-10
 2.287768e-10
-1.434389e-10
 4.310153e-11
 2.642686e-11
-6.547917e-11
 7.909591e-11
-7.163919e-11
 4.751768e-11
-1.587090e-11
-1.243601e-11
 2.755103e-11
-2.569240e-11
 9.034048e-12
 1.462406e-11
-3.604967e-11
 4.725491e-11
-4.503350e-11
 3.105625e-11
-1.141682e-11
 3.521063e-09
-4.812184e-09
 2.389922e-09
-5.039263e-10
-8.484927e-11
 1.753943e-10
-1.093265e-10
 3.286183e-11
 1.920791e-11
-4.793802e-11
 5.777826e-11
-5.221714e-11
 3.453910e-11
-1.139788e-11
-9.285685e-12
 2.032679e-11
-1.895856e-11
 6.772164e-12
 1.053327e-11
-2.620481e-11
 3.440422e-11
-3.278510e-11
 2.257089e-11
-8.215626e-12
 2.696165e-09
-3.687642e-09
 1.833751e-09
-3.881349e-10
-6.535353e-11
 1.345199e-10
-8.338208e-11
 2.507905e-11
 1.394697e-11
-3.509144e-11
 4.219749e-11
-3.804808e-11
 2.509163e-11
-8.170811e-12
-6.941188e-12
 1.500526e-11
-1.399709e-11
 5.081324e-12
 7.577997e-12
-1.904145e-11
 2.504196e-11
-2.386240e-11
 1.639865e-11
-5.906263e-12
 2.065214e-09
-2.826791e-09
 1.407401e-09
-2.990121e-10
-5.032221e-11
 1.031846e-10
-6.361290e-11
 1.913661e-11
 1.013486e-11
-2.570128e-11
 3.082747e-11
-2.772854e-11
 1.823088e-11
-5.857937e-12
-5.183368e-12
 1.107314e-11
-1.033043e-11
 3.807655e-12
 5.452779e-12
-1.383795e-11
 1.822912e-11
-1.736969e-11
 1.191565e-11
-4.246573e-12
 1.582455e-09
-2.167597e-09
 1.080484e-09
-2.304082e-10
-3.872897e-11
 7.915122e-11
-4.853753e-11
 1.459374e-11
 7.377093e-12
-1.884011e-11
 2.253337e-11
-2.021639e-11
 1.325244e-11
-4.204296e-12
-3.863207e-12
 8.165276e-12
-7.618510e-12
 2.846823e-12
 3.926934e-12
-1.006010e-11
 1.327327e-11
-1.264681e-11
 8.661097e-12
-3.055393e-12
 1.212871e-09
-1.662538e-09
 8.296848e-10
-1.775672e-10
-2.980858e-11
 6.073234e-11
-3.705314e-11
 1.113523e-11
 5.368692e-12
-1.381330e-11
 1.647132e-11
-1.473779e-11
 9.630972e-12
-3.014268e-12
-2.880094e-12
 6.022190e-12
-5.619488e-12
 2.128640e-12
 2.826314e-12
-7.312422e-12
 9.663711e-12
-9.207180e-12
 6.294583e-12
-2.197183e-12
 9.298624e-10
-1.275493e-09
 6.372442e-10
-1.368645e-10
-2.294159e-11
 4.660954e-11
-2.829736e-11
 8.498617e-12
 3.908195e-12
-1.013157e-11
 1.204214e-11
-1.074411e-11
 6.998537e-12
-2.159823e-12
-2.146661e-12
 4.441441e-12
-4.144790e-12
 1.590934e-12
 2.033609e-12
-5.314996e-12
 7.035616e-12
-6.702943e-12
 4.574556e-12
-1.579644e-12
 7.130999e-10
-9.788249e-10
 4.895580e-10
-1.055117e-10
-1.765088e-11
 3.577385e-11
-2.161494e-11
 6.484293e-12
 2.849344e-12
-7.437285e-12
 8.808465e-12
-7.835495e-12
 5.087610e-12
-1.548860e-12
-1.597603e-12
 3.273648e-12
-3.055235e-12
 1.186984e-12
 1.464254e-12
-3.864338e-12
 5.123355e-12
-4.880854e-12
 3.325453e-12
-1.136309e-12
 5.470054e-10
-7.513356e-10
 3.761758e-10
-8.135186e-11
-1.357982e-11
 2.746280e-11
-1.651685e-11
 4.948697e-12
 2.078345e-12
-5.462009e-12
 6.444579e-12
-5.714667e-12
 3.698327e-12
-1.110234e-12
-1.188627e-12
 2.412715e-12
-2.251887e-12
 8.851739e-13
 1.054128e-12
-2.809610e-12
 3.730866e-12
-3.554101e-12
 2.417436e-12
-8.172735e-13
 4.196975e-10
-5.768454e-10
 2.891084e-10
-6.273115e-11
-1.044809e-11
 2.108739e-11
-1.262643e-11
 3.778257e-12
 1.516273e-12
-4.012868e-12
 4.715821e-12
-4.167829e-12
 2.688004e-12
-7.951624e-13
-8.843620e-13
 1.778307e-12
-1.659846e-12
 6.600052e-13
 7.585584e-13
-2.042580e-12
 2.716705e-12
-2.587872e-12
 1.757228e-12
-5.875973e-13
 3.220996e-10
-4.429834e-10
 2.222386e-10
-4.837954e-11
-8.037288e-12
 1.619411e-11
-9.654911e-12
 2.884525e-12
 1.107583e-12
-2.950413e-12
 3.452335e-12
-3.040526e-12
 1.954170e-12
-5.697275e-13
-6.573291e-13
 1.310183e-12
-1.222953e-12
 4.915309e-13
 5.460945e-13
-1.485248e-12
 1.978512e-12
-1.884594e-12
 1.277563e-12
-4.226080e-13
 2.472543e-10
-3.402581e-10
 1.708672e-10
-3.731580e-11
-6.182367e-12
 1.243838e-11
-7.385067e-12
 2.202543e-12
 8.097702e-13
-2.170635e-12
 2.528262e-12
-2.218521e-12
 1.420816e-12
-4.081762e-13
-4.883004e-13
 9.650751e-13
-9.008461e-13
 3.657900e-13
 3.931853e-13
-1.080088e-12
 1.441008e-12
-1.372536e-12
 9.289142e-13
-3.039699e-13
 1.898404e-10
-2.614054e-10
 1.313926e-10
-2.878495e-11
-4.755794e-12
 9.555714e-12
-5.651044e-12
 1.682456e-12
 5.922450e-13
-1.597688e-12
 1.851933e-12
-1.618781e-12
 1.032899e-12
-2.921969e-13
-3.627364e-13
 7.108983e-13
-6.635925e-13
 2.721749e-13
 2.829873e-13
-7.853979e-13
 1.049487e-12
-9.995726e-13
 6.753760e-13
-2.185659e-13
 1.457897e-10
-2.008666e-10
 1.010551e-10
-2.220680e-11
-3.658211e-12
 7.342278e-12
-4.325470e-12
 1.285371e-12
 4.335890e-13
-1.176791e-12
 1.357066e-12
-1.181412e-12
 7.509853e-13
-2.091658e-13
-2.693007e-13
 5.235395e-13
-4.887007e-13
 2.023659e-13
 2.037091e-13
-5.711742e-13
 7.644064e-13
-7.280160e-13
 4.910909e-13
-1.571766e-13
 1.119835e-10
-1.543775e-10
 7.773508e-11
-1.713374e-11
-2.813808e-12
 5.642417e-12
-3.311804e-12
 9.821510e-13
 3.177818e-13
-8.674111e-13
 9.948606e-13
-8.624082e-13
 5.460965e-13
-1.497362e-13
-1.998088e-13
 3.854592e-13
-3.598045e-13
 1.503455e-13
 1.466746e-13
-4.154354e-13
 5.568182e-13
-5.302839e-13
 3.571342e-13
-1.130498e-13
 8.603257e-11
-1.186686e-10
 5.980544e-11
-1.322072e-11
-2.164419e-12
 4.336926e-12
-2.536569e-12
 7.507201e-13
 2.330443e-13
-6.397366e-13
 7.295495e-13
-6.295957e-13
 3.970812e-13
-1.071196e-13
-1.482329e-13
 2.837903e-13
-2.648949e-13
 1.116699e-13
 1.055841e-13
-3.021542e-13
 4.056011e-13
-3.862544e-13
 2.597139e-13
-8.129401e-14
 6.610772e-11
-9.123528e-11
 4.601809e-11
-1.020224e-11
-1.664921e-12
 3.334045e-12
-1.943405e-12
 5.739702e-13
 1.710531e-13
-4.721439e-13
 5.351993e-13
-4.597089e-13
 2.887402e-13
-7.660528e-14
-1.099328e-13
 2.089093e-13
-1.949915e-13
 8.290361e-14
 7.600494e-14
-2.197743e-13
 2.954636e-13
-2.813570e-13
 1.888786e-13
-5.845729e-14
 5.080659e-11
-7.015569e-11
 3.541435e-11
-7.873615e-12
-1.280679e-12
 2.563455e-12
-1.489366e-12
 4.389169e-13
 1.256960e-13
-3.487282e-13
 3.928070e-13
-3.357448e-13
 2.099893e-13
-5.478227e-14
-8.148448e-14
 1.537498e-13
-1.434991e-13
 6.150552e-14
 5.472502e-14
-1.598747e-13
 2.152530e-13
-2.049658e-13
 1.373796e-13
-4.204307e-14
 3.905357e-11
-5.395486e-11
 2.725760e-11
-6.076941e-12
-9.851576e-13
 1.971302e-12
-1.141758e-12
 3.357440e-13
 9.244175e-14
-2.577490e-13
 2.884113e-13
-2.452455e-13
 1.527165e-13
-3.915470e-14
-6.038560e-14
 1.131454e-13
-1.055945e-13
 4.561505e-14
 3.939941e-14
-1.163034e-13
 1.568209e-13
-1.493191e-13
 9.992485e-14
-3.023480e-14
 3.002422e-11
-4.150148e-11
 2.098224e-11
-4.690579e-12
-7.578634e-13
 1.516185e-12
-8.755428e-13
 2.569006e-13
 6.804380e-14
-1.906402e-13
 2.118477e-13
-1.791693e-13
 1.110647e-13
-2.796947e-14
-4.474057e-14
 8.325738e-14
-7.769448e-14
 3.381854e-14
 2.836345e-14
-8.460902e-14
 1.142536e-13
-1.087829e-13
 7.268388e-14
-2.174108e-14
 2.308617e-11
-3.192719e-11
 1.615365e-11
-3.620756e-12
-5.830208e-13
 1.166311e-12
-6.715804e-13
 1.966177e-13
 5.014181e-14
-1.411180e-13
 1.556862e-13
-1.309279e-13
 8.078204e-14
-1.997552e-14
-3.313505e-14
 6.125272e-14
-5.715444e-14
 2.505888e-14
 2.042225e-14
-6.155824e-14
 8.324722e-14
-7.925729e-14
 5.287448e-14
-1.563538e-14
 1.775403e-11
-2.456507e-11
 1.243772e-11
-2.795117e-12
-4.485353e-13
 8.973107e-13
-5.152763e-13
 1.505231e-13
 3.698604e-14
-1.045405e-13
 1.144668e-13
-9.569508e-14
 5.875851e-14
-1.425935e-14
-2.453373e-14
 4.505869e-14
-4.203910e-14
 1.856101e-14
 1.470459e-14
-4.478978e-14
 6.065801e-14
-5.774792e-14
 3.846607e-14
-1.124424e-14
 1.365539e-11
-1.890310e-11
 9.577675e-12
-2.157876e-12
-3.450920e-13
 6.904595e-13
-3.954614e-13
 1.152705e-13
 2.730659e-14
-7.750225e-14
 8.419920e-14
-6.995635e-14
 4.273908e-14
-1.017185e-14
-1.816237e-14
 3.314381e-14
-3.091864e-14
 1.374419e-14
 1.058677e-14
-3.258979e-14
 4.419938e-14
-4.207688e-14
 2.798474e-14
-8.085519e-15
 1.050441e-11
-1.454803e-11
 7.376105e-12
-1.666014e-12
-2.655163e-13
 5.313672e-13
-3.035850e-13
 8.829729e-14
 2.018241e-14
-5.750464e-14
 6.196753e-14
-5.115313e-14
 3.108942e-14
-7.252920e-15
-1.344159e-14
 2.437608e-14
-2.273619e-14
 1.017300e-14
 7.622860e-15
-2.371477e-14
 3.220849e-14
-3.066031e-14
 2.036098e-14
-5.814498e-15
 8.081602e-12
-1.119770e-11
 5.681195e-12
-1.286338e-12
-2.043003e-13
 4.089892e-13
-2.331134e-13
 6.765426e-14
 1.493289e-14
-4.270231e-14
 4.563013e-14
-3.741316e-14
 2.261655e-14
-5.168858e-15
-9.945300e-15
 1.792550e-14
-1.671683e-14
 7.526830e-15
 5.489119e-15
-1.725783e-14
 2.347187e-14
-2.234253e-14
 1.481514e-14
-4.181486e-15
 6.218394e-12
-8.619944e-12
 4.376184e-12
-9.932378e-13
-1.572081e-13
 3.148404e-13
-1.790464e-13
 5.185296e-14
 1.105944e-14
-3.173576e-14
 3.361741e-14
-2.736986e-14
 1.645290e-14
-3.680677e-15
-7.357419e-15
 1.318103e-14
-1.229002e-14
 5.567486e-15
 3.952395e-15
-1.255933e-14
 1.710552e-14
-1.628171e-14
 1.078021e-14
-3.006868e-15
 4.785337e-12
-6.636355e-12
 3.371269e-12
-7.669603e-13
-1.209776e-13
 2.423968e-13
-1.375527e-13
 3.975320e-14
 8.199453e-15
-2.360554e-14
 2.478111e-14
-2.002782e-14
 1.196959e-14
-2.619163e-15
-5.441800e-15
 9.691274e-15
-9.034351e-15
 4.116788e-15
 2.846020e-15
-9.140574e-15
 1.246653e-14
-1.186556e-14
 7.844677e-15
-2.162235e-15
 3.682972e-12
-5.109783e-12
 2.597358e-12
-5.922609e-13
-9.310203e-14
 1.866462e-13
-1.056998e-13
 3.048507e-14
 6.085765e-15

Forecasting scores:

mase, smape, msis

  1.111405
 62.441585
  4.180208
End
